Input File: ./imagens/batman.svg
Output File: ./imagens/gcode_output/batman.gcode
Log File: ./imagens/log/batman.log

wdth: 650
hght: 250
scale: 0.23076923076923078
x%: 0.23076923076923078
y%: 0.6
--Found Elem: <Element '{http://www.w3.org/2000/svg}svg' at 0x0000028AC1B700E0>
  --No Name: svg
--Found Elem: <Element '{http://www.w3.org/2000/svg}g' at 0x0000028AC1B702C0>
  --No Name: g
--Found Elem: <Element '{http://www.w3.org/2000/svg}path' at 0x0000028AC1B92D60>
  --Name: path
	Class : <class 'svg2gcode_py.lib.shapes.path'>
	Object: <Element '{http://www.w3.org/2000/svg}path' at 0x0000028AC1B92D60>
	Attrs : [('d', 'M 209.176 578.241 C 207.565 578.241 206.135 577.171 205.618 575.582 C 202.047 564.6 190.2 534.688 178.447 528.247 C 174.659 526.171 171.212 525.118 168.212 525.118 C 162.894 525.118 159.888 528.412 157.694 530.818 L 157.082 531.482 C 153.988 534.788 148.2 542.823 148.141 542.906 C 147.465 543.841 146.424 544.412 145.3 544.465 C 144.176 544.523 143.094 544.041 142.341 543.165 C 142.182 542.976 125.729 524.059 110.129 523.912 L 109.871 523.912 C 104.765 523.912 101.006 525.376 98.694 528.276 C 94.724 533.247 95.724 541.041 96.129 543.312 C 97.647 551.923 103.976 562.947 104.041 563.053 C 104.865 564.482 104.729 566.3 103.706 567.582 C 102.688 568.865 100.994 569.329 99.5 568.741 C 97.088 567.794 40.341 544.947 32.788 498.188 C 27.629 466.229 49.518 436.765 94.429 415.212 C 110.359 407.559 137.406 399.947 138.547 399.629 C 140.153 399.176 141.859 399.888 142.724 401.371 C 143.594 402.859 143.418 404.759 142.3 406.047 C 141.429 407.047 121.124 430.941 138.012 450.141 C 143.141 455.971 149.565 459.059 156.582 459.059 C 170.312 459.059 182.641 447.647 184.076 437.829 C 186.7 419.988 187.041 396.006 187.041 395.759 C 187.071 393.994 188.218 392.465 189.859 392.023 C 191.506 391.582 193.218 392.341 194.059 393.876 L 203.4 411.012 L 209.094 410.894 L 214.941 411.012 L 224.282 393.876 C 225.118 392.347 226.841 391.588 228.482 392.023 C 230.118 392.465 231.276 393.994 231.3 395.759 C 231.3 396.006 231.641 419.988 234.259 437.829 C 235.706 447.647 248.029 459.059 261.759 459.059 C 268.776 459.059 275.2 455.971 280.329 450.141 C 297.288 430.871 276.924 407.047 276.047 406.047 C 274.924 404.759 274.753 402.859 275.618 401.371 C 276.482 399.888 278.188 399.176 279.794 399.629 C 280.941 399.947 307.982 407.565 323.912 415.212 C 368.824 436.765 390.718 466.229 385.559 498.188 C 378 544.947 321.259 567.794 318.841 568.741 C 317.347 569.329 315.659 568.865 314.635 567.582 C 313.612 566.306 313.482 564.482 314.306 563.053 C 314.371 562.947 320.7 551.894 322.218 543.312 C 322.618 541.041 323.618 533.247 319.647 528.276 C 317.341 525.376 313.576 523.912 308.471 523.912 L 308.218 523.912 C 292.612 524.059 276.165 542.976 276 543.165 C 275.253 544.035 274.182 544.523 273.041 544.465 C 271.924 544.412 270.882 543.841 270.206 542.906 C 270.147 542.823 264.353 534.782 261.259 531.482 L 260.653 530.823 C 258.459 528.418 255.453 525.118 250.135 525.118 C 247.135 525.118 243.688 526.171 239.894 528.247 C 228.129 534.7 216.294 564.606 212.724 575.582 C 212.212 577.171 210.782 578.241 209.176 578.241 Z'), ('style', 'stroke: rgb(0, 0, 0); fill: none; stroke-width: 4px;')]
	Transform: None
	d: M 209.176 578.241 C 207.565 578.241 206.135 577.171 205.618 575.582 C 202.047 564.6 190.2 534.688 178.447 528.247 C 174.659 526.171 171.212 525.118 168.212 525.118 C 162.894 525.118 159.888 528.412 157.694 530.818 L 157.082 531.482 C 153.988 534.788 148.2 542.823 148.141 542.906 C 147.465 543.841 146.424 544.412 145.3 544.465 C 144.176 544.523 143.094 544.041 142.341 543.165 C 142.182 542.976 125.729 524.059 110.129 523.912 L 109.871 523.912 C 104.765 523.912 101.006 525.376 98.694 528.276 C 94.724 533.247 95.724 541.041 96.129 543.312 C 97.647 551.923 103.976 562.947 104.041 563.053 C 104.865 564.482 104.729 566.3 103.706 567.582 C 102.688 568.865 100.994 569.329 99.5 568.741 C 97.088 567.794 40.341 544.947 32.788 498.188 C 27.629 466.229 49.518 436.765 94.429 415.212 C 110.359 407.559 137.406 399.947 138.547 399.629 C 140.153 399.176 141.859 399.888 142.724 401.371 C 143.594 402.859 143.418 404.759 142.3 406.047 C 141.429 407.047 121.124 430.941 138.012 450.141 C 143.141 455.971 149.565 459.059 156.582 459.059 C 170.312 459.059 182.641 447.647 184.076 437.829 C 186.7 419.988 187.041 396.006 187.041 395.759 C 187.071 393.994 188.218 392.465 189.859 392.023 C 191.506 391.582 193.218 392.341 194.059 393.876 L 203.4 411.012 L 209.094 410.894 L 214.941 411.012 L 224.282 393.876 C 225.118 392.347 226.841 391.588 228.482 392.023 C 230.118 392.465 231.276 393.994 231.3 395.759 C 231.3 396.006 231.641 419.988 234.259 437.829 C 235.706 447.647 248.029 459.059 261.759 459.059 C 268.776 459.059 275.2 455.971 280.329 450.141 C 297.288 430.871 276.924 407.047 276.047 406.047 C 274.924 404.759 274.753 402.859 275.618 401.371 C 276.482 399.888 278.188 399.176 279.794 399.629 C 280.941 399.947 307.982 407.565 323.912 415.212 C 368.824 436.765 390.718 466.229 385.559 498.188 C 378 544.947 321.259 567.794 318.841 568.741 C 317.347 569.329 315.659 568.865 314.635 567.582 C 313.612 566.306 313.482 564.482 314.306 563.053 C 314.371 562.947 320.7 551.894 322.218 543.312 C 322.618 541.041 323.618 533.247 319.647 528.276 C 317.341 525.376 313.576 523.912 308.471 523.912 L 308.218 523.912 C 292.612 524.059 276.165 542.976 276 543.165 C 275.253 544.035 274.182 544.523 273.041 544.465 C 271.924 544.412 270.882 543.841 270.206 542.906 C 270.147 542.823 264.353 534.782 261.259 531.482 L 260.653 530.823 C 258.459 528.418 255.453 525.118 250.135 525.118 C 247.135 525.118 243.688 526.171 239.894 528.247 C 228.129 534.7 216.294 564.606 212.724 575.582 C 212.212 577.171 210.782 578.241 209.176 578.241 Z
	m: None
	d is GOOD!
	Points: <generator object point_generator at 0x0000028AC1B60DD0>
	  pt: (48.27138461538461, 16.559769230769234)
	    --Point printed
	  pt: (48.17844230769231, 16.559769230769234)
	    --Point printed
	  pt: (47.917947115384614, 16.632959134615362)
	    --Point printed
	  pt: (47.69423076923078, 16.782850961538458)
	    --Point printed
	  pt: (47.52312980769231, 16.997524038461506)
	    --Point printed
	  pt: (47.24428846153846, 17.806961538461536)
	    --Point printed
	  pt: (46.29704927884616, 20.253686899038428)
	    --Point printed
	  pt: (45.57125841346154, 21.905760216346124)
	    --Point printed
	  pt: (44.741870192307694, 23.585156249999983)
	    --Point printed
	  pt: (43.83151983173077, 25.177208834134618)
	    --Point printed
	  pt: (42.86284254807693, 26.5672518028846)
	    --Point printed
	  pt: (42.02644065504808, 27.472644456129785)
	    --Point printed
	  pt: (41.51919050480769, 27.88989032451923)
	    --Point printed
	  pt: (40.96153846153847, 28.216615384615366)
	    --Point printed
	  pt: (40.33127884615384, 28.501932692307662)
	    --Point printed
	  pt: (39.733586538461545, 28.697855769230728)
	    --Point printed
	  pt: (39.17075480769231, 28.80373557692303)
	    --Point printed
	  pt: (38.66475, 28.818923076923056)
	    --Point printed
	  pt: (38.24486899038462, 28.76330588942305)
	    --Point printed
	  pt: (37.746836538461544, 28.611533653846124)
	    --Point printed
	  pt: (37.13913461538462, 28.23972115384612)
	    --Point printed
	  pt: (36.655788461538464, 27.793961538461517)
	    --Point printed
	  pt: (36.39092307692307, 27.503538461538454)
	    --Point printed
	  pt: (35.89269230769231, 26.968846153846144)
	    --Point printed
	  pt: (34.53051923076923, 25.19192307692309)
	    --Point printed
	  pt: (34.108384615384615, 24.606115384615393)
	    --Point printed
	  pt: (33.78536538461539, 24.39634615384614)
	    --Point printed
	  pt: (33.40107692307692, 24.34753846153845)
	    --Point printed
	  pt: (33.04067307692308, 24.474807692307664)
	    --Point printed
	  pt: (32.838750000000005, 24.665134615384602)
	    --Point printed
	  pt: (31.968521033653847, 25.570042067307696)
	    --Point printed
	  pt: (31.141454927884617, 26.328760817307682)
	    --Point printed
	  pt: (30.116444711538463, 27.154629807692316)
	    --Point printed
	  pt: (28.939861478365387, 27.94624218749999)
	    --Point printed
	  pt: (27.658076322115388, 28.602191105769222)
	    --Point printed
	  pt: (26.54167179987981, 28.959719801682667)
	    --Point printed
	  pt: (25.86515354567308, 29.076070312499965)
	    --Point printed
	  pt: (25.414384615384616, 29.097230769230748)
	    --Point printed
	  pt: (25.060269230769233, 29.097230769230748)
	    --Point printed
	  pt: (24.274399038461542, 28.991855769230753)
	    --Point printed
	  pt: (23.607980769230775, 28.760596153846137)
	    --Point printed
	  pt: (23.063177884615385, 28.40405769230769)
	    --Point printed
	  pt: (22.661019230769234, 27.946759615384607)
	    --Point printed
	  pt: (22.40204837740385, 27.473204927884623)
	    --Point printed
	  pt: (22.177665865384615, 26.799605769230766)
	    --Point printed
	  pt: (22.078399038461544, 25.79229807692306)
	    --Point printed
	  pt: (22.128302884615387, 24.96200480769231)
	    --Point printed
	  pt: (22.227403846153845, 24.371913461538455)
	    --Point printed
	  pt: (22.435522536057693, 23.595244290865367)
	    --Point printed
	  pt: (22.801002403846155, 22.555276442307672)
	    --Point printed
	  pt: (23.633076923076924, 20.719038461538474)
	    --Point printed
	  pt: (24.057000000000002, 19.982250000000022)
	    --Point printed
	  pt: (24.130911057692312, 19.7135408653846)
	    --Point printed
	  pt: (24.123850961538462, 19.43785096153846)
	    --Point printed
	  pt: (24.037399038461537, 19.1751923076923)
	    --Point printed
	  pt: (23.873423076923082, 18.945519230769236)
	    --Point printed
	  pt: (23.65479807692308, 18.78420432692306)
	    --Point printed
	  pt: (23.402942307692314, 18.700485576923057)
	    --Point printed
	  pt: (23.136807692307695, 18.699403846153842)
	    --Point printed
	  pt: (22.89196153846154, 18.779394230769242)
	    --Point printed
	  pt: (21.796958834134614, 19.257991586538452)
	    --Point printed
	  pt: (19.899740985576923, 20.217641826923057)
	    --Point printed
	  pt: (17.892848933293273, 21.409147536057674)
	    --Point printed
	  pt: (16.596906400240385, 22.2753984375)
	    --Point printed
	  pt: (15.263729567307696, 23.26508653846153)
	    --Point printed
	  pt: (13.928315467247598, 24.378891977163462)
	    --Point printed
	  pt: (12.6256611328125, 25.617494891826908)
	    --Point printed
	  pt: (11.390763596754807, 26.981575420673053)
	    --Point printed
	  pt: (10.258619891826923, 28.47181370192304)
	    --Point printed
	  pt: (9.26422705078125, 30.088889873798053)
	    --Point printed
	  pt: (8.44258210637019, 31.833484074519234)
	    --Point printed
	  pt: (7.924579974834734, 33.390570725661064)
	    --Point printed
	  pt: (7.686485426682691, 34.36451862980769)
	    --Point printed
	  pt: (7.492052884615385, 35.49448557692307)
	    --Point printed
	  pt: (7.390284329927884, 36.865471153846144)
	    --Point printed
	  pt: (7.43299444110577, 38.22052103365384)
	    --Point printed
	  pt: (7.618822265625001, 39.55780438701922)
	    --Point printed
	  pt: (7.946406850961541, 40.875490384615375)
	    --Point printed
	  pt: (8.414387244591348, 42.17174819711538)
	    --Point printed
	  pt: (9.021402493990385, 43.444746995192304)
	    --Point printed
	  pt: (9.766091646634617, 44.69265594951922)
	    --Point printed
	  pt: (10.64709375, 45.913644230769236)
	    --Point printed
	  pt: (11.663047851562501, 47.10588100961537)
	    --Point printed
	  pt: (12.812592998798078, 48.26753545673077)
	    --Point printed
	  pt: (14.094368239182694, 49.39677674278846)
	    --Point printed
	  pt: (15.507012620192308, 50.49177403846154)
	    --Point printed
	  pt: (17.049165189302887, 51.55069651442308)
	    --Point printed
	  pt: (18.719464993990385, 52.571713341346154)
	    --Point printed
	  pt: (20.51655108173077, 53.55299368990386)
	    --Point printed
	  pt: (22.250826923076925, 54.402605769230775)
	    --Point printed
	  pt: (23.796437199519232, 55.05760727163461)
	    --Point printed
	  pt: (26.002175480769235, 55.89266105769231)
	    --Point printed
	  pt: (30.2145, 57.28373076923076)
	    --Point printed
	  pt: (32.065038461538464, 57.80405769230768)
	    --Point printed
	  pt: (32.343425480769234, 57.80128846153845)
	    --Point printed
	  pt: (32.60332211538462, 57.70906730769231)
	    --Point printed
	  pt: (32.82437019230769, 57.53591826923076)
	    --Point printed
	  pt: (32.9865, 57.290076923076924)
	    --Point printed
	  pt: (33.062394230769236, 57.01021153846155)
	    --Point printed
	  pt: (33.050769230769234, 56.72423076923077)
	    --Point printed
	  pt: (32.953875000000004, 56.454288461538454)
	    --Point printed
	  pt: (32.788211538461546, 56.23915384615384)
	    --Point printed
	  pt: (31.84767007211539, 54.92332932692307)
	    --Point printed
	  pt: (31.193579927884613, 53.73186057692307)
	    --Point printed
	  pt: (30.71817908653846, 52.538927884615376)
	    --Point printed
	  pt: (30.49855157001202, 51.765573768028815)
	    --Point printed
	  pt: (30.352473182091355, 50.9554353966346)
	    --Point printed
	  pt: (30.299086162860576, 50.11783864182691)
	    --Point printed
	  pt: (30.35753275240384, 49.26210937499998)
	    --Point printed
	  pt: (30.54695519080529, 48.39757346754807)
	    --Point printed
	  pt: (30.886495718149046, 47.533556790865376)
	    --Point printed
	  pt: (31.395296574519236, 46.67938521634615)
	    --Point printed
	  pt: (32.14482692307693, 45.784961538461516)
	    --Point printed
	  pt: (33.120865384615385, 44.97615865384614)
	    --Point printed
	  pt: (34.18872115384616, 44.41462499999999)
	    --Point printed
	  pt: (35.33320673076923, 44.107846153846154)
	    --Point printed
	  pt: (36.530365384615386, 44.063307692307674)
	    --Point printed
	  pt: (37.68472265625, 44.257328725961514)
	    --Point printed
	  pt: (38.77454026442308, 44.65134735576922)
	    --Point printed
	  pt: (39.77414603365384, 45.21019110576921)
	    --Point printed
	  pt: (40.65786778846154, 45.89868749999998)
	    --Point printed
	  pt: (41.40003335336539, 46.681664062499976)
	    --Point printed
	  pt: (41.97497055288461, 47.523948317307685)
	    --Point printed
	  pt: (42.35700721153846, 48.390367788461546)
	    --Point printed
	  pt: (42.63046153846153, 49.99182692307693)
	    --Point printed
	  pt: (42.93398076923077, 53.30710096153847)
	    --Point printed
	  pt: (43.14363461538461, 57.244673076923064)
	    --Point printed
	  pt: (43.16503846153846, 58.772826923076906)
	    --Point printed
	  pt: (43.246290865384616, 59.05515144230769)
	    --Point printed
	  pt: (43.40623557692307, 59.29250480769231)
	    --Point printed
	  pt: (43.63139423076923, 59.46647596153845)
	    --Point printed
	  pt: (43.90863461538462, 59.55859615384614)
	    --Point printed
	  pt: (44.19162980769231, 59.5514423076923)
	    --Point printed
	  pt: (44.45325, 59.45267307692308)
	    --Point printed
	  pt: (44.67324519230769, 59.27146153846154)
	    --Point printed
	  pt: (44.78284615384616, 59.10553846153846)
	    --Point printed
	  pt: (46.938461538461546, 55.151076923076914)
	    --Point printed
	  pt: (48.25246153846154, 55.17830769230768)
	    --Point printed
	  pt: (49.601769230769236, 55.151076923076914)
	    --Point printed
	  pt: (51.805615384615386, 59.193749999999994)
	    --Point printed
	  pt: (52.007286057692305, 59.39979807692308)
	    --Point printed
	  pt: (52.25776442307693, 59.52698076923076)
	    --Point printed
	  pt: (52.53608653846154, 59.566124999999985)
	    --Point printed
	  pt: (52.821000000000005, 59.50765384615383)
	    --Point printed
	  pt: (53.064951923076926, 59.35890144230768)
	    --Point printed
	  pt: (53.248615384615384, 59.14062980769229)
	    --Point printed
	  pt: (53.35779807692308, 58.87124999999999)
	    --Point printed
	  pt: (53.376923076923084, 58.6425)
	    --Point printed
	  pt: (53.53938461538462, 54.38665384615385)
	    --Point printed
	  pt: (53.790533653846154, 51.10968750000001)
	    --Point printed
	  pt: (54.101509615384614, 48.67932692307693)
	    --Point printed
	  pt: (54.414276742788466, 47.812678485576924)
	    --Point printed
	  pt: (54.92819891826923, 46.95844110576921)
	    --Point printed
	  pt: (55.61766887019231, 46.15178725961536)
	    --Point printed
	  pt: (56.45707932692308, 45.427889423076905)
	    --Point printed
	  pt: (57.42082301682693, 44.82192007211536)
	    --Point printed
	  pt: (58.483292668269236, 44.36905168269229)
	    --Point printed
	  pt: (59.618881009615386, 44.104456730769215)
	    --Point printed
	  pt: (60.81075000000001, 44.063307692307674)
	    --Point printed
	  pt: (61.977403846153855, 44.28350480769231)
	    --Point printed
	  pt: (63.072490384615385, 44.76095192307692)
	    --Point printed
	  pt: (64.08082211538462, 45.48816346153845)
	    --Point printed
	  pt: (64.93590865384616, 46.39924038461537)
	    --Point printed
	  pt: (65.50789024939905, 47.2504793419471)
	    --Point printed
	  pt: (65.90361012620193, 48.11400946514422)
	    --Point printed
	  pt: (66.14227238581732, 48.98057587139422)
	    --Point printed
	  pt: (66.24308112980769, 49.84092367788462)
	    --Point printed
	  pt: (66.22524045973559, 50.685798001802894)
	    --Point printed
	  pt: (66.10795447716347, 51.50594396033654)
	    --Point printed
	  pt: (65.91042728365385, 52.29210667067308)
	    --Point printed
	  pt: (65.56299519230768, 53.279927884615375)
	    --Point printed
	  pt: (64.92021814903846, 54.55993449519228)
	    --Point printed
	  pt: (64.08540865384616, 55.85226923076921)
	    --Point printed
	  pt: (63.63836538461539, 56.37115384615383)
	    --Point printed
	  pt: (63.51325961538462, 56.630826923076924)
	    --Point printed
	  pt: (63.47296153846153, 56.91392307692307)
	    --Point printed
	  pt: (63.519288461538466, 57.19828846153845)
	    --Point printed
	  pt: (63.654, 57.46148076923076)
	    --Point printed
	  pt: (63.85746634615385, 57.659711538461536)
	    --Point printed
	  pt: (64.10662500000001, 57.779855769230764)
	    --Point printed
	  pt: (64.38109615384614, 57.81338942307691)
	    --Point printed
	  pt: (64.7001923076923, 57.74123076923077)
	    --Point printed
	  pt: (69.40541826923078, 56.27949519230769)
	    --Point printed
	  pt: (72.19753305288461, 55.27083353365383)
	    --Point printed
	  pt: (73.78982091346154, 54.62291466346154)
	    --Point printed
	  pt: (75.39669230769229, 53.870985576923076)
	    --Point printed
	  pt: (77.23579833984375, 52.9033575721154)
	    --Point printed
	  pt: (78.94858931790866, 51.89538281250002)
	    --Point printed
	  pt: (80.5337012469952, 50.84889212740386)
	    --Point printed
	  pt: (81.98977013221155, 49.76571634615385)
	    --Point printed
	  pt: (83.31543197866587, 48.64768629807692)
	    --Point printed
	  pt: (84.50932279146636, 47.496632812499996)
	    --Point printed
	  pt: (85.57007857572115, 46.31438671874999)
	    --Point printed
	  pt: (86.49633533653846, 45.10277884615384)
	    --Point printed
	  pt: (87.28672907902644, 43.86364002403846)
	    --Point printed
	  pt: (87.93989580829327, 42.598801081730755)
	    --Point printed
	  pt: (88.45447152944712, 41.31009284855769)
	    --Point printed
	  pt: (88.82909224759617, 39.99934615384615)
	    --Point printed
	  pt: (89.06239396784858, 38.66839182692307)
	    --Point printed
	  pt: (89.15301269531251, 37.319060697115376)
	    --Point printed
	  pt: (89.09958443509616, 35.95318359375)
	    --Point printed
	  pt: (88.92064182692309, 34.696334134615384)
	    --Point printed
	  pt: (88.70314522141679, 33.711636925330524)
	    --Point printed
	  pt: (88.3290469876803, 32.44345357572115)
	    --Point printed
	  pt: (87.57260764723559, 30.65620222355767)
	    --Point printed
	  pt: (86.63180070612982, 28.99669561298073)
	    --Point printed
	  pt: (85.54161508413462, 27.464253605769215)
	    --Point printed
	  pt: (84.33703970102164, 26.058196063701914)
	    --Point printed
	  pt: (83.05306347656251, 24.77784284855767)
	    --Point printed
	  pt: (81.72467533052885, 23.62251382211541)
	    --Point printed
	  pt: (80.3868641826923, 22.591528846153835)
	    --Point printed
	  pt: (79.07461895282452, 21.68420778245192)
	    --Point printed
	  pt: (77.4103584735577, 20.645231971153834)
	    --Point printed
	  pt: (75.30784435096155, 19.524021634615366)
	    --Point printed
	  pt: (73.91406850961539, 18.885677884615404)
	    --Point printed
	  pt: (73.49249999999999, 18.718153846153854)
	    --Point printed
	  pt: (73.22612019230769, 18.690569711538444)
	    --Point printed
	  pt: (72.96770192307692, 18.74730288461535)
	    --Point printed
	  pt: (72.73580769230769, 18.883312499999988)
	    --Point printed
	  pt: (72.5490576923077, 19.093153846153854)
	    --Point printed
	  pt: (72.4368389423077, 19.346718750000008)
	    --Point printed
	  pt: (72.40365865384616, 19.6205048076923)
	    --Point printed
	  pt: (72.45083653846154, 19.894110576923083)
	    --Point printed
	  pt: (72.53965384615384, 20.076923076923066)
	    --Point printed
	  pt: (73.52473557692308, 22.05314423076922)
	    --Point printed
	  pt: (74.02024579326923, 23.335431490384607)
	    --Point printed
	  pt: (74.25307572115386, 24.116282451923084)
	    --Point printed
	  pt: (74.38107692307692, 24.75132692307693)
	    --Point printed
	  pt: (74.45340144230771, 25.482490384615375)
	    --Point printed
	  pt: (74.41694711538463, 26.450855769230785)
	    --Point printed
	  pt: (74.20408233173076, 27.306796875000018)
	    --Point printed
	  pt: (73.9758641826923, 27.793186298076918)
	    --Point printed
	  pt: (73.63165384615385, 28.25746153846154)
	    --Point printed
	  pt: (73.12818028846155, 28.655624999999986)
	    --Point printed
	  pt: (72.50187980769232, 28.928711538461528)
	    --Point printed
	  pt: (71.75532692307692, 29.076115384615377)
	    --Point printed
	  pt: (71.18561538461539, 29.097230769230748)
	    --Point printed
	  pt: (70.90214423076922, 29.095110576923048)
	    --Point printed
	  pt: (70.22502347506011, 29.008374924879774)
	    --Point printed
	  pt: (69.3268115985577, 28.775670072115375)
	    --Point printed
	  pt: (68.02011237980768, 28.18747716346155)
	    --Point printed
	  pt: (66.80326622596154, 27.429818509615387)
	    --Point printed
	  pt: (65.72257932692307, 26.60410096153845)
	    --Point printed
	  pt: (64.82435787259615, 25.81173137019232)
	    --Point printed
	  pt: (63.946182692307694, 24.94615384615382)
	    --Point printed
	  pt: (63.60611538461538, 24.553846153846166)
	    --Point printed
	  pt: (63.268730769230764, 24.372346153846138)
	    --Point printed
	  pt: (62.880576923076916, 24.36034615384615)
	    --Point printed
	  pt: (62.532346153846156, 24.51923076923076)
	    --Point printed
	  pt: (62.34842307692309, 24.723576923076934)
	    --Point printed
	  pt: (61.1603076923077, 26.315249999999992)
	    --Point printed
	  pt: (60.29053846153847, 27.350307692307695)
	    --Point printed
	  pt: (60.02411538461539, 27.64113461538463)
	    --Point printed
	  pt: (59.57500961538463, 28.091675480769226)
	    --Point printed
	  pt: (59.01236538461539, 28.498658653846135)
	    --Point printed
	  pt: (58.42649278846154, 28.731293870192275)
	    --Point printed
	  pt: (58.02193269230769, 28.807024038461535)
	    --Point printed
	  pt: (57.550384615384615, 28.818923076923056)
	    --Point printed
	  pt: (56.99963942307693, 28.74320192307688)
	    --Point printed
	  pt: (56.21567307692308, 28.516903846153824)
	    --Point printed
	  pt: (55.190466346153855, 28.003774038461543)
	    --Point printed
	  pt: (54.68202753155048, 27.623625788762027)
	    --Point printed
	  pt: (54.0089053485577, 26.967644531250016)
	    --Point printed
	  pt: (53.025571514423085, 25.670013822115365)
	    --Point printed
	  pt: (52.09331790865385, 24.132427283653826)
	    --Point printed
	  pt: (51.234685096153854, 22.46950240384615)
	    --Point printed
	  pt: (50.47221364182693, 20.79585667067306)
	    --Point printed
	  pt: (49.621283653846156, 18.712874999999997)
	    --Point printed
	  pt: (49.06061538461539, 17.08171153846152)
	    --Point printed
	  pt: (48.911149038461545, 16.848093750000004)
	    --Point printed
	  pt: (48.703644230769235, 16.675283653846122)
	    --Point printed
	  pt: (48.454153846153844, 16.575201923076918)
	    --Point printed
	  pt: (48.27138461538461, 16.559769230769234)
	    --Point printed
	  pt: (48.27138461538461, 16.559769230769234)
	    --Point printed
--Found Elem: <Element '{http://www.w3.org/2000/svg}path' at 0x0000028AC1B92DB0>
  --Name: path
	Class : <class 'svg2gcode_py.lib.shapes.path'>
	Object: <Element '{http://www.w3.org/2000/svg}path' at 0x0000028AC1B92DB0>
	Attrs : [('d', 'M 210 610 C 156.941 610 107 597.741 69.382 575.494 C 31.088 552.841 10 522.482 10 490 C 10 457.518 31.088 427.159 69.382 404.506 C 107.006 382.253 156.941 370 210 370 C 263.059 370 312.994 382.259 350.618 404.506 C 388.912 427.159 410 457.523 410 490 C 410 522.476 388.912 552.841 350.618 575.488 C 312.994 597.747 263.059 610 210 610 Z'), ('style', 'fill: none; stroke: rgb(0, 0, 0); stroke-width: 4px;')]
	Transform: None
	d: M 210 610 C 156.941 610 107 597.741 69.382 575.494 C 31.088 552.841 10 522.482 10 490 C 10 457.518 31.088 427.159 69.382 404.506 C 107.006 382.253 156.941 370 210 370 C 263.059 370 312.994 382.259 350.618 404.506 C 388.912 427.159 410 457.523 410 490 C 410 522.476 388.912 552.841 350.618 575.488 C 312.994 597.747 263.059 610 210 610 Z
	m: None
	d is GOOD!
	Points: <generator object point_generator at 0x0000028AC1B60E40>
	  pt: (48.46153846153847, 9.230769230769226)
	    --Point printed
	  pt: (46.93099038461539, 9.230769230769226)
	    --Point printed
	  pt: (42.403857872596156, 9.44973768028845)
	    --Point printed
	  pt: (37.97737319711539, 9.92573617788463)
	    --Point printed
	  pt: (33.676429687500004, 10.65262319711536)
	    --Point printed
	  pt: (30.213032451923084, 11.455633413461499)
	    --Point printed
	  pt: (28.187532264122602, 12.011384878305279)
	    --Point printed
	  pt: (26.2079384765625, 12.626275916466312)
	    --Point printed
	  pt: (24.277362755408653, 13.299538837139409)
	    --Point printed
	  pt: (22.398916766826922, 14.030405949519235)
	    --Point printed
	  pt: (20.575712176983174, 14.818109562800487)
	    --Point printed
	  pt: (18.810860652043267, 15.66188198617786)
	    --Point printed
	  pt: (17.107473858173076, 16.560955528846137)
	    --Point printed
	  pt: (15.458913461538465, 17.52041826923076)
	    --Point printed
	  pt: (13.879950045072118, 18.534699631911025)
	    --Point printed
	  pt: (12.395797626201924, 19.58814370492786)
	    --Point printed
	  pt: (11.007768479567307, 20.678863206129762)
	    --Point printed
	  pt: (9.717174879807692, 21.804970853365376)
	    --Point printed
	  pt: (8.5253291015625, 22.964579364483157)
	    --Point printed
	  pt: (7.433543419471153, 24.155801457331748)
	    --Point printed
	  pt: (6.443130108173077, 25.376749849759605)
	    --Point printed
	  pt: (5.5554014423076925, 26.6255372596154)
	    --Point printed
	  pt: (4.771669696514424, 27.900276404747586)
	    --Point printed
	  pt: (4.093247145432692, 29.199080003004795)
	    --Point printed
	  pt: (3.5214460637019234, 30.520060772235567)
	    --Point printed
	  pt: (3.0575787259615383, 31.861331430288445)
	    --Point printed
	  pt: (2.7029574068509614, 33.221004695012)
	    --Point printed
	  pt: (2.4588943810096153, 34.5971932842548)
	    --Point printed
	  pt: (2.326701923076923, 35.988009915865376)
	    --Point printed
	  pt: (2.307692307692308, 37.3915673076923)
	    --Point printed
	  pt: (2.402302959735577, 38.78684055739181)
	    --Point printed
	  pt: (2.6092216045673076, 40.16811485877405)
	    --Point printed
	  pt: (2.927135967548077, 41.5335029296875)
	    --Point printed
	  pt: (3.3547337740384617, 42.881117487980774)
	    --Point printed
	  pt: (3.890702749399039, 44.209071251502394)
	    --Point printed
	  pt: (4.5337306189903845, 45.51547693810096)
	    --Point printed
	  pt: (5.282505108173077, 46.798447265625)
	    --Point printed
	  pt: (6.135713942307693, 48.05609495192307)
	    --Point printed
	  pt: (7.092044846754808, 49.28653271484376)
	    --Point printed
	  pt: (8.150185546875, 50.487873272235575)
	    --Point printed
	  pt: (9.308823768028846, 51.658229341947106)
	    --Point printed
	  pt: (10.566647235576925, 52.795713641826936)
	    --Point printed
	  pt: (11.922343674879809, 53.89843888972355)
	    --Point printed
	  pt: (13.374600811298079, 54.96451780348556)
	    --Point printed
	  pt: (14.922106370192312, 55.99206310096153)
	    --Point printed
	  pt: (16.553884615384618, 56.97341826923076)
	    --Point printed
	  pt: (18.236299241286062, 57.89096247746393)
	    --Point printed
	  pt: (19.981159029447117, 58.75340467247595)
	    --Point printed
	  pt: (21.785358398437502, 59.55998324819711)
	    --Point printed
	  pt: (23.645791766826928, 60.309936598557684)
	    --Point printed
	  pt: (25.5593535531851, 61.002503117487976)
	    --Point printed
	  pt: (27.522938176081734, 61.63692119891827)
	    --Point printed
	  pt: (29.53344005408654, 62.212429236778846)
	    --Point printed
	  pt: (32.27484375, 62.896867788461535)
	    --Point printed
	  pt: (36.52824068509616, 63.70585186298078)
	    --Point printed
	  pt: (40.915476562500004, 64.26599459134616)
	    --Point printed
	  pt: (45.41170673076923, 64.571203125)
	    --Point printed
	  pt: (49.99208653846154, 64.61538461538461)
	    --Point printed
	  pt: (54.519127103365385, 64.39641616586538)
	    --Point printed
	  pt: (58.94545492788461, 63.920417668269224)
	    --Point printed
	  pt: (63.246225360576936, 63.193530649038465)
	    --Point printed
	  pt: (66.70950360576923, 62.3905204326923)
	    --Point printed
	  pt: (68.73495443960337, 61.83476896784855)
	    --Point printed
	  pt: (70.71452321213943, 61.2198779296875)
	    --Point printed
	  pt: (72.64510434194712, 60.54661500901443)
	    --Point printed
	  pt: (74.52359224759616, 59.81574789663462)
	    --Point printed
	  pt: (76.34688134765625, 59.02804428335335)
	    --Point printed
	  pt: (78.11186606069711, 58.184271859975965)
	    --Point printed
	  pt: (79.81544080528846, 57.28519831730769)
	    --Point printed
	  pt: (81.46416346153848, 56.32573557692308)
	    --Point printed
	  pt: (83.04312687800481, 55.311433368389416)
	    --Point printed
	  pt: (84.527279296875, 54.25794816706731)
	    --Point printed
	  pt: (85.91530844350962, 53.16717232572117)
	    --Point printed
	  pt: (87.20590204326922, 52.040998197115385)
	    --Point printed
	  pt: (88.39774782151443, 50.881318134014435)
	    --Point printed
	  pt: (89.48953350360578, 49.690024489182704)
	    --Point printed
	  pt: (90.47994681490385, 48.46900961538462)
	    --Point printed
	  pt: (91.36767548076925, 47.220165865384615)
	    --Point printed
	  pt: (92.15140722656251, 45.945385591947115)
	    --Point printed
	  pt: (92.82982977764425, 44.646561147836536)
	    --Point printed
	  pt: (93.40163085937502, 43.32558488581729)
	    --Point printed
	  pt: (93.8654981971154, 41.98434915865384)
	    --Point printed
	  pt: (94.22011951622598, 40.62474631911057)
	    --Point printed
	  pt: (94.4641825420673, 39.24866871995191)
	    --Point printed
	  pt: (94.59637500000001, 37.8580087139423)
	    --Point printed
	  pt: (94.61538461538463, 36.45467307692306)
	    --Point printed
	  pt: (94.52077396334134, 35.05960806039663)
	    --Point printed
	  pt: (94.31385531850962, 33.678487905649035)
	    --Point printed
	  pt: (93.99594095552887, 32.31320800781249)
	    --Point printed
	  pt: (93.56834314903847, 30.965663762019233)
	    --Point printed
	  pt: (93.0323741736779, 29.637750563401426)
	    --Point printed
	  pt: (92.38934630408654, 28.331363807091307)
	    --Point printed
	  pt: (91.64057181490385, 27.048398888221143)
	    --Point printed
	  pt: (90.78736298076925, 25.790751201923058)
	    --Point printed
	  pt: (89.83103207632212, 24.560316143329317)
	    --Point printed
	  pt: (88.77289137620194, 23.358989107572114)
	    --Point printed
	  pt: (87.61425315504808, 22.188665489783645)
	    --Point printed
	  pt: (86.3564296875, 21.051240685096133)
	    --Point printed
	  pt: (85.00073324819711, 19.94861008864183)
	    --Point printed
	  pt: (83.54847611177885, 18.88266909555287)
	    --Point printed
	  pt: (82.00097055288462, 17.855313100961524)
	    --Point printed
	  pt: (80.3691923076923, 16.87403365384614)
	    --Point printed
	  pt: (78.68677768179086, 15.956256197415854)
	    --Point printed
	  pt: (76.94191789362982, 15.093610501802885)
	    --Point printed
	  pt: (75.13771852463942, 14.286856144831717)
	    --Point printed
	  pt: (73.27728515625, 13.536752704326915)
	    --Point printed
	  pt: (71.36372336989183, 12.84405975811299)
	    --Point printed
	  pt: (69.4001387469952, 12.209536884014398)
	    --Point printed
	  pt: (67.3896368689904, 11.63394365985576)
	    --Point printed
	  pt: (64.64823317307693, 10.949415865384623)
	    --Point printed
	  pt: (60.394836237980776, 10.14035066105771)
	    --Point printed
	  pt: (56.00760036057692, 9.58017007211538)
	    --Point printed
	  pt: (51.511370192307695, 9.274950721153829)
	    --Point printed
	  pt: (48.46153846153847, 9.230769230769226)
	    --Point printed
	  pt: (48.46153846153847, 9.230769230769226)
	    --Point printed
