Input File: ./imagens/batman2.svg
Output File: ./imagens/gcode_output/batman2.gcode
Log File: ./imagens/log/batman2.log

wdth: 460.001
hght: 460.001
scale: 0.3260862476385921
x%: 0.3260862476385921
y%: 0.3260862476385921
--Found Elem: <Element '{http://www.w3.org/2000/svg}svg' at 0x0000024B3BE21C20>
  --No Name: svg
--Found Elem: <Element '{http://www.w3.org/2000/svg}g' at 0x0000024B3BE21CC0>
  --No Name: g
--Found Elem: <Element '{http://www.w3.org/2000/svg}path' at 0x0000024B3BE21D10>
  --Name: path
	Class : <class 'svg2gcode_py.lib.shapes.path'>
	Object: <Element '{http://www.w3.org/2000/svg}path' at 0x0000024B3BE21D10>
	Attrs : [('d', 'M209.195,326.458l-91.46-38.359c-2.957-1.241-6.329-0.987-9.067,0.68   c-2.154,26.854,13.093,51.897,37.941,62.319c7.675,3.219,15.756,4.851,24.02,4.851c18.062,0,35.201-7.822,47.024-21.461   c2.1-2.423,2.911-5.706,2.181-8.827C214.334,330.281,212.151,327.698,209.195,326.458z M165.859,343.691   c-5.593,0-11.071-1.109-16.284-3.295c-12.136-5.09-20.896-15.321-24.306-27.45l60.906,25.544   C180.02,341.866,173.047,343.691,165.859,343.691z')]
	Transform: None
	d: M209.195,326.458l-91.46-38.359c-2.957-1.241-6.329-0.987-9.067,0.68   c-2.154,26.854,13.093,51.897,37.941,62.319c7.675,3.219,15.756,4.851,24.02,4.851c18.062,0,35.201-7.822,47.024-21.461   c2.1-2.423,2.911-5.706,2.181-8.827C214.334,330.281,212.151,327.698,209.195,326.458z M165.859,343.691   c-5.593,0-11.071-1.109-16.284-3.295c-12.136-5.09-20.896-15.321-24.306-27.45l60.906,25.544   C180.02,341.866,173.047,343.691,165.859,343.691z
	m: None
	d is GOOD!
	Points: <generator object point_generator at 0x0000024B3BDF6BA0>
	  pt: (68.21561257475527, 43.54653576840049)
	    --Point printed
	  pt: (68.21561257475527, 43.54653576840049)
	    --Point printed
	  pt: (38.150705107162814, 56.15604639989911)
	    --Point printed
	  pt: (37.3959275360271, 56.30804335207965)
	    --Point printed
	  pt: (36.633160851824236, 56.280570585716106)
	    --Point printed
	  pt: (35.89447359897044, 56.07613488883719)
	    --Point printed
	  pt: (35.391240997302184, 55.28584448729457)
	    --Point printed
	  pt: (35.36912572608538, 53.65753312815485)
	    --Point printed
	  pt: (35.475032425201256, 52.05122112676112)
	    --Point printed
	  pt: (35.705235304515654, 50.47302737691059)
	    --Point printed
	  pt: (36.05600857389442, 48.92907077240049)
	    --Point printed
	  pt: (36.52362644320339, 47.425470207028056)
	    --Point printed
	  pt: (37.104363122308435, 45.9683445745906)
	    --Point printed
	  pt: (37.794492821075394, 44.563812768885285)
	    --Point printed
	  pt: (38.590289749370115, 43.217993683709366)
	    --Point printed
	  pt: (39.48802811705845, 41.93700621286011)
	    --Point printed
	  pt: (40.48398213400624, 40.72696925013477)
	    --Point printed
	  pt: (41.57442601007933, 39.594001689330554)
	    --Point printed
	  pt: (42.75563395514358, 38.544222424244694)
	    --Point printed
	  pt: (44.023880179064825, 37.58375034867447)
	    --Point printed
	  pt: (45.375438891708924, 36.718704356417135)
	    --Point printed
	  pt: (46.80658430294173, 35.95520334126988)
	    --Point printed
	  pt: (48.43285666770291, 35.249352718798406)
	    --Point printed
	  pt: (50.34899040980346, 34.62427595266095)
	    --Point printed
	  pt: (52.30568112895407, 34.19509549979237)
	    --Point printed
	  pt: (54.29611158454004, 33.96318703654988)
	    --Point printed
	  pt: (56.375991573931366, 33.92992623929075)
	    --Point printed
	  pt: (58.5555456842757, 34.12664158950194)
	    --Point printed
	  pt: (60.684500380162234, 34.55226439045782)
	    --Point printed
	  pt: (62.746068588709605, 35.199132889113244)
	    --Point printed
	  pt: (64.72346323703646, 36.05958533242318)
	    --Point printed
	  pt: (66.59989725226143, 37.12595996734244)
	    --Point printed
	  pt: (68.35858356150315, 38.39059504082597)
	    --Point printed
	  pt: (69.98273509188026, 39.845828799828666)
	    --Point printed
	  pt: (71.14484533729276, 41.125589944369665)
	    --Point printed
	  pt: (71.52451163149647, 41.79539147740982)
	    --Point printed
	  pt: (71.73628426894726, 42.52869830717758)
	    --Point printed
	  pt: (71.77245946204465, 43.294267295071066)
	    --Point printed
	  pt: (71.46065986813073, 43.61811169975715)
	    --Point printed
	  pt: (70.86739943907732, 43.22578154042054)
	    --Point printed
	  pt: (70.3547026935811, 43.01010860574215)
	    --Point printed
	  pt: (69.90694041969475, 42.9384358675307)
	    --Point printed
	  pt: (69.37782472212017, 42.99630598629132)
	    --Point printed
	  pt: (68.68181400692607, 43.3169914304534)
	    --Point printed
	  pt: (68.21561257475527, 43.54653576840049)
	    --Point printed
	  pt: (68.21561257475527, 43.54653576840049)
	    --Point printed
	  pt: (53.628388851328594, 37.92709146284464)
	    --Point printed
	  pt: (52.27378581785693, 38.03977464179427)
	    --Point printed
	  pt: (50.9393593709579, 38.286764593990014)
	    --Point printed
	  pt: (49.62969509848894, 38.667083060688995)
	    --Point printed
	  pt: (48.27967765287467, 39.20901802387387)
	    --Point printed
	  pt: (46.88417881836128, 39.95827378296458)
	    --Point printed
	  pt: (45.60194400392609, 40.84816952164235)
	    --Point printed
	  pt: (44.44051650159457, 41.86631268872242)
	    --Point printed
	  pt: (43.40743960339218, 43.00031073302016)
	    --Point printed
	  pt: (42.510256601344345, 44.237771103350866)
	    --Point printed
	  pt: (41.75651078747655, 45.56630124852991)
	    --Point printed
	  pt: (41.15374545381424, 46.97350861737256)
	    --Point printed
	  pt: (40.848498155438804, 47.952613146493164)
	    --Point printed
	  pt: (60.20734194056101, 39.347849243805996)
	    --Point printed
	  pt: (58.62483519057568, 38.68304090643281)
	    --Point printed
	  pt: (56.96688023504297, 38.21906093682405)
	    --Point printed
	  pt: (55.251911137149705, 37.964285675465916)
	    --Point printed
	  pt: (54.08433894708925, 37.92709146284464)
	    --Point printed
	  pt: (54.08433894708925, 37.92709146284464)
	    --Point printed
--Found Elem: <Element '{http://www.w3.org/2000/svg}path' at 0x0000024B3BE21D60>
  --Name: path
	Class : <class 'svg2gcode_py.lib.shapes.path'>
	Object: <Element '{http://www.w3.org/2000/svg}path' at 0x0000024B3BE21D60>
	Attrs : [('d', 'M394.87,0.131c-4.841-0.789-9.535,2.045-11.091,6.693l-55.704,166.286c-28.719-19.709-63.039-30.432-98.075-30.432   s-69.355,10.724-98.075,30.432L76.222,6.825c-1.557-4.648-6.251-7.482-11.091-6.693c-4.837,0.789-8.391,4.968-8.391,9.87v359.52   c0,3.808,2.163,7.286,5.579,8.969l163.26,80.48c1.394,0.687,2.908,1.031,4.421,1.031s3.028-0.344,4.421-1.031l163.26-80.48   c3.416-1.684,5.579-5.161,5.579-8.969V10.001C403.261,5.099,399.708,0.92,394.87,0.131z M383.261,363.301l-153.26,75.551   L76.74,363.301V71.335l40.616,121.247c1.043,3.114,3.549,5.518,6.704,6.43c3.155,0.913,6.558,0.217,9.102-1.86   c27.234-22.231,61.625-34.475,96.838-34.475s69.604,12.243,96.838,34.475c2.545,2.077,5.947,2.771,9.102,1.86   c3.155-0.912,5.661-3.316,6.704-6.43l40.616-121.247V363.301z')]
	Transform: None
	d: M394.87,0.131c-4.841-0.789-9.535,2.045-11.091,6.693l-55.704,166.286c-28.719-19.709-63.039-30.432-98.075-30.432   s-69.355,10.724-98.075,30.432L76.222,6.825c-1.557-4.648-6.251-7.482-11.091-6.693c-4.837,0.789-8.391,4.968-8.391,9.87v359.52   c0,3.808,2.163,7.286,5.579,8.969l163.26,80.48c1.394,0.687,2.908,1.031,4.421,1.031s3.028-0.344,4.421-1.031l163.26-80.48   c3.416-1.684,5.579-5.161,5.579-8.969V10.001C403.261,5.099,399.708,0.92,394.87,0.131z M383.261,363.301l-153.26,75.551   L76.74,363.301V71.335l40.616,121.247c1.043,3.114,3.549,5.518,6.704,6.43c3.155,0.913,6.558,0.217,9.102-1.86   c27.234-22.231,61.625-34.475,96.838-34.475s69.604,12.243,96.838,34.475c2.545,2.077,5.947,2.771,9.102,1.86   c3.155-0.912,5.661-3.316,6.704-6.43l40.616-121.247V363.301z
	m: None
	d is GOOD!
	Points: <generator object point_generator at 0x0000024B3BDF6B30>
	  pt: (128.76167660505087, 149.95728270155934)
	    --Point printed
	  pt: (128.56435366444856, 149.9894429577327)
	    --Point printed
	  pt: (127.97993959863675, 149.99593029077653)
	    --Point printed
	  pt: (127.4152588459047, 149.9008774233643)
	    --Point printed
	  pt: (126.88174098398702, 149.71119712919102)
	    --Point printed
	  pt: (126.39081559061829, 149.4338021819518)
	    --Point printed
	  pt: (125.95391224353318, 149.07560535534162)
	    --Point printed
	  pt: (125.58246052046627, 148.6435194230556)
	    --Point printed
	  pt: (125.28788999915218, 148.14445715878878)
	    --Point printed
	  pt: (125.14505403249125, 147.77478744611426)
	    --Point printed
	  pt: (105.81013682578953, 94.35456390312194)
	    --Point printed
	  pt: (102.16184440020241, 96.53349131645909)
	    --Point printed
	  pt: (98.36721567588987, 98.42886126198637)
	    --Point printed
	  pt: (94.44491781675477, 100.0340361012802)
	    --Point printed
	  pt: (90.41361798670005, 101.34237819591695)
	    --Point printed
	  pt: (86.29198334962858, 102.34724990747301)
	    --Point printed
	  pt: (82.09868106944333, 103.04201359752477)
	    --Point printed
	  pt: (77.85237831004716, 103.42003162764863)
	    --Point printed
	  pt: (73.57174223534297, 103.47466635942095)
	    --Point printed
	  pt: (69.31194256235314, 103.20368359253567)
	    --Point printed
	  pt: (65.09893626589943, 102.6137273342884)
	    --Point printed
	  pt: (60.951379045915125, 101.71144668707241)
	    --Point printed
	  pt: (56.88792660233347, 100.50349075328096)
	    --Point printed
	  pt: (52.92723463508774, 98.9965086353073)
	    --Point printed
	  pt: (49.087958844111206, 97.19714943554469)
	    --Point printed
	  pt: (45.38875492933711, 95.1120622563864)
	    --Point printed
	  pt: (43.01892821972127, 93.55120967128332)
	    --Point printed
	  pt: (24.791481431562108, 147.96391746974464)
	    --Point printed
	  pt: (24.524981076807443, 148.4837690060728)
	    --Point printed
	  pt: (24.1778202316408, 148.93894846831856)
	    --Point printed
	  pt: (23.761428473796794, 149.32254308278678)
	    --Point printed
	  pt: (23.287235381010042, 149.62764007578244)
	    --Point printed
	  pt: (22.766670531015148, 149.8473266736105)
	    --Point printed
	  pt: (22.211163501546736, 149.97469010257586)
	    --Point printed
	  pt: (21.632143870339412, 150.0028175889835)
	    --POINT NOT PRINTED (150,150)
	  pt: (21.04116349747066, 149.92479635913836)
	    --Point printed
	  pt: (20.485261597936745, 149.74535084230794)
	    --Point printed
	  pt: (19.98015272657016, 149.47585966525074)
	    --Point printed
	  pt: (19.53451510839107, 149.1265142969798)
	    --Point printed
	  pt: (19.157026968419636, 148.70750620650824)
	    --Point printed
	  pt: (18.85636653167602, 148.22902686284922)
	    --Point printed
	  pt: (18.641212023180387, 147.7012677350158)
	    --Point printed
	  pt: (18.520241667952895, 147.1344202920211)
	    --Point printed
	  pt: (18.502133691013718, 146.7384853511188)
	    --Point printed
	  pt: (18.502133691013718, 29.193523492340233)
	    --Point printed
	  pt: (18.713274536359705, 28.310777449396852)
	    --Point printed
	  pt: (19.15181977865266, 27.528099123697558)
	    --Point printed
	  pt: (19.789950184890905, 26.89027442331647)
	    --Point printed
	  pt: (20.321368866589424, 26.579290045021637)
	    --Point printed
	  pt: (73.78549177067008, 0.22385820900387898)
	    --Point printed
	  pt: (74.50638694263709, 0.027717331049245786)
	    --Point printed
	  pt: (75.24652120321478, -0.0003260862476679449)
	    --POINT NOT PRINTED (150,150)
	  pt: (75.97728048417287, 0.13980947867500504)
	    --Point printed
	  pt: (76.4414642576864, 0.33586883506774257)
	    --Point printed
	  pt: (129.9567827026463, 26.716572355277478)
	    --Point printed
	  pt: (130.65525944508818, 27.29623142123603)
	    --Point printed
	  pt: (131.16342410125196, 28.03555046619462)
	    --Point printed
	  pt: (131.453457438136, 28.8898352938363)
	    --Point printed
	  pt: (131.49754022273865, 29.503957600092164)
	    --Point printed
	  pt: (131.4975809835196, 146.938620785607)
	    --Point printed
	  pt: (131.41005357529113, 147.51623289609697)
	    --Point printed
	  pt: (131.22543908192594, 148.05815384776338)
	    --Point printed
	  pt: (130.95240808579766, 148.55419217159312)
	    --Point printed
	  pt: (130.5996311692801, 148.99415639857304)
	    --Point printed
	  pt: (130.17577891474693, 149.3678550596901)
	    --Point printed
	  pt: (129.68952190457196, 149.6650966859311)
	    --Point printed
	  pt: (129.14953072112888, 149.87568980828303)
	    --Point printed
	  pt: (128.76167660505087, 149.95728270155934)
	    --Point printed
	  pt: (128.76167660505087, 149.95728270155934)
	    --Point printed
	  pt: (124.97614135621446, 31.532540146651854)
	    --Point printed
	  pt: (75.00016304312383, 6.89639805130858)
	    --Point printed
	  pt: (25.02385864378556, 31.532540146651854)
	    --Point printed
	  pt: (25.02385864378556, 126.73863752470103)
	    --Point printed
	  pt: (38.353204666946375, 86.94780011347801)
	    --Point printed
	  pt: (38.74907337157963, 86.26654480098955)
	    --Point printed
	  pt: (39.29066186812638, 85.70398488264156)
	    --Point printed
	  pt: (39.95308569981369, 85.28402655646401)
	    --Point printed
	  pt: (40.71146040986868, 85.030494498925)
	    --Point printed
	  pt: (41.49705313140624, 84.96884381773083)
	    --Point printed
	  pt: (42.2678496894572, 85.09465196814789)
	    --Point printed
	  pt: (42.990008445633805, 85.40094885663292)
	    --Point printed
	  pt: (44.53237601657387, 86.61759702696298)
	    --Point printed
	  pt: (48.036872049598806, 89.07875718272894)
	    --Point printed
	  pt: (51.72788432117538, 91.22310926362115)
	    --Point printed
	  pt: (55.58120474873967, 93.04202854314445)
	    --Point printed
	  pt: (59.572625249727714, 94.5268902948037)
	    --Point printed
	  pt: (63.67793774157556, 95.66906979210371)
	    --Point printed
	  pt: (67.87293414171926, 96.45994230854933)
	    --Point printed
	  pt: (72.13340636759484, 96.89088311764539)
	    --Point printed
	  pt: (76.4351463366384, 96.95326749289674)
	    --Point printed
	  pt: (80.71206426385487, 96.64424217963656)
	    --Point printed
	  pt: (84.9315757261941, 95.97242553548796)
	    --Point printed
	  pt: (89.06947264109209, 94.94643082297647)
	    --Point printed
	  pt: (93.10154692598493, 93.5748713046276)
	    --Point printed
	  pt: (97.00359049830871, 91.86636024296686)
	    --Point printed
	  pt: (100.7513952754994, 89.82951090051978)
	    --Point printed
	  pt: (104.3207531749931, 87.47293653981187)
	    --Point printed
	  pt: (106.78484938076222, 85.54212382146996)
	    --Point printed
	  pt: (107.48334650359456, 85.17735559270523)
	    --Point printed
	  pt: (108.24163969208762, 84.99075273749405)
	    --Point printed
	  pt: (109.02597901961083, 84.98910192586537)
	    --Point printed
	  pt: (109.80261455953355, 85.1792713494101)
	    --Point printed
	  pt: (110.49978695698486, 85.54638332307972)
	    --Point printed
	  pt: (111.0844188382199, 86.06406562159647)
	    --Point printed
	  pt: (111.53162574646576, 86.70841204693033)
	    --Point printed
	  pt: (111.73149623587774, 87.20165825726465)
	    --Point printed
	  pt: (124.97581526996679, 126.73863752470103)
	    --Point printed
	  pt: (124.97581526996679, 31.532540146651854)
	    --Point printed
	  pt: (124.97614135621446, 31.532540146651854)
	    --Point printed
--Found Elem: <Element '{http://www.w3.org/2000/svg}path' at 0x0000024B3BE21DB0>
  --Name: path
	Class : <class 'svg2gcode_py.lib.shapes.path'>
	Object: <Element '{http://www.w3.org/2000/svg}path' at 0x0000024B3BE21DB0>
	Attrs : [('d', 'M250.806,326.458c-2.957,1.24-5.14,3.823-5.87,6.945c-0.73,3.122,0.081,6.405,2.181,8.827   c11.823,13.639,28.962,21.461,47.024,21.461c8.263,0,16.344-1.632,24.02-4.851c24.848-10.421,40.095-35.465,37.941-62.319   c-0.257-3.196-2.03-6.075-4.769-7.742c-2.739-1.667-6.111-1.92-9.067-0.68L250.806,326.458z M310.426,340.396   c-5.213,2.186-10.691,3.295-16.284,3.295c-7.188,0-14.16-1.825-20.315-5.2l60.906-25.544   C331.322,325.075,322.562,335.306,310.426,340.396z')]
	Transform: None
	d: M250.806,326.458c-2.957,1.24-5.14,3.823-5.87,6.945c-0.73,3.122,0.081,6.405,2.181,8.827   c11.823,13.639,28.962,21.461,47.024,21.461c8.263,0,16.344-1.632,24.02-4.851c24.848-10.421,40.095-35.465,37.941-62.319   c-0.257-3.196-2.03-6.075-4.769-7.742c-2.739-1.667-6.111-1.92-9.067-0.68L250.806,326.458z M310.426,340.396   c-5.213,2.186-10.691,3.295-16.284,3.295c-7.188,0-14.16-1.825-20.315-5.2l60.906-25.544   C331.322,325.075,322.562,335.306,310.426,340.396z
	m: None
	d is GOOD!
	Points: <generator object point_generator at 0x0000024B3BDF6BA0>
	  pt: (81.78438742524474, 43.54653576840049)
	    --Point printed
	  pt: (81.54332816667791, 43.44544903163252)
	    --Point printed
	  pt: (80.90594164469209, 43.01352741624473)
	    --Point printed
	  pt: (80.3908782263517, 42.45015228227764)
	    --Point printed
	  pt: (80.01889533935797, 41.77990238064697)
	    --Point printed
	  pt: (79.81075041141217, 41.02735646226854)
	    --Point printed
	  pt: (79.78668117025833, 40.25783367862242)
	    --Point printed
	  pt: (79.94077730265803, 39.51028095591094)
	    --Point printed
	  pt: (80.26533502101083, 38.815941432736)
	    --Point printed
	  pt: (81.06336997093486, 37.84756717920176)
	    --Point printed
	  pt: (82.63894611438346, 36.33050313681382)
	    --Point printed
	  pt: (84.35465272765714, 35.00148386226333)
	    --Point printed
	  pt: (86.1937027378745, 33.86817110859542)
	    --Point printed
	  pt: (88.13930907215419, 32.93822662885513)
	    --Point printed
	  pt: (90.17468465761489, 32.21931217608764)
	    --Point printed
	  pt: (92.28304242137517, 31.71908950333801)
	    --Point printed
	  pt: (94.44759529055372, 31.44522036365136)
	    --Point printed
	  pt: (96.58894763272257, 31.40536651007278)
	    --Point printed
	  pt: (98.58896706202816, 31.57121193758273)
	    --Point printed
	  pt: (100.55764145077946, 31.934787913504536)
	    --Point printed
	  pt: (102.48815355836182, 32.49471876148094)
	    --Point printed
	  pt: (104.25433857752486, 33.19959494653271)
	    --Point printed
	  pt: (105.71118493492406, 33.927839000706626)
	    --Point printed
	  pt: (107.0896865237793, 34.759681037887674)
	    --Point printed
	  pt: (108.38611755395642, 35.68900073128236)
	    --Point printed
	  pt: (109.59675223532122, 36.70967775409726)
	    --Point printed
	  pt: (110.7178647777396, 37.815591779538934)
	    --Point printed
	  pt: (111.74572939107742, 39.00062248081389)
	    --Point printed
	  pt: (112.67662028520047, 40.258649531128725)
	    --Point printed
	  pt: (113.50681166997465, 41.58355260368997)
	    --Point printed
	  pt: (114.23257775526575, 42.969211371704205)
	    --Point printed
	  pt: (114.85019275093968, 44.409505508377976)
	    --Point printed
	  pt: (115.35593086686227, 45.898314686917786)
	    --Point printed
	  pt: (115.74606631289933, 47.42951858053026)
	    --Point printed
	  pt: (116.01687329891674, 48.99699686242188)
	    --Point printed
	  pt: (116.16462603478037, 50.59462920579928)
	    --Point printed
	  pt: (116.18559873035602, 52.216295283868945)
	    --Point printed
	  pt: (116.09901391518714, 53.56912267582027)
	    --Point printed
	  pt: (115.8872820385173, 54.30932826776463)
	    --Point printed
	  pt: (115.5125885595901, 54.97428945806638)
	    --Point printed
	  pt: (114.99174730054935, 55.53664557250963)
	    --Point printed
	  pt: (114.34157208353895, 55.969035936878385)
	    --Point printed
	  pt: (113.61789498827176, 56.23183088188938)
	    --Point printed
	  pt: (112.85957122919301, 56.31849849239457)
	    --Point printed
	  pt: (112.09866935071881, 56.2266236921224)
	    --Point printed
	  pt: (111.60823563427036, 56.05487814156925)
	    --Point printed
	  pt: (81.78438742524474, 43.54653576840049)
	    --Point printed
	  pt: (81.78438742524474, 43.54653576840049)
	    --Point printed
	  pt: (100.8006776072226, 38.8233395144793)
	    --Point printed
	  pt: (99.50028641242083, 38.398795600444316)
	    --Point printed
	  pt: (98.17360451390324, 38.107254114664954)
	    --Point printed
	  pt: (96.82521749952718, 37.94969331588409)
	    --Point printed
	  pt: (95.32968406590422, 37.92709146284463)
	    --Point printed
	  pt: (93.59988823393864, 38.110260222260365)
	    --Point printed
	  pt: (91.92100261738562, 38.505385042641194)
	    --Point printed
	  pt: (90.31140013826057, 39.10405901291517)
	    --Point printed
	  pt: (89.29121893213276, 39.622739950565304)
	    --Point printed
	  pt: (109.01279290697197, 47.457940308825386)
	    --Point printed
	  pt: (108.46193260653239, 46.02735917965393)
	    --Point printed
	  pt: (107.75760287070031, 44.67129894826316)
	    --Point printed
	  pt: (106.90734317017791, 43.402155987160896)
	    --Point printed
	  pt: (105.91869297566745, 42.232326668855066)
	    --Point printed
	  pt: (104.79919175787118, 41.17420736585355)
	    --Point printed
	  pt: (103.55637898749134, 40.24019445066422)
	    --Point printed
	  pt: (102.19779413523014, 39.44268429579499)
	    --Point printed
	  pt: (101.2256495094576, 39.00154564881379)
	    --Point printed
	  pt: (101.2256495094576, 39.00154564881379)
	    --Point printed
