Input File: ./imagens/batman3.svg
Output File: ./imagens/gcode_output/batman3.gcode
Log File: ./imagens/log/batman3.log

wdth: 194.328
hght: 194.327
scale: 0.7718908237618871
x%: 0.7718908237618871
y%: 0.7718947958852862
--Found Elem: <Element '{http://www.w3.org/2000/svg}svg' at 0x000001754008EC70>
  --No Name: svg
--Found Elem: <Element '{http://www.w3.org/2000/svg}g' at 0x000001754008ED10>
  --No Name: g
--Found Elem: <Element '{http://www.w3.org/2000/svg}path' at 0x000001754008ED60>
  --Name: path
	Class : <class 'svg2gcode_py.lib.shapes.path'>
	Object: <Element '{http://www.w3.org/2000/svg}path' at 0x000001754008ED60>
	Attrs : [('d', 'M107.694,6.772c0,0-4.822,16.94-5.429,16.581c-3.148-1.964-8.966-1.778-11.646-0.058   c-0.414-0.947-4.055-16.642-4.055-16.642s-8.717,22.643-6.856,34.793c-0.362,3.547-0.563,11.542,0.186,13.661   c-1.452-1.035-34.132-21.175-33.563-36.084c-31.058,2.563-93.861,123.345,15.326,168.648c-11.85-18.706-19.4-38.533-18.058-48.238   c2.405,1.777,7.176,12.494,20.771,19.303c0-3.989,2.28-22.799,7.812-28.352c2.137,3.166,24.068,51.837,24.068,51.837l24.067-51.837   c0,0,6.46,22.506,4.518,28.059c3.35-2.095,17.78-11.436,21.057-19.01c0.95,2.947,0.943,27.541-16.538,48.238   c28.412-0.037,118.209-102.098,20.666-168.889c-1.93,8.242-31.548,36.139-37.229,36.139c0.061-1.272,0.834-8.607,0-13.476   C113.679,39.441,110.763,19.344,107.694,6.772z')]
	Transform: None
	d: M107.694,6.772c0,0-4.822,16.94-5.429,16.581c-3.148-1.964-8.966-1.778-11.646-0.058   c-0.414-0.947-4.055-16.642-4.055-16.642s-8.717,22.643-6.856,34.793c-0.362,3.547-0.563,11.542,0.186,13.661   c-1.452-1.035-34.132-21.175-33.563-36.084c-31.058,2.563-93.861,123.345,15.326,168.648c-11.85-18.706-19.4-38.533-18.058-48.238   c2.405,1.777,7.176,12.494,20.771,19.303c0-3.989,2.28-22.799,7.812-28.352c2.137,3.166,24.068,51.837,24.068,51.837l24.067-51.837   c0,0,6.46,22.506,4.518,28.059c3.35-2.095,17.78-11.436,21.057-19.01c0.95,2.947,0.943,27.541-16.538,48.238   c28.412-0.037,118.209-102.098,20.666-168.889c-1.93,8.242-31.548,36.139-37.229,36.139c0.061-1.272,0.834-8.607,0-13.476   C113.679,39.441,110.763,19.344,107.694,6.772z
	m: None
	d is GOOD!
	Points: <generator object point_generator at 0x000001754006ECF0>
	  pt: (83.12801037421268, 144.7727553414845)
	    --Point printed
	  pt: (83.12801037421268, 144.7727553414845)
	    --Point printed
	  pt: (80.71387357972088, 136.65231914598)
	    --Point printed
	  pt: (79.3750289459059, 132.67003789983943)
	    --Point printed
	  pt: (78.32993701370879, 132.35303198715573)
	    --Point printed
	  pt: (76.00355455724342, 132.9862719216994)
	    --Point printed
	  pt: (73.46470915153762, 133.0566104730147)
	    --Point printed
	  pt: (71.13369535012967, 132.60862433617388)
	    --Point printed
	  pt: (69.62841175744103, 132.74978387056933)
	    --Point printed
	  pt: (66.81795726812399, 144.86461034951216)
	    --Point printed
	  pt: (65.18070446616031, 140.20205207175496)
	    --Point printed
	  pt: (63.257586721934054, 133.56789165740398)
	    --Point printed
	  pt: (62.24494134112171, 129.14511402757194)
	    --Point printed
	  pt: (61.53234439645856, 124.68236692602198)
	    --Point printed
	  pt: (61.29433065487217, 120.47938520825615)
	    --Point printed
	  pt: (61.386161541311594, 116.63926454242312)
	    --Point printed
	  pt: (61.27534696492527, 111.27771088057305)
	    --Point printed
	  pt: (61.426203377794245, 108.56470760775596)
	    --Point printed
	  pt: (61.38924910460665, 107.66313912560207)
	    --Point printed
	  pt: (55.82907225477029, 111.40893232061256)
	    --Point printed
	  pt: (51.338923028976794, 114.74515300805854)
	    --Point printed
	  pt: (46.53307648666173, 118.73012381128814)
	    --Point printed
	  pt: (41.994765494743426, 123.14371111599975)
	    --Point printed
	  pt: (38.88738028455756, 126.99372163301223)
	    --Point printed
	  pt: (37.42945754588409, 129.31358824545356)
	    --Point printed
	  pt: (36.378637867178824, 131.61219770825613)
	    --Point printed
	  pt: (35.80782535680654, 133.86203331963227)
	    --Point printed
	  pt: (35.0133054680746, 135.25449722891196)
	    --Point printed
	  pt: (32.65575221899013, 134.63258473567203)
	    --Point printed
	  pt: (30.193016595924078, 133.51249398015614)
	    --Point printed
	  pt: (27.65389398040339, 131.92160174009518)
	    --Point printed
	  pt: (25.06717975395498, 129.8872847932201)
	    --Point printed
	  pt: (22.461669298105807, 127.43691991726175)
	    --Point printed
	  pt: (19.866157994382807, 124.59788388995105)
	    --Point printed
	  pt: (17.309441224312923, 121.39755348901889)
	    --Point printed
	  pt: (14.820314369423091, 117.86330549219619)
	    --Point printed
	  pt: (12.427572811240251, 114.02251667721384)
	    --Point printed
	  pt: (10.160011931291345, 109.90256382180274)
	    --Point printed
	  pt: (8.046427111103313, 105.53082370369378)
	    --Point printed
	  pt: (6.115613732203094, 100.9346731006179)
	    --Point printed
	  pt: (4.396367176117628, 96.14148879030597)
	    --Point printed
	  pt: (2.9174828243738533, 91.1786475504889)
	    --Point printed
	  pt: (1.7077560584987126, 86.07352615889758)
	    --Point printed
	  pt: (0.7959822600191448, 80.85350139326296)
	    --Point printed
	  pt: (0.2109568104620896, 75.54595003131587)
	    --Point printed
	  pt: (-0.018524908645512803, 70.17824885078724)
	    --POINT NOT PRINTED (150,150)
	  pt: (0.13633248422327746, 64.77777462940799)
	    --Point printed
	  pt: (0.7043243705954003, 59.37190414490901)
	    --Point printed
	  pt: (1.7142461319977955, 53.98801417502119)
	    --Point printed
	  pt: (3.194893149957404, 48.65348149747547)
	    --Point printed
	  pt: (5.175060806001165, 43.39568289000269)
	    --Point printed
	  pt: (7.683544481656017, 38.24199513033378)
	    --Point printed
	  pt: (10.749139558448904, 33.21979499619965)
	    --Point printed
	  pt: (14.400641417906764, 28.35645926533121)
	    --Point printed
	  pt: (18.666845441556532, 23.67936471545933)
	    --Point printed
	  pt: (23.576547010925157, 19.215888124314944)
	    --Point printed
	  pt: (29.158541507539567, 14.993406269628935)
	    --Point printed
	  pt: (35.441624312926706, 11.039295929132237)
	    --Point printed
	  pt: (42.45459080861353, 7.380933880555688)
	    --Point printed
	  pt: (46.44910923798938, 6.943350932444133)
	    --Point printed
	  pt: (43.29217225515624, 12.39167296240123)
	    --Point printed
	  pt: (40.501786927257015, 17.78551638531249)
	    --Point printed
	  pt: (38.1194906292454, 23.023181569948747)
	    --Point printed
	  pt: (36.18682073607509, 28.002968885080904)
	    --Point printed
	  pt: (34.745314622699766, 32.62317869947974)
	    --Point printed
	  pt: (33.83650966407311, 36.78211138191617)
	    --Point printed
	  pt: (33.50194323514882, 40.378067301160954)
	    --Point printed
	  pt: (34.117767382981356, 42.03003427195257)
	    --Point printed
	  pt: (36.23655945103125, 39.15474095343957)
	    --Point printed
	  pt: (39.04720691305422, 35.65547039026799)
	    --Point printed
	  pt: (41.252420601380145, 33.370094633815015)
	    --Point printed
	  pt: (43.94040375679264, 31.05760621217736)
	    --Point printed
	  pt: (47.16957283561813, 28.834222937507718)
	    --Point printed
	  pt: (49.68661232555268, 28.24290632332965)
	    --Point printed
	  pt: (50.260030721254786, 33.44998533407437)
	    --Point printed
	  pt: (51.34376543781647, 39.10037089354083)
	    --Point printed
	  pt: (52.243802199116956, 42.4757348883074)
	    --Point printed
	  pt: (53.35572299154007, 45.56904515175374)
	    --Point printed
	  pt: (54.68832013400024, 48.12631945087686)
	    --Point printed
	  pt: (56.129006113375326, 48.74683524762257)
	    --Point printed
	  pt: (61.134308038471055, 38.20912645115477)
	    --Point printed
	  pt: (70.06240737310115, 18.737456774113866)
	    --Point printed
	  pt: (74.29449178708164, 9.345282203285166)
	    --Point printed
	  pt: (92.87158824255897, 49.357786834630105)
	    --Point printed
	  pt: (94.07134779856737, 44.88079593522292)
	    --Point printed
	  pt: (95.70703269729529, 37.69649445782389)
	    --Point printed
	  pt: (96.57481889511548, 31.776025505202526)
	    --Point printed
	  pt: (96.63240918704459, 28.975346289520814)
	    --Point printed
	  pt: (97.00544954921577, 28.103580029640582)
	    --Point printed
	  pt: (101.08120194979622, 30.846855895702106)
	    --Point printed
	  pt: (105.36297683555638, 34.13404945504507)
	    --Point printed
	  pt: (107.86174723759571, 36.32368964296187)
	    --Point printed
	  pt: (110.08972869002407, 38.602869166435084)
	    --Point printed
	  pt: (111.84581046606766, 40.89006007240336)
	    --Point printed
	  pt: (112.70435809559096, 42.0886014882055)
	    --Point printed
	  pt: (112.87183126756051, 40.00718582113744)
	    --Point printed
	  pt: (112.7708432231845, 36.66737101704332)
	    --Point printed
	  pt: (112.25198786008707, 32.300217769698634)
	    --Point printed
	  pt: (111.16585907589231, 27.13678677287882)
	    --Point printed
	  pt: (109.36305076822433, 21.408138720359403)
	    --Point printed
	  pt: (106.69415683470729, 15.34533430591577)
	    --Point printed
	  pt: (103.6548103331577, 10.205669103911902)
	    --Point printed
	  pt: (101.48115597404902, 7.147205489880491)
	    --Point printed
	  pt: (100.53250818204273, 5.139369712547818)
	    --Point printed
	  pt: (102.80817777886425, 5.520107216992244)
	    --Point printed
	  pt: (105.31460711495792, 6.336405602033807)
	    --Point printed
	  pt: (108.01664203777125, 7.56886008640592)
	    --Point printed
	  pt: (110.8791283947517, 9.198065888841938)
	    --Point printed
	  pt: (113.86691203334675, 11.204618228075162)
	    --Point printed
	  pt: (117.97452033618737, 14.376443978576134)
	    --Point printed
	  pt: (124.28122189834968, 20.31870527857535)
	    --Point printed
	  pt: (129.45489411120266, 26.218410631867386)
	    --Point printed
	  pt: (132.45622423588233, 30.08154178528453)
	    --Point printed
	  pt: (135.33677257430895, 34.186186006632425)
	    --Point printed
	  pt: (138.06138497393, 38.51293851464442)
	    --Point printed
	  pt: (140.59490728219288, 43.04239452805386)
	    --Point printed
	  pt: (142.90218534654522, 47.7551492655941)
	    --Point printed
	  pt: (144.94806501443435, 52.6317979459985)
	    --Point printed
	  pt: (146.69739213330783, 57.652935788000406)
	    --Point printed
	  pt: (148.11501255061307, 62.79915801033319)
	    --Point printed
	  pt: (149.16577211379766, 68.0510598317302)
	    --Point printed
	  pt: (149.814516670309, 73.38923647092479)
	    --Point printed
	  pt: (150.02609206759456, 78.7942831466503)
	    --POINT NOT PRINTED (150,150)
	  pt: (149.76534415310186, 84.24679507764014)
	    --Point printed
	  pt: (148.99711877427833, 89.72736748262761)
	    --Point printed
	  pt: (147.68626177857152, 95.2165955803461)
	    --Point printed
	  pt: (145.79761901342883, 100.69507458952896)
	    --Point printed
	  pt: (143.29603632629775, 106.14339972890951)
	    --Point printed
	  pt: (140.1463595646258, 111.54216621722117)
	    --Point printed
	  pt: (136.31343457586044, 116.87196927319724)
	    --Point printed
	  pt: (131.76210720744916, 122.1134041155711)
	    --Point printed
	  pt: (126.45722330683938, 127.24706596307611)
	    --Point printed
	  pt: (120.36362872147863, 132.25355003444562)
	    --Point printed
	  pt: (115.705952050142, 135.10472628751387)
	    --Point printed
	  pt: (115.02865742677167, 133.6334692102399)
	    --Point printed
	  pt: (113.54015002180589, 131.27948864162653)
	    --Point printed
	  pt: (110.08646021481721, 127.00305668766208)
	    --Point printed
	  pt: (105.7187521709429, 122.30794632657157)
	    --Point printed
	  pt: (100.90400476256637, 117.62429371989626)
	    --Point printed
	  pt: (96.10919686207082, 113.38223502917747)
	    --Point printed
	  pt: (91.80130734183956, 110.01190641595652)
	    --Point printed
	  pt: (88.97116888271697, 108.24405933524761)
	    --Point printed
	  pt: (87.68265168137115, 107.69109906157371)
	    --Point printed
	  pt: (87.08588057305174, 108.09790663208595)
	    --Point printed
	  pt: (87.35869573607508, 112.77078894961096)
	    --Point printed
	  pt: (87.30668959182412, 116.01084892552797)
	    --Point printed
	  pt: (87.14801778436457, 118.20234346054093)
	    --Point printed
	  pt: (87.18666961432473, 119.7962557988298)
	    --Point printed
	  pt: (86.9182596563542, 123.30222613313572)
	    --Point printed
	  pt: (85.85399106150426, 130.9741455168581)
	    --Point printed
	  pt: (84.30509563727307, 139.55761972026676)
	    --Point printed
	  pt: (83.12801037421268, 144.7727553414845)
	    --Point printed
	  pt: (83.12801037421268, 144.7727553414845)
	    --Point printed
