Input File: ./imagens/batmanx.svg
Output File: ./imagens/gcode_output/batmanx.gcode
Log File: ./imagens/log/batmanx.log

wdth: 213.167
hght: 213.167
scale: 0.7036736455455113
x%: 0.7036736455455113
y%: 0.7036736455455113
--Found Elem: <Element '{http://www.w3.org/2000/svg}svg' at 0x00000219FA3B4E50>
  --No Name: svg
--Found Elem: <Element '{http://www.w3.org/2000/svg}path' at 0x00000219FA3B4EA0>
  --Name: path
	Class : <class 'svg2gcode_py.lib.shapes.path'>
	Object: <Element '{http://www.w3.org/2000/svg}path' at 0x00000219FA3B4EA0>
	Attrs : [('d', 'M106.583,167.873c-28.275,0-54.889-6.26-74.938-17.625C11.239,138.678,0,123.172,0,106.583s11.239-32.095,31.646-43.664  c20.049-11.366,46.663-17.625,74.938-17.625c28.276,0,54.889,6.26,74.938,17.625c20.407,11.569,31.646,27.076,31.646,43.664  s-11.238,32.095-31.646,43.664C161.473,161.614,134.859,167.873,106.583,167.873z M106.583,49.294C50.019,49.294,4,74.994,4,106.583  c0,31.59,46.019,57.29,102.583,57.29s102.583-25.7,102.583-57.29C209.167,74.994,163.148,49.294,106.583,49.294z M106.584,152.017  c-0.857,0-1.619-0.546-1.895-1.357c-1.904-5.609-8.217-20.886-14.479-24.175c-2.021-1.062-3.857-1.6-5.457-1.6  c-2.834,0-4.435,1.683-5.604,2.911l-0.326,0.34c-1.648,1.688-4.735,5.793-4.766,5.834c-0.359,0.479-0.915,0.77-1.512,0.796  c-0.599,0.031-1.177-0.217-1.576-0.663c-0.088-0.097-8.854-9.76-17.168-9.835l-0.137,0c-2.721,0-4.726,0.75-5.958,2.23  c-2.114,2.539-1.581,6.52-1.367,7.68c0.81,4.398,4.182,10.027,4.216,10.083c0.44,0.73,0.369,1.658-0.176,2.313  c-0.545,0.655-1.445,0.892-2.243,0.591c-1.285-0.485-31.527-12.151-35.551-36.035c-2.75-16.321,8.916-31.372,32.849-42.38  c8.49-3.906,22.902-7.795,23.512-7.958c0.855-0.23,1.764,0.133,2.226,0.89c0.462,0.758,0.37,1.73-0.228,2.387  c-0.463,0.513-11.284,12.715-2.284,22.52c2.735,2.98,6.157,4.555,9.895,4.555c7.319,0,13.888-5.828,14.655-10.842  c1.396-9.113,1.578-21.362,1.58-21.485c0.013-0.902,0.627-1.685,1.501-1.91c0.876-0.226,1.79,0.164,2.237,0.948l4.979,8.75  l3.035-0.061l3.115,0.061l4.979-8.75c0.446-0.783,1.361-1.171,2.236-0.948c0.874,0.225,1.489,1.007,1.502,1.91  c0.002,0.123,0.184,12.372,1.579,21.485c0.769,5.014,7.338,10.842,14.656,10.842c3.739,0,7.161-1.575,9.896-4.555  c9.035-9.842-1.817-22.007-2.283-22.52c-0.598-0.657-0.69-1.629-0.228-2.387c0.461-0.758,1.368-1.122,2.226-0.89  c0.609,0.164,15.021,4.053,23.511,7.958c23.934,11.008,35.6,26.059,32.85,42.38c-4.025,23.884-34.267,35.55-35.552,36.035  c-0.798,0.3-1.697,0.063-2.242-0.591s-0.616-1.583-0.177-2.313c0.034-0.056,3.409-5.699,4.217-10.084  c0.213-1.16,0.745-5.141-1.368-7.68c-1.232-1.479-3.236-2.229-5.957-2.229l-0.136,0c-8.315,0.075-17.081,9.737-17.169,9.835  c-0.399,0.444-0.969,0.692-1.576,0.663c-0.598-0.026-1.153-0.318-1.513-0.796c-0.03-0.042-3.119-4.148-4.766-5.834l-0.325-0.338  c-1.169-1.229-2.77-2.913-5.604-2.913c-1.599,0-3.435,0.538-5.457,1.6c-6.269,3.293-12.577,18.567-14.479,24.174  C108.202,151.471,107.441,152.017,106.584,152.017z M84.753,120.885c2.254,0,4.716,0.692,7.317,2.059  c6.336,3.328,11.771,14.738,14.513,21.439c2.743-6.701,8.176-18.111,14.513-21.439c2.601-1.367,5.063-2.059,7.316-2.059  c4.552,0,7.122,2.704,8.504,4.156l0.288,0.301c1.066,1.092,2.583,2.972,3.686,4.382c3.24-3.12,10.702-9.386,18.438-9.456l0.173,0  c3.964,0,7.002,1.235,9.03,3.67c3.139,3.77,2.604,8.923,2.229,10.964c-0.379,2.059-1.195,4.272-2.045,6.198  c8.579-4.322,25.225-14.637,27.92-30.635c3.104-18.423-14.914-30.877-30.576-38.081c-5-2.3-12.379-4.661-17.395-6.159  c3.579,6.26,5.8,15.43-1.212,23.068c-3.513,3.827-7.954,5.85-12.843,5.85c-8.752,0-17.448-6.653-18.609-14.237  c-0.753-4.914-1.161-10.578-1.38-14.936l-2.074,3.646c-0.363,0.637-1.05,1.051-1.778,1.01l-4.225-0.084l-4.145,0.084  c-0.754,0.033-1.416-0.373-1.778-1.01l-2.074-3.646c-0.219,4.357-0.627,10.022-1.38,14.936c-1.162,7.584-9.857,14.237-18.609,14.237  c-4.889,0-9.329-2.023-12.842-5.85c-7.012-7.639-4.791-16.808-1.211-23.068c-5.016,1.497-12.396,3.858-17.396,6.159  c-15.662,7.204-33.68,19.659-30.576,38.081c2.696,15.998,19.341,26.313,27.92,30.635c-0.849-1.926-1.665-4.14-2.044-6.198  c-0.376-2.041-0.912-7.194,2.227-10.963c2.028-2.436,5.067-3.671,9.032-3.671l0.173,0c7.736,0.07,15.198,6.336,18.438,9.456  c1.103-1.41,2.619-3.29,3.686-4.383l0.29-0.302C77.633,123.588,80.204,120.885,84.753,120.885z')]
	Transform: None
	d: M106.583,167.873c-28.275,0-54.889-6.26-74.938-17.625C11.239,138.678,0,123.172,0,106.583s11.239-32.095,31.646-43.664  c20.049-11.366,46.663-17.625,74.938-17.625c28.276,0,54.889,6.26,74.938,17.625c20.407,11.569,31.646,27.076,31.646,43.664  s-11.238,32.095-31.646,43.664C161.473,161.614,134.859,167.873,106.583,167.873z M106.583,49.294C50.019,49.294,4,74.994,4,106.583  c0,31.59,46.019,57.29,102.583,57.29s102.583-25.7,102.583-57.29C209.167,74.994,163.148,49.294,106.583,49.294z M106.584,152.017  c-0.857,0-1.619-0.546-1.895-1.357c-1.904-5.609-8.217-20.886-14.479-24.175c-2.021-1.062-3.857-1.6-5.457-1.6  c-2.834,0-4.435,1.683-5.604,2.911l-0.326,0.34c-1.648,1.688-4.735,5.793-4.766,5.834c-0.359,0.479-0.915,0.77-1.512,0.796  c-0.599,0.031-1.177-0.217-1.576-0.663c-0.088-0.097-8.854-9.76-17.168-9.835l-0.137,0c-2.721,0-4.726,0.75-5.958,2.23  c-2.114,2.539-1.581,6.52-1.367,7.68c0.81,4.398,4.182,10.027,4.216,10.083c0.44,0.73,0.369,1.658-0.176,2.313  c-0.545,0.655-1.445,0.892-2.243,0.591c-1.285-0.485-31.527-12.151-35.551-36.035c-2.75-16.321,8.916-31.372,32.849-42.38  c8.49-3.906,22.902-7.795,23.512-7.958c0.855-0.23,1.764,0.133,2.226,0.89c0.462,0.758,0.37,1.73-0.228,2.387  c-0.463,0.513-11.284,12.715-2.284,22.52c2.735,2.98,6.157,4.555,9.895,4.555c7.319,0,13.888-5.828,14.655-10.842  c1.396-9.113,1.578-21.362,1.58-21.485c0.013-0.902,0.627-1.685,1.501-1.91c0.876-0.226,1.79,0.164,2.237,0.948l4.979,8.75  l3.035-0.061l3.115,0.061l4.979-8.75c0.446-0.783,1.361-1.171,2.236-0.948c0.874,0.225,1.489,1.007,1.502,1.91  c0.002,0.123,0.184,12.372,1.579,21.485c0.769,5.014,7.338,10.842,14.656,10.842c3.739,0,7.161-1.575,9.896-4.555  c9.035-9.842-1.817-22.007-2.283-22.52c-0.598-0.657-0.69-1.629-0.228-2.387c0.461-0.758,1.368-1.122,2.226-0.89  c0.609,0.164,15.021,4.053,23.511,7.958c23.934,11.008,35.6,26.059,32.85,42.38c-4.025,23.884-34.267,35.55-35.552,36.035  c-0.798,0.3-1.697,0.063-2.242-0.591s-0.616-1.583-0.177-2.313c0.034-0.056,3.409-5.699,4.217-10.084  c0.213-1.16,0.745-5.141-1.368-7.68c-1.232-1.479-3.236-2.229-5.957-2.229l-0.136,0c-8.315,0.075-17.081,9.737-17.169,9.835  c-0.399,0.444-0.969,0.692-1.576,0.663c-0.598-0.026-1.153-0.318-1.513-0.796c-0.03-0.042-3.119-4.148-4.766-5.834l-0.325-0.338  c-1.169-1.229-2.77-2.913-5.604-2.913c-1.599,0-3.435,0.538-5.457,1.6c-6.269,3.293-12.577,18.567-14.479,24.174  C108.202,151.471,107.441,152.017,106.584,152.017z M84.753,120.885c2.254,0,4.716,0.692,7.317,2.059  c6.336,3.328,11.771,14.738,14.513,21.439c2.743-6.701,8.176-18.111,14.513-21.439c2.601-1.367,5.063-2.059,7.316-2.059  c4.552,0,7.122,2.704,8.504,4.156l0.288,0.301c1.066,1.092,2.583,2.972,3.686,4.382c3.24-3.12,10.702-9.386,18.438-9.456l0.173,0  c3.964,0,7.002,1.235,9.03,3.67c3.139,3.77,2.604,8.923,2.229,10.964c-0.379,2.059-1.195,4.272-2.045,6.198  c8.579-4.322,25.225-14.637,27.92-30.635c3.104-18.423-14.914-30.877-30.576-38.081c-5-2.3-12.379-4.661-17.395-6.159  c3.579,6.26,5.8,15.43-1.212,23.068c-3.513,3.827-7.954,5.85-12.843,5.85c-8.752,0-17.448-6.653-18.609-14.237  c-0.753-4.914-1.161-10.578-1.38-14.936l-2.074,3.646c-0.363,0.637-1.05,1.051-1.778,1.01l-4.225-0.084l-4.145,0.084  c-0.754,0.033-1.416-0.373-1.778-1.01l-2.074-3.646c-0.219,4.357-0.627,10.022-1.38,14.936c-1.162,7.584-9.857,14.237-18.609,14.237  c-4.889,0-9.329-2.023-12.842-5.85c-7.012-7.639-4.791-16.808-1.211-23.068c-5.016,1.497-12.396,3.858-17.396,6.159  c-15.662,7.204-33.68,19.659-30.576,38.081c2.696,15.998,19.341,26.313,27.92,30.635c-0.849-1.926-1.665-4.14-2.044-6.198  c-0.376-2.041-0.912-7.194,2.227-10.963c2.028-2.436,5.067-3.671,9.032-3.671l0.173,0c7.736,0.07,15.198,6.336,18.438,9.456  c1.103-1.41,2.619-3.29,3.686-4.383l0.29-0.302C77.633,123.588,80.204,120.885,84.753,120.885z
	m: None
	d is GOOD!
	Points: <generator object point_generator at 0x00000219FA3BC200>
	  pt: (74.99964816317723, 31.872194101338394)
	    --Point printed
	  pt: (72.51260162220231, 31.872194101338394)
	    --Point printed
	  pt: (65.15625439796028, 32.21315971603251)
	    --Point printed
	  pt: (57.963401347300476, 32.95439469113418)
	    --Point printed
	  pt: (50.97448171504031, 34.08637469390197)
	    --Point printed
	  pt: (44.22993474599726, 35.59957539159437)
	    --Point printed
	  pt: (37.77019968498876, 37.48447245146997)
	    --Point printed
	  pt: (31.63571577683225, 39.73154154078729)
	    --Point printed
	  pt: (25.866922266345163, 42.3312583268048)
	    --Point printed
	  pt: (20.472856961912488, 45.29213011394822)
	    --Point printed
	  pt: (15.597816940473901, 48.55373167663147)
	    --Point printed
	  pt: (11.350299882251944, 52.04362036279066)
	    --Point printed
	  pt: (7.7473918629525205, 55.738269833628095)
	    --Point printed
	  pt: (4.806178958281536, 59.61415375034598)
	    --Point printed
	  pt: (2.5437472439448885, 63.64774577414656)
	    --Point printed
	  pt: (0.9771827956484822, 67.81551956623211)
	    --Point printed
	  pt: (0.12357168909821878, 72.09394878780488)
	    --Point printed
	  pt: (0.0, 76.45950710006709)
	    --Point printed
	  pt: (0.6121658356476378, 80.76959064078866)
	    --Point printed
	  pt: (1.942991366510764, 84.97684987005493)
	    --Point printed
	  pt: (3.97539876305901, 89.05775020289258)
	    --Point printed
	  pt: (6.6923101957620075, 92.98875705432829)
	    --Point printed
	  pt: (10.07664783508939, 96.74633583938883)
	    --Point printed
	  pt: (14.111333851510787, 100.3069519731009)
	    --Point printed
	  pt: (18.779290415495833, 103.6470708704912)
	    --Point printed
	  pt: (24.03195030187599, 106.72530222783075)
	    --Point printed
	  pt: (29.669860514291617, 109.44061390248021)
	    --Point printed
	  pt: (35.686940872649146, 111.80635370390351)
	    --Point printed
	  pt: (42.04275213213115, 113.81302203788579)
	    --Point printed
	  pt: (48.696855047920174, 115.45111931021218)
	    --Point printed
	  pt: (55.60881037519879, 116.71114592666783)
	    --Point printed
	  pt: (62.73817886914954, 117.58360229303786)
	    --Point printed
	  pt: (70.044521284955, 118.0589888151074)
	    --Point printed
	  pt: (77.48748633700339, 118.12780589866162)
	    --Point printed
	  pt: (84.8439957360309, 117.7868402839675)
	    --Point printed
	  pt: (92.03691200736982, 117.04560530886582)
	    --Point printed
	  pt: (99.02582064472927, 115.91362530609804)
	    --Point printed
	  pt: (105.77030714181838, 114.40042460840561)
	    --Point printed
	  pt: (112.22995699234636, 112.51552754853003)
	    --Point printed
	  pt: (118.36435569002236, 110.26845845921274)
	    --Point printed
	  pt: (124.13308872855553, 107.6687416731952)
	    --Point printed
	  pt: (129.5272309972932, 104.70795784525747)
	    --Point printed
	  pt: (134.4024826705705, 101.4465212060849)
	    --Point printed
	  pt: (138.6501564061276, 97.95670948423067)
	    --Point printed
	  pt: (142.25317437443414, 94.26208200319468)
	    --Point printed
	  pt: (145.19445874595974, 90.3861980864768)
	    --Point printed
	  pt: (147.45693169117405, 86.35261705757692)
	    --Point printed
	  pt: (149.0235153805467, 82.18489823999492)
	    --Point printed
	  pt: (149.87713198454733, 77.90660095723071)
	    --Point printed
	  pt: (150.00070367364555, 73.54128453278416)
	    --POINT NOT PRINTED (150,150)
	  pt: (149.38858456632593, 69.23136316684807)
	    --Point printed
	  pt: (148.05783874849297, 65.02416715826091)
	    --Point printed
	  pt: (146.02551931115042, 60.94325583052256)
	    --Point printed
	  pt: (143.30867934530204, 57.012188507132905)
	    --Point printed
	  pt: (139.92437194195162, 53.25452451159185)
	    --Point printed
	  pt: (135.8896501921029, 49.693823167399245)
	    --Point printed
	  pt: (131.22156718675967, 46.35364379805503)
	    --Point printed
	  pt: (125.96875337176955, 43.27531348660908)
	    --Point printed
	  pt: (120.33084041062874, 40.55979016012094)
	    --Point printed
	  pt: (114.31374630864535, 38.19389368136251)
	    --Point printed
	  pt: (107.95790206446121, 36.187115398373095)
	    --Point printed
	  pt: (101.30373867671827, 34.54894665919211)
	    --Point printed
	  pt: (94.39168714405842, 33.28887881185878)
	    --Point printed
	  pt: (87.26217846512358, 32.41640320441252)
	    --Point printed
	  pt: (79.9556436385557, 31.941011184892602)
	    --Point printed
	  pt: (74.99964816317723, 31.872194101338394)
	    --Point printed
	  pt: (74.99964816317723, 31.872194101338394)
	    --Point printed
	  pt: (72.51198590776247, 115.31311131647956)
	    --Point printed
	  pt: (65.20611421114373, 114.96670700543031)
	    --Point printed
	  pt: (58.122908495012126, 114.2236767691968)
	    --Point printed
	  pt: (51.298934363228135, 113.10444123071642)
	    --Point printed
	  pt: (44.770757419652206, 111.62942101292649)
	    --Point printed
	  pt: (38.574943268144814, 109.8190367387644)
	    --Point printed
	  pt: (32.74805751256644, 107.69370903116746)
	    --Point printed
	  pt: (27.326665756777548, 105.2738585130731)
	    --Point printed
	  pt: (22.347333604638617, 102.57990580741861)
	    --Point printed
	  pt: (17.84662666001011, 99.63227153714135)
	    --Point printed
	  pt: (13.8611105267525, 96.45137632517874)
	    --Point printed
	  pt: (10.427350808726258, 93.05764079446807)
	    --Point printed
	  pt: (7.581913109791852, 89.47148556794673)
	    --Point printed
	  pt: (5.361363033809759, 85.71333126855205)
	    --Point printed
	  pt: (3.8022661846404464, 81.80359851922142)
	    --Point printed
	  pt: (2.9411881661443844, 77.76270794289219)
	    --Point printed
	  pt: (2.814694582182045, 73.61103618289884)
	    --Point printed
	  pt: (3.434973967373585, 69.53084570833842)
	    --Point printed
	  pt: (4.7654607178585335, 65.5750213044526)
	    --Point printed
	  pt: (6.769589229776418, 61.763982563406856)
	    --Point printed
	  pt: (9.410793899266773, 58.11814907736655)
	    --Point printed
	  pt: (12.652509122469121, 54.65794043849715)
	    --Point printed
	  pt: (16.458169295522996, 51.40377623896404)
	    --Point printed
	  pt: (20.79120881456792, 48.37607607093264)
	    --Point printed
	  pt: (25.615062075743428, 45.59525952656837)
	    --Point printed
	  pt: (30.893163475189056, 43.08174619803664)
	    --Point printed
	  pt: (36.588947409044316, 40.85595567750286)
	    --Point printed
	  pt: (42.66584827344875, 38.93830755713245)
	    --Point printed
	  pt: (49.08730046454189, 37.34922142909082)
	    --Point printed
	  pt: (55.81673837846325, 36.109116885543386)
	    --Point printed
	  pt: (62.81759641135237, 35.23841351865559)
	    --Point printed
	  pt: (70.05330895934878, 34.75753092059277)
	    --Point printed
	  pt: (77.487310418592, 34.686888683520436)
	    --Point printed
	  pt: (84.79318211521074, 35.03329333816036)
	    --Point printed
	  pt: (91.87638783134234, 35.77632529234708)
	    --Point printed
	  pt: (98.70036196312635, 36.89556495391524)
	    --Point printed
	  pt: (105.22853890670225, 38.370592730699414)
	    --Point printed
	  pt: (111.42435305820965, 40.180989030534164)
	    --Point printed
	  pt: (117.25123881378804, 42.306334261254094)
	    --Point printed
	  pt: (122.67263056957692, 44.72620883069378)
	    --Point printed
	  pt: (127.65196272171583, 47.42019314668781)
	    --Point printed
	  pt: (132.15266966634437, 50.36786761707076)
	    --Point printed
	  pt: (136.13818579960193, 53.54881264967723)
	    --Point printed
	  pt: (139.57194551762817, 56.94260865234182)
	    --Point printed
	  pt: (142.4173832165626, 60.52883603289908)
	    --Point printed
	  pt: (144.6379332925447, 64.2870751991836)
	    --Point printed
	  pt: (146.19703014171398, 68.19690655903)
	    --Point printed
	  pt: (147.05810816021005, 72.23791052027283)
	    --Point printed
	  pt: (147.18464572377528, 76.38962351114384)
	    --Point printed
	  pt: (146.56448453376635, 80.46969544693098)
	    --Point printed
	  pt: (145.23409948611297, 84.42541643003197)
	    --Point printed
	  pt: (143.23005618467562, 88.23636583750944)
	    --Point printed
	  pt: (140.58892023331472, 91.88212304642605)
	    --Point printed
	  pt: (137.34725723589077, 95.34226743384443)
	    --Point printed
	  pt: (133.5416327962642, 98.5963783768272)
	    --Point printed
	  pt: (129.2086125182955, 101.62403525243707)
	    --Point printed
	  pt: (124.38476200584519, 104.4048174377366)
	    --Point printed
	  pt: (119.10664686277369, 106.91830430978851)
	    --Point printed
	  pt: (113.41083269294144, 109.1440752456554)
	    --Point printed
	  pt: (107.33388510020899, 111.06170962239993)
	    --Point printed
	  pt: (100.91236968843677, 112.65078681708474)
	    --Point printed
	  pt: (94.18285206148524, 113.89088620677245)
	    --Point printed
	  pt: (87.1818978232149, 114.76158716852574)
	    --Point printed
	  pt: (79.94607257748619, 115.24246907940723)
	    --Point printed
	  pt: (74.99964816317723, 115.31311131647956)
	    --Point printed
	  pt: (74.99964816317723, 115.31311131647956)
	    --Point printed
	  pt: (74.69882767970653, 43.02964342510802)
	    --Point printed
	  pt: (73.94660055261836, 43.46046761459327)
	    --Point printed
	  pt: (73.33194162323437, 44.97125493157948)
	    --Point printed
	  pt: (71.45563982699011, 49.58119690195949)
	    --Point printed
	  pt: (69.26541162562687, 53.96992147002115)
	    --Point printed
	  pt: (67.78624564308736, 56.44924959069648)
	    --Point printed
	  pt: (66.2123695858177, 58.61394763260728)
	    --Point printed
	  pt: (64.58056139669836, 60.28543641839495)
	    --Point printed
	  pt: (62.76733734583683, 61.369489648960666)
	    --Point printed
	  pt: (60.805847058878726, 62.02707267072296)
	    --Point printed
	  pt: (59.13989970304973, 62.12171677604883)
	    --Point printed
	  pt: (57.89776179005194, 61.79864261353772)
	    --Point printed
	  pt: (56.5936566166433, 61.017476907776526)
	    --Point printed
	  pt: (55.69506537128168, 60.07332279386584)
	    --Point printed
	  pt: (54.88584067890435, 59.24017319753996)
	    --Point printed
	  pt: (52.67137971637262, 56.47262474960945)
	    --Point printed
	  pt: (51.985649748788525, 55.560311868159715)
	    --Point printed
	  pt: (51.46088512762295, 55.23363137821521)
	    --Point printed
	  pt: (50.837254359258246, 55.15781054290768)
	    --Point printed
	  pt: (50.25127013093022, 55.35624651095152)
	    --Point printed
	  pt: (49.92353413051741, 55.652317197314815)
	    --Point printed
	  pt: (48.16958358939238, 57.38586120271903)
	    --Point printed
	  pt: (45.49905414534147, 59.530130719107575)
	    --Point printed
	  pt: (43.58718934274538, 60.76314836196505)
	    --Point printed
	  pt: (41.50437582388458, 61.784844013144635)
	    --Point printed
	  pt: (39.32590117138208, 62.43727042647316)
	    --Point printed
	  pt: (37.85834580399407, 62.55588341535042)
	    --Point printed
	  pt: (37.283268517172004, 62.55588341535042)
	    --Point printed
	  pt: (36.005946921896935, 62.391399700704156)
	    --Point printed
	  pt: (34.92257537517535, 62.03076695736209)
	    --Point printed
	  pt: (34.03691413305063, 61.47530457340959)
	    --Point printed
	  pt: (33.197563412723376, 60.540034339273916)
	    --Point printed
	  pt: (32.59873714036414, 58.97671338668745)
	    --Point printed
	  pt: (32.40082892755447, 56.895004855348176)
	    --Point printed
	  pt: (32.750026974156434, 54.808788414717114)
	    --Point printed
	  pt: (33.61114759789275, 52.3666450482486)
	    --Point printed
	  pt: (34.96308058939706, 49.507135250765856)
	    --Point printed
	  pt: (35.729029352573356, 48.23049533933491)
	    --Point printed
	  pt: (35.75049139876249, 47.368671041953064)
	    --Point printed
	  pt: (35.25862352052618, 46.62928595889612)
	    --Point printed
	  pt: (34.451509849085475, 46.32670629131154)
	    --Point printed
	  pt: (33.64597944334725, 46.52918838281725)
	    --Point printed
	  pt: (28.89673757840099, 48.72653578239131)
	    --Point printed
	  pt: (24.965137002326838, 50.978599305356866)
	    --Point printed
	  pt: (20.639869503722455, 53.99677101755904)
	    --Point printed
	  pt: (17.07644760878503, 57.13578699630166)
	    --Point printed
	  pt: (15.069782023527933, 59.26016398857766)
	    --Point printed
	  pt: (13.230106303098058, 61.58105627717943)
	    --Point printed
	  pt: (11.614293289379647, 64.09953277261053)
	    --Point printed
	  pt: (10.279215824256937, 66.81666238537451)
	    --Point printed
	  pt: (9.281746749614168, 69.73351402597497)
	    --Point printed
	  pt: (8.73478892136214, 72.51853886858662)
	    --Point printed
	  pt: (8.569346932400729, 74.65350498101989)
	    --Point printed
	  pt: (8.638705171224338, 76.7637147001383)
	    --Point printed
	  pt: (8.94064850893022, 78.84630969534744)
	    --Point printed
	  pt: (9.472961816615625, 80.89843163605299)
	    --Point printed
	  pt: (10.233429965377804, 82.91722219166049)
	    --Point printed
	  pt: (11.561110611046752, 85.55857357435723)
	    --Point printed
	  pt: (14.351050174276523, 89.37647038472187)
	    --Point printed
	  pt: (18.01521353416572, 93.01149725772521)
	    --Point printed
	  pt: (22.535879659492334, 96.44078754861215)
	    --Point printed
	  pt: (27.89532751903439, 99.64147461262768)
	    --Point printed
	  pt: (33.46425572438512, 102.30957418362132)
	    --Point printed
	  pt: (38.813406859410705, 104.28568768852593)
	    --Point printed
	  pt: (45.65821632804329, 106.45210093494774)
	    --Point printed
	  pt: (48.81630364925155, 107.30319420923503)
	    --Point printed
	  pt: (49.67812794663342, 107.05937129105351)
	    --Point printed
	  pt: (50.244409312886155, 106.32930988380005)
	    --Point printed
	  pt: (50.253205233455475, 105.43406108825477)
	    --Point printed
	  pt: (49.83997288510888, 104.82608705850345)
	    --Point printed
	  pt: (48.31190708165431, 102.77647264234146)
	    --Point printed
	  pt: (47.24912898396565, 100.92089623393866)
	    --Point printed
	  pt: (46.33257756829155, 98.68138888758581)
	    --Point printed
	  pt: (45.81111416606466, 96.1741062318511)
	    --Point printed
	  pt: (45.890689759965205, 93.96041491236919)
	    --Point printed
	  pt: (46.19851021569211, 92.6141669717141)
	    --Point printed
	  pt: (46.75027178478319, 91.26873265371165)
	    --Point printed
	  pt: (47.57708213366752, 89.93863141193292)
	    --Point printed
	  pt: (48.79536935829657, 88.54536583992834)
	    --Point printed
	  pt: (50.3816916431718, 87.2853502183734)
	    --Point printed
	  pt: (52.11666498566852, 86.4110357137831)
	    --Point printed
	  pt: (53.97581473680262, 85.93363712488333)
	    --Point printed
	  pt: (55.92085665229611, 85.86436925039993)
	    --Point printed
	  pt: (57.79705949443395, 86.16650362450568)
	    --Point printed
	  pt: (59.568239044974156, 86.7800795561696)
	    --Point printed
	  pt: (61.192735625120235, 87.65032594749658)
	    --Point printed
	  pt: (62.62888955607577, 88.72247170059157)
	    --Point printed
	  pt: (63.835041159044344, 89.9417457175595)
	    --Point printed
	  pt: (64.76953075522948, 91.25337690050526)
	    --Point printed
	  pt: (65.39069866583479, 92.6025941515338)
	    --Point printed
	  pt: (65.8350026035925, 95.09674339836843)
	    --Point printed
	  pt: (66.32753017587152, 100.26016867057285)
	    --Point printed
	  pt: (66.6681521999184, 106.39228867507637)
	    --Point printed
	  pt: (66.70579873995507, 108.9293840040907)
	    --Point printed
	  pt: (67.18816702397652, 109.69955480914027)
	    --Point printed
	  pt: (68.06564805997178, 110.03555897488825)
	    --Point printed
	  pt: (68.93486093063187, 109.7713295209859)
	    --Point printed
	  pt: (69.33155694830815, 109.28896123696447)
	    --Point printed
	  pt: (72.83514802947924, 103.13181683844124)
	    --Point printed
	  pt: (74.97079754370988, 103.17474093081951)
	    --Point printed
	  pt: (77.16274094958413, 103.13181683844124)
	    --Point printed
	  pt: (80.82325125371189, 109.56444946919552)
	    --Point printed
	  pt: (81.61699512588721, 110.00547692654118)
	    --Point printed
	  pt: (82.54725168529839, 109.87688056781772)
	    --Point printed
	  pt: (83.18161347675766, 109.22615836409952)
	    --Point printed
	  pt: (83.2973677914499, 108.56875126074863)
	    --Point printed
	  pt: (83.56208102098356, 101.94146490779531)
	    --Point printed
	  pt: (83.97029969460564, 96.8378079158594)
	    --Point printed
	  pt: (84.47540543329877, 93.05257145805871)
	    --Point printed
	  pt: (84.98329563059714, 91.70299687275704)
	    --Point printed
	  pt: (85.81827312916633, 90.37275132290647)
	    --Point printed
	  pt: (86.93868649638546, 89.11660590640201)
	    --Point printed
	  pt: (88.30288429963362, 87.98933172113884)
	    --Point printed
	  pt: (89.86921510628991, 87.04569986501195)
	    --Point printed
	  pt: (91.59602748373341, 86.34048143591646)
	    --Point printed
	  pt: (93.44166999934322, 85.92844753174742)
	    --Point printed
	  pt: (95.37856469340939, 85.86436925039993)
	    --Point printed
	  pt: (97.27399761689193, 86.2069703565749)
	    --Point printed
	  pt: (99.05323642965374, 86.95022564468233)
	    --Point printed
	  pt: (100.691872452115, 88.08292031599638)
	    --Point printed
	  pt: (102.08171586127308, 89.50244995707591)
	    --Point printed
	  pt: (103.01086502802819, 90.82811647437074)
	    --Point printed
	  pt: (103.65363688775993, 92.17288800601465)
	    --Point printed
	  pt: (104.04123599945991, 93.52235951412214)
	    --Point printed
	  pt: (104.24812361024452, 95.3076420863689)
	    --Point printed
	  pt: (103.91365873059617, 97.87796400533384)
	    --Point printed
	  pt: (103.09938188134186, 100.21739850680453)
	    --Point printed
	  pt: (102.05492953441431, 102.21070528769697)
	    --Point printed
	  pt: (100.69860133135055, 104.2233905810937)
	    --Point printed
	  pt: (99.8674747967556, 105.14748999610634)
	    --Point printed
	  pt: (99.68979720125536, 106.02497103210159)
	    --Point printed
	  pt: (100.07963240088758, 106.86269450712354)
	    --Point printed
	  pt: (100.87144117053765, 107.28067665257755)
	    --Point printed
	  pt: (101.69808178564223, 107.16457050106254)
	    --Point printed
	  pt: (109.34406767933122, 104.88849411494274)
	    --Point printed
	  pt: (114.78034240759591, 102.99565598802816)
	    --Point printed
	  pt: (120.13309987005492, 100.65418193247547)
	    --Point printed
	  pt: (125.76841528590258, 97.53477742069597)
	    --Point printed
	  pt: (130.5708010034386, 94.17914746712673)
	    --Point printed
	  pt: (134.5225442376165, 90.61015871652273)
	    --Point printed
	  pt: (137.60593220338978, 86.85067781363908)
	    --Point printed
	  pt: (139.4619731463477, 83.5823219460124)
	    --Point printed
	  pt: (140.29801440156075, 81.57527703668076)
	    --Point printed
	  pt: (140.90663438172888, 79.5339479653863)
	    --Point printed
	  pt: (141.28561898872127, 77.46119306272341)
	    --Point printed
	  pt: (141.43275412440715, 75.3598706592865)
	    --Point printed
	  pt: (141.34582569065566, 73.23283908566992)
	    --Point printed
	  pt: (140.96654559570663, 70.75033893613927)
	    --Point printed
	  pt: (140.09413252175818, 67.76667575059255)
	    --Point printed
	  pt: (138.8651685613568, 64.98309089638347)
	    --Point printed
	  pt: (137.3365255256149, 62.398515463008465)
	    --Point printed
	  pt: (135.56507522564468, 60.011880539963954)
	    --Point printed
	  pt: (133.60768947255846, 57.822117216746435)
	    --Point printed
	  pt: (130.82069310681294, 55.17434137612763)
	    --Point printed
	  pt: (126.46523910830474, 51.8988999821736)
	    --Point printed
	  pt: (122.35182135661239, 49.39241720546565)
	    --Point printed
	  pt: (117.852185727622, 47.106244751767406)
	    --Point printed
	  pt: (115.84579226615752, 46.33831690646301)
	    --Point printed
	  pt: (114.99469899187022, 46.472894491173605)
	    --Point printed
	  pt: (114.357170669006, 47.08984035990562)
	    --Point printed
	  pt: (114.20517716156816, 47.938646694844905)
	    --Point printed
	  pt: (114.43633395412986, 48.50703908203427)
	    --Point printed
	  pt: (116.03771925298005, 51.58459975043044)
	    --Point printed
	  pt: (116.99458347211342, 53.985050453400376)
	    --Point printed
	  pt: (117.46670450867163, 55.99131197605635)
	    --Point printed
	  pt: (117.48746288121521, 58.43424697537611)
	    --Point printed
	  pt: (117.05624287530436, 60.03066257910466)
	    --Point printed
	  pt: (116.21240623548674, 61.24757818986993)
	    --Point printed
	  pt: (115.39365995909313, 61.867360742985554)
	    --Point printed
	  pt: (114.3760379186272, 62.29292936993063)
	    --Point printed
	  pt: (113.16316843132383, 62.52289871321547)
	    --Point printed
	  pt: (112.23735381180016, 62.55588341535042)
	    --Point printed
	  pt: (111.41027340066711, 62.549286474923434)
	    --Point printed
	  pt: (109.21643062569491, 62.05509592391178)
	    --Point printed
	  pt: (107.09320809799364, 61.139020037693456)
	    --Point printed
	  pt: (105.11588515401073, 59.95898132391507)
	    --Point printed
	  pt: (102.78943563028052, 58.24416713187314)
	    --Point printed
	  pt: (100.47289800954184, 56.0903540416669)
	    --Point printed
	  pt: (99.91989848334876, 55.47903756209921)
	    --Point printed
	  pt: (99.37191263188019, 55.19704034864684)
	    --Point printed
	  pt: (98.74089329023725, 55.17786524180573)
	    --Point printed
	  pt: (98.17426008716176, 55.42520652821497)
	    --Point printed
	  pt: (97.87607837986181, 55.7436188528243)
	    --Point printed
	  pt: (95.94554973330771, 58.2219574324356)
	    --Point printed
	  pt: (94.5329248898751, 59.83407375438037)
	    --Point printed
	  pt: (93.89293370925148, 60.504322901762464)
	    --Point printed
	  pt: (92.45502059418205, 61.62329593698837)
	    --Point printed
	  pt: (91.3037225508639, 62.047655124855154)
	    --Point printed
	  pt: (89.79825676582213, 62.12171677604883)
	    --Point printed
	  pt: (87.91100404846907, 61.65095910717888)
	    --Point printed
	  pt: (85.96948050120331, 60.70618927882833)
	    --Point printed
	  pt: (84.32530579750856, 59.238095161305466)
	    --Point printed
	  pt: (82.72743062071056, 57.21763922183078)
	    --Point printed
	  pt: (81.21250922105676, 54.823334668358626)
	    --Point printed
	  pt: (79.36009384660856, 51.366241022297075)
	    --Point printed
	  pt: (77.19537381489634, 46.383132121763694)
	    --Point printed
	  pt: (76.23565092157793, 43.69954073566734)
	    --Point printed
	  pt: (75.58651198356219, 43.12569487772498)
	    --Point printed
	  pt: (75.00035183682277, 43.02964342510802)
	    --Point printed
	  pt: (75.00035183682277, 43.02964342510802)
	    --Point printed
	  pt: (60.4314926794485, 64.93641135823087)
	    --Point printed
	  pt: (62.98143005249405, 64.33072426782758)
	    --Point printed
	  pt: (65.34454207264726, 63.19481908550573)
	    --Point printed
	  pt: (66.9620129112386, 61.90748938185787)
	    --Point printed
	  pt: (68.50034245450749, 60.227630727903474)
	    --Point printed
	  pt: (69.94475355589748, 58.2607199548945)
	    --Point printed
	  pt: (71.71912162764404, 55.38989090712916)
	    --Point printed
	  pt: (73.91647452466844, 50.966246534407276)
	    --Point printed
	  pt: (75.48219236561006, 49.58031730990254)
	    --Point printed
	  pt: (77.48207684585324, 53.87103333302059)
	    --Point printed
	  pt: (79.59608839548335, 57.5569198679908)
	    --Point printed
	  pt: (81.00579409277702, 59.596075384850835)
	    --Point printed
	  pt: (82.5144099168727, 61.38333772640699)
	    --Point printed
	  pt: (84.1072081982671, 62.81323006140724)
	    --Point printed
	  pt: (86.12719135701117, 63.96850825878302)
	    --Point printed
	  pt: (88.7379965003964, 64.81467581755149)
	    --Point printed
	  pt: (91.160920780421, 64.93641135823086)
	    --Point printed
	  pt: (93.1448846444337, 64.42879878217546)
	    --Point printed
	  pt: (94.67568268071511, 63.555627747259166)
	    --Point printed
	  pt: (95.8056945962555, 62.57787321677368)
	    --Point printed
	  pt: (96.34418085350922, 62.0119436873437)
	    --Point printed
	  pt: (97.29695496957785, 61.03172629909881)
	    --Point printed
	  pt: (99.71055557379896, 59.26550544877958)
	    --Point printed
	  pt: (102.26207621254699, 61.398472207236566)
	    --Point printed
	  pt: (105.01088934966481, 63.194159391463)
	    --Point printed
	  pt: (106.83222763725153, 64.12181565685587)
	    --Point printed
	  pt: (108.75845727762741, 64.84615421828893)
	    --Point printed
	  pt: (110.75702236978519, 65.29013930392603)
	    --Point printed
	  pt: (112.11491459747522, 65.37057799753244)
	    --Point printed
	  pt: (112.93399072089021, 65.37057799753244)
	    --Point printed
	  pt: (114.82053976459771, 65.09977359300453)
	    --Point printed
	  pt: (116.4553495616113, 64.50615890358263)
	    --Point printed
	  pt: (117.83287868197233, 63.592042858416164)
	    --Point printed
	  pt: (118.86692710410149, 62.45648951291709)
	    --Point printed
	  pt: (119.5038012303734, 61.397996677780796)
	    --Point printed
	  pt: (120.07605832516292, 59.92997127838737)
	    --Point printed
	  pt: (120.37683482903077, 57.76549313449078)
	    --Point printed
	  pt: (120.29828725834678, 55.92798134795723)
	    --Point printed
	  pt: (120.02596555752065, 54.34858585053031)
	    --Point printed
	  pt: (119.3124404809375, 52.1174126389169)
	    --Point printed
	  pt: (120.22950315949468, 51.47196798754027)
	    --Point printed
	  pt: (125.05851852655432, 54.421932833177706)
	    --Point printed
	  pt: (128.10389712056747, 56.67235811593723)
	    --Point printed
	  pt: (131.07623658915313, 59.309616990434705)
	    --Point printed
	  pt: (133.7939726394095, 62.33115314225465)
	    --Point printed
	  pt: (136.07554097843476, 65.7344102569816)
	    --Point printed
	  pt: (137.48259278156917, 68.87594338080588)
	    --Point printed
	  pt: (138.09146976754144, 70.87714037732154)
	    --Point printed
	  pt: (138.5033799790775, 73.0789269680579)
	    --Point printed
	  pt: (138.63069199596154, 75.42784697652691)
	    --Point printed
	  pt: (138.44191985846197, 77.67931230817562)
	    --Point printed
	  pt: (137.96126403022635, 79.83406408803016)
	    --Point printed
	  pt: (137.21292497490234, 81.89284344111657)
	    --Point printed
	  pt: (136.22110315613762, 83.856391492461)
	    --Point printed
	  pt: (134.59501162820703, 86.34324665344539)
	    --Point printed
	  pt: (131.49245955049332, 89.73868639376639)
	    --Point printed
	  pt: (127.83545112224222, 92.7660470942383)
	    --Point printed
	  pt: (123.8175900526348, 95.43125775506996)
	    --Point printed
	  pt: (119.63248005085217, 97.74024737647008)
	    --Point printed
	  pt: (115.09215779177832, 99.87451153321103)
	    --Point printed
	  pt: (108.55626105354024, 102.1932921136949)
	    --Point printed
	  pt: (104.92574483855384, 102.84858819610915)
	    --Point printed
	  pt: (105.77386124347345, 101.04894834507687)
	    --Point printed
	  pt: (106.44580635429033, 99.10617687658034)
	    --Point printed
	  pt: (106.8766415386763, 97.05690330234042)
	    --Point printed
	  pt: (107.00142816430315, 94.93775713407797)
	    --Point printed
	  pt: (106.75522759884272, 92.78536788351386)
	    --Point printed
	  pt: (106.07310120996685, 90.63636506236894)
	    --Point printed
	  pt: (104.89011036534738, 88.52737818236406)
	    --Point printed
	  pt: (103.14008500377642, 86.49362940792899)
	    --Point printed
	  pt: (101.09257061365037, 84.87542191098997)
	    --Point printed
	  pt: (98.84239821360721, 83.75251270130931)
	    --Point printed
	  pt: (96.42123311769649, 83.13934907842209)
	    --Point printed
	  pt: (93.95098678500896, 83.05037834186342)
	    --Point printed
	  pt: (91.66516616813348, 83.4003955085684)
	    --Point printed
	  pt: (89.46527070031952, 84.12639430000891)
	    --Point printed
	  pt: (87.4129735283839, 85.18119009978092)
	    --Point printed
	  pt: (85.56994779914343, 86.5175982914804)
	    --Point printed
	  pt: (83.99786665941497, 88.08843425870327)
	    --Point printed
	  pt: (82.75840325601527, 89.84651338504554)
	    --Point printed
	  pt: (81.9132307357612, 91.74465105410312)
	    --Point printed
	  pt: (81.36120975573147, 94.79750618060018)
	    --Point printed
	  pt: (80.84242636055303, 100.28229041080468)
	    --Point printed
	  pt: (80.65507325242655, 103.57864960336262)
	    --Point printed
	  pt: (79.06793734489864, 100.78893543559744)
	    --Point printed
	  pt: (78.44958412887553, 100.35353736741615)
	    --Point printed
	  pt: (77.94452236978523, 100.30234510970271)
	    --Point printed
	  pt: (74.97150121735545, 100.36145369592855)
	    --Point printed
	  pt: (71.78948899219866, 100.2907344945512)
	    --Point printed
	  pt: (71.11114759789278, 100.60545253252144)
	    --Point printed
	  pt: (70.80364221478939, 101.01305549170368)
	    --Point printed
	  pt: (69.26717080974076, 102.04569656654172)
	    --Point printed
	  pt: (68.84232784624267, 96.65854705465668)
	    --Point printed
	  pt: (68.27094484605972, 92.4014974175177)
	    --Point printed
	  pt: (67.57074558913908, 90.46715903786702)
	    --Point printed
	  pt: (66.45579668757364, 88.65715099546364)
	    --Point printed
	  pt: (64.98774654965361, 87.01865790671164)
	    --Point printed
	  pt: (63.228243583669204, 85.59886438801503)
	    --Point printed
	  pt: (61.23893619791062, 84.44495505577787)
	    --Point printed
	  pt: (59.081472800668074, 83.60411452640417)
	    --Point printed
	  pt: (56.817501800231796, 83.12352741629802)
	    --Point printed
	  pt: (54.41842545985077, 83.05037834186342)
	    --Point printed
	  pt: (51.94747545351772, 83.49041625814503)
	    --Point printed
	  pt: (49.63705099757472, 84.44501552773177)
	    --Point printed
	  pt: (47.518685467262806, 85.89972885108858)
	    --Point printed
	  pt: (45.62514366670268, 87.83878954059493)
	    --Point printed
	  pt: (44.26076994504314, 89.9264600568451)
	    --Point printed
	  pt: (43.41891788480398, 92.0662573973692)
	    --Point printed
	  pt: (43.03465709983258, 94.22157678897295)
	    --Point printed
	  pt: (43.043057203976275, 96.35581345846214)
	    --Point printed
	  pt: (43.379187811082446, 98.43236263264248)
	    --Point printed
	  pt: (43.97811853499844, 100.41461953831971)
	    --Point printed
	  pt: (44.77491898957162, 102.26597940229959)
	    --Point printed
	  pt: (43.62495132923957, 102.8725131000577)
	    --Point printed
	  pt: (37.085712141185134, 100.69499500391711)
	    --Point printed
	  pt: (31.77104101479127, 98.43162872301997)
	    --Point printed
	  pt: (27.573204415434898, 96.24001516416706)
	    --Point printed
	  pt: (23.478082178526744, 93.6941239145834)
	    --Point printed
	  pt: (19.679278013247878, 90.78805071258682)
	    --Point printed
	  pt: (16.370395628779367, 87.51589129649523)
	    --Point printed
	  pt: (14.160026143674965, 84.48954212688875)
	    --Point printed
	  pt: (13.092421284573884, 82.5575758970666)
	    --Point printed
	  pt: (12.260232367697679, 80.53064396107276)
	    --Point printed
	  pt: (11.687659856693982, 78.40800828619695)
	    --Point printed
	  pt: (11.398904215210427, 76.18893083972893)
	    --Point printed
	  pt: (11.418165906894647, 73.8726735889584)
	    --Point printed
	  pt: (11.751701717432864, 71.56510505847528)
	    --Point printed
	  pt: (12.291554434690637, 69.53255953848684)
	    --Point printed
	  pt: (13.288010947695991, 66.95327746262319)
	    --Point printed
	  pt: (15.383905649678473, 63.42334809679734)
	    --Point printed
	  pt: (17.976415278279525, 60.27428758907334)
	    --Point printed
	  pt: (20.884000279123935, 57.50865225386667)
	    --Point printed
	  pt: (23.92512109783649, 55.12899840559275)
	    --Point printed
	  pt: (27.90655331266102, 52.49585712141183)
	    --Point printed
	  pt: (30.98099142925505, 51.38928633418867)
	    --Point printed
	  pt: (30.184960617731694, 53.597414233910484)
	    --Point printed
	  pt: (29.775246637612817, 55.43206734625903)
	    --Point printed
	  pt: (29.625957875750053, 57.09467225227168)
	    --Point printed
	  pt: (29.77177224898794, 59.182999713839365)
	    --Point printed
	  pt: (30.33012079437723, 61.032781809567126)
	    --Point printed
	  pt: (30.89667153569742, 62.109138609634684)
	    --Point printed
	  pt: (31.76523570721552, 63.21592929487208)
	    --Point printed
	  pt: (33.0559710813588, 64.23669587694154)
	    --Point printed
	  pt: (34.606010193885595, 64.93755482790488)
	    --Point printed
	  pt: (36.40974564543297, 65.3162631880169)
	    --Point printed
	  pt: (37.764053535491, 65.37057799753244)
	    --Point printed
	  pt: (38.56624149141289, 65.36442085313391)
	    --Point printed
	  pt: (40.58168375616306, 65.03100598650354)
	    --Point printed
	  pt: (42.53564253613369, 64.39155905346512)
	    --Point printed
	  pt: (44.39556193031759, 63.523115825854845)
	    --Point printed
	  pt: (46.69842189457097, 62.15698841753179)
	    --Point printed
	  pt: (49.53449056373646, 59.952730722860466)
	    --Point printed
	  pt: (51.63627578377521, 59.70881984547326)
	    --Point printed
	  pt: (53.45386481021928, 61.80084159368006)
	    --Point printed
	  pt: (53.900521656729275, 62.26860864955644)
	    --Point printed
	  pt: (54.9076985415191, 63.2227241435119)
	    --Point printed
	  pt: (56.29855348154264, 64.15933575553439)
	    --Point printed
	  pt: (58.124938428556014, 64.81753449173651)
	    --Point printed
	  pt: (59.638452480918716, 64.93641135823087)
	    --Point printed
	  pt: (59.638452480918716, 64.93641135823087)
	    --Point printed
--Found Elem: <Element '{http://www.w3.org/2000/svg}g' at 0x00000219FA3B4F40>
  --No Name: g
--Found Elem: <Element '{http://www.w3.org/2000/svg}g' at 0x00000219FA3B4F90>
  --No Name: g
--Found Elem: <Element '{http://www.w3.org/2000/svg}g' at 0x00000219FA3B4FE0>
  --No Name: g
--Found Elem: <Element '{http://www.w3.org/2000/svg}g' at 0x00000219FA3B5030>
  --No Name: g
--Found Elem: <Element '{http://www.w3.org/2000/svg}g' at 0x00000219FA3B5080>
  --No Name: g
--Found Elem: <Element '{http://www.w3.org/2000/svg}g' at 0x00000219FA3B50D0>
  --No Name: g
--Found Elem: <Element '{http://www.w3.org/2000/svg}g' at 0x00000219FA3B5120>
  --No Name: g
--Found Elem: <Element '{http://www.w3.org/2000/svg}g' at 0x00000219FA3B5170>
  --No Name: g
--Found Elem: <Element '{http://www.w3.org/2000/svg}g' at 0x00000219FA3B51C0>
  --No Name: g
--Found Elem: <Element '{http://www.w3.org/2000/svg}g' at 0x00000219FA3B5210>
  --No Name: g
--Found Elem: <Element '{http://www.w3.org/2000/svg}g' at 0x00000219FA3B5260>
  --No Name: g
--Found Elem: <Element '{http://www.w3.org/2000/svg}g' at 0x00000219FA3B52B0>
  --No Name: g
--Found Elem: <Element '{http://www.w3.org/2000/svg}g' at 0x00000219FA3B5300>
  --No Name: g
--Found Elem: <Element '{http://www.w3.org/2000/svg}g' at 0x00000219FA3B5350>
  --No Name: g
--Found Elem: <Element '{http://www.w3.org/2000/svg}g' at 0x00000219FA3B53A0>
  --No Name: g
