Input File: ./imagens/cam3.svg
Output File: ./imagens/gcode_output/cam3.gcode
Log File: ./imagens/log/cam3.log

wdth: 1810
hght: 2192.5
scale: 0.06841505131128849
x%: 0.08287292817679558
y%: 0.06841505131128849
--Found Elem: <Element '{http://www.w3.org/2000/svg}svg' at 0x0000026D7B9080E0>
  --No Name: svg
--Found Elem: <Element '{http://www.w3.org/2000/svg}path' at 0x0000026D7B908130>
  --Name: path
	Class : <class 'svg2gcode_py.lib.shapes.path'>
	Object: <Element '{http://www.w3.org/2000/svg}path' at 0x0000026D7B908130>
	Attrs : [('style', 'fill:#fff;stroke:#000;stroke-miterlimit:10'), ('d', 'm79.5 362.7 281.5 24L603.8 320l175-112L904.2 90.7l109.6 105.5L1307.7 360l272 26.7 176-26.7v408l-92.8 413.3-200.6 394.7-290.6 327.8L908.8 2144l-286.5-242.7-282.6-348.8-193.4-397.8L59.7 816 46.3 480z')]
	Transform: None
	d: m79.5 362.7 281.5 24L603.8 320l175-112L904.2 90.7l109.6 105.5L1307.7 360l272 26.7 176-26.7v408l-92.8 413.3-200.6 394.7-290.6 327.8L908.8 2144l-286.5-242.7-282.6-348.8-193.4-397.8L59.7 816 46.3 480z
	m: None
	d is GOOD!
	Points: <generator object point_generator at 0x0000026D7B8E4AC0>
	  pt: (5.438996579247434, 125.18586088939567)
	    --Point printed
	  pt: (5.438996579247434, 125.18586088939567)
	    --Point printed
	  pt: (24.69783352337514, 123.54389965792474)
	    --Point printed
	  pt: (41.30900798175598, 128.1071835803877)
	    --Point printed
	  pt: (53.28164196123147, 135.769669327252)
	    --Point printed
	  pt: (61.86088939566705, 143.79475484606613)
	    --Point printed
	  pt: (69.35917901938427, 136.5769669327252)
	    --Point printed
	  pt: (89.46636259977195, 125.37058152793614)
	    --Point printed
	  pt: (108.07525655644243, 123.54389965792474)
	    --Point printed
	  pt: (120.11630558722919, 125.37058152793614)
	    --Point printed
	  pt: (120.11630558722919, 97.45724059293045)
	    --Point printed
	  pt: (113.76738882554163, 69.18129988597491)
	    --Point printed
	  pt: (100.04332953249717, 42.17787913340935)
	    --Point printed
	  pt: (80.16191562143673, 19.751425313568973)
	    --Point printed
	  pt: (62.175598631698975, 3.318129988597491)
	    --Point printed
	  pt: (42.57468643101482, 19.922462941847215)
	    --Point printed
	  pt: (23.240592930444695, 43.78563283922463)
	    --Point printed
	  pt: (10.009122006841501, 71.00114025085519)
	    --Point printed
	  pt: (4.084378563283923, 94.17331812998859)
	    --Point printed
	  pt: (3.167616875712657, 117.16077537058152)
	    --Point printed
	  pt: (5.438996579247434, 125.18586088939567)
	    --Point printed
--Found Elem: <Element '{http://www.w3.org/2000/svg}path' at 0x0000026D7B908180>
  --Name: path
	Class : <class 'svg2gcode_py.lib.shapes.path'>
	Object: <Element '{http://www.w3.org/2000/svg}path' at 0x0000026D7B908180>
	Attrs : [('d', 'M898.1 33.5c-20.8 29.9-64.5 78-101.3 111.5-134 122-286.6 189.6-453.8 201.4-26.4 1.9-87.9.8-113.1-1.9-64.4-6.9-110.1-16.9-185.3-40.3-5.9-1.9-11.6-3-12.5-2.6-1.3.4-2.6 6.9-4.6 22.3C3.4 511.7 6.5 695.1 37 872.5c37.9 220.6 117.9 433.3 238.6 634.4 143.6 239 348.3 463.3 585.3 641 31.3 23.5 41.8 30.9 43.8 30.9 5 0 98.5-72 151.6-116.8 18.9-16 58.8-51.1 72.5-63.9 3.8-3.5 15.6-14.5 26.3-24.5 10.6-9.9 32.6-31.3 48.9-47.5 293-293.3 487-642.3 559.6-1006.8 15.9-79.6 25.3-151 31.6-242.5 2.1-30.1 2.9-151.9 1.3-188.3-2.5-54.3-6.8-103.6-13.3-156.1-3.9-30.5-4-31.3-6.8-31.3-1.1 0-7.1 1.8-13.4 3.8-27.9 9.5-69.8 20.8-102.4 27.4-94.8 19.5-194 20.1-284 2C1271 313 1168 266.1 1076.8 197.9c-61.8-46.3-122.6-106.5-163.5-162-3.9-5.3-7.8-9.6-8.6-9.6-.9.1-3.8 3.2-6.6 7.2zM913 151.2c12.3 14.8 44 46.9 61.9 63 90.1 80.6 194.1 138.3 308.8 171.4 126.8 36.5 265.5 41.6 408.8 14.9 21.9-4.1 24.5-4.4 25.8-2.6 1.5 2 4.4 29.1 7.5 69.6 6.6 86.3 5.4 187.8-3.1 276.3-24.8 254.1-107.6 500.4-246.3 731.4-118.1 196.8-275 378.4-458.1 530.6-39.3 32.5-109.9 86.8-113 86.8-3.6 0-73.3-53.3-115.8-88.6-49.3-41-88-76.3-136-123.8-178.3-176.5-317.5-373.1-416.1-587.4C110 1015.9 59.1 723.9 86.9 429.4c3.5-36 2.9-33.5 7.4-32.8 2.1.4 11.6 2.1 21.1 3.9 64.5 12.1 111.4 16.3 179 16.3 60 0 88.9-2.3 142.5-11.3 107.3-17.9 211.5-58.9 305-120.1 59-38.8 119.1-91.1 155.6-135.8 3.8-4.6 6.9-8.4 7-8.4 0 0 3.9 4.5 8.5 10z')]
	Transform: None
	d: M898.1 33.5c-20.8 29.9-64.5 78-101.3 111.5-134 122-286.6 189.6-453.8 201.4-26.4 1.9-87.9.8-113.1-1.9-64.4-6.9-110.1-16.9-185.3-40.3-5.9-1.9-11.6-3-12.5-2.6-1.3.4-2.6 6.9-4.6 22.3C3.4 511.7 6.5 695.1 37 872.5c37.9 220.6 117.9 433.3 238.6 634.4 143.6 239 348.3 463.3 585.3 641 31.3 23.5 41.8 30.9 43.8 30.9 5 0 98.5-72 151.6-116.8 18.9-16 58.8-51.1 72.5-63.9 3.8-3.5 15.6-14.5 26.3-24.5 10.6-9.9 32.6-31.3 48.9-47.5 293-293.3 487-642.3 559.6-1006.8 15.9-79.6 25.3-151 31.6-242.5 2.1-30.1 2.9-151.9 1.3-188.3-2.5-54.3-6.8-103.6-13.3-156.1-3.9-30.5-4-31.3-6.8-31.3-1.1 0-7.1 1.8-13.4 3.8-27.9 9.5-69.8 20.8-102.4 27.4-94.8 19.5-194 20.1-284 2C1271 313 1168 266.1 1076.8 197.9c-61.8-46.3-122.6-106.5-163.5-162-3.9-5.3-7.8-9.6-8.6-9.6-.9.1-3.8 3.2-6.6 7.2zM913 151.2c12.3 14.8 44 46.9 61.9 63 90.1 80.6 194.1 138.3 308.8 171.4 126.8 36.5 265.5 41.6 408.8 14.9 21.9-4.1 24.5-4.4 25.8-2.6 1.5 2 4.4 29.1 7.5 69.6 6.6 86.3 5.4 187.8-3.1 276.3-24.8 254.1-107.6 500.4-246.3 731.4-118.1 196.8-275 378.4-458.1 530.6-39.3 32.5-109.9 86.8-113 86.8-3.6 0-73.3-53.3-115.8-88.6-49.3-41-88-76.3-136-123.8-178.3-176.5-317.5-373.1-416.1-587.4C110 1015.9 59.1 723.9 86.9 429.4c3.5-36 2.9-33.5 7.4-32.8 2.1.4 11.6 2.1 21.1 3.9 64.5 12.1 111.4 16.3 179 16.3 60 0 88.9-2.3 142.5-11.3 107.3-17.9 211.5-58.9 305-120.1 59-38.8 119.1-91.1 155.6-135.8 3.8-4.6 6.9-8.4 7-8.4 0 0 3.9 4.5 8.5 10z
	m: None
	d is GOOD!
	Points: <generator object point_generator at 0x0000026D7B8E5770>
	  pt: (61.44355758266819, 147.70809578107185)
	    --Point printed
	  pt: (61.265678449258836, 147.4523945267959)
	    --Point printed
	  pt: (60.6176061858609, 146.5967787913341)
	    --Point printed
	  pt: (59.85451111744584, 145.65949258836943)
	    --Point printed
	  pt: (59.0002850627138, 144.66683295324972)
	    --Point printed
	  pt: (58.078819840364886, 143.6450969213227)
	    --Point printed
	  pt: (57.114007269099204, 142.62058152793614)
	    --Point printed
	  pt: (56.129739167616876, 141.61958380843785)
	    --Point printed
	  pt: (55.14990735461802, 140.6684007981756)
	    --Point printed
	  pt: (54.22662485746865, 139.8189851767389)
	    --Point printed
	  pt: (53.360964001924174, 139.05466662138326)
	    --Point printed
	  pt: (52.4879137863455, 138.31217874768387)
	    --Point printed
	  pt: (51.607524319412775, 137.59153909367873)
	    --Point printed
	  pt: (50.719845709806165, 136.89276519740594)
	    --Point printed
	  pt: (49.82492806620582, 136.21587459690352)
	    --Point printed
	  pt: (48.9228214972919, 135.56088483020952)
	    --Point printed
	  pt: (48.013576111744584, 134.92781343536203)
	    --Point printed
	  pt: (47.09724201824402, 134.31667795039908)
	    --Point printed
	  pt: (46.17386932547036, 133.72749591335875)
	    --Point printed
	  pt: (45.24350814210377, 133.16028486227907)
	    --Point printed
	  pt: (44.3062085768244, 132.6150623351981)
	    --Point printed
	  pt: (43.36202073831243, 132.09184587015395)
	    --Point printed
	  pt: (42.410994735247996, 131.59065300518458)
	    --Point printed
	  pt: (41.4531806763113, 131.11150127832812)
	    --Point printed
	  pt: (40.48862867018244, 130.65440822762258)
	    --Point printed
	  pt: (39.517388825541616, 130.21939139110606)
	    --Point printed
	  pt: (38.539511251068994, 129.80646830681656)
	    --Point printed
	  pt: (37.5550460554447, 129.4156565127922)
	    --Point printed
	  pt: (36.56404334734892, 129.046973547071)
	    --Point printed
	  pt: (35.56655323546181, 128.700436947691)
	    --Point printed
	  pt: (34.56262582846352, 128.37606425269027)
	    --Point printed
	  pt: (33.55231123503421, 128.07387300010691)
	    --Point printed
	  pt: (32.535659563854054, 127.7938807279789)
	    --Point printed
	  pt: (31.512720923603197, 127.53610497434435)
	    --Point printed
	  pt: (30.483545422961807, 127.30056327724131)
	    --Point printed
	  pt: (29.44818317061004, 127.0872731747078)
	    --Point printed
	  pt: (28.406684275228056, 126.89625220478193)
	    --Point printed
	  pt: (27.359098845496018, 126.72751790550171)
	    --Point printed
	  pt: (26.30547699009408, 126.58108781490522)
	    --Point printed
	  pt: (25.2458688177024, 126.45697947103051)
	    --Point printed
	  pt: (24.180324437001147, 126.35521041191562)
	    --Point printed
	  pt: (23.240592930444702, 126.28477765108323)
	    --Point printed
	  pt: (22.39475840935006, 126.25169255986317)
	    --Point printed
	  pt: (21.062428734321557, 126.23218358038768)
	    --Point printed
	  pt: (18.82012542759408, 126.2608323831243)
	    --Point printed
	  pt: (17.078427879133415, 126.32999572405929)
	    --Point printed
	  pt: (16.198439281641967, 126.38654503990878)
	    --Point printed
	  pt: (15.177879133409355, 126.4900228050171)
	    --Point printed
	  pt: (13.61272448688712, 126.68636865735462)
	    --Point printed
	  pt: (12.115984891676174, 126.91360818129988)
	    --Point printed
	  pt: (10.649016533637406, 127.17999928734321)
	    --Point printed
	  pt: (9.173175598631705, 127.49379988597491)
	    --Point printed
	  pt: (7.649818272519959, 127.86326788768528)
	    --Point printed
	  pt: (6.04030074116306, 128.29666120296466)
	    --Point printed
	  pt: (4.305979190421897, 128.8022377423033)
	    --Point printed
	  pt: (2.8494868871151686, 129.25313568985177)
	    --Point printed
	  pt: (2.4176168757126604, 129.35190992018244)
	    --Point printed
	  pt: (2.2474344355758302, 129.37328962371723)
	    --Point printed
	  pt: (2.1850057012542794, 129.36259977194982)
	    --Point printed
	  pt: (2.1514662913340974, 129.3189851767389)
	    --Point printed
	  pt: (2.105687001140254, 129.20225199543898)
	    --Point printed
	  pt: (2.0062713797035383, 128.74173318129988)
	    --Point printed
	  pt: (1.7783637400228083, 127.0373432155074)
	    --Point printed
	  pt: (1.5055654040763993, 124.63421108893957)
	    --Point printed
	  pt: (1.2764083879703556, 122.23834806157355)
	    --Point printed
	  pt: (1.0909127351767405, 119.84991448118586)
	    --Point printed
	  pt: (0.9490984891676182, 117.46907069555303)
	    --Point printed
	  pt: (0.8509856934150523, 115.09597705245154)
	    --Point printed
	  pt: (0.7965943913911067, 112.73079389965793)
	    --Point printed
	  pt: (0.7859446265678455, 110.3736815849487)
	    --Point printed
	  pt: (0.8190564424173321, 108.02480045610034)
	    --Point printed
	  pt: (0.8959498824116308, 105.68431086088941)
	    --Point printed
	  pt: (1.0166449900228052, 103.35237314709238)
	    --Point printed
	  pt: (1.181161808722919, 101.02914766248576)
	    --Point printed
	  pt: (1.3895203819840365, 98.71479475484608)
	    --Point printed
	  pt: (1.641740753278221, 96.40947477194983)
	    --Point printed
	  pt: (1.937842966077537, 94.11334806157356)
	    --Point printed
	  pt: (2.277847063854048, 91.82657497149373)
	    --Point printed
	  pt: (2.6934150513112884, 89.3645952109464)
	    --Point printed
	  pt: (3.2357980865165334, 86.5454574811146)
	    --Point printed
	  pt: (3.8455004632269105, 83.73948163127137)
	    --Point printed
	  pt: (4.5223818771379705, 80.94703846564994)
	    --Point printed
	  pt: (5.266302023945268, 78.16849878848346)
	    --Point printed
	  pt: (6.077120599344356, 75.40423340400514)
	    --Point printed
	  pt: (6.954697299030787, 72.65461311644812)
	    --Point printed
	  pt: (7.898891818700114, 69.92000873004562)
	    --Point printed
	  pt: (8.90956385404789, 67.20079104903078)
	    --Point printed
	  pt: (9.98657310076967, 64.49733087763686)
	    --Point printed
	  pt: (11.129779254561004, 61.809999020096924)
	    --Point printed
	  pt: (12.339042011117447, 59.13916628064426)
	    --Point printed
	  pt: (13.614221066134547, 56.48520346351198)
	    --Point printed
	  pt: (14.955176115307866, 53.84848137293329)
	    --Point printed
	  pt: (16.361766854332956, 51.2293708131414)
	    --Point printed
	  pt: (17.833852978905362, 48.62824258836943)
	    --Point printed
	  pt: (19.162200684150516, 46.39438426453819)
	    --Point printed
	  pt: (20.10352898731471, 44.86650337732503)
	    --Point printed
	  pt: (21.068869370011402, 43.34504809319769)
	    --Point printed
	  pt: (22.057861049743444, 41.83041802888039)
	    --Point printed
	  pt: (23.070143244013682, 40.32301280109748)
	    --Point printed
	  pt: (24.105355170324973, 38.82323202657318)
	    --Point printed
	  pt: (25.163136046180163, 37.331475322031764)
	    --Point printed
	  pt: (26.243125089082103, 35.84814230419755)
	    --Point printed
	  pt: (27.34496151653364, 34.37363258979475)
	    --Point printed
	  pt: (28.468284546037626, 32.90834579554766)
	    --Point printed
	  pt: (29.612733395096924, 31.45268153818057)
	    --Point printed
	  pt: (30.777947281214374, 30.00703943441775)
	    --Point printed
	  pt: (31.963565421892824, 28.57181910098346)
	    --Point printed
	  pt: (33.16922703463513, 27.14742015460196)
	    --Point printed
	  pt: (34.39457133694413, 25.734242211997568)
	    --Point printed
	  pt: (35.6392375463227, 24.332684889894495)
	    --Point printed
	  pt: (36.90286488027367, 22.94314780501709)
	    --Point printed
	  pt: (38.18509255629989, 21.566030574089552)
	    --Point printed
	  pt: (39.48555979190422, 20.201732813836202)
	    --Point printed
	  pt: (40.80390580458952, 18.850654140981305)
	    --Point printed
	  pt: (42.13976981185861, 17.513194172249143)
	    --Point printed
	  pt: (43.49279103121438, 16.18975252436394)
	    --Point printed
	  pt: (44.862608680159646, 14.88072881405003)
	    --Point printed
	  pt: (46.24886197619727, 13.586522658031612)
	    --Point printed
	  pt: (47.65119013683011, 12.30753367303305)
	    --Point printed
	  pt: (49.06923237956101, 11.044161475778537)
	    --Point printed
	  pt: (50.502627921892824, 9.796805682992442)
	    --Point printed
	  pt: (51.9510159813284, 8.56586591139893)
	    --Point printed
	  pt: (53.414035775370586, 7.351741777722339)
	    --Point printed
	  pt: (54.891326521522245, 6.154832898686891)
	    --Point printed
	  pt: (56.382527437286214, 4.9755388910169245)
	    --Point printed
	  pt: (57.887277740165345, 3.814259371436691)
	    --Point printed
	  pt: (59.96921322690992, 2.2474344355758262)
	    --Point printed
	  pt: (61.380701254275934, 1.227622576966894)
	    --Point printed
	  pt: (61.73031285632839, 1.0052202109463906)
	    --Point printed
	  pt: (61.851803021664765, 0.9451966932724929)
	    --Point printed
	  pt: (61.91647662485747, 0.9372862029646285)
	    --Point printed
	  pt: (62.09456621472348, 1.0301810148232278)
	    --Point printed
	  pt: (62.504712442987454, 1.2956100342075274)
	    --Point printed
	  pt: (63.50140749714937, 2.0096921322690946)
	    --Point printed
	  pt: (64.82459734891677, 3.0)
	    --Point printed
	  pt: (66.89495438996579, 4.590649942987426)
	    --Point printed
	  pt: (69.71969427023946, 6.832953249714933)
	    --Point printed
	  pt: (71.31542189281642, 8.132839224629407)
	    --Point printed
	  pt: (72.9133409350057, 9.475484606613463)
	    --Point printed
	  pt: (75.84150513112884, 12.042759407069553)
	    --Point printed
	  pt: (77.48688711516533, 13.539338654503979)
	    --Point printed
	  pt: (79.38882554161916, 15.314709236031945)
	    --Point printed
	  pt: (81.15906499429875, 17.02850627137971)
	    --Point printed
	  pt: (82.99814709236033, 18.852836374002294)
	    --Point printed
	  pt: (84.84425776795896, 20.752475647181456)
	    --Point printed
	  pt: (86.6503082240593, 22.673771891925597)
	    --Point printed
	  pt: (88.41601785205246, 24.616221515999143)
	    --Point printed
	  pt: (90.14110604332953, 26.579320927166478)
	    --Point printed
	  pt: (91.82529218928164, 28.562566533191998)
	    --Point printed
	  pt: (93.46829568129989, 30.565454741840057)
	    --Point printed
	  pt: (95.06983591077538, 32.587481960875124)
	    --Point printed
	  pt: (96.6296322690992, 34.62814459806158)
	    --Point printed
	  pt: (98.14740414766248, 36.68693906116377)
	    --Point printed
	  pt: (99.62287093785633, 38.7633617579461)
	    --Point printed
	  pt: (101.05575203107185, 40.85690909617301)
	    --Point printed
	  pt: (102.44576681870011, 42.967077483608875)
	    --Point printed
	  pt: (103.79263469213225, 45.093363328018086)
	    --Point printed
	  pt: (105.09607504275941, 47.235263037165026)
	    --Point printed
	  pt: (106.35580726197264, 49.39227301881414)
	    --Point printed
	  pt: (107.57155074116307, 51.563889680729744)
	    --Point printed
	  pt: (108.74302487172177, 53.7496094306763)
	    --Point printed
	  pt: (109.86994904503992, 55.94892867641819)
	    --Point printed
	  pt: (110.95204265250855, 58.16134382571978)
	    --Point printed
	  pt: (111.98902508551882, 60.3863512863455)
	    --Point printed
	  pt: (112.98061573546181, 62.623447466059716)
	    --Point printed
	  pt: (113.92653399372863, 64.87212877262685)
	    --Point printed
	  pt: (114.82649925171039, 67.13189161381129)
	    --Point printed
	  pt: (115.68023090079818, 69.40223239737743)
	    --Point printed
	  pt: (116.48744833238311, 71.68264753108964)
	    --Point printed
	  pt: (117.24787093785632, 73.97263342271239)
	    --Point printed
	  pt: (117.96121810860889, 76.27168648000999)
	    --Point printed
	  pt: (118.62720923603192, 78.57930311074686)
	    --Point printed
	  pt: (119.24556371151654, 80.89497972268742)
	    --Point printed
	  pt: (119.81600092645382, 83.21821272359607)
	    --Point printed
	  pt: (120.3382402722349, 85.54849852123718)
	    --Point printed
	  pt: (120.79275940706955, 87.78677309007982)
	    --Point printed
	  pt: (121.16685076966934, 89.79269704960092)
	    --Point printed
	  pt: (121.50288625997719, 91.77627921892817)
	    --Point printed
	  pt: (121.80359179019385, 93.76020880843785)
	    --Point printed
	  pt: (122.07169327251995, 95.76717502850627)
	    --Point printed
	  pt: (122.30991661915621, 97.8198670895097)
	    --Point printed
	  pt: (122.5209877423033, 99.9409742018244)
	    --Point printed
	  pt: (122.70763255416192, 102.15318557582668)
	    --Point printed
	  pt: (122.8366590649943, 103.95410490307867)
	    --Point printed
	  pt: (122.88329354332953, 105.1691401795895)
	    --Point printed
	  pt: (122.93222633979474, 107.33787058152794)
	    --Point printed
	  pt: (122.96707525655643, 111.30230900798176)
	    --Point printed
	  pt: (122.95611815849485, 114.387132981756)
	    --Point printed
	  pt: (122.93244013683008, 115.86537913340936)
	    --Point printed
	  pt: (122.86488027366019, 117.50798175598632)
	    --Point printed
	  pt: (122.69726339794754, 120.20481755986317)
	    --Point printed
	  pt: (122.48004561003421, 122.84350057012543)
	    --Point printed
	  pt: (122.21066134549599, 125.47662485746864)
	    --Point printed
	  pt: (121.93101482326111, 127.78050171037629)
	    --Point printed
	  pt: (121.79824686431013, 128.77230615735462)
	    --Point printed
	  pt: (121.72213511972633, 129.18065849486888)
	    --Point printed
	  pt: (121.67908174173316, 129.3127583380844)
	    --Point printed
	  pt: (121.63260761117446, 129.37793970923605)
	    --Point printed
	  pt: (121.57750142531357, 129.39937286202965)
	    --Point printed
	  pt: (121.49486887115165, 129.40022805017105)
	    --Point printed
	  pt: (121.04161915621437, 129.27366020524516)
	    --Point printed
	  pt: (120.13854047890534, 128.97776510832384)
	    --Point printed
	  pt: (118.45745438996578, 128.4657212086659)
	    --Point printed
	  pt: (116.61644811858606, 127.96308437856328)
	    --Point printed
	  pt: (114.76496579247431, 127.51154503990878)
	    --Point printed
	  pt: (113.20467502850626, 127.18229760547321)
	    --Point printed
	  pt: (111.98317239167615, 126.95740316775941)
	    --Point printed
	  pt: (110.75643172748003, 126.76278773517674)
	    --Point printed
	  pt: (109.52581599201824, 126.59843126425314)
	    --Point printed
	  pt: (108.2926881413911, 126.46431371151654)
	    --Point printed
	  pt: (107.05841113169897, 126.36041503349487)
	    --Point printed
	  pt: (105.82434791904218, 126.28671518671608)
	    --Point printed
	  pt: (104.59186145952108, 126.2431941277081)
	    --Point printed
	  pt: (103.36231470923602, 126.22983181299887)
	    --Point printed
	  pt: (102.13707062428733, 126.24660819911631)
	    --Point printed
	  pt: (100.91749216077535, 126.29350324258837)
	    --Point printed
	  pt: (99.70494227480043, 126.37049689994299)
	    --Point printed
	  pt: (98.50078392246293, 126.4775691277081)
	    --Point printed
	  pt: (97.30638005986316, 126.61469988241163)
	    --Point printed
	  pt: (96.12309364310147, 126.78186912058153)
	    --Point printed
	  pt: (94.9522876282782, 126.97905679874573)
	    --Point printed
	  pt: (93.7286202964652, 127.21992588369442)
	    --Point printed
	  pt: (92.3777838155644, 127.5272223756414)
	    --Point printed
	  pt: (91.03234570980614, 127.87499331884266)
	    --Point printed
	  pt: (89.69322797890536, 128.2628077786488)
	    --Point printed
	  pt: (88.36135262257697, 128.6902348204105)
	    --Point printed
	  pt: (87.03764164053592, 129.15684350947834)
	    --Point printed
	  pt: (85.72301703249714, 129.66220291120297)
	    --Point printed
	  pt: (84.4184007981756, 130.205882090935)
	    --Point printed
	  pt: (83.1247149372862, 130.7874501140251)
	    --Point printed
	  pt: (81.84288144954391, 131.40647604582384)
	    --Point printed
	  pt: (80.57382233466363, 132.06252895168188)
	    --Point printed
	  pt: (79.31845959236033, 132.75517789694982)
	    --Point printed
	  pt: (78.07771522234893, 133.48399194697834)
	    --Point printed
	  pt: (76.85251122434435, 134.24854016711802)
	    --Point printed
	  pt: (75.64376959806158, 135.0483916227195)
	    --Point printed
	  pt: (74.45241234321551, 135.88311537913341)
	    --Point printed
	  pt: (73.14082098061573, 136.8566134549601)
	    --Point printed
	  pt: (71.56569804732042, 138.11379347206386)
	    --Point printed
	  pt: (70.01719284492589, 139.4402437286203)
	    --Point printed
	  pt: (68.51045823831242, 140.8210518814139)
	    --Point printed
	  pt: (67.06064709236033, 142.2413055872292)
	    --Point printed
	  pt: (65.68291227194983, 143.6860925028506)
	    --Point printed
	  pt: (64.39240664196123, 145.1405002850627)
	    --Point printed
	  pt: (63.2042830672748, 146.58961659064994)
	    --Point printed
	  pt: (62.350057012542756, 147.72519954389966)
	    --Point printed
	  pt: (62.056299885974916, 148.0677023945268)
	    --Point printed
	  pt: (61.93571835803876, 148.1822976054732)
	    --Point printed
	  pt: (61.87970353477765, 148.19897377423032)
	    --Point printed
	  pt: (61.79525370581528, 148.13419327251995)
	    --Point printed
	  pt: (61.636830102622575, 147.96636259977194)
	    --Point printed
	  pt: (61.443557582668184, 147.70809578107185)
	    --Point printed
	  pt: (61.44355758266819, 147.70809578107185)
	    --Point printed
	  pt: (62.6733181299886, 139.40250855188143)
	    --Point printed
	  pt: (63.648232611174464, 138.34442702394526)
	    --Point printed
	  pt: (64.8369441277081, 137.12728050171037)
	    --Point printed
	  pt: (66.02651083238312, 135.96465222348917)
	    --Point printed
	  pt: (67.08309578107183, 135.0008551881414)
	    --Point printed
	  pt: (68.25734927309009, 133.9975892157212)
	    --Point printed
	  pt: (69.45346351197264, 133.03127004347206)
	    --Point printed
	  pt: (70.67111780216649, 132.1020680409065)
	    --Point printed
	  pt: (71.90999144811859, 131.21015357753706)
	    --Point printed
	  pt: (73.16976375427595, 130.35569702287629)
	    --Point printed
	  pt: (74.45011402508553, 129.53886874643672)
	    --Point printed
	  pt: (75.7507215649943, 128.7598391177309)
	    --Point printed
	  pt: (77.07126567844925, 128.0187785062714)
	    --Point printed
	  pt: (78.41142566989737, 127.31585728157069)
	    --Point printed
	  pt: (79.77088084378563, 126.6512458131414)
	    --Point printed
	  pt: (81.149310504561, 126.025114470496)
	    --Point printed
	  pt: (82.54639395667046, 125.4376336231471)
	    --Point printed
	  pt: (83.96181050456102, 124.88897364060718)
	    --Point printed
	  pt: (85.39523945267959, 124.37930489238882)
	    --Point printed
	  pt: (86.84636010547321, 123.90879774800456)
	    --Point printed
	  pt: (88.36659064994299, 123.46308437856328)
	    --Point printed
	  pt: (90.00881578712944, 123.03683990165337)
	    --Point printed
	  pt: (91.66914686074688, 122.66099807582668)
	    --Point printed
	  pt: (93.346852284065, 122.33559898802736)
	    --Point printed
	  pt: (95.04120047035349, 122.06068272519954)
	    --Point printed
	  pt: (96.75145983288198, 121.83628937428733)
	    --Point printed
	  pt: (98.47689878492018, 121.66245902223488)
	    --Point printed
	  pt: (100.21678573973774, 121.53923175598632)
	    --Point printed
	  pt: (101.97038911060433, 121.46664766248574)
	    --Point printed
	  pt: (103.73697731078963, 121.44474682867731)
	    --Point printed
	  pt: (105.51581875356328, 121.47356934150513)
	    --Point printed
	  pt: (107.30618185219498, 121.55315528791334)
	    --Point printed
	  pt: (109.10733501995439, 121.68354475484607)
	    --Point printed
	  pt: (110.91854667011117, 121.86477782924743)
	    --Point printed
	  pt: (112.739085215935, 122.09689459806157)
	    --Point printed
	  pt: (114.56821907069556, 122.3799351482326)
	    --Point printed
	  pt: (116.16704675028507, 122.66989737742303)
	    --Point printed
	  pt: (116.91661915621438, 122.802665336374)
	    --Point printed
	  pt: (117.32497149372863, 122.85248004561004)
	    --Point printed
	  pt: (117.48125712656784, 122.83575042759406)
	    --Point printed
	  pt: (117.53395809578106, 122.80619298745724)
	    --Point printed
	  pt: (117.57041049030786, 122.7605473204105)
	    --Point printed
	  pt: (117.61605615735462, 122.57820517388825)
	    --Point printed
	  pt: (117.68757126567846, 122.1292046750285)
	    --Point printed
	  pt: (117.81755986316989, 120.9710661345496)
	    --Point printed
	  pt: (117.96550741163057, 119.34407069555303)
	    --Point printed
	  pt: (118.12713797035349, 117.27793614595211)
	    --Point printed
	  pt: (118.25490842360318, 114.99014751995439)
	    --Point printed
	  pt: (118.3331848631699, 112.63501282782212)
	    --Point printed
	  pt: (118.36236815849486, 110.23514110604333)
	    --Point printed
	  pt: (118.34285917901937, 107.81314139110606)
	    --Point printed
	  pt: (118.27505879418473, 105.39162271949829)
	    --Point printed
	  pt: (118.15936787343215, 102.99319412770811)
	    --Point printed
	  pt: (117.99618728620297, 100.6404646522235)
	    --Point printed
	  pt: (117.80558722919044, 98.56962656784492)
	    --Point printed
	  pt: (117.62715564758231, 96.94248873668222)
	    --Point printed
	  pt: (117.42550871445623, 95.31860295886187)
	    --Point printed
	  pt: (117.20067273686931, 93.69806318815921)
	    --Point printed
	  pt: (116.95267402187856, 92.08096337834948)
	    --Point printed
	  pt: (116.68153887654114, 90.46739748320803)
	    --Point printed
	  pt: (116.38729360791407, 88.85745945651013)
	    --Point printed
	  pt: (116.06996452305447, 87.25124325203109)
	    --Point printed
	  pt: (115.7295779290194, 85.64884282354619)
	    --Point printed
	  pt: (115.36616013286597, 84.05035212483074)
	    --Point printed
	  pt: (114.97973744165124, 82.45586510966007)
	    --Point printed
	  pt: (114.5703361624323, 80.86547573180945)
	    --Point printed
	  pt: (114.13798260226626, 79.27927794505418)
	    --Point printed
	  pt: (113.68270306821017, 77.69736570316955)
	    --Point printed
	  pt: (113.20452386732113, 76.11983295993089)
	    --Point printed
	  pt: (112.70347130665621, 74.54677366911346)
	    --Point printed
	  pt: (112.17957169327252, 72.97828178449258)
	    --Point printed
	  pt: (111.63285133422713, 71.41445125984359)
	    --Point printed
	  pt: (111.06333653657713, 69.85537604894172)
	    --Point printed
	  pt: (110.47105360737956, 68.30115010556229)
	    --Point printed
	  pt: (109.85602885369154, 66.75186738348062)
	    --Point printed
	  pt: (109.2182885825702, 65.20762183647199)
	    --Point printed
	  pt: (108.55785910107254, 63.66850741831172)
	    --Point printed
	  pt: (107.87476671625569, 62.13461808277509)
	    --Point printed
	  pt: (107.16903773517673, 60.60604778363741)
	    --Point printed
	  pt: (106.44069846489275, 59.08289047467396)
	    --Point printed
	  pt: (105.6897752124608, 57.56524010966005)
	    --Point printed
	  pt: (104.916294284938, 56.05319064237102)
	    --Point printed
	  pt: (104.12028198938143, 54.54683602658211)
	    --Point printed
	  pt: (103.30176463284815, 53.046270216068635)
	    --Point printed
	  pt: (102.46076852239526, 51.551587164605905)
	    --Point printed
	  pt: (101.59731996507982, 50.06288082596923)
	    --Point printed
	  pt: (100.50299315849489, 48.2326111744584)
	    --Point printed
	  pt: (98.93660249786204, 45.72888086160205)
	    --Point printed
	  pt: (97.30968055159637, 43.25142085946409)
	    --Point printed
	  pt: (95.62349005843788, 40.801654254561015)
	    --Point printed
	  pt: (93.87929375712659, 38.38100413340936)
	    --Point printed
	  pt: (92.07835438640252, 35.99089358252566)
	    --Point printed
	  pt: (90.22193468500572, 33.63274568842647)
	    --Point printed
	  pt: (88.31129739167618, 31.30798353762829)
	    --Point printed
	  pt: (86.34770524515395, 29.018030216647674)
	    --Point printed
	  pt: (84.33242098417904, 26.764308812001147)
	    --Point printed
	  pt: (82.26670734749146, 24.548242410205262)
	    --Point printed
	  pt: (80.15182707383127, 22.37125409777653)
	    --Point printed
	  pt: (77.98904290193842, 20.234766961231486)
	    --Point printed
	  pt: (75.77961757055301, 18.140204087086687)
	    --Point printed
	  pt: (73.52481381841507, 16.088988561858628)
	    --Point printed
	  pt: (71.22589438426455, 14.08254347206389)
	    --Point printed
	  pt: (68.99486887115167, 12.217217787913341)
	    --Point printed
	  pt: (66.52038198403649, 10.246222919042197)
	    --Point printed
	  pt: (64.0877993158495, 8.366733181299907)
	    --Point printed
	  pt: (62.59314424173319, 7.258355900798193)
	    --Point printed
	  pt: (62.06132411630559, 6.892709521094673)
	    --Point printed
	  pt: (61.92075256556443, 6.8346636259977345)
	    --Point printed
	  pt: (61.78936426560719, 6.903502930801039)
	    --Point printed
	  pt: (61.484633338084386, 7.100493514823256)
	    --Point printed
	  pt: (60.47612599771951, 7.8217645381984084)
	    --Point printed
	  pt: (58.17973204104904, 9.566562143671604)
	    --Point printed
	  pt: (55.583808437856334, 11.611744583808417)
	    --Point printed
	  pt: (53.17046750285064, 13.597491448118575)
	    --Point printed
	  pt: (50.82490022805018, 15.617659635119736)
	    --Point printed
	  pt: (48.581100342075274, 17.64466932725199)
	    --Point printed
	  pt: (46.31143101482326, 19.793329532497154)
	    --Point printed
	  pt: (43.94683580387686, 22.12072405929304)
	    --Point printed
	  pt: (41.71193187891963, 24.411612742303305)
	    --Point printed
	  pt: (39.53992436929875, 26.734410632839214)
	    --Point printed
	  pt: (37.43096360105474, 29.08887720923603)
	    --Point printed
	  pt: (35.38519990022806, 31.474771949828963)
	    --Point printed
	  pt: (33.402783592859194, 33.89185433295323)
	    --Point printed
	  pt: (31.483865004988605, 36.33988383694411)
	    --Point printed
	  pt: (29.628594462656793, 38.81861994013683)
	    --Point printed
	  pt: (27.83712229190423, 41.32782212086657)
	    --Point printed
	  pt: (26.109598818771392, 43.86724985746862)
	    --Point printed
	  pt: (24.446174369298753, 46.4366626282782)
	    --Point printed
	  pt: (22.8469992695268, 49.035819911630554)
	    --Point printed
	  pt: (21.312223845496018, 51.66448118586088)
	    --Point printed
	  pt: (19.84199842324687, 54.32240592930445)
	    --Point printed
	  pt: (18.436473328819844, 57.009353620296466)
	    --Point printed
	  pt: (17.095798888255423, 59.725083737172156)
	    --Point printed
	  pt: (15.969355758266826, 62.14502565564423)
	    --Point printed
	  pt: (15.177788102640399, 63.926029287966784)
	    --Point printed
	  pt: (14.416923705637121, 65.71287559239595)
	    --Point printed
	  pt: (13.686790127031076, 67.50540672658921)
	    --Point printed
	  pt: (12.987414926596356, 69.30346484820409)
	    --Point printed
	  pt: (12.318825664107045, 71.10689211489806)
	    --Point printed
	  pt: (11.681049899337232, 72.91553068432866)
	    --Point printed
	  pt: (11.074115192061004, 74.72922271415335)
	    --Point printed
	  pt: (10.498049102052455, 76.54781036202964)
	    --Point printed
	  pt: (9.952879189085664, 78.37113578561502)
	    --Point printed
	  pt: (9.438633012934725, 80.19904114256698)
	    --Point printed
	  pt: (8.95533813337372, 82.03136859054304)
	    --Point printed
	  pt: (8.50302211017674, 83.86796028720067)
	    --Point printed
	  pt: (8.081712503117874, 85.7086583901974)
	    --Point printed
	  pt: (7.691436871971209, 87.5533050571907)
	    --Point printed
	  pt: (7.332222776510834, 89.40174244583808)
	    --Point printed
	  pt: (7.004097776510834, 91.25381271379703)
	    --Point printed
	  pt: (6.707089431745298, 93.10935801872505)
	    --Point printed
	  pt: (6.441225301988314, 94.96822051827965)
	    --Point printed
	  pt: (6.206532947013969, 96.8302423701183)
	    --Point printed
	  pt: (6.003039926596352, 98.69526573189853)
	    --Point printed
	  pt: (5.83077380050955, 100.56313276127779)
	    --Point printed
	  pt: (5.68976212852765, 102.43368561591362)
	    --Point printed
	  pt: (5.580032470424743, 104.30676645346352)
	    --Point printed
	  pt: (5.501612385974915, 106.18221743158495)
	    --Point printed
	  pt: (5.454529434952254, 108.05988070793543)
	    --Point printed
	  pt: (5.4388111771308445, 109.93959844017246)
	    --Point printed
	  pt: (5.4544851722847785, 111.82121278595355)
	    --Point printed
	  pt: (5.5015789801881425, 113.70456590293614)
	    --Point printed
	  pt: (5.5801201606150235, 115.58949994877779)
	    --Point printed
	  pt: (5.69013627333951, 117.47585708113598)
	    --Point printed
	  pt: (5.831654878135691, 119.36347945766819)
	    --Point printed
	  pt: (6.0051311288483475, 121.23831242873432)
	    --Point printed
	  pt: (6.116733181299886, 122.34856043329532)
	    --Point printed
	  pt: (6.1872862029646525, 122.75092645381984)
	    --Point printed
	  pt: (6.236031927023946, 122.85795859464082)
	    --Point printed
	  pt: (6.2978192702394535, 122.89037557012543)
	    --Point printed
	  pt: (6.380024230330674, 122.88048745724059)
	    --Point printed
	  pt: (6.59521094640821, 122.83922462941848)
	    --Point printed
	  pt: (8.446693272519955, 122.49629418472064)
	    --Point printed
	  pt: (10.017647163626, 122.22709699258837)
	    --Point printed
	  pt: (11.516658352337515, 122.00461445267959)
	    --Point printed
	  pt: (12.97443343785633, 121.82588013112886)
	    --Point printed
	  pt: (14.421679019384264, 121.6879275940707)
	    --Point printed
	  pt: (15.88910169612315, 121.58779040763969)
	    --Point printed
	  pt: (17.4074080672748, 121.52250213797035)
	    --Point printed
	  pt: (19.007304732041046, 121.48909635119726)
	    --Point printed
	  pt: (20.65450399087799, 121.48460661345496)
	    --Point printed
	  pt: (22.042527793614592, 121.49807582668187)
	    --Point printed
	  pt: (23.290728335233748, 121.53100057012543)
	    --Point printed
	  pt: (24.44384264538198, 121.58690849486887)
	    --Point printed
	  pt: (25.54660775370581, 121.66932725199544)
	    --Point printed
	  pt: (26.643760689851767, 121.78178449258837)
	    --Point printed
	  pt: (27.78003848346636, 121.9278078677309)
	    --Point printed
	  pt: (29.00017816419612, 122.11092502850627)
	    --Point printed
	  pt: (30.349344355758266, 122.33423603192703)
	    --Point printed
	  pt: (31.721373467787913, 122.59462411808724)
	    --Point printed
	  pt: (33.087416262827816, 122.89166503349487)
	    --Point printed
	  pt: (34.446711088939566, 123.22506814780502)
	    --Point printed
	  pt: (35.798496294184716, 123.59454283067275)
	    --Point printed
	  pt: (37.14201022662486, 123.99979845175314)
	    --Point printed
	  pt: (38.47649123432155, 124.44054438070125)
	    --Point printed
	  pt: (39.80117766533637, 124.91648998717218)
	    --Point printed
	  pt: (41.115307867730905, 125.42734464082099)
	    --Point printed
	  pt: (42.4181201895667, 125.97281771130274)
	    --Point printed
	  pt: (43.70885297890536, 126.55261856827252)
	    --Point printed
	  pt: (44.986744583808445, 127.1664565813854)
	    --Point printed
	  pt: (46.25103335233752, 127.81404112029647)
	    --Point printed
	  pt: (47.50095763255416, 128.49508155466077)
	    --Point printed
	  pt: (48.73575577251995, 129.20928725413341)
	    --Point printed
	  pt: (49.95466612029647, 129.95636758836943)
	    --Point printed
	  pt: (51.261687571265675, 130.80615735461802)
	    --Point printed
	  pt: (52.774649016533644, 131.86811395381983)
	    --Point printed
	  pt: (54.26826183010262, 132.99410276510832)
	    --Point printed
	  pt: (55.72272306157355, 134.16720709806157)
	    --Point printed
	  pt: (57.11822976054733, 135.3705102622577)
	    --Point printed
	  pt: (58.434978976624855, 136.5870955672748)
	    --Point printed
	  pt: (59.653167759407076, 137.800046322691)
	    --Point printed
	  pt: (60.752993158494874, 138.9924458380844)
	    --Point printed
	  pt: (61.662485746864306, 140.07981755986316)
	    --Point printed
	  pt: (61.881413911060434, 140.33979475484608)
	    --Point printed
	  pt: (62.46294184720639, 139.65564424173317)
	    --Point printed
	  pt: (62.46294184720639, 139.65564424173317)
	    --Point printed
--Found Elem: <Element '{http://www.w3.org/2000/svg}path' at 0x0000026D7B9081D0>
  --Name: path
	Class : <class 'svg2gcode_py.lib.shapes.path'>
	Object: <Element '{http://www.w3.org/2000/svg}path' at 0x0000026D7B9081D0>
	Attrs : [('d', 'M880.6 218.5c-95.8 94.4-216.5 164.1-349.3 202.1-121.8 34.6-253.3 41.8-386 20.5-8.5-1.3-17.3-2.4-19.8-2.4-3.9 0-4.4.4-4.4 3.4 0 2-.9 14.5-1.9 27.9-7.1 96.8-5.1 199.5 5.8 298.1 3 28 10.6 81.3 11.8 83.1.5.9 243.6 1.3 768.1 1.3h767.5l.5-2.9c5.1-23.6 14.3-104.1 18.5-162.8 2.6-35.8 2.3-170.6-.6-209.4-1.1-16.9-2.5-32.5-2.9-34.9l-.6-4.1-6.5.6c-3.6.4-16 2-27.8 3.8-107.9 16-218.3 13.1-319.1-8.6-149.3-32-286.4-103.8-397.3-207.8-11-10.3-22-21.3-24.6-24.4-2.6-3.3-5.8-5.9-6.9-5.9s-12.1 10.1-24.5 22.4zM467.5 513.6c31.1 7.1 59.8 22 75.8 39.1 3.8 4.1 6.8 8 6.5 8.6s-12.8 8.8-27.8 18l-27.4 16.8-5-5.6c-11.4-13-26.8-19.3-49.6-20.3-8.6-.4-17.1 0-21.1.9-17.4 3.8-31.1 14.8-39.8 32.3-7.9 15.8-9.8 25.8-9.6 51.6.1 20 .4 22.9 3.5 33.1 1.9 6.1 4.9 13.8 6.6 16.9 5.5 9.4 17.5 20.9 26.5 25.3 7.5 3.8 9.1 4.1 23.8 4.5 17.5.5 28-1.3 39.5-6.6 8.4-4 18.4-12.9 22.6-20.1 2.9-5 3.5-5.4 5.9-4 2.4 1.1 42.9 26.1 51.9 31.8 2.6 1.8 2.8 2 .8 5.6-2.9 5.6-20.1 23.3-28 28.6-36.5 24.8-87.1 31.9-129.4 18.1-27.3-8.9-50.8-25.8-66.3-47.5-7.3-10.1-18.5-33.6-21.9-45.6-8.5-30.5-8-60.1 1.4-89.5 7.8-24.3 18.9-42 36.8-59 20.5-19.3 43.9-30.5 74-35.3 10.9-1.8 38.1-.6 50.3 2.3zm835 4.2c.6 1.6 10.8 39.8 22.5 84.8 26.5 101.3 24.6 95 26.9 95 1 0 1.9-.4 1.9-.8 0-1.8 45.1-176.3 46.3-179l1.3-2.8h50.5c41 0 50.8.4 51.9 1.8 1 1.3 1.3 38 1.1 137.1l-.4 135.5-31.1.4c-21.9.3-31.6-.1-32.8-1.1-1.5-1.3-1.8-15.1-1.8-81.8 0-88-.9-121.9-3-121.9-.8 0-14.1 46-29.6 102.3l-28.3 102.1-25.8.4c-23.6.3-25.9.1-26.9-1.9-.6-1.3-13.6-47-28.9-101.6s-28.1-100.4-28.4-101.6c-.4-1.1-1.5-2.1-2.5-2.1-1.5 0-1.8 14.9-2 103.4l-.4 103.5-31.1.4c-21.9.3-31.6-.1-32.8-1.1-1.5-1.3-1.8-23.5-1.8-136.8 0-74.4.4-135.6.9-136 .4-.5 23.8-.9 51.9-.9h51l1.4 2.7zm-388.4 3.5c1.1 2.4 23.5 61.8 49.6 131.9s48.1 128.8 48.8 130.4c2.9 6.8 4 6.5-33 6.5-26.5 0-34.5-.4-35.5-1.6-.8-.9-5-12-9.4-24.6l-7.9-23.1-49.4-.4-49.3-.4-8.6 25-8.8 25h-34.1c-28.3 0-34.3-.3-34.8-1.8-.8-2-1.9 1 42-116.4 18-48.1 38.1-101.9 44.6-119.4s12.4-32.8 13-34c1.1-2.1 3.6-2.3 35.9-2l34.6.4 2.3 4.5z')]
	Transform: None
	d: M880.6 218.5c-95.8 94.4-216.5 164.1-349.3 202.1-121.8 34.6-253.3 41.8-386 20.5-8.5-1.3-17.3-2.4-19.8-2.4-3.9 0-4.4.4-4.4 3.4 0 2-.9 14.5-1.9 27.9-7.1 96.8-5.1 199.5 5.8 298.1 3 28 10.6 81.3 11.8 83.1.5.9 243.6 1.3 768.1 1.3h767.5l.5-2.9c5.1-23.6 14.3-104.1 18.5-162.8 2.6-35.8 2.3-170.6-.6-209.4-1.1-16.9-2.5-32.5-2.9-34.9l-.6-4.1-6.5.6c-3.6.4-16 2-27.8 3.8-107.9 16-218.3 13.1-319.1-8.6-149.3-32-286.4-103.8-397.3-207.8-11-10.3-22-21.3-24.6-24.4-2.6-3.3-5.8-5.9-6.9-5.9s-12.1 10.1-24.5 22.4zM467.5 513.6c31.1 7.1 59.8 22 75.8 39.1 3.8 4.1 6.8 8 6.5 8.6s-12.8 8.8-27.8 18l-27.4 16.8-5-5.6c-11.4-13-26.8-19.3-49.6-20.3-8.6-.4-17.1 0-21.1.9-17.4 3.8-31.1 14.8-39.8 32.3-7.9 15.8-9.8 25.8-9.6 51.6.1 20 .4 22.9 3.5 33.1 1.9 6.1 4.9 13.8 6.6 16.9 5.5 9.4 17.5 20.9 26.5 25.3 7.5 3.8 9.1 4.1 23.8 4.5 17.5.5 28-1.3 39.5-6.6 8.4-4 18.4-12.9 22.6-20.1 2.9-5 3.5-5.4 5.9-4 2.4 1.1 42.9 26.1 51.9 31.8 2.6 1.8 2.8 2 .8 5.6-2.9 5.6-20.1 23.3-28 28.6-36.5 24.8-87.1 31.9-129.4 18.1-27.3-8.9-50.8-25.8-66.3-47.5-7.3-10.1-18.5-33.6-21.9-45.6-8.5-30.5-8-60.1 1.4-89.5 7.8-24.3 18.9-42 36.8-59 20.5-19.3 43.9-30.5 74-35.3 10.9-1.8 38.1-.6 50.3 2.3zm835 4.2c.6 1.6 10.8 39.8 22.5 84.8 26.5 101.3 24.6 95 26.9 95 1 0 1.9-.4 1.9-.8 0-1.8 45.1-176.3 46.3-179l1.3-2.8h50.5c41 0 50.8.4 51.9 1.8 1 1.3 1.3 38 1.1 137.1l-.4 135.5-31.1.4c-21.9.3-31.6-.1-32.8-1.1-1.5-1.3-1.8-15.1-1.8-81.8 0-88-.9-121.9-3-121.9-.8 0-14.1 46-29.6 102.3l-28.3 102.1-25.8.4c-23.6.3-25.9.1-26.9-1.9-.6-1.3-13.6-47-28.9-101.6s-28.1-100.4-28.4-101.6c-.4-1.1-1.5-2.1-2.5-2.1-1.5 0-1.8 14.9-2 103.4l-.4 103.5-31.1.4c-21.9.3-31.6-.1-32.8-1.1-1.5-1.3-1.8-23.5-1.8-136.8 0-74.4.4-135.6.9-136 .4-.5 23.8-.9 51.9-.9h51l1.4 2.7zm-388.4 3.5c1.1 2.4 23.5 61.8 49.6 131.9s48.1 128.8 48.8 130.4c2.9 6.8 4 6.5-33 6.5-26.5 0-34.5-.4-35.5-1.6-.8-.9-5-12-9.4-24.6l-7.9-23.1-49.4-.4-49.3-.4-8.6 25-8.8 25h-34.1c-28.3 0-34.3-.3-34.8-1.8-.8-2-1.9 1 42-116.4 18-48.1 38.1-101.9 44.6-119.4s12.4-32.8 13-34c1.1-2.1 3.6-2.3 35.9-2l34.6.4 2.3 4.5z
	m: None
	d is GOOD!
	Points: <generator object point_generator at 0x0000026D7B8E4AC0>
	  pt: (60.24629418472064, 135.05131128848348)
	    --Point printed
	  pt: (59.8366590649943, 134.64766248574688)
	    --Point printed
	  pt: (58.57490913625999, 133.46995483537629)
	    --Point printed
	  pt: (57.274942987457244, 132.33278844783354)
	    --Point printed
	  pt: (55.93804340079818, 131.23686484464082)
	    --Point printed
	  pt: (54.56549315849487, 130.1828855473204)
	    --Point printed
	  pt: (53.158575042759416, 129.17155207739452)
	    --Point printed
	  pt: (51.71857183580388, 128.2035659563854)
	    --Point printed
	  pt: (50.24676631984037, 127.27962870581527)
	    --Point printed
	  pt: (48.74444127708096, 126.40044184720638)
	    --Point printed
	  pt: (47.21287948973775, 125.56670690208095)
	    --Point printed
	  pt: (45.653363740022805, 124.77912539196123)
	    --Point printed
	  pt: (44.06717681014824, 124.03839883836943)
	    --Point printed
	  pt: (42.45560148232612, 123.34522876282782)
	    --Point printed
	  pt: (40.819920538768535, 122.7003166868586)
	    --Point printed
	  pt: (39.16141676168757, 122.10436413198403)
	    --Point printed
	  pt: (37.481372933295326, 121.55807261972633)
	    --Point printed
	  pt: (35.828107183580386, 121.0766818700114)
	    --Point printed
	  pt: (34.25300095317844, 120.66948871329818)
	    --Point printed
	  pt: (32.66347678520525, 120.30637783281071)
	    --Point printed
	  pt: (31.060386527223486, 119.98745946764538)
	    --Point printed
	  pt: (29.444582026795892, 119.71284385689852)
	    --Point printed
	  pt: (27.816915131485175, 119.48264123966648)
	    --Point printed
	  pt: (26.178237688854043, 119.29696185504561)
	    --Point printed
	  pt: (24.52940154646522, 119.15591594213227)
	    --Point printed
	  pt: (22.87125855188141, 119.0596137400228)
	    --Point printed
	  pt: (21.20466055266533, 119.00816548781357)
	    --Point printed
	  pt: (19.5304593963797, 119.0016814246009)
	    --Point printed
	  pt: (17.84950693058723, 119.04027178948118)
	    --Point printed
	  pt: (16.162655002850627, 119.12404682155073)
	    --Point printed
	  pt: (14.470755460732612, 119.25311675990592)
	    --Point printed
	  pt: (12.774660151795892, 119.4275918436431)
	    --Point printed
	  pt: (11.075220923603188, 119.6475823118586)
	    --Point printed
	  pt: (9.649942987457237, 119.86659064994299)
	    --Point printed
	  pt: (8.864880273660203, 119.96750285062714)
	    --Point printed
	  pt: (8.519384264538195, 119.98631698973773)
	    --Point printed
	  pt: (8.385761117445835, 119.97306157354618)
	    --Point printed
	  pt: (8.314566704675025, 119.93072976054731)
	    --Point printed
	  pt: (8.28720068415051, 119.8452109464082)
	    --Point printed
	  pt: (8.285062713797032, 119.61687571265678)
	    --Point printed
	  pt: (8.094355758266815, 117.01710376282782)
	    --Point printed
	  pt: (7.960786060433292, 114.50477480045609)
	    --Point printed
	  pt: (7.885369156214364, 111.96529361459521)
	    --Point printed
	  pt: (7.86794469783352, 109.4066775940707)
	    --Point printed
	  pt: (7.908352337514249, 106.8369441277081)
	    --Point printed
	  pt: (8.006431727480043, 104.26411060433296)
	    --Point printed
	  pt: (8.162022519954387, 101.69619441277081)
	    --Point printed
	  pt: (8.374964367160771, 99.1412129418472)
	    --Point printed
	  pt: (8.603192702394523, 96.97149372862029)
	    --Point printed
	  pt: (8.831955530216645, 95.15806727480046)
	    --Point printed
	  pt: (9.084663625997715, 93.35233751425314)
	    --Point printed
	  pt: (9.259015108323828, 92.24144811858609)
	    --Point printed
	  pt: (9.331812998859746, 91.85094783352338)
	    --Point printed
	  pt: (9.363454960091218, 91.75741163055872)
	    --Point printed
	  pt: (10.683330957810716, 91.73696728905358)
	    --Point printed
	  pt: (14.663055872291903, 91.71401083238312)
	    --Point printed
	  pt: (30.838084378563284, 91.6830102622577)
	    --Point printed
	  pt: (61.90877993158495, 91.67616875712656)
	    --Point printed
	  pt: (114.41733181299887, 91.67616875712656)
	    --Point printed
	  pt: (114.49515393386547, 92.0763968072976)
	    --Point printed
	  pt: (114.64547997434437, 92.96496401083238)
	    --Point printed
	  pt: (114.86865735461804, 94.53741448118586)
	    --Point printed
	  pt: (115.22591220068415, 97.58338084378563)
	    --Point printed
	  pt: (115.55216647662488, 100.91134549600912)
	    --Point printed
	  pt: (115.73945267958952, 103.31870011402509)
	    --Point printed
	  pt: (115.79073724344357, 104.71420681299887)
	    --Point printed
	  pt: (115.83373717217789, 107.16148802736602)
	    --Point printed
	  pt: (115.83395096921322, 111.57041049030788)
	    --Point printed
	  pt: (115.7777757981756, 114.96283494868871)
	    --Point printed
	  pt: (115.72299030786773, 116.57240592930444)
	    --Point printed
	  pt: (115.63854047890538, 117.91676168757127)
	    --Point printed
	  pt: (115.52223489167619, 119.33637400228051)
	    --Point printed
	  pt: (115.47776510832384, 119.72633979475485)
	    --Point printed
	  pt: (115.43671607753707, 120.00684150513113)
	    --Point printed
	  pt: (114.74572405929307, 119.93842645381984)
	    --Point printed
	  pt: (112.62870581527939, 119.63740022805017)
	    --Point printed
	  pt: (111.24164743978051, 119.45740650833808)
	    --Point printed
	  pt: (109.8521972099487, 119.30770515607183)
	    --Point printed
	  pt: (108.4615677558438, 119.18828614951539)
	    --Point printed
	  pt: (107.07097170752567, 119.09913946693273)
	    --Point printed
	  pt: (105.68162169505416, 119.04025508658779)
	    --Point printed
	  pt: (104.29473034848918, 119.01162298674458)
	    --Point printed
	  pt: (102.91151029789054, 119.01323314566704)
	    --Point printed
	  pt: (101.53317417331814, 119.04507554161916)
	    --Point printed
	  pt: (100.16093460483182, 119.10714015286487)
	    --Point printed
	  pt: (98.79600422249145, 119.19941695766818)
	    --Point printed
	  pt: (97.43959565635691, 119.32189593429304)
	    --Point printed
	  pt: (96.09292153648803, 119.47456706100343)
	    --Point printed
	  pt: (94.7571944929447, 119.65742031606328)
	    --Point printed
	  pt: (93.43362715578677, 119.8704456777366)
	    --Point printed
	  pt: (92.12343215507411, 120.11363312428735)
	    --Point printed
	  pt: (90.62043899657925, 120.43101482326112)
	    --Point printed
	  pt: (88.72201485889396, 120.89443325969214)
	    --Point printed
	  pt: (86.84502387400228, 121.42065457525656)
	    --Point printed
	  pt: (84.99086908494868, 122.00891711801597)
	    --Point printed
	  pt: (83.16095353477766, 122.65845923603193)
	    --Point printed
	  pt: (81.35668026653363, 123.36851927736602)
	    --Point printed
	  pt: (79.57945232326114, 124.13833559007982)
	    --Point printed
	  pt: (77.83067274800457, 124.9671465222349)
	    --Point printed
	  pt: (76.11174458380844, 125.85419042189281)
	    --Point printed
	  pt: (74.42407087371724, 126.79870563711518)
	    --Point printed
	  pt: (72.76905466077538, 127.79993051596352)
	    --Point printed
	  pt: (71.14809898802739, 128.85710340649942)
	    --Point printed
	  pt: (69.56260689851769, 129.9694626567845)
	    --Point printed
	  pt: (68.01398143529079, 131.13624661488026)
	    --Point printed
	  pt: (66.50362564139111, 132.35669362884835)
	    --Point printed
	  pt: (65.03294255986319, 133.63004204675028)
	    --Point printed
	  pt: (63.70125427594072, 134.86316989737742)
	    --Point printed
	  pt: (62.71607753705817, 135.83295324971493)
	    --Point printed
	  pt: (62.35005701254277, 136.23660205245153)
	    --Point printed
	  pt: (62.20959236031928, 136.38690136830104)
	    --Point printed
	  pt: (62.07682440136831, 136.50299315849486)
	    --Point printed
	  pt: (61.96907069555303, 136.57269099201824)
	    --Point printed
	  pt: (61.90364880273661, 136.58380843785633)
	    --Point printed
	  pt: (61.65372006841506, 136.38476339794755)
	    --Point printed
	  pt: (61.07069555302167, 135.8551881413911)
	    --Point printed
	  pt: (60.24629418472065, 135.05131128848348)
	    --Point printed
	  pt: (60.24629418472064, 135.05131128848348)
	    --Point printed
	  pt: (32.25, 114.80131128848348)
	    --Point printed
	  pt: (33.03231007696694, 114.57896237172179)
	    --Point printed
	  pt: (33.78821622006841, 114.31257126567843)
	    --Point printed
	  pt: (34.509460518814144, 114.00662770809578)
	    --Point printed
	  pt: (35.1877850627138, 113.66562143671607)
	    --Point printed
	  pt: (35.81493194127709, 113.29404218928164)
	    --Point printed
	  pt: (36.382643244013686, 112.89637970353476)
	    --Point printed
	  pt: (36.8826610604333, 112.47712371721778)
	    --Point printed
	  pt: (37.299885974914474, 112.04675028506271)
	    --Point printed
	  pt: (37.5380558722919, 111.74957240592931)
	    --Point printed
	  pt: (37.61074686431015, 111.63326681870011)
	    --Point printed
	  pt: (37.60433295324972, 111.57810718358039)
	    --Point printed
	  pt: (36.696123147092365, 110.97947548460661)
	    --Point printed
	  pt: (35.71265678449259, 110.36716077537058)
	    --Point printed
	  pt: (33.83808437856329, 109.21778791334094)
	    --Point printed
	  pt: (33.39851767388826, 109.712086659065)
	    --Point printed
	  pt: (33.0837549885975, 110.01017317559862)
	    --Point printed
	  pt: (32.73970210946408, 110.2667830672748)
	    --Point printed
	  pt: (32.36363312428735, 110.48303876852907)
	    --Point printed
	  pt: (31.952822120866596, 110.66006271379703)
	    --Point printed
	  pt: (31.504543187001143, 110.79897733751426)
	    --Point printed
	  pt: (31.016070410490308, 110.90090507411631)
	    --Point printed
	  pt: (30.48467787913341, 110.96696835803877)
	    --Point printed
	  pt: (29.808437856328393, 111.00342075256556)
	    --Point printed
	  pt: (29.136259977194985, 110.98674458380843)
	    --Point printed
	  pt: (28.81513683010262, 110.95681299885973)
	    --Point printed
	  pt: (28.51026225769669, 110.89566704675028)
	    --Point printed
	  pt: (28.083977693842645, 110.75987920467503)
	    --Point printed
	  pt: (27.68281428164196, 110.57865949258837)
	    --Point printed
	  pt: (27.307814281641956, 110.3525691277081)
	    --Point printed
	  pt: (26.960019954389963, 110.08216932725199)
	    --Point printed
	  pt: (26.640473560433293, 109.76802130843785)
	    --Point printed
	  pt: (26.350217360319267, 109.41068628848348)
	    --Point printed
	  pt: (26.09029361459521, 109.01072548460661)
	    --Point printed
	  pt: (25.868586088939566, 108.58323831242873)
	    --Point printed
	  pt: (25.696933794184723, 108.20310718358039)
	    --Point printed
	  pt: (25.559595923603194, 107.837086659065)
	    --Point printed
	  pt: (25.45344569555302, 107.4678591790194)
	    --Point printed
	  pt: (25.375356328392247, 107.07810718358039)
	    --Point printed
	  pt: (25.322201040478905, 106.65051311288484)
	    --Point printed
	  pt: (25.281499429874568, 106.00313568985177)
	    --Point printed
	  pt: (25.281071835803875, 104.8460661345496)
	    --Point printed
	  pt: (25.29603762827822, 104.13326681870011)
	    --Point printed
	  pt: (25.338369441277077, 103.65051311288482)
	    --Point printed
	  pt: (25.424743443557574, 103.24130558722919)
	    --Point printed
	  pt: (25.583808437856323, 102.71493728620295)
	    --Point printed
	  pt: (25.831812998859746, 102.0581527936146)
	    --Point printed
	  pt: (26.017388825541616, 101.68700114025086)
	    --Point printed
	  pt: (26.19069804732041, 101.4370724059293)
	    --Point printed
	  pt: (26.46529361459521, 101.09905929304446)
	    --Point printed
	  pt: (26.951681870011402, 100.61630558722919)
	    --Point printed
	  pt: (27.37793970923603, 100.28043044469783)
	    --Point printed
	  pt: (27.626211516533637, 100.11933437856328)
	    --Point printed
	  pt: (27.91163055872292, 99.97149372862029)
	    --Point printed
	  pt: (28.210946408209804, 99.84364310148234)
	    --Point printed
	  pt: (28.521379703534773, 99.77480045610034)
	    --Point printed
	  pt: (28.964794754846064, 99.74187571265679)
	    --Point printed
	  pt: (29.710946408209807, 99.72006841505132)
	    --Point printed
	  pt: (30.476339794754846, 99.74615165336374)
	    --Point printed
	  pt: (31.023660205245154, 99.82354618015964)
	    --Point printed
	  pt: (31.330458950969213, 99.89324401368302)
	    --Point printed
	  pt: (31.72491448118586, 100.01382554161916)
	    --Point printed
	  pt: (32.18586088939567, 100.21436716077537)
	    --Point printed
	  pt: (32.40794255986317, 100.34141604903078)
	    --Point printed
	  pt: (32.70709806157355, 100.54446978335234)
	    --Point printed
	  pt: (33.1342645381984, 100.90963511972635)
	    --Point printed
	  pt: (33.434970068415055, 101.23642388825542)
	    --Point printed
	  pt: (33.582169327252, 101.43033779931585)
	    --Point printed
	  pt: (33.70980615735462, 101.64082098061574)
	    --Point printed
	  pt: (33.81820125427594, 101.80501710376282)
	    --Point printed
	  pt: (33.90265108323831, 101.87514253135691)
	    --Point printed
	  pt: (33.98945267958951, 101.86915621436717)
	    --Point printed
	  pt: (34.14595210946408, 101.79133409350058)
	    --Point printed
	  pt: (36.46009122006841, 100.37343215507411)
	    --Point printed
	  pt: (37.659064994298745, 99.62257696693273)
	    --Point printed
	  pt: (37.741590649942985, 99.55373432155075)
	    --Point printed
	  pt: (37.76425313568985, 99.48318129988598)
	    --Point printed
	  pt: (37.728335233751416, 99.37884834663626)
	    --Point printed
	  pt: (37.644526795895096, 99.22234891676169)
	    --Point printed
	  pt: (37.5, 99.02055124002281)
	    --Point printed
	  pt: (37.21564994298745, 98.68080102622577)
	    --Point printed
	  pt: (36.64652223489167, 98.08623147092361)
	    --Point printed
	  pt: (36.158423603192695, 97.63314210376284)
	    --Point printed
	  pt: (35.89876710376282, 97.41747434435575)
	    --Point printed
	  pt: (35.59763397947548, 97.20752565564425)
	    --Point printed
	  pt: (35.11132589794754, 96.91315386259977)
	    --Point printed
	  pt: (34.605401938426446, 96.64759122006842)
	    --Point printed
	  pt: (34.08210696978335, 96.4111584236032)
	    --Point printed
	  pt: (33.54368586088939, 96.20417616875713)
	    --Point printed
	  pt: (32.99238348061573, 96.02696515108323)
	    --Point printed
	  pt: (32.43044469783352, 95.87984606613455)
	    --Point printed
	  pt: (31.860114381413908, 95.76313960946408)
	    --Point printed
	  pt: (31.283637400228045, 95.67716647662486)
	    --Point printed
	  pt: (30.703258623147086, 95.62224736316989)
	    --Point printed
	  pt: (30.121222919042182, 95.59870296465223)
	    --Point printed
	  pt: (29.539775156784486, 95.60685397662486)
	    --Point printed
	  pt: (28.961160205245147, 95.64702109464082)
	    --Point printed
	  pt: (28.387622933295322, 95.71952501425314)
	    --Point printed
	  pt: (27.82140820980615, 95.82468643101483)
	    --Point printed
	  pt: (27.264760903648796, 95.9628260404789)
	    --Point printed
	  pt: (26.667331812998853, 96.15136830102622)
	    --Point printed
	  pt: (25.988365877993154, 96.42160775370581)
	    --Point printed
	  pt: (25.3382625427594, 96.7397377423033)
	    --Point printed
	  pt: (24.720389110604323, 97.10319270239452)
	    --Point printed
	  pt: (24.13811288483466, 97.5094070695553)
	    --Point printed
	  pt: (23.594801168757122, 97.95581527936147)
	    --Point printed
	  pt: (23.093821265678443, 98.43985176738883)
	    --Point printed
	  pt: (22.638540478905355, 98.95895096921322)
	    --Point printed
	  pt: (22.30245153933865, 99.41134549600912)
	    --Point printed
	  pt: (22.09744690706955, 99.73543507696695)
	    --Point printed
	  pt: (21.80708380843785, 100.24921607753707)
	    --Point printed
	  pt: (21.374144811858606, 101.13155644241733)
	    --Point printed
	  pt: (21.072423745724056, 101.84654717787913)
	    --Point printed
	  pt: (20.933081527936142, 102.22715935005701)
	    --Point printed
	  pt: (20.79389965792474, 102.70553021664767)
	    --Point printed
	  pt: (20.623904290193842, 103.48340400513113)
	    --Point printed
	  pt: (20.511527223489164, 104.25625356328393)
	    --Point printed
	  pt: (20.45668828392246, 105.02464010832384)
	    --Point printed
	  pt: (20.45930729760547, 105.78912485746864)
	    --Point printed
	  pt: (20.51930409064994, 106.55026902793615)
	    --Point printed
	  pt: (20.63659848916761, 107.30863383694413)
	    --Point printed
	  pt: (20.811110319270234, 108.06478050171037)
	    --Point printed
	  pt: (21.02907639680729, 108.77565564424174)
	    --Point printed
	  pt: (21.247764039338648, 109.36538804161916)
	    --Point printed
	  pt: (21.491359036488024, 109.91909563854048)
	    --Point printed
	  pt: (21.76266747434435, 110.44150869441278)
	    --Point printed
	  pt: (22.064495438996573, 110.93735746864311)
	    --Point printed
	  pt: (22.39964901653363, 111.41137222063854)
	    --Point printed
	  pt: (22.770934293044462, 111.86828320980615)
	    --Point printed
	  pt: (23.181157354618012, 112.31282069555303)
	    --Point printed
	  pt: (23.65535917901938, 112.7693842645382)
	    --Point printed
	  pt: (24.197815706955524, 113.22169861744584)
	    --Point printed
	  pt: (24.762934720638533, 113.62387756556443)
	    --Point printed
	  pt: (25.353762827822116, 113.97728406499431)
	    --Point printed
	  pt: (25.973346636259972, 114.2832810718358)
	    --Point printed
	  pt: (26.62473275370581, 114.54323154218929)
	    --Point printed
	  pt: (27.310967787913334, 114.75849843215508)
	    --Point printed
	  pt: (28.035098346636254, 114.93044469783354)
	    --Point printed
	  pt: (28.63597491448118, 115.03477765108323)
	    --Point printed
	  pt: (28.99437891961231, 115.06527045324972)
	    --Point printed
	  pt: (29.570054161915618, 115.0811716077537)
	    --Point printed
	  pt: (30.56143101482326, 115.04632269099203)
	    --Point printed
	  pt: (31.35082311858609, 114.97079888825542)
	    --Point printed
	  pt: (31.759335803876848, 114.90981328392246)
	    --Point printed
	  pt: (31.984036488027364, 114.86202964652225)
	    --Point printed
	  pt: (31.984036488027368, 114.86202964652223)
	    --Point printed
	  pt: (89.13112884834663, 114.51995438996579)
	    --Point printed
	  pt: (89.8751425313569, 111.73546180159636)
	    --Point printed
	  pt: (91.55644241733181, 105.3078677309008)
	    --Point printed
	  pt: (92.24444127708097, 102.7348204104903)
	    --Point printed
	  pt: (92.34882767958952, 102.40618764253135)
	    --Point printed
	  pt: (92.4104546750285, 102.28066205815279)
	    --Point printed
	  pt: (92.45545895096922, 102.2669255986317)
	    --Point printed
	  pt: (92.52451539338655, 102.27366020524515)
	    --Point printed
	  pt: (92.60490307867732, 102.30102622576968)
	    --Point printed
	  pt: (92.62029646522237, 102.35917901938426)
	    --Point printed
	  pt: (93.39424173318132, 105.40728335233752)
	    --Point printed
	  pt: (94.56413911060434, 109.93999429874572)
	    --Point printed
	  pt: (95.5591505131129, 113.74771949828963)
	    --Point printed
	  pt: (95.78791334093502, 114.57468643101481)
	    --Point printed
	  pt: (95.87685290763969, 114.76624857468641)
	    --Point printed
	  pt: (100.03306727480046, 114.76624857468641)
	    --Point printed
	  pt: (101.51788768529077, 114.75641391106042)
	    --Point printed
	  pt: (102.394669327252, 114.73118586088938)
	    --Point printed
	  pt: (102.74909136259978, 114.69473346636259)
	    --Point printed
	  pt: (102.8544398517674, 114.66597776510832)
	    --Point printed
	  pt: (102.89110604332954, 114.63198403648802)
	    --Point printed
	  pt: (102.91307368871153, 114.40220567274801)
	    --Point printed
	  pt: (102.93643101482327, 113.7395952109464)
	    --Point printed
	  pt: (102.9629418472064, 110.97605473204104)
	    --Point printed
	  pt: (102.95781071835805, 105.26339794754846)
	    --Point printed
	  pt: (102.93044469783352, 95.99315849486887)
	    --Point printed
	  pt: (100.05359179019385, 95.95553021664766)
	    --Point printed
	  pt: (98.96793044469784, 95.97648232611174)
	    --Point printed
	  pt: (98.63611744583811, 96.0094070695553)
	    --Point printed
	  pt: (98.54589509692134, 96.05216647662485)
	    --Point printed
	  pt: (98.5135850199544, 96.16312713797035)
	    --Point printed
	  pt: (98.47983181299887, 96.48360889395667)
	    --Point printed
	  pt: (98.44968643101485, 97.57012542759406)
	    --Point printed
	  pt: (98.43685860889397, 99.58195553021665)
	    --Point printed
	  pt: (98.43557582668188, 103.1425313568985)
	    --Point printed
	  pt: (98.41569270239454, 106.54446978335233)
	    --Point printed
	  pt: (98.37015393386545, 108.73118586088938)
	    --Point printed
	  pt: (98.3100235176739, 109.67648945267959)
	    --Point printed
	  pt: (98.27268252921894, 109.9033681941277)
	    --Point printed
	  pt: (98.24796892816421, 109.96813533352338)
	    --Point printed
	  pt: (98.21664766248576, 109.97719498289624)
	    --Point printed
	  pt: (97.9303734321551, 109.0700541619156)
	    --Point printed
	  pt: (97.22805017103765, 106.6539338654504)
	    --Point printed
	  pt: (96.20524515393389, 102.97833523375141)
	    --Point printed
	  pt: (94.26909920182443, 95.99315849486887)
	    --Point printed
	  pt: (92.10034207525658, 95.960661345496)
	    --Point printed
	  pt: (91.30202394526799, 95.95873717217788)
	    --Point printed
	  pt: (90.87913340935009, 95.9807582668187)
	    --Point printed
	  pt: (90.72819270239454, 96.02496080387684)
	    --Point printed
	  pt: (90.68211944127711, 96.06349771949829)
	    --Point printed
	  pt: (90.64310148232613, 96.14025085518813)
	    --Point printed
	  pt: (89.693842645382, 99.46351197263397)
	    --Point printed
	  pt: (87.63968072976056, 106.78221208665906)
	    --Point printed
	  pt: (86.72976054732041, 110.03534777651083)
	    --Point printed
	  pt: (86.64253135689853, 110.12428734321551)
	    --Point printed
	  pt: (86.55957810718358, 110.14139110604333)
	    --Point printed
	  pt: (86.52721458095783, 110.04606435290765)
	    --Point printed
	  pt: (86.49308722919044, 109.697334663626)
	    --Point printed
	  pt: (86.45096921322691, 107.86316989737742)
	    --Point printed
	  pt: (86.43557582668188, 103.06727480045609)
	    --Point printed
	  pt: (86.40820980615736, 95.98631698973773)
	    --Point printed
	  pt: (83.53135689851769, 95.94868871151652)
	    --Point printed
	  pt: (82.44569555302168, 95.96964082098062)
	    --Point printed
	  pt: (82.11388255416193, 96.00256556442417)
	    --Point printed
	  pt: (82.02366020524516, 96.04532497149373)
	    --Point printed
	  pt: (81.99135012827824, 96.20914694982895)
	    --Point printed
	  pt: (81.9575969213227, 96.72006841505132)
	    --Point printed
	  pt: (81.92745153933868, 98.52023945267959)
	    --Point printed
	  pt: (81.9146237172178, 101.90721208665906)
	    --Point printed
	  pt: (81.91334093500572, 107.93842645381984)
	    --Point printed
	  pt: (81.93685860889397, 112.7873432155074)
	    --Point printed
	  pt: (81.95823831242875, 114.42417331812999)
	    --Point printed
	  pt: (81.98175598631701, 114.70638540478905)
	    --Point printed
	  pt: (82.45488882554164, 114.72926168757127)
	    --Point printed
	  pt: (83.68358038768531, 114.75256556442417)
	    --Point printed
	  pt: (85.52565564424177, 114.7594070695553)
	    --Point printed
	  pt: (89.01482326111747, 114.7594070695553)
	    --Point printed
	  pt: (89.11060433295329, 114.57468643101481)
	    --Point printed
	  pt: (89.11060433295326, 114.57468643101481)
	    --Point printed
	  pt: (62.57582668187002, 114.25313568985177)
	    --Point printed
	  pt: (64.20923603192703, 109.92417331812999)
	    --Point printed
	  pt: (67.71721778791334, 100.51539338654504)
	    --Point printed
	  pt: (69.29503990877993, 96.33181299885975)
	    --Point printed
	  pt: (69.35011937001141, 96.19332596921322)
	    --Point printed
	  pt: (69.35599878848348, 96.10834164766248)
	    --Point printed
	  pt: (69.33680716398233, 96.06748637043898)
	    --Point printed
	  pt: (69.28012756556443, 96.0233038768529)
	    --Point printed
	  pt: (69.09685005701255, 95.97990307867731)
	    --Point printed
	  pt: (68.77591398232612, 95.9563319555302)
	    --Point printed
	  pt: (68.1153078677309, 95.94398517673888)
	    --Point printed
	  pt: (66.1060433295325, 95.94526795895096)
	    --Point printed
	  pt: (64.95795324971493, 95.97776510832384)
	    --Point printed
	  pt: (64.6925776795895, 96.01004846066135)
	    --Point printed
	  pt: (64.60839509692133, 96.03506271379703)
	    --Point printed
	  pt: (64.55644241733182, 96.0855188141391)
	    --Point printed
	  pt: (64.23831242873433, 96.90136830102622)
	    --Point printed
	  pt: (63.94070695553022, 97.73774230330673)
	    --Point printed
	  pt: (63.400228050171044, 99.31812998859749)
	    --Point printed
	  pt: (60.02052451539339, 99.345496009122)
	    --Point printed
	  pt: (56.64766248574687, 99.37286202964651)
	    --Point printed
	  pt: (56.05929304446979, 97.6624857468643)
	    --Point printed
	  pt: (55.457240592930454, 95.9521094640821)
	    --Point printed
	  pt: (52.64025085518816, 95.9521094640821)
	    --Point printed
	  pt: (51.628990877993175, 95.96044754846066)
	    --Point printed
	  pt: (51.046180159635135, 95.98417901938427)
	    --Point printed
	  pt: (50.82083808437858, 96.02089866020523)
	    --Point printed
	  pt: (50.75787485746866, 96.05088369441276)
	    --Point printed
	  pt: (50.73660205245155, 96.09236031927023)
	    --Point printed
	  pt: (50.72658031641963, 96.150459663626)
	    --Point printed
	  pt: (50.77914766248576, 96.37328962371721)
	    --Point printed
	  pt: (51.38312428734323, 98.06613454960092)
	    --Point printed
	  pt: (54.84834663625999, 107.32953249714936)
	    --Point printed
	  pt: (57.11288483466364, 113.40478905359178)
	    --Point printed
	  pt: (57.56698973774232, 114.55159635119726)
	    --Point printed
	  pt: (57.610283637400244, 114.59569198973773)
	    --Point printed
	  pt: (57.72348916761689, 114.63968072976053)
	    --Point printed
	  pt: (58.14937286202966, 114.67303306727479)
	    --Point printed
	  pt: (59.03620296465223, 114.67859179019383)
	    --Point printed
	  pt: (60.01368301026227, 114.67046750285061)
	    --Point printed
	  pt: (62.380843785632855, 114.6431014823261)
	    --Point printed
	  pt: (62.53819840364881, 114.3352337514253)
	    --Point printed
	  pt: (62.538198403648806, 114.3352337514253)
	    --Point printed
--Found Elem: <Element '{http://www.w3.org/2000/svg}path' at 0x0000026D7B908220>
  --Name: path
	Class : <class 'svg2gcode_py.lib.shapes.path'>
	Object: <Element '{http://www.w3.org/2000/svg}path' at 0x0000026D7B908220>
	Attrs : [('d', 'M872.8 600.3c-23 71-27.8 85.8-27.8 87 0 1.1 8 1.5 31.9 1.5 29.1 0 31.9-.1 31.9-2.1 0-1.1-4.3-15.4-9.5-31.5-5.3-16.3-11.9-36.8-14.8-45.8-6.2-19.5-8-20.9-11.7-9.1zM146.3 902.5c0 7.6 18.6 87.1 29.4 125.3 41.6 147.8 104.9 293 186.6 428.5 26.1 43.4 61 96.3 63.5 96.3 1.5 0 1.8-52 1.8-326.3V900H286.9c-138.8 0-140.6 0-140.6 2.5zM476.3 1262.6v362.6l12.1 15.8c47.3 61.9 97.1 119.5 158.4 183.3 30.1 31.4 80.3 79.5 82.8 79.5 1.5 0 1.8-66 1.8-501.9V900H476.3v362.6zM778.8 1424.9v524.9l26 21.8c48.8 41 95.6 77.3 99.9 77.3 2.6 0 8-3.9 39.1-28 23.1-18 47-37.4 71.1-57.8l17.6-14.9V900H778.8v524.9zM1081.3 1400.6c0 453.1.1 500.6 2 500.6 2.5 0 96.9-94.3 120.6-120.6 44.8-49.4 79-90.3 117.1-139.8l15.3-19.8V900h-255v500.6zM1385 1223.8c0 275.9.3 323.8 1.8 323.8 2.9 0 45.8-66.5 72.9-113.1 84.8-145.5 147.6-298.6 186-453.1 8.8-34.9 15.8-66.5 16.5-74.8l.8-6.5h-278v323.7z')]
	Transform: None
	d: M872.8 600.3c-23 71-27.8 85.8-27.8 87 0 1.1 8 1.5 31.9 1.5 29.1 0 31.9-.1 31.9-2.1 0-1.1-4.3-15.4-9.5-31.5-5.3-16.3-11.9-36.8-14.8-45.8-6.2-19.5-8-20.9-11.7-9.1zM146.3 902.5c0 7.6 18.6 87.1 29.4 125.3 41.6 147.8 104.9 293 186.6 428.5 26.1 43.4 61 96.3 63.5 96.3 1.5 0 1.8-52 1.8-326.3V900H286.9c-138.8 0-140.6 0-140.6 2.5zM476.3 1262.6v362.6l12.1 15.8c47.3 61.9 97.1 119.5 158.4 183.3 30.1 31.4 80.3 79.5 82.8 79.5 1.5 0 1.8-66 1.8-501.9V900H476.3v362.6zM778.8 1424.9v524.9l26 21.8c48.8 41 95.6 77.3 99.9 77.3 2.6 0 8-3.9 39.1-28 23.1-18 47-37.4 71.1-57.8l17.6-14.9V900H778.8v524.9zM1081.3 1400.6c0 453.1.1 500.6 2 500.6 2.5 0 96.9-94.3 120.6-120.6 44.8-49.4 79-90.3 117.1-139.8l15.3-19.8V900h-255v500.6zM1385 1223.8c0 275.9.3 323.8 1.8 323.8 2.9 0 45.8-66.5 72.9-113.1 84.8-145.5 147.6-298.6 186-453.1 8.8-34.9 15.8-66.5 16.5-74.8l.8-6.5h-278v323.7z
	m: None
	d is GOOD!
	Points: <generator object point_generator at 0x0000026D7B8E5770>
	  pt: (59.71265678449259, 108.93044469783352)
	    --Point printed
	  pt: (58.92588369441277, 106.50171037628279)
	    --Point printed
	  pt: (57.892816419612316, 103.29304446978335)
	    --Point printed
	  pt: (57.81071835803877, 102.96892816419611)
	    --Point printed
	  pt: (57.85558901083238, 102.94436822976056)
	    --Point printed
	  pt: (57.99864595210947, 102.91740307867731)
	    --Point printed
	  pt: (58.629988597491455, 102.88255416191562)
	    --Point printed
	  pt: (60.49087799315849, 102.87571265678449)
	    --Point printed
	  pt: (61.471992588369446, 102.88169897377423)
	    --Point printed
	  pt: (61.97933295324971, 102.90564424173319)
	    --Point printed
	  pt: (62.13909278791335, 102.94915193842645)
	    --Point printed
	  pt: (62.1726054732041, 102.98720781071836)
	    --Point printed
	  pt: (62.175598631698975, 103.05701254275942)
	    --Point printed
	  pt: (61.86602052451539, 104.10376282782212)
	    --Point printed
	  pt: (61.163055872291906, 106.28962371721778)
	    --Point printed
	  pt: (60.40706955530217, 108.64139110604333)
	    --Point printed
	  pt: (60.20711587799316, 109.17347847776512)
	    --Point printed
	  pt: (60.10780715507412, 109.36055088369442)
	    --Point printed
	  pt: (60.03431442417332, 109.43340222348917)
	    --Point printed
	  pt: (59.992480357397376, 109.44632692239168)
	    --Point printed
	  pt: (59.938292830672744, 109.42963405074116)
	    --Point printed
	  pt: (59.85798531927024, 109.31950185290765)
	    --Point printed
	  pt: (59.77390963511973, 109.11815849486888)
	    --Point printed
	  pt: (59.71265678449259, 108.93044469783352)
	    --Point printed
	  pt: (59.71265678449259, 108.93044469783352)
	    --Point printed
	  pt: (10.009122006841507, 88.19042189281642)
	    --Point printed
	  pt: (10.101482326111745, 87.64139110604333)
	    --Point printed
	  pt: (10.350342075256558, 86.44027936145952)
	    --Point printed
	  pt: (10.942987457240594, 83.87856328392245)
	    --Point printed
	  pt: (11.617730900798175, 81.16633409350057)
	    --Point printed
	  pt: (12.198403648802739, 79.05102622576968)
	    --Point printed
	  pt: (12.76092703285348, 77.15878549921608)
	    --Point printed
	  pt: (13.357804928021665, 75.27166253919613)
	    --Point printed
	  pt: (13.988706617018245, 73.39036888896808)
	    --Point printed
	  pt: (14.653301382554163, 71.51561609179019)
	    --Point printed
	  pt: (15.351258507340367, 69.64811569092078)
	    --Point printed
	  pt: (16.082247274087802, 67.78857922961804)
	    --Point printed
	  pt: (16.845936965507416, 65.93771825114025)
	    --Point printed
	  pt: (17.641996864310148, 64.09624429874573)
	    --Point printed
	  pt: (18.470096253206957, 62.2648689156927)
	    --Point printed
	  pt: (19.329904414908786, 60.44430364523946)
	    --Point printed
	  pt: (20.221090632126575, 58.63526003064425)
	    --Point printed
	  pt: (21.14332418757127, 56.838449615165345)
	    --Point printed
	  pt: (22.09627436395382, 55.054583942061015)
	    --Point printed
	  pt: (23.07961044398518, 53.28437455458952)
	    --Point printed
	  pt: (24.093001710376285, 51.52853299600912)
	    --Point printed
	  pt: (25.233181299885977, 49.624857468643086)
	    --Point printed
	  pt: (26.672462941847208, 47.328249714937286)
	    --Point printed
	  pt: (27.98517673888256, 45.32155074116305)
	    --Point printed
	  pt: (28.76917046750285, 44.19783352337515)
	    --Point printed
	  pt: (29.011161986887117, 43.88772092360318)
	    --Point printed
	  pt: (29.101090364880275, 43.792928663055875)
	    --Point printed
	  pt: (29.137542759407072, 43.7787913340935)
	    --Point printed
	  pt: (29.15521108003136, 43.85396437606899)
	    --Point printed
	  pt: (29.17626674743444, 44.10223952394527)
	    --Point printed
	  pt: (29.210019954389967, 45.254632269099204)
	    --Point printed
	  pt: (29.24016533637401, 49.52095210946409)
	    --Point printed
	  pt: (29.25299315849487, 57.67003990877994)
	    --Point printed
	  pt: (29.254275940706957, 66.10262257696694)
	    --Point printed
	  pt: (29.254275940706957, 88.42645381984036)
	    --Point printed
	  pt: (17.254275940706954, 88.42645381984036)
	    --Point printed
	  pt: (12.772234891676167, 88.42110889395667)
	    --Point printed
	  pt: (10.953249714937284, 88.3997291904219)
	    --Point printed
	  pt: (10.374714937286202, 88.37634513968072)
	    --Point printed
	  pt: (10.09677879133409, 88.34227123717218)
	    --Point printed
	  pt: (10.02200327822121, 88.30368755344927)
	    --Point printed
	  pt: (10.009603050171036, 88.27612777936146)
	    --Point printed
	  pt: (10.009122006841505, 88.25541619156215)
	    --Point printed
	  pt: (10.009122006841507, 88.25541619156215)
	    --Point printed
	  pt: (32.58608893956671, 63.619156214367166)
	    --Point printed
	  pt: (32.58608893956671, 38.81185860889397)
	    --Point printed
	  pt: (33.81841505131129, 37.20153933865451)
	    --Point printed
	  pt: (35.047694555302165, 35.63363205530217)
	    --Point printed
	  pt: (36.302629703534784, 34.082080245153946)
	    --Point printed
	  pt: (37.59043614595212, 32.53846564994299)
	    --Point printed
	  pt: (38.918329532497154, 30.994370011402523)
	    --Point printed
	  pt: (40.29352551311288, 29.441375071265696)
	    --Point printed
	  pt: (41.72323973774231, 27.871062571265682)
	    --Point printed
	  pt: (43.2146878563284, 26.27501425313571)
	    --Point printed
	  pt: (44.76567844925884, 24.653363740022826)
	    --Point printed
	  pt: (46.594925883694415, 22.823688711516553)
	    --Point printed
	  pt: (48.36003420752565, 21.119726339794767)
	    --Point printed
	  pt: (49.437036773090085, 20.128135689851774)
	    --Point printed
	  pt: (49.82187143671607, 19.802843500570134)
	    --Point printed
	  pt: (49.922035347776514, 19.751425313569)
	    --Point printed
	  pt: (49.939703668400796, 19.849768609250305)
	    --Point printed
	  pt: (49.96075933580388, 20.185406570695562)
	    --Point printed
	  pt: (49.9945125427594, 21.812214937286228)
	    --Point printed
	  pt: (50.024657924743444, 28.16519384264538)
	    --Point printed
	  pt: (50.037485746864306, 40.75954960091222)
	    --Point printed
	  pt: (50.0387685290764, 54.088939566704695)
	    --Point printed
	  pt: (50.0387685290764, 88.42645381984036)
	    --Point printed
	  pt: (32.58608893956671, 88.42645381984036)
	    --Point printed
	  pt: (32.58608893956671, 63.619156214367166)
	    --Point printed
	  pt: (32.58608893956671, 63.619156214367166)
	    --Point printed
	  pt: (53.28164196123147, 52.51539338654503)
	    --Point printed
	  pt: (53.28164196123147, 16.604332953249695)
	    --Point printed
	  pt: (55.89509692132269, 14.41163055872292)
	    --Point printed
	  pt: (58.26974059293044, 12.475912200684121)
	    --Point printed
	  pt: (59.933081527936146, 11.173888255416188)
	    --Point printed
	  pt: (60.74425420467503, 10.563283922462915)
	    --Point printed
	  pt: (61.369423460661345, 10.117944697833508)
	    --Point printed
	  pt: (61.71500632482897, 9.899898446408201)
	    --Point printed
	  pt: (61.84696586374002, 9.834102408779898)
	    --Point printed
	  pt: (61.91733181299885, 9.824401368301011)
	    --Point printed
	  pt: (62.00512222063853, 9.849602693842655)
	    --Point printed
	  pt: (62.18179874572406, 9.94263112884832)
	    --Point printed
	  pt: (62.88198403648803, 10.436716077537056)
	    --Point printed
	  pt: (65.36031927023944, 12.355758266818697)
	    --Point printed
	  pt: (67.78905359179019, 14.315849486887117)
	    --Point printed
	  pt: (69.43443557582668, 15.694412770809578)
	    --Point printed
	  pt: (70.63854047890536, 16.713797035347767)
	    --Point printed
	  pt: (70.63854047890536, 88.42645381984036)
	    --Point printed
	  pt: (53.28164196123147, 88.42645381984036)
	    --Point printed
	  pt: (53.28164196123147, 52.51539338654503)
	    --Point printed
	  pt: (53.28164196123147, 52.51539338654503)
	    --Point printed
	  pt: (73.97719498289624, 46.42816419612315)
	    --Point printed
	  pt: (73.98296750285061, 31.085019954389978)
	    --Point printed
	  pt: (74.00584378563285, 23.08537628278222)
	    --Point printed
	  pt: (74.04726696123147, 20.52692061003421)
	    --Point printed
	  pt: (74.07713841576395, 20.054783263255445)
	    --Point printed
	  pt: (74.09825755416192, 19.94199864595211)
	    --Point printed
	  pt: (74.1354047890536, 19.929304446978335)
	    --Point printed
	  pt: (74.64728834093499, 20.389956884264564)
	    --Point printed
	  pt: (75.90222348916762, 21.598417901938433)
	    --Point printed
	  pt: (78.61488027366022, 24.298888255416202)
	    --Point printed
	  pt: (80.83377280501709, 26.560807440136827)
	    --Point printed
	  pt: (81.88394384264538, 27.65763968072976)
	    --Point printed
	  pt: (83.13112884834663, 29.025085518814137)
	    --Point printed
	  pt: (85.2342502850627, 31.414694982896236)
	    --Point printed
	  pt: (87.18942417331812, 33.732468643101484)
	    --Point printed
	  pt: (89.08965222348917, 36.088084378563295)
	    --Point printed
	  pt: (90.37628278221207, 37.74458380843785)
	    --Point printed
	  pt: (91.42303306727479, 39.09920182440136)
	    --Point printed
	  pt: (91.42303306727479, 88.42645381984036)
	    --Point printed
	  pt: (73.97719498289622, 88.42645381984036)
	    --Point printed
	  pt: (73.97719498289622, 54.17787913340935)
	    --Point printed
	  pt: (73.97719498289624, 54.17787913340935)
	    --Point printed
	  pt: (94.75484606613455, 61.55473204104902)
	    --Point printed
	  pt: (94.76318415051311, 51.88747149372861)
	    --Point printed
	  pt: (94.78691562143672, 46.529503990878)
	    --Point printed
	  pt: (94.82363526225771, 44.626763825541616)
	    --Point printed
	  pt: (94.84842903720069, 44.23530813497719)
	    --Point printed
	  pt: (94.86548603192702, 44.1336676881414)
	    --Point printed
	  pt: (94.89039338654503, 44.12086659064994)
	    --Point printed
	  pt: (94.97917928663057, 44.20683972348917)
	    --Point printed
	  pt: (95.17607967502852, 44.45321408209806)
	    --Point printed
	  pt: (95.81228620296466, 45.357896237172184)
	    --Point printed
	  pt: (97.24600912200685, 47.56214367160777)
	    --Point printed
	  pt: (98.87086659064995, 50.17944697833522)
	    --Point printed
	  pt: (100.22805017103764, 52.4807582668187)
	    --Point printed
	  pt: (101.28637222063854, 54.3571546287058)
	    --Point printed
	  pt: (102.30909706385405, 56.24490895809576)
	    --Point printed
	  pt: (103.29598417901937, 58.143399907354606)
	    --Point printed
	  pt: (104.24679304446978, 60.05200612884833)
	    --Point printed
	  pt: (105.16128313854048, 61.97010627494298)
	    --Point printed
	  pt: (106.03921393956671, 63.897078998004545)
	    --Point printed
	  pt: (106.8803449258837, 65.83230295039907)
	    --Point printed
	  pt: (107.68443557582668, 67.77515678449258)
	    --Point printed
	  pt: (108.45124536773089, 69.72501915265107)
	    --Point printed
	  pt: (109.1805337799316, 71.68126870724059)
	    --Point printed
	  pt: (109.87206029076397, 73.64328410062713)
	    --Point printed
	  pt: (110.52558437856328, 75.61044398517673)
	    --Point printed
	  pt: (111.14086552166475, 77.5821270132554)
	    --Point printed
	  pt: (111.71766319840364, 79.55771183722918)
	    --Point printed
	  pt: (112.25573688711516, 81.53657710946408)
	    --Point printed
	  pt: (112.7411630558723, 83.45438996579247)
	    --Point printed
	  pt: (113.14459806157355, 85.13184150513112)
	    --Point printed
	  pt: (113.46336944127708, 86.55359179019385)
	    --Point printed
	  pt: (113.66861459521094, 87.59136259977194)
	    --Point printed
	  pt: (113.71949828962373, 87.97491448118586)
	    --Point printed
	  pt: (113.77423033067275, 88.41961231470924)
	    --Point printed
	  pt: (94.75484606613455, 88.41961231470924)
	    --Point printed
	  pt: (94.75484606613455, 66.27366020524515)
	    --Point printed
	  pt: (94.75484606613455, 66.27366020524515)
	    --Point printed
