Input File: ./imagens/cru.svg
Output File: ./imagens/gcode_output/cru.gcode
Log File: ./imagens/log/cru.log

wdth: 2500
hght: 2500
scale: 0.06
x%: 0.06
y%: 0.06
--Found Elem: <Element '{http://www.w3.org/2000/svg}svg' at 0x00000201F7238C20>
  --No Name: svg
--Found Elem: <Element '{http://www.w3.org/2000/svg}g' at 0x00000201F7238CC0>
  --No Name: g
--Found Elem: <Element '{http://www.w3.org/2000/svg}path' at 0x00000201F7238D60>
  --Name: path
	Class : <class 'svg2gcode_py.lib.shapes.path'>
	Object: <Element '{http://www.w3.org/2000/svg}path' at 0x00000201F7238D60>
	Attrs : [('fill', '#fff'), ('d', 'M0 0h192.756v192.756H0V0z')]
	Transform: None
	d: M0 0h192.756v192.756H0V0z
	m: None
	d is GOOD!
	Points: <generator object point_generator at 0x00000201F723C2E0>
	  pt: (0.0, 150.0)
	    --Point printed
	  pt: (0.0, 150.0)
	    --Point printed
	  pt: (11.56536, 150.0)
	    --Point printed
	  pt: (11.56536, 138.43464)
	    --Point printed
	  pt: (0.0, 138.43464)
	    --Point printed
	  pt: (0.0, 150.0)
	    --Point printed
	  pt: (0.0, 150.0)
	    --Point printed
--Found Elem: <Element '{http://www.w3.org/2000/svg}path' at 0x00000201F7238DB0>
  --Name: path
	Class : <class 'svg2gcode_py.lib.shapes.path'>
	Object: <Element '{http://www.w3.org/2000/svg}path' at 0x00000201F7238DB0>
	Attrs : [('d', 'M96.378 10.694c47.192 0 85.684 38.491 85.684 85.684 0 47.194-38.492 85.685-85.684 85.685-47.193 0-85.685-38.49-85.685-85.685 0-47.193 38.492-85.684 85.685-85.684z'), ('fill', '#305a8a')]
	Transform: None
	d: M96.378 10.694c47.192 0 85.684 38.491 85.684 85.684 0 47.194-38.492 85.685-85.684 85.685-47.193 0-85.685-38.49-85.685-85.685 0-47.193 38.492-85.684 85.685-85.684z
	m: None
	d is GOOD!
	Points: <generator object point_generator at 0x00000201F723C200>
	  pt: (5.78268, 149.35836)
	    --Point printed
	  pt: (5.959649999999999, 149.35836)
	    --Point printed
	  pt: (6.479491874999998, 149.31412608398438)
	    --Point printed
	  pt: (6.983608125, 149.21925509765626)
	    --Point printed
	  pt: (7.469380312499999, 149.07636521484375)
	    --Point printed
	  pt: (7.93419, 148.888074609375)
	    --Point printed
	  pt: (8.375418749999998, 148.65700145507813)
	    --Point printed
	  pt: (8.790448125, 148.38576392578125)
	    --Point printed
	  pt: (9.176659687499997, 148.0769801953125)
	    --Point printed
	  pt: (9.531435, 147.7332684375)
	    --Point printed
	  pt: (9.852155625, 147.3572468261719)
	    --Point printed
	  pt: (10.136203125, 146.95153353515624)
	    --Point printed
	  pt: (10.380959062499999, 146.51874673828124)
	    --Point printed
	  pt: (10.583805, 146.061504609375)
	    --Point printed
	  pt: (10.742122499999999, 145.58242532226564)
	    --Point printed
	  pt: (10.853293125, 145.08412705078126)
	    --Point printed
	  pt: (10.9146984375, 144.56922796875)
	    --Point printed
	  pt: (10.92372, 144.0403425)
	    --Point printed
	  pt: (10.879485, 143.5204815234375)
	    --Point printed
	  pt: (10.784611875, 143.016349921875)
	    --Point printed
	  pt: (10.641719062499998, 142.53056578125)
	    --Point printed
	  pt: (10.453425, 142.0657471875)
	    --Point printed
	  pt: (10.222348125, 141.6245122265625)
	    --Point printed
	  pt: (9.951106875000002, 141.209478984375)
	    --Point printed
	  pt: (9.6423196875, 140.823265546875)
	    --Point printed
	  pt: (9.298605000000002, 140.46849)
	    --Point printed
	  pt: (8.922581250000002, 140.1477704296875)
	    --Point printed
	  pt: (8.516866875000003, 139.863724921875)
	    --Point printed
	  pt: (8.0840803125, 139.6189715625)
	    --Point printed
	  pt: (7.62684, 139.4161284375)
	    --Point printed
	  pt: (7.147764375, 139.2578136328125)
	    --Point printed
	  pt: (6.649471875000001, 139.146645234375)
	    --Point printed
	  pt: (6.134580937500001, 139.085241328125)
	    --Point printed
	  pt: (5.605706250000001, 139.07622)
	    --Point printed
	  pt: (5.085854267578126, 139.12045286132812)
	    --Point printed
	  pt: (4.581729199218752, 139.21532185546874)
	    --Point printed
	  pt: (4.095949394531251, 139.35820916015626)
	    --Point printed
	  pt: (3.631133203125001, 139.546496953125)
	    --Point printed
	  pt: (3.189898974609376, 139.77756741210936)
	    --Point printed
	  pt: (2.7748650585937513, 140.04880271484376)
	    --Point printed
	  pt: (2.388649804687501, 140.3575850390625)
	    --Point printed
	  pt: (2.033871562500001, 140.7012965625)
	    --Point printed
	  pt: (1.713148681640626, 141.0773194628906)
	    --Point printed
	  pt: (1.429099511718751, 141.48303591796875)
	    --Point printed
	  pt: (1.184342402343751, 141.91582810546873)
	    --Point printed
	  pt: (0.9814957031250009, 142.373078203125)
	    --Point printed
	  pt: (0.8231777636718758, 142.85216838867188)
	    --Point printed
	  pt: (0.7120069335937507, 143.35048083984375)
	    --Point printed
	  pt: (0.6506015625000008, 143.865397734375)
	    --Point printed
	  pt: (0.6415800000000007, 144.39429375)
	    --Point printed
	  pt: (0.6858150292968757, 144.91414461914061)
	    --Point printed
	  pt: (0.7806883007812506, 145.41826740234376)
	    --Point printed
	  pt: (0.9235814648437505, 145.90404392578125)
	    --Point printed
	  pt: (1.1118761718750005, 146.368856015625)
	    --Point printed
	  pt: (1.3429540722656252, 146.81008549804687)
	    --Point printed
	  pt: (1.6141968164062506, 147.22511419921875)
	    --Point printed
	  pt: (1.9229860546875008, 147.6113239453125)
	    --Point printed
	  pt: (2.2667034375000004, 147.9660965625)
	    --Point printed
	  pt: (2.6427306152343752, 148.28681387695312)
	    --Point printed
	  pt: (3.04844923828125, 148.57085771484375)
	    --Point printed
	  pt: (3.48124095703125, 148.81560990234374)
	    --Point printed
	  pt: (3.9384874218750006, 149.018452265625)
	    --Point printed
	  pt: (4.417570283203125, 149.17676663085936)
	    --Point printed
	  pt: (4.915871191406251, 149.28793482421875)
	    --Point printed
	  pt: (5.430771796875001, 149.349338671875)
	    --Point printed
	  pt: (5.782680000000001, 149.35836)
	    --Point printed
	  pt: (5.78268, 149.35836)
	    --Point printed
--Found Elem: <Element '{http://www.w3.org/2000/svg}path' at 0x00000201F7238E00>
  --Name: path
	Class : <class 'svg2gcode_py.lib.shapes.path'>
	Object: <Element '{http://www.w3.org/2000/svg}path' at 0x00000201F7238E00>
	Attrs : [('d', 'M96.378 13.2c45.813 0 83.178 37.365 83.178 83.178 0 45.813-37.365 83.179-83.178 83.179S13.2 142.191 13.2 96.378 50.565 13.2 96.378 13.2z'), ('fill', '#fff')]
	Transform: None
	d: M96.378 13.2c45.813 0 83.178 37.365 83.178 83.178 0 45.813-37.365 83.179-83.178 83.179S13.2 142.191 13.2 96.378 50.565 13.2 96.378 13.2z
	m: None
	d is GOOD!
	Points: <generator object point_generator at 0x00000201F723C2E0>
	  pt: (5.78268, 149.208)
	    --Point printed
	  pt: (5.954478749999999, 149.208)
	    --Point printed
	  pt: (6.459127822265626, 149.16506006835937)
	    --Point printed
	  pt: (6.94850818359375, 149.07296431640626)
	    --Point printed
	  pt: (7.420078300781251, 148.93425427734374)
	    --Point printed
	  pt: (7.871296640625001, 148.751471484375)
	    --Point printed
	  pt: (8.299621669921876, 148.52715747070312)
	    --Point printed
	  pt: (8.702511855468748, 148.26385376953124)
	    --Point printed
	  pt: (9.077425664062499, 147.9641019140625)
	    --Point printed
	  pt: (9.421821562499998, 147.6304434375)
	    --Point printed
	  pt: (9.733158017578123, 147.26541987304688)
	    --Point printed
	  pt: (10.008893496093748, 146.87157275390626)
	    --Point printed
	  pt: (10.24648646484375, 146.45144361328124)
	    --Point printed
	  pt: (10.443395390624998, 146.007573984375)
	    --Point printed
	  pt: (10.597078740234375, 145.54250540039064)
	    --Point printed
	  pt: (10.70499498046875, 145.05877939453126)
	    --Point printed
	  pt: (10.764602578124999, 144.5589375)
	    --Point printed
	  pt: (10.773359999999998, 144.04552125)
	    --Point printed
	  pt: (10.730420068359376, 143.5408710644531)
	    --Point printed
	  pt: (10.63832431640625, 143.05148841796876)
	    --Point printed
	  pt: (10.499614277343749, 142.57991501953126)
	    --Point printed
	  pt: (10.316831484375, 142.128692578125)
	    --Point printed
	  pt: (10.092517470703122, 141.70036280273436)
	    --Point printed
	  pt: (9.829213769531249, 141.29746740234376)
	    --Point printed
	  pt: (9.529461914062498, 140.9225480859375)
	    --Point printed
	  pt: (9.195803437499999, 140.5781465625)
	    --Point printed
	  pt: (8.830779873046874, 140.26680454101563)
	    --Point printed
	  pt: (8.436932753906248, 139.99106373046874)
	    --Point printed
	  pt: (8.016803613281247, 139.75346583984376)
	    --Point printed
	  pt: (7.572933984374998, 139.556552578125)
	    --Point printed
	  pt: (7.107865400390624, 139.40286565429687)
	    --Point printed
	  pt: (6.624139394531248, 139.29494677734374)
	    --Point printed
	  pt: (6.124297499999999, 139.23533765625)
	    --Point printed
	  pt: (5.6108812499999985, 139.22658)
	    --Point printed
	  pt: (5.106232177734374, 139.26952104492187)
	    --Point printed
	  pt: (4.61685181640625, 139.36161908203124)
	    --Point printed
	  pt: (4.145281699218749, 139.50033240234376)
	    --Point printed
	  pt: (3.6940633593749994, 139.683119296875)
	    --Point printed
	  pt: (3.265738330078124, 139.90743805664061)
	    --Point printed
	  pt: (2.8628481445312497, 140.17074697265625)
	    --Point printed
	  pt: (2.4879343359374997, 140.4705043359375)
	    --Point printed
	  pt: (2.1435384374999997, 140.8041684375)
	    --Point printed
	  pt: (1.8322019824218747, 141.16919756835938)
	    --Point printed
	  pt: (1.5564665039062497, 141.56305001953126)
	    --Point printed
	  pt: (1.3188735351562497, 141.98318408203124)
	    --Point printed
	  pt: (1.1219646093749998, 142.427058046875)
	    --Point printed
	  pt: (0.968281259765625, 142.89213020507813)
	    --Point printed
	  pt: (0.8603650195312499, 143.37585884765625)
	    --Point printed
	  pt: (0.8007574218749999, 143.875702265625)
	    --Point printed
	  pt: (0.7919999999999999, 144.38911875)
	    --Point printed
	  pt: (0.8349399316406249, 144.89376782226563)
	    --Point printed
	  pt: (0.92703568359375, 145.38314818359376)
	    --Point printed
	  pt: (1.06574572265625, 145.85471830078126)
	    --Point printed
	  pt: (1.2485285156249997, 146.305936640625)
	    --Point printed
	  pt: (1.4728425292968748, 146.73426166992186)
	    --Point printed
	  pt: (1.7361462304687496, 147.13715185546874)
	    --Point printed
	  pt: (2.0358980859374993, 147.5120656640625)
	    --Point printed
	  pt: (2.3695565624999997, 147.8564615625)
	    --Point printed
	  pt: (2.7345801269531247, 148.16779801757812)
	    --Point printed
	  pt: (3.1284272460937492, 148.44353349609375)
	    --Point printed
	  pt: (3.5485563867187495, 148.68112646484374)
	    --Point printed
	  pt: (3.9924260156249987, 148.878035390625)
	    --Point printed
	  pt: (4.457494599609374, 149.03171874023437)
	    --Point printed
	  pt: (4.941220605468749, 149.13963498046874)
	    --Point printed
	  pt: (5.4410625, 149.199242578125)
	    --Point printed
	  pt: (5.78268, 149.208)
	    --Point printed
	  pt: (5.78268, 149.208)
	    --Point printed
--Found Elem: <Element '{http://www.w3.org/2000/svg}path' at 0x00000201F7238E50>
  --Name: path
	Class : <class 'svg2gcode_py.lib.shapes.path'>
	Object: <Element '{http://www.w3.org/2000/svg}path' at 0x00000201F7238E50>
	Attrs : [('d', 'M96.378 37.429c32.469 0 58.95 26.481 58.95 58.949 0 32.468-26.48 58.95-58.95 58.95-32.469 0-58.95-26.482-58.95-58.95s26.482-58.949 58.95-58.949z'), ('fill', '#305a8a')]
	Transform: None
	d: M96.378 37.429c32.469 0 58.95 26.481 58.95 58.949 0 32.468-26.48 58.95-58.95 58.95-32.469 0-58.95-26.482-58.95-58.95s26.482-58.949 58.95-58.949z
	m: None
	d is GOOD!
	Points: <generator object point_generator at 0x00000201F723C200>
	  pt: (5.78268, 147.75426)
	    --Point printed
	  pt: (5.904438749999999, 147.75426)
	    --Point printed
	  pt: (6.262097431640624, 147.72382798828124)
	    --Point printed
	  pt: (6.608933964843749, 147.6585587109375)
	    --Point printed
	  pt: (6.94314720703125, 147.5602533984375)
	    --Point printed
	  pt: (7.262936015625, 147.43071328125)
	    --Point printed
	  pt: (7.566499248046875, 147.27173958984375)
	    --Point printed
	  pt: (7.852035761718751, 147.0851335546875)
	    --Point printed
	  pt: (8.1177444140625, 146.87269640625)
	    --Point printed
	  pt: (8.361824062499998, 146.636229375)
	    --Point printed
	  pt: (8.582473564453124, 146.37753369140626)
	    --Point printed
	  pt: (8.77789177734375, 146.0984105859375)
	    --Point printed
	  pt: (8.946277558593751, 145.8006612890625)
	    --Point printed
	  pt: (9.085829765624998, 145.48608703125)
	    --Point printed
	  pt: (9.194747255859374, 145.15648904296876)
	    --Point printed
	  pt: (9.271228886718749, 144.8136685546875)
	    --Point printed
	  pt: (9.313473515624999, 144.459426796875)
	    --Point printed
	  pt: (9.31968, 144.095565)
	    --Point printed
	  pt: (9.289249042968748, 143.7379153125)
	    --Point printed
	  pt: (9.223981757812497, 143.3910853125)
	    --Point printed
	  pt: (9.1256790234375, 143.05687640625)
	    --Point printed
	  pt: (8.996141718750001, 142.73709)
	    --Point printed
	  pt: (8.837170722656252, 142.4335275)
	    --Point printed
	  pt: (8.6505669140625, 142.1479903125)
	    --Point printed
	  pt: (8.438131171875, 141.88227984375)
	    --Point printed
	  pt: (8.201664375000002, 141.6381975)
	    --Point printed
	  pt: (7.942967402343751, 141.4175446875)
	    --Point printed
	  pt: (7.663841132812501, 141.2221228125)
	    --Point printed
	  pt: (7.366086445312501, 141.05373328125)
	    --Point printed
	  pt: (7.05150421875, 140.9141775)
	    --Point printed
	  pt: (6.72189533203125, 140.805256875)
	    --Point printed
	  pt: (6.379060664062499, 140.7287728125)
	    --Point printed
	  pt: (6.02480109375, 140.68652671875)
	    --Point printed
	  pt: (5.66092125, 140.68032)
	    --Point printed
	  pt: (5.303262568359375, 140.710753125)
	    --Point printed
	  pt: (4.95642603515625, 140.7760246875)
	    --Point printed
	  pt: (4.62221279296875, 140.87433328125002)
	    --Point printed
	  pt: (4.302423984375, 141.00387750000002)
	    --Point printed
	  pt: (3.998860751953125, 141.1628559375)
	    --Point printed
	  pt: (3.7133242382812504, 141.3494671875)
	    --Point printed
	  pt: (3.4476155859374997, 141.56190984375002)
	    --Point printed
	  pt: (3.2035359375, 141.7983825)
	    --Point printed
	  pt: (2.9828864355468747, 142.05708375)
	    --Point printed
	  pt: (2.78746822265625, 142.3362121875)
	    --Point printed
	  pt: (2.61908244140625, 142.63396640625)
	    --Point printed
	  pt: (2.4795302343749994, 142.948545)
	    --Point printed
	  pt: (2.3706127441406246, 143.2781465625)
	    --Point printed
	  pt: (2.2941311132812494, 143.6209696875)
	    --Point printed
	  pt: (2.2518864843749995, 143.97521296875)
	    --Point printed
	  pt: (2.2456799999999997, 144.339075)
	    --Point printed
	  pt: (2.2761131249999997, 144.69672357421877)
	    --Point printed
	  pt: (2.3413846874999997, 145.0435512890625)
	    --Point printed
	  pt: (2.4396932812499994, 145.3777569140625)
	    --Point printed
	  pt: (2.5692374999999994, 145.69753921875)
	    --Point printed
	  pt: (2.7282159374999995, 146.00109697265626)
	    --Point printed
	  pt: (2.9148271875, 146.2866289453125)
	    --Point printed
	  pt: (3.1272698437499993, 146.55233390625)
	    --Point printed
	  pt: (3.3637424999999994, 146.796410625)
	    --Point printed
	  pt: (3.6224437499999995, 147.01705787109375)
	    --Point printed
	  pt: (3.9015721874999993, 147.2124744140625)
	    --Point printed
	  pt: (4.199326406249999, 147.3808590234375)
	    --Point printed
	  pt: (4.513905, 147.52041046875)
	    --Point printed
	  pt: (4.8435065625, 147.62932751953124)
	    --Point printed
	  pt: (5.186329687500001, 147.7058089453125)
	    --Point printed
	  pt: (5.540572968749999, 147.748053515625)
	    --Point printed
	  pt: (5.78268, 147.75426)
	    --Point printed
	  pt: (5.78268, 147.75426)
	    --Point printed
--Found Elem: <Element '{http://www.w3.org/2000/svg}path' at 0x00000201F7238EA0>
  --Name: path
	Class : <class 'svg2gcode_py.lib.shapes.path'>
	Object: <Element '{http://www.w3.org/2000/svg}path' at 0x00000201F7238EA0>
	Attrs : [('d', 'M17.628 85.074l16.361 1.431-1.276 14.584-3.526-.309.797-9.107-2.606-.228-.737 8.418-3.484-.305.737-8.419-3.172-.277-.827 9.45-3.571-.312 1.304-14.926zm5.819 24.598l-.042.01-.454.062c-.617.143-1.014.512-1.199 1.115-.186.602-.148 1.463.109 2.576.197.852.475 1.488.835 1.908s.757.578 1.19.479c.65-.148.967-1.223.947-3.223l-.007-.525-.003-.557c-.046-3.166.222-5.273.802-6.324a3.926 3.926 0 0 1 1.113-1.262c.236-.168.485-.309.748-.424.264-.113.569-.211.916-.291 1.563-.361 2.918.057 4.072 1.254 1.151 1.197 2.037 3.135 2.654 5.809.611 2.646.678 4.697.196 6.145-.479 1.447-1.524 2.355-3.127 2.727l-.186.041-1.155-5 .075-.018c.542-.125.9-.475 1.072-1.047.086-.285.124-.619.112-.998a6.906 6.906 0 0 0-.193-1.326c-.176-.766-.412-1.332-.704-1.695-.294-.361-.632-.498-1.016-.408-.658.15-.973 1.373-.946 3.666l.022 1.037c.012 1.674-.029 2.854-.124 3.543a7.839 7.839 0 0 1-.494 1.889 4.042 4.042 0 0 1-1.195 1.58 4.513 4.513 0 0 1-1.846.883c-1.628.375-3.053-.094-4.277-1.406-1.225-1.312-2.166-3.387-2.82-6.223-.647-2.805-.695-4.936-.143-6.383.552-1.449 1.756-2.389 3.614-2.816l.239-.057 1.215 5.259zm13.414 16.82l-2.979 1.721 1.559 2.699c.371.643.768 1.045 1.191 1.209.427.162.893.096 1.398-.195.484-.279.758-.648.83-1.105.07-.455-.076-.998-.439-1.629l-1.56-2.7zm-14.015 1.715l14.224-8.211 5.038 8.727c1.106 1.914 1.569 3.504 1.388 4.764-.179 1.262-1.019 2.322-2.517 3.188-1.499.865-2.928 1.086-4.29.654-1.364-.432-2.514-1.459-3.453-3.086l-2.45-4.244-5.179 2.99-2.761-4.782zm20.831 16.615c-1.16 1.201-1.761 2.365-1.802 3.49-.039 1.129.48 2.211 1.559 3.254 1.085 1.047 2.192 1.541 3.324 1.484 1.134-.057 2.262-.668 3.385-1.83 1.221-1.266 1.873-2.502 1.955-3.715.08-1.211-.427-2.346-1.521-3.402-1.009-.975-2.119-1.4-3.329-1.281-1.211.123-2.4.789-3.571 2zm-2.748 8.951c-2.344-2.262-3.617-4.502-3.821-6.715-.206-2.217.664-4.328 2.609-6.342 1.881-1.947 3.97-2.826 6.267-2.637 2.297.193 4.644 1.445 7.043 3.762 2.371 2.287 3.667 4.562 3.895 6.824.225 2.262-.637 4.4-2.585 6.418-1.902 1.971-3.988 2.846-6.259 2.629-2.273-.216-4.656-1.53-7.149-3.939zm24.238 1.139l-1.491 2.926 2.778 1.416c.668.34 1.218.473 1.647.395.429-.076.774-.365 1.03-.867.26-.51.297-.959.116-1.346-.182-.389-.615-.758-1.303-1.107l-2.777-1.417zm-10.845 9.172l7.458-14.635 8.391 4.275c.874.445 1.602.832 2.181 1.162.584.33 1.017.605 1.304.824.581.432 1.008.893 1.278 1.385.268.492.395 1.064.377 1.721a4.487 4.487 0 0 1-.507 1.93c-.492.967-1.213 1.584-2.158 1.857-.946.27-2.021.162-3.223-.324.582.295 1.052.609 1.408.941.356.332.619.684.789 1.051.32.646.294 1.459-.079 2.436l-.97 2.568c-.135.346-.259.748-.373 1.197l-.33 1.531-5.079-2.588c.015-.148.042-.303.075-.455.031-.156.095-.367.183-.639l.148-.463c.076-.219.171-.436.283-.654l.892-2.096c.164-.322.264-.613.297-.865a1.39 1.39 0 0 0-.067-.691c-.134-.359-.59-.738-1.37-1.137l-3.085-1.572-2.922 5.736-4.901-2.495zm26.124 10.145l2.445-12.58-5.999-1.166.688-3.541 17.499 3.4-.688 3.543-6.002-1.168-2.445 12.58-5.498-1.068zm17.304 2.228l-2.001-16.301 14.53-1.785.432 3.514-9.074 1.115.32 2.596 8.389-1.029.426 3.471-8.389 1.031.389 3.16 9.414-1.156.438 3.559-14.874 1.825zm33.957-20.957c-.48-.639-1.049-1.018-1.695-1.139-.65-.123-1.375.02-2.178.428-1.27.648-2.041 1.545-2.318 2.697-.273 1.154-.035 2.469.721 3.949.725 1.422 1.619 2.346 2.686 2.771s2.227.32 3.477-.316c.906-.461 1.521-1.051 1.848-1.766.328-.719.34-1.541.043-2.471l5.178-2.639c.791 1.998.713 3.816-.238 5.459-.949 1.641-2.838 3.182-5.66 4.619-2.719 1.387-5.162 1.828-7.33 1.324-2.168-.502-3.836-1.898-5-4.186-1.271-2.492-1.469-4.822-.594-6.99.875-2.162 2.762-3.984 5.656-5.459 2.535-1.293 4.682-1.84 6.438-1.643.92.088 1.723.352 2.4.785.73.463 1.303 1.111 1.729 1.945l-5.163 2.632zm22.814-9.652l2.492 2.578-10.203 9.854-11.41-11.814 4.035-3.896 8.918 9.234 6.168-5.956zm-8.048-9.907l2.723-4.715 8.098 4.676c1.176.678 2.209.912 3.094.699s1.654-.885 2.309-2.018c.631-1.092.814-2.084.555-2.971-.264-.891-.973-1.668-2.131-2.336l-8.1-4.678 2.645-4.578 8.041 4.645c2.211 1.273 3.461 2.857 3.75 4.746s-.369 4.225-1.973 7.002c-1.594 2.762-3.262 4.471-5.002 5.125s-3.729.336-5.965-.955l-8.044-4.642zm14.125-22.248l3.342.771.65-2.818c.158-.689.139-1.234-.061-1.637-.203-.404-.58-.672-1.139-.801-.533-.123-.986-.047-1.355.23-.367.277-.631.756-.787 1.436l-.65 2.819zm5.998 1.387l3.518.811.748-3.244c.178-.766.164-1.381-.043-1.844-.207-.459-.6-.758-1.178-.893-.572-.131-1.053-.035-1.443.287-.391.326-.676.871-.852 1.639l-.75 3.244zm5.56 6.756l-16.002-3.693 2.289-9.916c.141-.613.27-1.123.387-1.527s.234-.746.357-1.025c.121-.281.24-.521.359-.723s.27-.398.453-.592a3.16 3.16 0 0 1 1.572-.98c.617-.168 1.297-.162 2.045.01.896.207 1.574.637 2.031 1.291.459.654.73 1.582.818 2.785.633-1.279 1.357-2.148 2.176-2.602.814-.457 1.797-.551 2.939-.287 1.402.322 2.379.994 2.926 2.006.547 1.014.629 2.346.248 3.996l-2.598 11.257zm4.293-22.379l-16.361 1.432-1.275-14.584 3.525-.309.797 9.107 2.607-.229-.736-8.419 3.484-.305.736 8.419 3.172-.277-.826-9.45 3.57-.312 1.307 14.927zM35.688 55.122c-.736-.312-1.417-.356-2.039-.138-.625.22-1.181.705-1.672 1.46-.776 1.195-.995 2.358-.658 3.495.341 1.135 1.204 2.155 2.598 3.06 1.338.869 2.575 1.221 3.711 1.058 1.137-.166 2.089-.836 2.853-2.012.554-.854.793-1.67.717-2.454-.074-.786-.475-1.505-1.197-2.161l3.166-4.874c1.683 1.334 2.524 2.948 2.522 4.846-.001 1.896-.866 4.175-2.591 6.832-1.663 2.561-3.558 4.164-5.687 4.811-2.128.65-4.271.275-6.424-1.124-2.345-1.523-3.682-3.441-4.007-5.756-.324-2.311.399-4.833 2.168-7.558 1.549-2.386 3.135-3.933 4.755-4.641.839-.382 1.666-.557 2.471-.52.863.037 1.684.312 2.468.821l-3.154 4.855zm9.846-14.699l2.154 2.479 2.354-2.046c.566-.492.895-.952.983-1.381.091-.425-.047-.854-.417-1.279-.375-.433-.778-.634-1.204-.612-.43.022-.934.286-1.517.793l-2.353 2.046zm4.441 13.49L39.2 41.518l7.107-6.178a52.637 52.637 0 0 1 1.896-1.587c.524-.418.941-.716 1.253-.9.616-.377 1.204-.601 1.762-.667.556-.064 1.135.033 1.737.296a4.494 4.494 0 0 1 1.6 1.192c.711.817 1.014 1.718.913 2.696-.105.979-.606 1.936-1.508 2.867.493-.429.959-.748 1.4-.953.44-.206.864-.318 1.27-.338.719-.055 1.461.274 2.228.986l2.018 1.861c.271.255.596.521.971.795l1.296.878-4.302 3.74a4.056 4.056 0 0 1-.394-.239 6.933 6.933 0 0 1-.525-.408c-.219-.184-.344-.287-.373-.311a5.36 5.36 0 0 1-.502-.508l-1.608-1.611c-.237-.273-.47-.476-.691-.6a1.374 1.374 0 0 0-.665-.196c-.384-.011-.906.27-1.566.844l-2.614 2.272 4.222 4.857-4.15 3.607zm9.051-27.565l5.048-2.04 3.503 8.671c.508 1.258 1.178 2.079 2.006 2.455.829.378 1.849.322 3.062-.167 1.168-.472 1.925-1.14 2.266-2 .34-.863.26-1.913-.24-3.153l-3.503-8.671 4.902-1.98 3.479 8.61c.955 2.366.966 4.384.031 6.05-.935 1.666-2.891 3.102-5.864 4.303-2.957 1.195-5.325 1.515-7.099.958-1.774-.556-3.145-2.031-4.112-4.425l-3.479-8.611zm32.599 4.066l9.986-.175.064 3.585-16.365.286-.078-4.52 9.106-8.455-8.75.152-.063-3.608 15.553-.271.076 4.364-9.529 8.642zm12.826 3.798l3.414-16.065 14.32 3.044-.736 3.463-8.941-1.901-.545 2.56 8.268 1.757-.727 3.42-8.268-1.757-.662 3.115 9.279 1.972-.746 3.507-14.656-3.115zm16.764 4.707l7.455-14.634 5.002 2.548-7.457 14.634-5-2.548zm20.428-3.056l-2.021 2.587 2.457 1.92c.592.461 1.105.697 1.543.702.436.007.828-.209 1.176-.654.354-.451.475-.885.371-1.298-.104-.417-.459-.861-1.068-1.337l-2.458-1.92zm-12.395 6.934l10.111-12.942 7.422 5.798a57.286 57.286 0 0 1 1.92 1.558c.51.435.881.787 1.121 1.058.488.533.82 1.066.992 1.602.168.534.184 1.121.041 1.762a4.506 4.506 0 0 1-.865 1.798c-.668.854-1.492 1.323-2.473 1.41-.98.084-2.016-.226-3.102-.933.514.401.916.799 1.201 1.192.287.394.477.788.574 1.183.191.695.01 1.487-.543 2.375l-1.441 2.336c-.199.315-.396.685-.596 1.104l-.615 1.44-4.492-3.51c.043-.144.1-.288.16-.432.061-.147.164-.343.301-.593.139-.25.217-.392.234-.425.117-.201.252-.396.402-.589l1.275-1.887c.223-.286.377-.552.457-.793a1.38 1.38 0 0 0 .066-.691c-.062-.378-.438-.837-1.127-1.376l-2.73-2.133-3.963 5.072-4.33-3.384zm24.615 12.497c-1.402.91-2.25 1.908-2.541 2.996-.291 1.09-.031 2.263.787 3.52.82 1.265 1.787 1.996 2.904 2.196 1.117.199 2.354-.143 3.709-1.022 1.475-.958 2.389-2.017 2.74-3.18.35-1.162.113-2.381-.717-3.657-.764-1.176-1.748-1.841-2.953-1.997-1.208-.154-2.517.227-3.929 1.144zm-4.693 8.105c-1.773-2.732-2.51-5.201-2.211-7.404.299-2.205 1.621-4.067 3.969-5.591 2.27-1.475 4.504-1.862 6.699-1.16 2.195.706 4.199 2.452 6.016 5.249 1.795 2.764 2.547 5.272 2.26 7.525-.289 2.255-1.609 4.146-3.963 5.674-2.297 1.491-4.525 1.875-6.689 1.153-2.167-.722-4.192-2.539-6.081-5.446z'), ('fill', '#305a8a')]
	Transform: None
	d: M17.628 85.074l16.361 1.431-1.276 14.584-3.526-.309.797-9.107-2.606-.228-.737 8.418-3.484-.305.737-8.419-3.172-.277-.827 9.45-3.571-.312 1.304-14.926zm5.819 24.598l-.042.01-.454.062c-.617.143-1.014.512-1.199 1.115-.186.602-.148 1.463.109 2.576.197.852.475 1.488.835 1.908s.757.578 1.19.479c.65-.148.967-1.223.947-3.223l-.007-.525-.003-.557c-.046-3.166.222-5.273.802-6.324a3.926 3.926 0 0 1 1.113-1.262c.236-.168.485-.309.748-.424.264-.113.569-.211.916-.291 1.563-.361 2.918.057 4.072 1.254 1.151 1.197 2.037 3.135 2.654 5.809.611 2.646.678 4.697.196 6.145-.479 1.447-1.524 2.355-3.127 2.727l-.186.041-1.155-5 .075-.018c.542-.125.9-.475 1.072-1.047.086-.285.124-.619.112-.998a6.906 6.906 0 0 0-.193-1.326c-.176-.766-.412-1.332-.704-1.695-.294-.361-.632-.498-1.016-.408-.658.15-.973 1.373-.946 3.666l.022 1.037c.012 1.674-.029 2.854-.124 3.543a7.839 7.839 0 0 1-.494 1.889 4.042 4.042 0 0 1-1.195 1.58 4.513 4.513 0 0 1-1.846.883c-1.628.375-3.053-.094-4.277-1.406-1.225-1.312-2.166-3.387-2.82-6.223-.647-2.805-.695-4.936-.143-6.383.552-1.449 1.756-2.389 3.614-2.816l.239-.057 1.215 5.259zm13.414 16.82l-2.979 1.721 1.559 2.699c.371.643.768 1.045 1.191 1.209.427.162.893.096 1.398-.195.484-.279.758-.648.83-1.105.07-.455-.076-.998-.439-1.629l-1.56-2.7zm-14.015 1.715l14.224-8.211 5.038 8.727c1.106 1.914 1.569 3.504 1.388 4.764-.179 1.262-1.019 2.322-2.517 3.188-1.499.865-2.928 1.086-4.29.654-1.364-.432-2.514-1.459-3.453-3.086l-2.45-4.244-5.179 2.99-2.761-4.782zm20.831 16.615c-1.16 1.201-1.761 2.365-1.802 3.49-.039 1.129.48 2.211 1.559 3.254 1.085 1.047 2.192 1.541 3.324 1.484 1.134-.057 2.262-.668 3.385-1.83 1.221-1.266 1.873-2.502 1.955-3.715.08-1.211-.427-2.346-1.521-3.402-1.009-.975-2.119-1.4-3.329-1.281-1.211.123-2.4.789-3.571 2zm-2.748 8.951c-2.344-2.262-3.617-4.502-3.821-6.715-.206-2.217.664-4.328 2.609-6.342 1.881-1.947 3.97-2.826 6.267-2.637 2.297.193 4.644 1.445 7.043 3.762 2.371 2.287 3.667 4.562 3.895 6.824.225 2.262-.637 4.4-2.585 6.418-1.902 1.971-3.988 2.846-6.259 2.629-2.273-.216-4.656-1.53-7.149-3.939zm24.238 1.139l-1.491 2.926 2.778 1.416c.668.34 1.218.473 1.647.395.429-.076.774-.365 1.03-.867.26-.51.297-.959.116-1.346-.182-.389-.615-.758-1.303-1.107l-2.777-1.417zm-10.845 9.172l7.458-14.635 8.391 4.275c.874.445 1.602.832 2.181 1.162.584.33 1.017.605 1.304.824.581.432 1.008.893 1.278 1.385.268.492.395 1.064.377 1.721a4.487 4.487 0 0 1-.507 1.93c-.492.967-1.213 1.584-2.158 1.857-.946.27-2.021.162-3.223-.324.582.295 1.052.609 1.408.941.356.332.619.684.789 1.051.32.646.294 1.459-.079 2.436l-.97 2.568c-.135.346-.259.748-.373 1.197l-.33 1.531-5.079-2.588c.015-.148.042-.303.075-.455.031-.156.095-.367.183-.639l.148-.463c.076-.219.171-.436.283-.654l.892-2.096c.164-.322.264-.613.297-.865a1.39 1.39 0 0 0-.067-.691c-.134-.359-.59-.738-1.37-1.137l-3.085-1.572-2.922 5.736-4.901-2.495zm26.124 10.145l2.445-12.58-5.999-1.166.688-3.541 17.499 3.4-.688 3.543-6.002-1.168-2.445 12.58-5.498-1.068zm17.304 2.228l-2.001-16.301 14.53-1.785.432 3.514-9.074 1.115.32 2.596 8.389-1.029.426 3.471-8.389 1.031.389 3.16 9.414-1.156.438 3.559-14.874 1.825zm33.957-20.957c-.48-.639-1.049-1.018-1.695-1.139-.65-.123-1.375.02-2.178.428-1.27.648-2.041 1.545-2.318 2.697-.273 1.154-.035 2.469.721 3.949.725 1.422 1.619 2.346 2.686 2.771s2.227.32 3.477-.316c.906-.461 1.521-1.051 1.848-1.766.328-.719.34-1.541.043-2.471l5.178-2.639c.791 1.998.713 3.816-.238 5.459-.949 1.641-2.838 3.182-5.66 4.619-2.719 1.387-5.162 1.828-7.33 1.324-2.168-.502-3.836-1.898-5-4.186-1.271-2.492-1.469-4.822-.594-6.99.875-2.162 2.762-3.984 5.656-5.459 2.535-1.293 4.682-1.84 6.438-1.643.92.088 1.723.352 2.4.785.73.463 1.303 1.111 1.729 1.945l-5.163 2.632zm22.814-9.652l2.492 2.578-10.203 9.854-11.41-11.814 4.035-3.896 8.918 9.234 6.168-5.956zm-8.048-9.907l2.723-4.715 8.098 4.676c1.176.678 2.209.912 3.094.699s1.654-.885 2.309-2.018c.631-1.092.814-2.084.555-2.971-.264-.891-.973-1.668-2.131-2.336l-8.1-4.678 2.645-4.578 8.041 4.645c2.211 1.273 3.461 2.857 3.75 4.746s-.369 4.225-1.973 7.002c-1.594 2.762-3.262 4.471-5.002 5.125s-3.729.336-5.965-.955l-8.044-4.642zm14.125-22.248l3.342.771.65-2.818c.158-.689.139-1.234-.061-1.637-.203-.404-.58-.672-1.139-.801-.533-.123-.986-.047-1.355.23-.367.277-.631.756-.787 1.436l-.65 2.819zm5.998 1.387l3.518.811.748-3.244c.178-.766.164-1.381-.043-1.844-.207-.459-.6-.758-1.178-.893-.572-.131-1.053-.035-1.443.287-.391.326-.676.871-.852 1.639l-.75 3.244zm5.56 6.756l-16.002-3.693 2.289-9.916c.141-.613.27-1.123.387-1.527s.234-.746.357-1.025c.121-.281.24-.521.359-.723s.27-.398.453-.592a3.16 3.16 0 0 1 1.572-.98c.617-.168 1.297-.162 2.045.01.896.207 1.574.637 2.031 1.291.459.654.73 1.582.818 2.785.633-1.279 1.357-2.148 2.176-2.602.814-.457 1.797-.551 2.939-.287 1.402.322 2.379.994 2.926 2.006.547 1.014.629 2.346.248 3.996l-2.598 11.257zm4.293-22.379l-16.361 1.432-1.275-14.584 3.525-.309.797 9.107 2.607-.229-.736-8.419 3.484-.305.736 8.419 3.172-.277-.826-9.45 3.57-.312 1.307 14.927zM35.688 55.122c-.736-.312-1.417-.356-2.039-.138-.625.22-1.181.705-1.672 1.46-.776 1.195-.995 2.358-.658 3.495.341 1.135 1.204 2.155 2.598 3.06 1.338.869 2.575 1.221 3.711 1.058 1.137-.166 2.089-.836 2.853-2.012.554-.854.793-1.67.717-2.454-.074-.786-.475-1.505-1.197-2.161l3.166-4.874c1.683 1.334 2.524 2.948 2.522 4.846-.001 1.896-.866 4.175-2.591 6.832-1.663 2.561-3.558 4.164-5.687 4.811-2.128.65-4.271.275-6.424-1.124-2.345-1.523-3.682-3.441-4.007-5.756-.324-2.311.399-4.833 2.168-7.558 1.549-2.386 3.135-3.933 4.755-4.641.839-.382 1.666-.557 2.471-.52.863.037 1.684.312 2.468.821l-3.154 4.855zm9.846-14.699l2.154 2.479 2.354-2.046c.566-.492.895-.952.983-1.381.091-.425-.047-.854-.417-1.279-.375-.433-.778-.634-1.204-.612-.43.022-.934.286-1.517.793l-2.353 2.046zm4.441 13.49L39.2 41.518l7.107-6.178a52.637 52.637 0 0 1 1.896-1.587c.524-.418.941-.716 1.253-.9.616-.377 1.204-.601 1.762-.667.556-.064 1.135.033 1.737.296a4.494 4.494 0 0 1 1.6 1.192c.711.817 1.014 1.718.913 2.696-.105.979-.606 1.936-1.508 2.867.493-.429.959-.748 1.4-.953.44-.206.864-.318 1.27-.338.719-.055 1.461.274 2.228.986l2.018 1.861c.271.255.596.521.971.795l1.296.878-4.302 3.74a4.056 4.056 0 0 1-.394-.239 6.933 6.933 0 0 1-.525-.408c-.219-.184-.344-.287-.373-.311a5.36 5.36 0 0 1-.502-.508l-1.608-1.611c-.237-.273-.47-.476-.691-.6a1.374 1.374 0 0 0-.665-.196c-.384-.011-.906.27-1.566.844l-2.614 2.272 4.222 4.857-4.15 3.607zm9.051-27.565l5.048-2.04 3.503 8.671c.508 1.258 1.178 2.079 2.006 2.455.829.378 1.849.322 3.062-.167 1.168-.472 1.925-1.14 2.266-2 .34-.863.26-1.913-.24-3.153l-3.503-8.671 4.902-1.98 3.479 8.61c.955 2.366.966 4.384.031 6.05-.935 1.666-2.891 3.102-5.864 4.303-2.957 1.195-5.325 1.515-7.099.958-1.774-.556-3.145-2.031-4.112-4.425l-3.479-8.611zm32.599 4.066l9.986-.175.064 3.585-16.365.286-.078-4.52 9.106-8.455-8.75.152-.063-3.608 15.553-.271.076 4.364-9.529 8.642zm12.826 3.798l3.414-16.065 14.32 3.044-.736 3.463-8.941-1.901-.545 2.56 8.268 1.757-.727 3.42-8.268-1.757-.662 3.115 9.279 1.972-.746 3.507-14.656-3.115zm16.764 4.707l7.455-14.634 5.002 2.548-7.457 14.634-5-2.548zm20.428-3.056l-2.021 2.587 2.457 1.92c.592.461 1.105.697 1.543.702.436.007.828-.209 1.176-.654.354-.451.475-.885.371-1.298-.104-.417-.459-.861-1.068-1.337l-2.458-1.92zm-12.395 6.934l10.111-12.942 7.422 5.798a57.286 57.286 0 0 1 1.92 1.558c.51.435.881.787 1.121 1.058.488.533.82 1.066.992 1.602.168.534.184 1.121.041 1.762a4.506 4.506 0 0 1-.865 1.798c-.668.854-1.492 1.323-2.473 1.41-.98.084-2.016-.226-3.102-.933.514.401.916.799 1.201 1.192.287.394.477.788.574 1.183.191.695.01 1.487-.543 2.375l-1.441 2.336c-.199.315-.396.685-.596 1.104l-.615 1.44-4.492-3.51c.043-.144.1-.288.16-.432.061-.147.164-.343.301-.593.139-.25.217-.392.234-.425.117-.201.252-.396.402-.589l1.275-1.887c.223-.286.377-.552.457-.793a1.38 1.38 0 0 0 .066-.691c-.062-.378-.438-.837-1.127-1.376l-2.73-2.133-3.963 5.072-4.33-3.384zm24.615 12.497c-1.402.91-2.25 1.908-2.541 2.996-.291 1.09-.031 2.263.787 3.52.82 1.265 1.787 1.996 2.904 2.196 1.117.199 2.354-.143 3.709-1.022 1.475-.958 2.389-2.017 2.74-3.18.35-1.162.113-2.381-.717-3.657-.764-1.176-1.748-1.841-2.953-1.997-1.208-.154-2.517.227-3.929 1.144zm-4.693 8.105c-1.773-2.732-2.51-5.201-2.211-7.404.299-2.205 1.621-4.067 3.969-5.591 2.27-1.475 4.504-1.862 6.699-1.16 2.195.706 4.199 2.452 6.016 5.249 1.795 2.764 2.547 5.272 2.26 7.525-.289 2.255-1.609 4.146-3.963 5.674-2.297 1.491-4.525 1.875-6.689 1.153-2.167-.722-4.192-2.539-6.081-5.446z
	m: None
	d is GOOD!
	Points: <generator object point_generator at 0x00000201F723C2E0>
	  pt: (1.05768, 144.89556)
	    --Point printed
	  pt: (1.05768, 144.89556)
	    --Point printed
	  pt: (2.03934, 144.8097)
	    --Point printed
	  pt: (1.96278, 143.93466)
	    --Point printed
	  pt: (1.75122, 143.9532)
	    --Point printed
	  pt: (1.79904, 144.49962)
	    --Point printed
	  pt: (1.64268, 144.5133)
	    --Point printed
	  pt: (1.59846, 144.00822)
	    --Point printed
	  pt: (1.38942, 144.02652)
	    --Point printed
	  pt: (1.43364, 144.53166)
	    --Point printed
	  pt: (1.24332, 144.54828)
	    --Point printed
	  pt: (1.1937000000000002, 143.98128)
	    --Point printed
	  pt: (0.9794400000000001, 144.0)
	    --Point printed
	  pt: (1.05768, 144.89556)
	    --Point printed
	  pt: (1.05768, 144.89556)
	    --Point printed
	  pt: (1.40682, 143.41968)
	    --Point printed
	  pt: (1.4042999999999999, 143.41908)
	    --Point printed
	  pt: (1.35855, 143.41107)
	    --Point printed
	  pt: (1.3193999999999997, 143.38113)
	    --Point printed
	  pt: (1.2995399999999997, 143.3304)
	    --Point printed
	  pt: (1.2995249999999996, 143.2569)
	    --Point printed
	  pt: (1.3234799999999998, 143.14278)
	    --Point printed
	  pt: (1.3725599999999998, 143.06682)
	    --Point printed
	  pt: (1.4077199999999999, 143.048595)
	    --Point printed
	  pt: (1.4429099999999997, 143.0529)
	    --Point printed
	  pt: (1.4659087499999996, 143.0769375)
	    --Point printed
	  pt: (1.4861249999999997, 143.137935)
	    --Point printed
	  pt: (1.4899799999999999, 143.24406)
	    --Point printed
	  pt: (1.4895599999999998, 143.27556)
	    --Point printed
	  pt: (1.4879999999999998, 143.40396)
	    --Point printed
	  pt: (1.5073799999999997, 143.60952)
	    --Point printed
	  pt: (1.5540258988646434, 143.7181897380588)
	    --Point printed
	  pt: (1.6184399999999997, 143.77422)
	    --Point printed
	  pt: (1.6649999999999998, 143.79636)
	    --Point printed
	  pt: (1.7510099999999997, 143.81787)
	    --Point printed
	  pt: (1.8761849999999998, 143.791935)
	    --Point printed
	  pt: (1.9829699999999997, 143.69589)
	    --Point printed
	  pt: (2.0666249999999997, 143.53266)
	    --Point printed
	  pt: (2.1260099999999995, 143.30388)
	    --Point printed
	  pt: (2.140125, 143.110485)
	    --Point printed
	  pt: (2.10507, 142.97115)
	    --Point printed
	  pt: (2.01963, 142.8813)
	    --Point printed
	  pt: (1.9318199999999996, 142.85094)
	    --Point printed
	  pt: (1.9206599999999996, 142.84848)
	    --Point printed
	  pt: (1.8513599999999997, 143.14848)
	    --Point printed
	  pt: (1.8721199999999996, 143.15331)
	    --Point printed
	  pt: (1.9070699999999996, 143.18139)
	    --Point printed
	  pt: (1.9253399999999994, 143.22948)
	    --Point printed
	  pt: (1.9256280474009912, 143.29909266700588)
	    --Point printed
	  pt: (1.9047599999999996, 143.39778)
	    --Point printed
	  pt: (1.8642599999999994, 143.46435)
	    --Point printed
	  pt: (1.8344699999999996, 143.479995)
	    --Point printed
	  pt: (1.8022499999999995, 143.47575)
	    --Point printed
	  pt: (1.7790693749999993, 143.448886875)
	    --Point printed
	  pt: (1.7588699999999995, 143.37957)
	    --Point printed
	  pt: (1.7553599999999994, 143.25804)
	    --Point printed
	  pt: (1.7573999999999992, 143.09538)
	    --Point printed
	  pt: (1.7441220881352646, 142.94437238341757)
	    --Point printed
	  pt: (1.70393359043806, 142.8328417487702)
	    --Point printed
	  pt: (1.6155235826468783, 142.74919228272535)
	    --Point printed
	  pt: (1.5127199999999994, 142.716495)
	    --Point printed
	  pt: (1.443262499999999, 142.715443125)
	    --Point printed
	  pt: (1.3783574999999992, 142.73337375)
	    --Point printed
	  pt: (1.3179937499999992, 142.77028125)
	    --Point printed
	  pt: (1.2437699999999992, 142.84584)
	    --Point printed
	  pt: (1.1548649999999994, 143.021115)
	    --Point printed
	  pt: (1.0919099999999993, 143.26401)
	    --Point printed
	  pt: (1.0786199999999992, 143.46576)
	    --Point printed
	  pt: (1.1110199999999992, 143.584575)
	    --Point printed
	  pt: (1.1480887499999992, 143.64022875)
	    --Point printed
	  pt: (1.2179099999999992, 143.698485)
	    --Point printed
	  pt: (1.3195799999999993, 143.7318)
	    --Point printed
	  pt: (1.3339199999999993, 143.73522)
	    --Point printed
	  pt: (1.4068199999999993, 143.41968)
	    --Point printed
	  pt: (1.40682, 143.41968)
	    --Point printed
	  pt: (2.2116599999999997, 142.41048)
	    --Point printed
	  pt: (2.03292, 142.30722)
	    --Point printed
	  pt: (2.14872, 142.1067)
	    --Point printed
	  pt: (2.21073, 142.06788)
	    --Point printed
	  pt: (2.252085, 142.070355)
	    --Point printed
	  pt: (2.29632, 142.09281)
	    --Point printed
	  pt: (2.3242499999999997, 142.12464)
	    --Point printed
	  pt: (2.3358, 142.17804)
	    --Point printed
	  pt: (2.30526, 142.24848)
	    --Point printed
	  pt: (2.2116599999999997, 142.41048)
	    --Point printed
	  pt: (2.2116599999999997, 142.41048)
	    --Point printed
	  pt: (1.3707599999999998, 142.30758)
	    --Point printed
	  pt: (2.2241999999999993, 142.80024)
	    --Point printed
	  pt: (2.559659999999999, 142.2192)
	    --Point printed
	  pt: (2.6109599999999995, 142.07133)
	    --Point printed
	  pt: (2.604389999999999, 141.95292)
	    --Point printed
	  pt: (2.538749999999999, 141.85437)
	    --Point printed
	  pt: (2.413769999999999, 141.77355)
	    --Point printed
	  pt: (2.284064999999999, 141.744135)
	    --Point printed
	  pt: (2.1604199999999993, 141.77322)
	    --Point printed
	  pt: (2.053664999999999, 141.8568)
	    --Point printed
	  pt: (1.9941599999999988, 141.94542)
	    --Point printed
	  pt: (1.847159999999999, 142.20006)
	    --Point printed
	  pt: (1.536419999999999, 142.02066)
	    --Point printed
	  pt: (1.370759999999999, 142.30758)
	    --Point printed
	  pt: (1.3707599999999998, 142.30758)
	    --Point printed
	  pt: (2.5858199999999996, 141.27465)
	    --Point printed
	  pt: (2.52336, 141.169365)
	    --Point printed
	  pt: (2.5113299999999996, 141.06741)
	    --Point printed
	  pt: (2.549699999999999, 140.969205)
	    --Point printed
	  pt: (2.6385899999999993, 140.87463)
	    --Point printed
	  pt: (2.7379349999999993, 140.821845)
	    --Point printed
	  pt: (2.8394999999999992, 140.81871)
	    --Point printed
	  pt: (2.941124999999999, 140.865345)
	    --Point printed
	  pt: (3.045209999999999, 140.96478)
	    --Point printed
	  pt: (3.1124099999999992, 141.076575)
	    --Point printed
	  pt: (3.128279999999999, 141.18603)
	    --Point printed
	  pt: (3.091454999999999, 141.289275)
	    --Point printed
	  pt: (3.0043499999999987, 141.38307)
	    --Point printed
	  pt: (2.9059799999999987, 141.42966)
	    --Point printed
	  pt: (2.7985499999999988, 141.42699)
	    --Point printed
	  pt: (2.691149999999999, 141.375165)
	    --Point printed
	  pt: (2.620619999999999, 141.31068)
	    --Point printed
	  pt: (2.6206199999999993, 141.31068)
	    --Point printed
	  pt: (2.4205799999999993, 140.80755)
	    --Point printed
	  pt: (2.3351775, 140.908918125)
	    --Point printed
	  pt: (2.273857499999999, 141.00975375000002)
	    --Point printed
	  pt: (2.2366087499999994, 141.11002875)
	    --Point printed
	  pt: (2.2233899999999998, 141.209775)
	    --Point printed
	  pt: (2.2342931249999998, 141.307569375)
	    --Point printed
	  pt: (2.26939875, 141.40304625)
	    --Point printed
	  pt: (2.3287012500000004, 141.49625625)
	    --Point printed
	  pt: (2.411235, 141.586245)
	    --Point printed
	  pt: (2.49978, 141.653835)
	    --Point printed
	  pt: (2.593005, 141.697395)
	    --Point printed
	  pt: (2.69091, 141.716925)
	    --Point printed
	  pt: (2.793495, 141.712365)
	    --Point printed
	  pt: (2.897801249999999, 141.6838125)
	    --Point printed
	  pt: (3.0032474999999996, 141.63138750000002)
	    --Point printed
	  pt: (3.109845, 141.55505625)
	    --Point printed
	  pt: (3.217185, 141.45523500000002)
	    --Point printed
	  pt: (3.3037368750000002, 141.352546875)
	    --Point printed
	  pt: (3.36615375, 141.25013625)
	    --Point printed
	  pt: (3.404475, 141.14800875)
	    --Point printed
	  pt: (3.418695, 141.04617)
	    --Point printed
	  pt: (3.4084406250000003, 140.9466975)
	    --Point printed
	  pt: (3.3737362500000003, 140.849985)
	    --Point printed
	  pt: (3.3145875000000005, 140.75601)
	    --Point printed
	  pt: (3.2316900000000004, 140.665455)
	    --Point printed
	  pt: (3.142648125, 140.5973025)
	    --Point printed
	  pt: (3.0494587500000003, 140.55378)
	    --Point printed
	  pt: (2.9521162500000004, 140.534865)
	    --Point printed
	  pt: (2.850585, 140.54052000000001)
	    --Point printed
	  pt: (2.7462375, 140.570821875)
	    --Point printed
	  pt: (2.639415, 140.62580625)
	    --Point printed
	  pt: (2.5301175, 140.70545625)
	    --Point printed
	  pt: (2.45574, 140.77362)
	    --Point printed
	  pt: (2.4557399999999996, 140.77362)
	    --Point printed
	  pt: (3.91002, 140.70528)
	    --Point printed
	  pt: (3.82056, 140.52972)
	    --Point printed
	  pt: (4.0273200000000005, 140.42436)
	    --Point printed
	  pt: (4.098930000000001, 140.42334)
	    --Point printed
	  pt: (4.131165000000001, 140.446155)
	    --Point printed
	  pt: (4.155660000000001, 140.48838)
	    --Point printed
	  pt: (4.16241, 140.52969)
	    --Point printed
	  pt: (4.1439, 140.57718)
	    --Point printed
	  pt: (4.076640000000001, 140.62026)
	    --Point printed
	  pt: (3.9100200000000007, 140.70528)
	    --Point printed
	  pt: (3.91002, 140.70528)
	    --Point printed
	  pt: (3.25932, 140.15496)
	    --Point printed
	  pt: (3.7068, 141.03306)
	    --Point printed
	  pt: (4.2627, 140.74986)
	    --Point printed
	  pt: (4.3761600000000005, 140.68704)
	    --Point printed
	  pt: (4.45422, 140.63148)
	    --Point printed
	  pt: (4.51212, 140.54478)
	    --Point printed
	  pt: (4.517340544901228, 140.43064597968663)
	    --Point printed
	  pt: (4.4734799999999995, 140.32623)
	    --Point printed
	  pt: (4.412100000000001, 140.26536)
	    --Point printed
	  pt: (4.33038, 140.23572)
	    --Point printed
	  pt: (4.235595, 140.23977)
	    --Point printed
	  pt: (4.2002999999999995, 140.24556)
	    --Point printed
	  pt: (4.27122, 140.18688)
	    --Point printed
	  pt: (4.3068, 140.12436)
	    --Point printed
	  pt: (4.309634999999999, 140.05374)
	    --Point printed
	  pt: (4.29246, 139.99758)
	    --Point printed
	  pt: (4.22616, 139.82274)
	    --Point printed
	  pt: (4.211880000000001, 139.77168)
	    --Point printed
	  pt: (4.192080000000001, 139.67982)
	    --Point printed
	  pt: (3.888240000000001, 139.84398)
	    --Point printed
	  pt: (3.8937000000000013, 139.87176)
	    --Point printed
	  pt: (3.9028200000000015, 139.90073999999998)
	    --Point printed
	  pt: (3.9162600000000007, 139.94166)
	    --Point printed
	  pt: (3.9286800000000013, 139.96776)
	    --Point printed
	  pt: (3.992040000000001, 140.11284)
	    --Point printed
	  pt: (4.002208348393794, 140.15935756217618)
	    --Point printed
	  pt: (3.987960000000001, 140.20842)
	    --Point printed
	  pt: (3.913800000000001, 140.2551)
	    --Point printed
	  pt: (3.728700000000001, 140.34942)
	    --Point printed
	  pt: (3.553380000000001, 140.00526)
	    --Point printed
	  pt: (3.259320000000001, 140.15496)
	    --Point printed
	  pt: (3.25932, 140.15496)
	    --Point printed
	  pt: (4.826759999999999, 139.54626)
	    --Point printed
	  pt: (4.973459999999999, 140.30106)
	    --Point printed
	  pt: (4.613519999999999, 140.37102)
	    --Point printed
	  pt: (4.6548, 140.58348)
	    --Point printed
	  pt: (5.704739999999999, 140.37948)
	    --Point printed
	  pt: (5.663459999999999, 140.1669)
	    --Point printed
	  pt: (5.3033399999999995, 140.23698)
	    --Point printed
	  pt: (5.15664, 139.48218)
	    --Point printed
	  pt: (4.826759999999999, 139.54626)
	    --Point printed
	  pt: (4.826759999999999, 139.54626)
	    --Point printed
	  pt: (5.865, 139.41258)
	    --Point printed
	  pt: (5.74494, 140.39064)
	    --Point printed
	  pt: (6.616739999999999, 140.49774)
	    --Point printed
	  pt: (6.642659999999999, 140.2869)
	    --Point printed
	  pt: (6.0982199999999995, 140.22)
	    --Point printed
	  pt: (6.117419999999999, 140.06423999999998)
	    --Point printed
	  pt: (6.620759999999999, 140.12598)
	    --Point printed
	  pt: (6.646319999999999, 139.91772)
	    --Point printed
	  pt: (6.14298, 139.85586)
	    --Point printed
	  pt: (6.166319999999999, 139.66626)
	    --Point printed
	  pt: (6.731159999999999, 139.73561999999998)
	    --Point printed
	  pt: (6.75744, 139.52208)
	    --Point printed
	  pt: (5.865, 139.41258)
	    --Point printed
	  pt: (5.865, 139.41258)
	    --Point printed
	  pt: (7.888019999999999, 140.68917)
	    --Point printed
	  pt: (7.838324999999999, 140.72720999999999)
	    --Point printed
	  pt: (7.78122, 140.74203)
	    --Point printed
	  pt: (7.71705, 140.73316499999999)
	    --Point printed
	  pt: (7.63194, 140.69322)
	    --Point printed
	  pt: (7.55499, 140.61613499999999)
	    --Point printed
	  pt: (7.52277, 140.51622)
	    --Point printed
	  pt: (7.53663, 140.400225)
	    --Point printed
	  pt: (7.59597, 140.27124)
	    --Point printed
	  pt: (7.673954999999999, 140.180625)
	    --Point printed
	  pt: (7.76739, 140.13489)
	    --Point printed
	  pt: (7.87035, 140.136405)
	    --Point printed
	  pt: (7.97118, 140.18043)
	    --Point printed
	  pt: (8.03094, 140.231535)
	    --Point printed
	  pt: (8.064720000000001, 140.29413)
	    --Point printed
	  pt: (8.070645, 140.36664)
	    --Point printed
	  pt: (8.05746, 140.42082)
	    --Point printed
	  pt: (8.380005000000002, 140.54919)
	    --Point printed
	  pt: (8.39929875, 140.462645625)
	    --Point printed
	  pt: (8.399009999999999, 140.38011375)
	    --Point printed
	  pt: (8.37911625, 140.30156625)
	    --Point printed
	  pt: (8.32539, 140.20239)
	    --Point printed
	  pt: (8.169585000000001, 140.06226)
	    --Point printed
	  pt: (7.932690000000002, 139.93287)
	    --Point printed
	  pt: (7.745313750000001, 139.88559375)
	    --Point printed
	  pt: (7.640531250000001, 139.88346375)
	    --Point printed
	  pt: (7.541940000000001, 139.90257)
	    --Point printed
	  pt: (7.453762500000002, 139.94191875)
	    --Point printed
	  pt: (7.376865000000002, 140.00136750000001)
	    --Point printed
	  pt: (7.311270000000001, 140.080905)
	    --Point printed
	  pt: (7.255395000000001, 140.18358)
	    --Point printed
	  pt: (7.218318750000002, 140.2926825)
	    --Point printed
	  pt: (7.205385000000002, 140.39814)
	    --Point printed
	  pt: (7.216593750000002, 140.4999525)
	    --Point printed
	  pt: (7.251945000000002, 140.59803)
	    --Point printed
	  pt: (7.310285625000002, 140.688931875)
	    --Point printed
	  pt: (7.391358750000001, 140.77213125)
	    --Point printed
	  pt: (7.495136250000002, 140.84758875)
	    --Point printed
	  pt: (7.654230000000002, 140.93193)
	    --Point printed
	  pt: (7.853235000000002, 140.99238)
	    --Point printed
	  pt: (7.992060000000001, 140.98908)
	    --Point printed
	  pt: (8.065950000000003, 140.968065)
	    --Point printed
	  pt: (8.130360000000001, 140.93073)
	    --Point printed
	  pt: (8.184435000000002, 140.87517)
	    --Point printed
	  pt: (8.212200000000003, 140.82792)
	    --Point printed
	  pt: (7.902420000000003, 140.67)
	    --Point printed
	  pt: (7.902419999999999, 140.67)
	    --Point printed
	  pt: (9.271259999999998, 141.24912)
	    --Point printed
	  pt: (9.420779999999999, 141.09444)
	    --Point printed
	  pt: (8.808599999999998, 140.5032)
	    --Point printed
	  pt: (8.123999999999999, 141.21204)
	    --Point printed
	  pt: (8.366099999999998, 141.4458)
	    --Point printed
	  pt: (8.901179999999998, 140.89176)
	    --Point printed
	  pt: (9.271259999999998, 141.24912)
	    --Point printed
	  pt: (9.271259999999998, 141.24912)
	    --Point printed
	  pt: (8.788379999999998, 141.84354)
	    --Point printed
	  pt: (8.95176, 142.12644)
	    --Point printed
	  pt: (9.47292, 141.82554)
	    --Point printed
	  pt: (9.56796, 141.797865)
	    --Point printed
	  pt: (9.64983, 141.81033)
	    --Point printed
	  pt: (9.72081, 141.863955)
	    --Point printed
	  pt: (9.78075, 141.95777999999999)
	    --Point printed
	  pt: (9.804030000000001, 142.048485)
	    --Point printed
	  pt: (9.7872, 142.13001)
	    --Point printed
	  pt: (9.730004999999998, 142.201725)
	    --Point printed
	  pt: (9.66726, 142.24344)
	    --Point printed
	  pt: (9.18126, 142.52412)
	    --Point printed
	  pt: (9.339960000000001, 142.7988)
	    --Point printed
	  pt: (9.855585000000001, 142.501005)
	    --Point printed
	  pt: (9.937061250000003, 142.4379)
	    --Point printed
	  pt: (9.996915000000001, 142.3678425)
	    --Point printed
	  pt: (10.035146250000002, 142.29086625)
	    --Point printed
	  pt: (10.051755, 142.207005)
	    --Point printed
	  pt: (10.047005625, 142.11363)
	    --Point printed
	  pt: (10.011090000000001, 141.975225)
	    --Point printed
	  pt: (9.88122, 141.73236)
	    --Point printed
	  pt: (9.7572525, 141.5884125)
	    --Point printed
	  pt: (9.680850000000001, 141.53129625)
	    --Point printed
	  pt: (9.60282, 141.49791)
	    --Point printed
	  pt: (9.519854999999998, 141.486706875)
	    --Point printed
	  pt: (9.4313025, 141.49738125)
	    --Point printed
	  pt: (9.337173749999998, 141.52993874999999)
	    --Point printed
	  pt: (9.27102, 141.56502)
	    --Point printed
	  pt: (8.788379999999998, 141.84354)
	    --Point printed
	  pt: (8.788379999999998, 141.84354)
	    --Point printed
	  pt: (9.635879999999998, 143.17842)
	    --Point printed
	  pt: (9.8364, 143.13216)
	    --Point printed
	  pt: (9.884879999999999, 143.34258)
	    --Point printed
	  pt: (9.86565, 143.41158)
	    --Point printed
	  pt: (9.834209999999999, 143.437695)
	    --Point printed
	  pt: (9.787409999999998, 143.45121)
	    --Point printed
	  pt: (9.745499999999998, 143.447325)
	    --Point printed
	  pt: (9.70008, 143.4171)
	    --Point printed
	  pt: (9.67488, 143.34756)
	    --Point printed
	  pt: (9.635879999999998, 143.17842)
	    --Point printed
	  pt: (9.635879999999998, 143.17842)
	    --Point printed
	  pt: (9.995759999999999, 143.0952)
	    --Point printed
	  pt: (10.206839999999998, 143.04654)
	    --Point printed
	  pt: (10.262399999999998, 143.28714)
	    --Point printed
	  pt: (10.242929999999998, 143.36559)
	    --Point printed
	  pt: (10.210364999999996, 143.39484)
	    --Point printed
	  pt: (10.161299999999997, 143.40933)
	    --Point printed
	  pt: (10.116644999999998, 143.40411)
	    --Point printed
	  pt: (10.068419999999998, 143.36862)
	    --Point printed
	  pt: (10.040759999999997, 143.28984)
	    --Point printed
	  pt: (9.995759999999997, 143.0952)
	    --Point printed
	  pt: (9.995759999999999, 143.0952)
	    --Point printed
	  pt: (10.329359999999998, 142.68984)
	    --Point printed
	  pt: (9.369239999999998, 142.91142)
	    --Point printed
	  pt: (9.515039999999997, 143.54316)
	    --Point printed
	  pt: (9.536819999999997, 143.62224)
	    --Point printed
	  pt: (9.558479999999998, 143.67636)
	    --Point printed
	  pt: (9.579899999999997, 143.715)
	    --Point printed
	  pt: (9.624800109774883, 143.7669821966885)
	    --Point printed
	  pt: (9.731279999999996, 143.80728)
	    --Point printed
	  pt: (9.843839999999998, 143.79039)
	    --Point printed
	  pt: (9.908084999999996, 143.75502)
	    --Point printed
	  pt: (9.952589999999997, 143.69952)
	    --Point printed
	  pt: (9.979874999999996, 143.620095)
	    --Point printed
	  pt: (10.006889999999999, 143.59041)
	    --Point printed
	  pt: (10.070744999999999, 143.67469499999999)
	    --Point printed
	  pt: (10.142879999999996, 143.72187)
	    --Point printed
	  pt: (10.228664999999998, 143.73585)
	    --Point printed
	  pt: (10.336859999999996, 143.71572)
	    --Point printed
	  pt: (10.431089999999998, 143.66064)
	    --Point printed
	  pt: (10.486769999999995, 143.5746)
	    --Point printed
	  pt: (10.501154999999995, 143.45949)
	    --Point printed
	  pt: (10.485239999999996, 143.36526)
	    --Point printed
	  pt: (10.329359999999994, 142.68984)
	    --Point printed
	  pt: (10.329359999999998, 142.68984)
	    --Point printed
	  pt: (10.586939999999998, 144.03258)
	    --Point printed
	  pt: (9.605279999999999, 143.94666)
	    --Point printed
	  pt: (9.52878, 144.8217)
	    --Point printed
	  pt: (9.740279999999998, 144.84024)
	    --Point printed
	  pt: (9.788099999999998, 144.29382)
	    --Point printed
	  pt: (9.944519999999999, 144.30756)
	    --Point printed
	  pt: (9.90036, 144.8127)
	    --Point printed
	  pt: (10.1094, 144.831)
	    --Point printed
	  pt: (10.153559999999999, 144.32586)
	    --Point printed
	  pt: (10.343879999999999, 144.34248)
	    --Point printed
	  pt: (10.294319999999999, 144.90948)
	    --Point printed
	  pt: (10.508519999999999, 144.9282)
	    --Point printed
	  pt: (10.586939999999998, 144.03258)
	    --Point printed
	  pt: (10.586939999999998, 144.03258)
	    --Point printed
	  pt: (2.1192, 146.70204)
	    --Point printed
	  pt: (2.0571450000000002, 146.71011)
	    --Point printed
	  pt: (2.00019, 146.69436)
	    --Point printed
	  pt: (1.9490550000000002, 146.65461)
	    --Point printed
	  pt: (1.8953399999999998, 146.57751)
	    --Point printed
	  pt: (1.8672600000000001, 146.47227)
	    --Point printed
	  pt: (1.88937, 146.36961)
	    --Point printed
	  pt: (1.959345, 146.276085)
	    --Point printed
	  pt: (2.07516, 146.19399)
	    --Point printed
	  pt: (2.188005, 146.154525)
	    --Point printed
	  pt: (2.2917899999999998, 146.16156)
	    --Point printed
	  pt: (2.3802, 146.21433)
	    --Point printed
	  pt: (2.44548, 146.30292)
	    --Point printed
	  pt: (2.471715, 146.37702)
	    --Point printed
	  pt: (2.46966, 146.44812)
	    --Point printed
	  pt: (2.438565, 146.513895)
	    --Point printed
	  pt: (2.40006, 146.5542)
	    --Point printed
	  pt: (2.615265, 146.82663)
	    --Point printed
	  pt: (2.675210625, 146.7613425)
	    --Point printed
	  pt: (2.7162037499999996, 146.689725)
	    --Point printed
	  pt: (2.7382387499999994, 146.611755)
	    --Point printed
	  pt: (2.7413099999999995, 146.499)
	    --Point printed
	  pt: (2.6764799999999997, 146.29971)
	    --Point printed
	  pt: (2.5359899999999995, 146.06913)
	    --Point printed
	  pt: (2.3973224999999996, 145.9345125)
	    --Point printed
	  pt: (2.3076524999999997, 145.880295)
	    --Point printed
	  pt: (2.2127399999999993, 145.84755)
	    --Point printed
	  pt: (2.1167081249999993, 145.837516875)
	    --Point printed
	  pt: (2.020376249999999, 145.85053875)
	    --Point printed
	  pt: (1.9237724999999994, 145.88661)
	    --Point printed
	  pt: (1.8240449999999997, 145.947585)
	    --Point printed
	  pt: (1.7374274999999997, 146.02353)
	    --Point printed
	  pt: (1.6735199999999997, 146.1083775)
	    --Point printed
	  pt: (1.6323449999999997, 146.20213875)
	    --Point printed
	  pt: (1.6139399999999997, 146.304765)
	    --Point printed
	  pt: (1.6189893749999997, 146.41270125)
	    --Point printed
	  pt: (1.64758875, 146.525325)
	    --Point printed
	  pt: (1.6997324999999996, 146.64259125)
	    --Point printed
	  pt: (1.7953499999999998, 146.79516)
	    --Point printed
	  pt: (1.93749, 146.946975)
	    --Point printed
	  pt: (2.05935, 147.0135)
	    --Point printed
	  pt: (2.1338099999999995, 147.03228000000001)
	    --Point printed
	  pt: (2.2083299999999997, 147.03213)
	    --Point printed
	  pt: (2.2829249999999996, 147.01101)
	    --Point printed
	  pt: (2.33052, 146.98398)
	    --Point printed
	  pt: (2.14128, 146.69268)
	    --Point printed
	  pt: (2.14128, 146.69268)
	    --Point printed
	  pt: (2.7320400000000005, 147.57462)
	    --Point printed
	  pt: (2.86128, 147.42588)
	    --Point printed
	  pt: (3.03648, 147.57816)
	    --Point printed
	  pt: (3.06423, 147.64425)
	    --Point printed
	  pt: (3.0552, 147.68268)
	    --Point printed
	  pt: (3.0252299999999996, 147.72123)
	    --Point printed
	  pt: (2.9894549999999995, 147.742935)
	    --Point printed
	  pt: (2.9384399999999995, 147.74364)
	    --Point printed
	  pt: (2.8732199999999994, 147.69738)
	    --Point printed
	  pt: (2.7320399999999996, 147.57462)
	    --Point printed
	  pt: (2.7320400000000005, 147.57462)
	    --Point printed
	  pt: (2.9985000000000004, 146.76522)
	    --Point printed
	  pt: (2.352, 147.50892)
	    --Point printed
	  pt: (2.8155892023813145, 147.91222635559257)
	    --Point printed
	  pt: (2.92362, 147.9999)
	    --Point printed
	  pt: (3.00432, 148.05144)
	    --Point printed
	  pt: (3.10644, 148.07268)
	    --Point printed
	  pt: (3.214254755044291, 148.034734451974)
	    --Point printed
	  pt: (3.2946300000000006, 147.95505)
	    --Point printed
	  pt: (3.32808, 147.875325)
	    --Point printed
	  pt: (3.3249300000000006, 147.78843)
	    --Point printed
	  pt: (3.285705, 147.70203)
	    --Point printed
	  pt: (3.26718, 147.67152)
	    --Point printed
	  pt: (3.348, 147.71532)
	    --Point printed
	  pt: (3.4193700000000002, 147.72489)
	    --Point printed
	  pt: (3.4858350000000002, 147.701055)
	    --Point printed
	  pt: (3.53148, 147.66408)
	    --Point printed
	  pt: (3.66882, 147.53712)
	    --Point printed
	  pt: (3.71082, 147.50472)
	    --Point printed
	  pt: (3.78858, 147.45204)
	    --Point printed
	  pt: (3.5223146085709938, 147.2319681329049)
	    --Point printed
	  pt: (3.4959345320315798, 147.2496315216959)
	    --Point printed
	  pt: (3.46218, 147.2775)
	    --Point printed
	  pt: (3.442233530731446, 147.29459906986654)
	    --Point printed
	  pt: (3.4228199999999998, 147.3156)
	    --Point printed
	  pt: (3.31212, 147.42864)
	    --Point printed
	  pt: (3.2728038667407846, 147.45552612622544)
	    --Point printed
	  pt: (3.22194, 147.46068)
	    --Point printed
	  pt: (3.15102, 147.40938)
	    --Point printed
	  pt: (2.99418, 147.27306)
	    --Point printed
	  pt: (3.2475000000000005, 146.98164)
	    --Point printed
	  pt: (2.9985000000000004, 146.76522)
	    --Point printed
	  pt: (2.9985000000000004, 146.76522)
	    --Point printed
	  pt: (3.5415600000000005, 148.41912)
	    --Point printed
	  pt: (3.8444400000000005, 148.54152)
	    --Point printed
	  pt: (4.069860000000001, 147.98352)
	    --Point printed
	  pt: (4.127670000000001, 147.903195)
	    --Point printed
	  pt: (4.19985, 147.86262)
	    --Point printed
	  pt: (4.2888150000000005, 147.861135)
	    --Point printed
	  pt: (4.39374, 147.89814)
	    --Point printed
	  pt: (4.467960000000001, 147.95526)
	    --Point printed
	  pt: (4.504860000000001, 148.02987)
	    --Point printed
	  pt: (4.503960000000001, 148.12161)
	    --Point printed
	  pt: (4.480260000000001, 148.19316)
	    --Point printed
	  pt: (4.270080000000001, 148.71342)
	    --Point printed
	  pt: (4.564200000000001, 148.83222)
	    --Point printed
	  pt: (4.7872650000000005, 148.28013)
	    --Point printed
	  pt: (4.812536250000001, 148.1801925)
	    --Point printed
	  pt: (4.8165525, 148.088115)
	    --Point printed
	  pt: (4.799302500000001, 148.00392)
	    --Point printed
	  pt: (4.7607750000000015, 147.92763)
	    --Point printed
	  pt: (4.699563750000002, 147.856981875)
	    --Point printed
	  pt: (4.5860850000000015, 147.770025)
	    --Point printed
	  pt: (4.334250000000002, 147.65859)
	    --Point printed
	  pt: (4.147871250000001, 147.6214875)
	    --Point printed
	  pt: (4.052467500000001, 147.62353875)
	    --Point printed
	  pt: (3.970410000000001, 147.6453)
	    --Point printed
	  pt: (3.898138125000001, 147.68755125)
	    --Point printed
	  pt: (3.834941250000001, 147.75048)
	    --Point printed
	  pt: (3.780825000000001, 147.83408625)
	    --Point printed
	  pt: (3.750300000000001, 147.90246)
	    --Point printed
	  pt: (3.541560000000001, 148.41912)
	    --Point printed
	  pt: (3.5415600000000005, 148.41912)
	    --Point printed
	  pt: (5.4975, 148.17516)
	    --Point printed
	  pt: (6.09666, 148.18566)
	    --Point printed
	  pt: (6.100499999999999, 147.97056)
	    --Point printed
	  pt: (5.1186, 147.9534)
	    --Point printed
	  pt: (5.113919999999999, 148.2246)
	    --Point printed
	  pt: (5.660279999999999, 148.7319)
	    --Point printed
	  pt: (5.13528, 148.72278)
	    --Point printed
	  pt: (5.131499999999999, 148.93926)
	    --Point printed
	  pt: (6.064679999999999, 148.95552)
	    --Point printed
	  pt: (6.069239999999999, 148.69368)
	    --Point printed
	  pt: (5.497499999999999, 148.17516)
	    --Point printed
	  pt: (5.4975, 148.17516)
	    --Point printed
	  pt: (6.267059999999999, 147.94728)
	    --Point printed
	  pt: (6.4719, 148.91118)
	    --Point printed
	  pt: (7.3311, 148.72854)
	    --Point printed
	  pt: (7.2869399999999995, 148.52076)
	    --Point printed
	  pt: (6.75048, 148.63482)
	    --Point printed
	  pt: (6.717779999999999, 148.48122)
	    --Point printed
	  pt: (7.2138599999999995, 148.3758)
	    --Point printed
	  pt: (7.170239999999999, 148.1706)
	    --Point printed
	  pt: (6.674159999999999, 148.27602)
	    --Point printed
	  pt: (6.634439999999999, 148.08912)
	    --Point printed
	  pt: (7.191179999999998, 147.9708)
	    --Point printed
	  pt: (7.146419999999999, 147.76038)
	    --Point printed
	  pt: (6.267059999999998, 147.94728)
	    --Point printed
	  pt: (6.267059999999999, 147.94728)
	    --Point printed
	  pt: (7.272899999999999, 147.66486)
	    --Point printed
	  pt: (7.720199999999999, 148.5429)
	    --Point printed
	  pt: (8.02032, 148.39002)
	    --Point printed
	  pt: (7.5729, 147.51198)
	    --Point printed
	  pt: (7.2729, 147.66486)
	    --Point printed
	  pt: (7.272899999999999, 147.66486)
	    --Point printed
	  pt: (8.49858, 147.84822)
	    --Point printed
	  pt: (8.377320000000001, 147.693)
	    --Point printed
	  pt: (8.560260000000001, 147.55014)
	    --Point printed
	  pt: (8.630400000000002, 147.53547)
	    --Point printed
	  pt: (8.666340000000002, 147.551655)
	    --Point printed
	  pt: (8.698500000000001, 147.58845)
	    --Point printed
	  pt: (8.713004999999999, 147.627705)
	    --Point printed
	  pt: (8.703899999999999, 147.67782)
	    --Point printed
	  pt: (8.64606, 147.73302)
	    --Point printed
	  pt: (8.49858, 147.84822)
	    --Point printed
	  pt: (8.49858, 147.84822)
	    --Point printed
	  pt: (7.754879999999999, 147.43218)
	    --Point printed
	  pt: (8.361539999999998, 148.2087)
	    --Point printed
	  pt: (8.84592807667063, 147.8304924441035)
	    --Point printed
	  pt: (8.952659999999996, 147.74124)
	    --Point printed
	  pt: (9.018599999999998, 147.67188)
	    --Point printed
	  pt: (9.058919999999999, 147.5757)
	    --Point printed
	  pt: (9.04227891659252, 147.46263347819013)
	    --Point printed
	  pt: (8.979359999999996, 147.36852)
	    --Point printed
	  pt: (8.907524999999996, 147.32049)
	    --Point printed
	  pt: (8.821619999999996, 147.30702)
	    --Point printed
	  pt: (8.729309999999996, 147.329055)
	    --Point printed
	  pt: (8.695739999999997, 147.34146)
	    --Point printed
	  pt: (8.754179999999996, 147.27036)
	    --Point printed
	  pt: (8.777129999999998, 147.20217)
	    --Point printed
	  pt: (8.766419999999997, 147.13236)
	    --Point printed
	  pt: (8.738819999999995, 147.08052)
	    --Point printed
	  pt: (8.640419999999995, 146.92146)
	    --Point printed
	  pt: (8.616599999999995, 146.87412)
	    --Point printed
	  pt: (8.579699999999995, 146.78772)
	    --Point printed
	  pt: (8.312759999999995, 147.00696)
	    --Point printed
	  pt: (8.323439999999996, 147.03306)
	    --Point printed
	  pt: (8.346179999999995, 147.07482)
	    --Point printed
	  pt: (8.358899999999995, 147.09738)
	    --Point printed
	  pt: (8.375999999999994, 147.12066)
	    --Point printed
	  pt: (8.465879999999995, 147.25104)
	    --Point printed
	  pt: (8.484750966305578, 147.29471685793516)
	    --Point printed
	  pt: (8.480159999999994, 147.3456)
	    --Point printed
	  pt: (8.416259999999994, 147.40548)
	    --Point printed
	  pt: (8.252459999999994, 147.53346)
	    --Point printed
	  pt: (8.014679999999995, 147.22914)
	    --Point printed
	  pt: (7.754879999999994, 147.43218)
	    --Point printed
	  pt: (7.754879999999999, 147.43218)
	    --Point printed
	  pt: (9.18972, 146.65506)
	    --Point printed
	  pt: (9.105135, 146.56653)
	    --Point printed
	  pt: (9.07059, 146.4699)
	    --Point printed
	  pt: (9.08583, 146.36556)
	    --Point printed
	  pt: (9.15114, 146.25345)
	    --Point printed
	  pt: (9.23601, 146.179605)
	    --Point printed
	  pt: (9.334290000000001, 146.15367)
	    --Point printed
	  pt: (9.44379, 146.176275)
	    --Point printed
	  pt: (9.56757, 146.2497)
	    --Point printed
	  pt: (9.658215, 146.34354)
	    --Point printed
	  pt: (9.69822, 146.44662)
	    --Point printed
	  pt: (9.685605, 146.555475)
	    --Point printed
	  pt: (9.62178, 146.66646)
	    --Point printed
	  pt: (9.536505, 146.734005)
	    --Point printed
	  pt: (9.43128, 146.75562)
	    --Point printed
	  pt: (9.314955000000001, 146.72934)
	    --Point printed
	  pt: (9.231779999999999, 146.68236)
	    --Point printed
	  pt: (9.231779999999999, 146.68236)
	    --Point printed
	  pt: (8.923604999999998, 146.23704)
	    --Point printed
	  pt: (8.863245000000001, 146.355043125)
	    --Point printed
	  pt: (8.826195, 146.46710625)
	    --Point printed
	  pt: (8.812454999999998, 146.5732125)
	    --Point printed
	  pt: (8.822025, 146.673375)
	    --Point printed
	  pt: (8.854666875, 146.766178125)
	    --Point printed
	  pt: (8.910348749999999, 146.85130125)
	    --Point printed
	  pt: (8.989087499999997, 146.9287725)
	    --Point printed
	  pt: (9.08973, 146.997885)
	    --Point printed
	  pt: (9.191199374999998, 147.04385812499999)
	    --Point printed
	  pt: (9.291836249999998, 147.06534375)
	    --Point printed
	  pt: (9.391623749999997, 147.06233625)
	    --Point printed
	  pt: (9.490545, 147.03477)
	    --Point printed
	  pt: (9.585746249999998, 146.983479375)
	    --Point printed
	  pt: (9.67668, 146.90870625)
	    --Point printed
	  pt: (9.763368749999998, 146.81038875)
	    --Point printed
	  pt: (9.845504999999998, 146.68896)
	    --Point printed
	  pt: (9.906731249999996, 146.569378125)
	    --Point printed
	  pt: (9.944519999999997, 146.45554875)
	    --Point printed
	  pt: (9.958893749999998, 146.34746625)
	    --Point printed
	  pt: (9.949844999999998, 146.245095)
	    --Point printed
	  pt: (9.917503124999998, 146.150443125)
	    --Point printed
	  pt: (9.861941249999997, 146.06397375)
	    --Point printed
	  pt: (9.783142499999997, 145.98568125)
	    --Point printed
	  pt: (9.681944999999999, 145.916115)
	    --Point printed
	  pt: (9.579864374999998, 145.869774375)
	    --Point printed
	  pt: (9.479298749999998, 145.84833375)
	    --Point printed
	  pt: (9.38022, 145.8517875)
	    --Point printed
	  pt: (9.282554999999999, 145.88013)
	    --Point printed
	  pt: (9.187691249999999, 145.933141875)
	    --Point printed
	  pt: (9.095977499999996, 146.01075375)
	    --Point printed
	  pt: (9.00738, 146.1129375)
	    --Point printed
	  pt: (8.950199999999999, 146.19606)
	    --Point printed
	  pt: (8.950199999999999, 146.19606)
	    --Point printed
--Found Elem: <Element '{http://www.w3.org/2000/svg}path' at 0x00000201F7238EF0>
  --Name: path
	Class : <class 'svg2gcode_py.lib.shapes.path'>
	Object: <Element '{http://www.w3.org/2000/svg}path' at 0x00000201F7238EF0>
	Attrs : [('d', 'M100.588 129.451l2.188 6.814h7.186l-5.855 4.23 2.277 6.791-5.855-4.129-5.736 4.129 2.212-6.748-5.886-4.297 7.265.006 2.204-6.796zm31.818-49.156l2.188 6.814h7.186l-5.855 4.231 2.279 6.79-5.857-4.129-5.734 4.129 2.211-6.749-5.885-4.296 7.264.006 2.203-6.796zm-24.717 15.367l1.385 4.313h4.549l-3.707 2.678 1.441 4.297-3.705-2.613-3.631 2.613 1.4-4.271-3.725-2.719 4.598.004 1.395-4.302zm-12.43-46.499l2.187 6.814h7.186l-5.855 4.231 2.277 6.79-5.854-4.13-5.736 4.13 2.212-6.748-5.886-4.296 7.264.006 2.205-6.797zM62.167 82.02l2.187 6.814h7.186l-5.855 4.231 2.277 6.79-5.855-4.129-5.736 4.129 2.212-6.748-5.886-4.296 7.264.006 2.206-6.797z'), ('fill', '#fff')]
	Transform: None
	d: M100.588 129.451l2.188 6.814h7.186l-5.855 4.23 2.277 6.791-5.855-4.129-5.736 4.129 2.212-6.748-5.886-4.297 7.265.006 2.204-6.796zm31.818-49.156l2.188 6.814h7.186l-5.855 4.231 2.279 6.79-5.857-4.129-5.734 4.129 2.211-6.749-5.885-4.296 7.264.006 2.203-6.796zm-24.717 15.367l1.385 4.313h4.549l-3.707 2.678 1.441 4.297-3.705-2.613-3.631 2.613 1.4-4.271-3.725-2.719 4.598.004 1.395-4.302zm-12.43-46.499l2.187 6.814h7.186l-5.855 4.231 2.277 6.79-5.854-4.13-5.736 4.13 2.212-6.748-5.886-4.296 7.264.006 2.205-6.797zM62.167 82.02l2.187 6.814h7.186l-5.855 4.231 2.277 6.79-5.855-4.129-5.736 4.129 2.212-6.748-5.886-4.296 7.264.006 2.206-6.797z
	m: None
	d is GOOD!
	Points: <generator object point_generator at 0x00000201F723C200>
	  pt: (6.035279999999999, 142.23294)
	    --Point printed
	  pt: (6.035279999999999, 142.23294)
	    --Point printed
	  pt: (6.16656, 141.8241)
	    --Point printed
	  pt: (6.597719999999999, 141.8241)
	    --Point printed
	  pt: (6.246419999999999, 141.5703)
	    --Point printed
	  pt: (6.3830399999999985, 141.16284000000002)
	    --Point printed
	  pt: (6.031739999999998, 141.41058)
	    --Point printed
	  pt: (5.687579999999999, 141.16284000000002)
	    --Point printed
	  pt: (5.820299999999999, 141.56772)
	    --Point printed
	  pt: (5.467139999999999, 141.82554)
	    --Point printed
	  pt: (5.903039999999999, 141.82518)
	    --Point printed
	  pt: (6.035279999999998, 142.23294)
	    --Point printed
	  pt: (6.035279999999999, 142.23294)
	    --Point printed
	  pt: (7.94436, 145.1823)
	    --Point printed
	  pt: (8.07564, 144.77346)
	    --Point printed
	  pt: (8.5068, 144.77346)
	    --Point printed
	  pt: (8.1555, 144.5196)
	    --Point printed
	  pt: (8.29224, 144.1122)
	    --Point printed
	  pt: (7.94082, 144.35994)
	    --Point printed
	  pt: (7.596780000000001, 144.1122)
	    --Point printed
	  pt: (7.72944, 144.51714)
	    --Point printed
	  pt: (7.37634, 144.7749)
	    --Point printed
	  pt: (7.81218, 144.77454)
	    --Point printed
	  pt: (7.94436, 145.1823)
	    --Point printed
	  pt: (7.94436, 145.1823)
	    --Point printed
	  pt: (6.46134, 144.26028)
	    --Point printed
	  pt: (6.544440000000001, 144.0015)
	    --Point printed
	  pt: (6.817380000000001, 144.0015)
	    --Point printed
	  pt: (6.594960000000001, 143.84082)
	    --Point printed
	  pt: (6.681420000000001, 143.583)
	    --Point printed
	  pt: (6.459120000000001, 143.73978)
	    --Point printed
	  pt: (6.241260000000001, 143.583)
	    --Point printed
	  pt: (6.325260000000002, 143.83926)
	    --Point printed
	  pt: (6.101760000000002, 144.0024)
	    --Point printed
	  pt: (6.377640000000002, 144.00216)
	    --Point printed
	  pt: (6.461340000000002, 144.26028)
	    --Point printed
	  pt: (6.46134, 144.26028)
	    --Point printed
	  pt: (5.715540000000001, 147.05022)
	    --Point printed
	  pt: (5.846760000000001, 146.64138)
	    --Point printed
	  pt: (6.27792, 146.64138)
	    --Point printed
	  pt: (5.92662, 146.38752)
	    --Point printed
	  pt: (6.0632399999999995, 145.98012)
	    --Point printed
	  pt: (5.712, 146.22792)
	    --Point printed
	  pt: (5.367839999999999, 145.98012)
	    --Point printed
	  pt: (5.50056, 146.385)
	    --Point printed
	  pt: (5.1474, 146.64276)
	    --Point printed
	  pt: (5.58324, 146.6424)
	    --Point printed
	  pt: (5.71554, 147.05022)
	    --Point printed
	  pt: (5.715540000000001, 147.05022)
	    --Point printed
	  pt: (3.73002, 145.0788)
	    --Point printed
	  pt: (3.86124, 144.66996)
	    --Point printed
	  pt: (4.2924, 144.66996)
	    --Point printed
	  pt: (3.941099999999999, 144.4161)
	    --Point printed
	  pt: (4.077719999999999, 144.0087)
	    --Point printed
	  pt: (3.726419999999999, 144.25644)
	    --Point printed
	  pt: (3.382259999999999, 144.0087)
	    --Point printed
	  pt: (3.5149799999999995, 144.41358)
	    --Point printed
	  pt: (3.161819999999999, 144.67134)
	    --Point printed
	  pt: (3.5976599999999994, 144.67098000000001)
	    --Point printed
	  pt: (3.7300199999999997, 145.0788)
	    --Point printed
	  pt: (3.73002, 145.0788)
	    --Point printed
