Input File: ./imagens/eiffel.svg
Output File: ./imagens/gcode_output/eiffel.gcode
Log File: ./imagens/log/eiffel.log

wdth: 490
hght: 490
scale: 0.30612244897959184
x%: 0.30612244897959184
y%: 0.30612244897959184
--Found Elem: <Element '{http://www.w3.org/2000/svg}svg' at 0x000001D97BEB80E0>
  --No Name: svg
--Found Elem: <Element '{http://www.w3.org/2000/svg}path' at 0x000001D97BEB8130>
  --Name: path
	Class : <class 'svg2gcode_py.lib.shapes.path'>
	Object: <Element '{http://www.w3.org/2000/svg}path' at 0x000001D97BEB8130>
	Attrs : [('id', 'XMLID_875_'), ('d', 'M357.322,135.606c-5.858-5.857-5.858-15.355,0-21.213l20-20c5.857-5.857,15.355-5.857,21.213,0  c5.858,5.857,5.858,15.355,0,21.213l-20,20c-2.929,2.929-6.768,4.394-10.606,4.394S360.251,138.535,357.322,135.606z M465,40  c3.839,0,7.678-1.465,10.606-4.394l5-5c5.858-5.857,5.858-15.355,0-21.213c-5.857-5.857-15.355-5.857-21.213,0l-5,5  c-5.858,5.857-5.858,15.355,0,21.213C457.322,38.535,461.161,40,465,40z M460,475c0,8.284-6.716,15-15,15H45  c-8.284,0-15-6.716-15-15s6.716-15,15-15h31.587l91.95-150.463C146.775,306.394,130,287.618,130,265c0-24.813,20.187-45,45-45  h10.952l12.905-161.312C193.636,56.342,190,51.096,190,45c0-8.284,6.716-15,15-15h9.834c0.101-0.002,0.2-0.002,0.3,0H230V15  c0-8.284,6.716-15,15-15s15,6.716,15,15v15h14.865c0.102-0.002,0.202-0.002,0.302,0H285c8.284,0,15,6.716,15,15  c0,6.096-3.636,11.342-8.857,13.688L304.048,220H315c24.813,0,45,20.187,45,45c0,22.618-16.775,41.394-38.537,44.537L413.412,460  H445C453.284,460,460,466.716,460,475z M216.048,220h57.904l-12.8-160h-32.304L216.048,220z M175,280h140c8.271,0,15-6.729,15-15  s-6.729-15-15-15H175c-8.271,0-15,6.729-15,15S166.729,280,175,280z M303.027,460l-6.641-9.962  C288.021,437.491,274.024,430,258.944,430h-27.889c-15.08,0-29.078,7.491-37.443,20.038L186.972,460H303.027z M378.254,460  l-91.666-150h-83.175l-91.667,150h39.17l17.735-26.603C182.594,412.485,205.922,400,231.056,400h27.889  c25.133,0,48.462,12.485,62.403,33.397L339.083,460H378.254z M114.394,135.606C117.322,138.535,121.161,140,125,140  s7.678-1.465,10.606-4.394c5.858-5.857,5.858-15.355,0-21.213l-20-20c-5.857-5.857-15.355-5.857-21.213,0  c-5.858,5.857-5.858,15.355,0,21.213L114.394,135.606z M475,230h-20c-8.284,0-15,6.716-15,15s6.716,15,15,15h20  c8.284,0,15-6.716,15-15S483.284,230,475,230z M14.394,35.606C17.322,38.535,21.161,40,25,40s7.678-1.465,10.606-4.394  c5.858-5.857,5.858-15.355,0-21.213l-5-5c-5.857-5.857-15.355-5.857-21.213,0c-5.858,5.857-5.858,15.355,0,21.213L14.394,35.606z   M50,245c0-8.284-6.716-15-15-15H15c-8.284,0-15,6.716-15,15s6.716,15,15,15h20C43.284,260,50,253.284,50,245z')]
	Transform: None
	d: M357.322,135.606c-5.858-5.857-5.858-15.355,0-21.213l20-20c5.857-5.857,15.355-5.857,21.213,0  c5.858,5.857,5.858,15.355,0,21.213l-20,20c-2.929,2.929-6.768,4.394-10.606,4.394S360.251,138.535,357.322,135.606z M465,40  c3.839,0,7.678-1.465,10.606-4.394l5-5c5.858-5.857,5.858-15.355,0-21.213c-5.857-5.857-15.355-5.857-21.213,0l-5,5  c-5.858,5.857-5.858,15.355,0,21.213C457.322,38.535,461.161,40,465,40z M460,475c0,8.284-6.716,15-15,15H45  c-8.284,0-15-6.716-15-15s6.716-15,15-15h31.587l91.95-150.463C146.775,306.394,130,287.618,130,265c0-24.813,20.187-45,45-45  h10.952l12.905-161.312C193.636,56.342,190,51.096,190,45c0-8.284,6.716-15,15-15h9.834c0.101-0.002,0.2-0.002,0.3,0H230V15  c0-8.284,6.716-15,15-15s15,6.716,15,15v15h14.865c0.102-0.002,0.202-0.002,0.302,0H285c8.284,0,15,6.716,15,15  c0,6.096-3.636,11.342-8.857,13.688L304.048,220H315c24.813,0,45,20.187,45,45c0,22.618-16.775,41.394-38.537,44.537L413.412,460  H445C453.284,460,460,466.716,460,475z M216.048,220h57.904l-12.8-160h-32.304L216.048,220z M175,280h140c8.271,0,15-6.729,15-15  s-6.729-15-15-15H175c-8.271,0-15,6.729-15,15S166.729,280,175,280z M303.027,460l-6.641-9.962  C288.021,437.491,274.024,430,258.944,430h-27.889c-15.08,0-29.078,7.491-37.443,20.038L186.972,460H303.027z M378.254,460  l-91.666-150h-83.175l-91.667,150h39.17l17.735-26.603C182.594,412.485,205.922,400,231.056,400h27.889  c25.133,0,48.462,12.485,62.403,33.397L339.083,460H378.254z M114.394,135.606C117.322,138.535,121.161,140,125,140  s7.678-1.465,10.606-4.394c5.858-5.857,5.858-15.355,0-21.213l-20-20c-5.857-5.857-15.355-5.857-21.213,0  c-5.858,5.857-5.858,15.355,0,21.213L114.394,135.606z M475,230h-20c-8.284,0-15,6.716-15,15s6.716,15,15,15h20  c8.284,0,15-6.716,15-15S483.284,230,475,230z M14.394,35.606C17.322,38.535,21.161,40,25,40s7.678-1.465,10.606-4.394  c5.858-5.857,5.858-15.355,0-21.213l-5-5c-5.857-5.857-15.355-5.857-21.213,0c-5.858,5.857-5.858,15.355,0,21.213L14.394,35.606z   M50,245c0-8.284-6.716-15-15-15H15c-8.284,0-15,6.716-15,15s6.716,15,15,15h20C43.284,260,50,253.284,50,245z
	m: None
	d is GOOD!
	Points: <generator object point_generator at 0x000001D97BE95700>
	  pt: (109.38428571428572, 108.48795918367347)
	    --Point printed
	  pt: (109.16012755102041, 108.71207908163265)
	    --Point printed
	  pt: (108.62775191326533, 109.46280970982141)
	    --Point printed
	  pt: (108.26349489795919, 110.28320711096939)
	    --Point printed
	  pt: (108.06735650510204, 111.1471516262755)
	    --Point printed
	  pt: (108.03933673469388, 112.02852359693878)
	    --Point printed
	  pt: (108.1794355867347, 112.90120336415816)
	    --Point printed
	  pt: (108.4876530612245, 113.73907126913267)
	    --Point printed
	  pt: (108.96398915816327, 114.51600765306122)
	    --Point printed
	  pt: (109.38428571428572, 114.98173469387754)
	    --Point printed
	  pt: (115.73085459183673, 121.32830357142856)
	    --Point printed
	  pt: (116.4815852200255, 121.86058832908164)
	    --Point printed
	  pt: (117.30198262117347, 122.2247831632653)
	    --Point printed
	  pt: (118.16592713647961, 122.4208880739796)
	    --Point printed
	  pt: (119.04729910714286, 122.44890306122448)
	    --Point printed
	  pt: (119.91997887436226, 122.308828125)
	    --Point printed
	  pt: (120.75784677933675, 122.00066326530613)
	    --Point printed
	  pt: (121.53478316326532, 121.52440848214286)
	    --Point printed
	  pt: (122.22466836734694, 120.88006377551021)
	    --Point printed
	  pt: (122.75704400510206, 120.12933314732143)
	    --Point printed
	  pt: (123.12130102040818, 119.30893574617347)
	    --Point printed
	  pt: (123.31743941326533, 118.44499123086734)
	    --Point printed
	  pt: (123.34545918367348, 117.56361926020408)
	    --Point printed
	  pt: (123.20536033163268, 116.6909394929847)
	    --Point printed
	  pt: (122.89714285714288, 115.85307158801021)
	    --Point printed
	  pt: (122.42080676020409, 115.07613520408162)
	    --Point printed
	  pt: (122.00051020408165, 114.6104081632653)
	    --Point printed
	  pt: (115.65390306122451, 108.26380102040817)
	    --Point printed
	  pt: (114.90308992346941, 107.73138711734694)
	    --Point printed
	  pt: (114.08267219387758, 107.36707270408164)
	    --Point printed
	  pt: (113.21879464285715, 107.17088647959184)
	    --Point printed
	  pt: (112.33760204081634, 107.14285714285714)
	    --Point printed
	  pt: (111.46497130102041, 107.28299426020408)
	    --Point printed
	  pt: (110.62704719387756, 107.59126913265307)
	    --Point printed
	  pt: (109.85003188775511, 108.06765306122449)
	    --Point printed
	  pt: (109.38428571428572, 108.48795918367347)
	    --Point printed
	  pt: (109.38428571428572, 108.48795918367347)
	    --Point printed
	  pt: (142.64073979591836, 137.75510204081633)
	    --Point printed
	  pt: (143.51342793367348, 137.89523915816326)
	    --Point printed
	  pt: (144.351256377551, 138.20351403061224)
	    --Point printed
	  pt: (145.12808035714286, 138.67989795918368)
	    --Point printed
	  pt: (145.59367346938777, 139.10020408163265)
	    --Point printed
	  pt: (147.34844387755103, 140.8549362244898)
	    --Point printed
	  pt: (147.88081951530611, 141.60566685267858)
	    --Point printed
	  pt: (148.24507653061224, 142.42606425382652)
	    --Point printed
	  pt: (148.4412149234694, 143.29000876913264)
	    --Point printed
	  pt: (148.46923469387755, 144.17138073979592)
	    --Point printed
	  pt: (148.32913584183675, 145.0440605070153)
	    --Point printed
	  pt: (148.02091836734692, 145.8819284119898)
	    --Point printed
	  pt: (147.54458227040817, 146.65886479591836)
	    --Point printed
	  pt: (146.90016581632653, 147.34871173469386)
	    --Point printed
	  pt: (146.14943518813777, 147.88099649234695)
	    --Point printed
	  pt: (145.3290377869898, 148.2451913265306)
	    --Point printed
	  pt: (144.46509327168366, 148.4412962372449)
	    --Point printed
	  pt: (143.5837213010204, 148.4693112244898)
	    --Point printed
	  pt: (142.71104153380102, 148.3292362882653)
	    --Point printed
	  pt: (141.87317362882652, 148.02107142857142)
	    --Point printed
	  pt: (141.09623724489794, 147.54481664540816)
	    --Point printed
	  pt: (140.63051020408162, 147.12459183673468)
	    --Point printed
	  pt: (138.87573979591838, 145.36985969387754)
	    --Point printed
	  pt: (138.34336415816327, 144.61912906568878)
	    --Point printed
	  pt: (137.97910714285712, 143.7987316645408)
	    --Point printed
	  pt: (137.78296874999998, 142.9347871492347)
	    --Point printed
	  pt: (137.75494897959183, 142.05341517857144)
	    --Point printed
	  pt: (137.89504783163264, 141.18073541135203)
	    --Point printed
	  pt: (138.20326530612243, 140.34286750637756)
	    --Point printed
	  pt: (138.6796014030612, 139.56593112244897)
	    --Point printed
	  pt: (139.32405612244895, 138.87604591836734)
	    --Point printed
	  pt: (140.0748788265306, 138.34363201530613)
	    --Point printed
	  pt: (140.8953443877551, 137.97931760204082)
	    --Point printed
	  pt: (141.7593367346939, 137.78313137755103)
	    --Point printed
	  pt: (142.3469387755102, 137.75510204081633)
	    --Point printed
	  pt: (142.3469387755102, 137.75510204081633)
	    --Point printed
	  pt: (140.81632653061226, 4.274846938775511)
	    --Point printed
	  pt: (140.6618638392857, 3.3675334821428464)
	    --Point printed
	  pt: (140.3392825255102, 2.5298437499999977)
	    --Point printed
	  pt: (139.86705038265308, 1.7802455357143003)
	    --Point printed
	  pt: (139.26363520408162, 1.1372066326530614)
	    --Point printed
	  pt: (138.54750478316325, 0.6191948341836451)
	    --Point printed
	  pt: (137.7371269132653, 0.24467793367347213)
	    --Point printed
	  pt: (136.85096938775513, 0.03212372448979295)
	    --Point printed
	  pt: (136.22448979591837, 0.0)
	    --Point printed
	  pt: (13.458520408163267, 0.0)
	    --Point printed
	  pt: (12.551206951530613, 0.154462691326529)
	    --Point printed
	  pt: (11.713517219387757, 0.47704400510201594)
	    --Point printed
	  pt: (10.963919005102042, 0.949276147959182)
	    --Point printed
	  pt: (10.32088010204082, 1.5526913265306064)
	    --Point printed
	  pt: (9.80286830357143, 2.268821747448982)
	    --Point printed
	  pt: (9.428351403061225, 3.0791996173469443)
	    --Point printed
	  pt: (9.21579719387755, 3.9653571428571297)
	    --Point printed
	  pt: (9.183673469387756, 4.908826530612259)
	    --Point printed
	  pt: (9.338136160714287, 5.816139987244895)
	    --Point printed
	  pt: (9.660717474489795, 6.653829719387744)
	    --Point printed
	  pt: (10.132949617346942, 7.403427933673441)
	    --Point printed
	  pt: (10.736364795918368, 8.04646683673468)
	    --Point printed
	  pt: (11.452495216836736, 8.564478635204097)
	    --Point printed
	  pt: (12.262873086734695, 8.93899553571427)
	    --Point printed
	  pt: (13.1490306122449, 9.151549744897949)
	    --Point printed
	  pt: (13.775510204081632, 9.183673469387742)
	    --Point printed
	  pt: (23.445, 9.183673469387742)
	    --Point printed
	  pt: (51.1765943877551, 55.30390943877549)
	    --Point printed
	  pt: (49.959079041772966, 55.57601776745855)
	    --Point printed
	  pt: (48.78439213966837, 55.95323909837373)
	    --Point printed
	  pt: (47.6578196747449, 56.43028609295281)
	    --Point printed
	  pt: (46.58464764030614, 57.00187141262755)
	    --Point printed
	  pt: (45.57016202965563, 57.66270771882971)
	    --Point printed
	  pt: (44.61964883609694, 58.40750767299106)
	    --Point printed
	  pt: (43.73839405293368, 59.23098393654337)
	    --Point printed
	  pt: (42.931683673469394, 60.12784917091837)
	    --Point printed
	  pt: (42.204803691007655, 61.09281603754782)
	    --Point printed
	  pt: (41.56304009885205, 62.12059719786352)
	    --Point printed
	  pt: (41.01167889030613, 63.205905313297194)
	    --Point printed
	  pt: (40.55600605867347, 64.34345304528061)
	    --Point printed
	  pt: (40.20130759725765, 65.52795305524553)
	    --Point printed
	  pt: (39.952869499362244, 66.75411800462372)
	    --Point printed
	  pt: (39.81597775829082, 68.01666055484692)
	    --Point printed
	  pt: (39.79591836734694, 69.35228954081633)
	    --Point printed
	  pt: (39.91428955078125, 70.74652049784758)
	    --Point printed
	  pt: (40.16819345902424, 72.09825723453444)
	    --Point printed
	  pt: (40.550652204241075, 73.4005218630421)
	    --Point printed
	  pt: (41.05468789859694, 74.64633649553572)
	    --Point printed
	  pt: (41.673322654257014, 75.82872324418048)
	    --Point printed
	  pt: (42.399578583386486, 76.94070422114157)
	    --Point printed
	  pt: (43.22647779815051, 77.97530153858418)
	    --Point printed
	  pt: (44.14704241071429, 78.92553730867346)
	    --Point printed
	  pt: (45.15429453324299, 79.78443364357462)
	    --Point printed
	  pt: (46.24125627790179, 80.54501265545281)
	    --Point printed
	  pt: (47.400949756855866, 81.20029645647321)
	    --Point printed
	  pt: (48.62639708227042, 81.74330715880102)
	    --Point printed
	  pt: (49.910620366310596, 82.1670668746014)
	    --Point printed
	  pt: (51.246641721141586, 82.46459771603953)
	    --Point printed
	  pt: (52.62748325892857, 82.62892179528062)
	    --Point printed
	  pt: (53.57142857142857, 82.65306122448979)
	    --Point printed
	  pt: (56.92408163265306, 82.65306122448979)
	    --Point printed
	  pt: (60.674808673469386, 132.124056122449)
	    --Point printed
	  pt: (60.115818319515306, 132.46027184311225)
	    --Point printed
	  pt: (59.44757334183672, 133.01026147959183)
	    --Point printed
	  pt: (58.800066964285705, 133.8800318877551)
	    --Point printed
	  pt: (58.50641541772959, 134.46580915178572)
	    --Point printed
	  pt: (58.297492825255105, 135.09559151785714)
	    --Point printed
	  pt: (58.180656887755106, 135.762024872449)
	    --Point printed
	  pt: (58.16326530612245, 136.54147959183672)
	    --Point printed
	  pt: (58.317727997448976, 137.44879304846938)
	    --Point printed
	  pt: (58.64030931122449, 138.28648278061223)
	    --Point printed
	  pt: (59.11254145408163, 139.03608099489796)
	    --Point printed
	  pt: (59.71595663265307, 139.67911989795917)
	    --Point printed
	  pt: (60.43208705357143, 140.19713169642858)
	    --Point printed
	  pt: (61.2424649234694, 140.5716485969388)
	    --Point printed
	  pt: (62.12862244897959, 140.78420280612244)
	    --Point printed
	  pt: (62.755102040816325, 140.81632653061223)
	    --Point printed
	  pt: (65.79642857142858, 140.8169387755102)
	    --Point printed
	  pt: (65.85734693877552, 140.81632653061223)
	    --Point printed
	  pt: (70.40816326530613, 140.81632653061223)
	    --Point printed
	  pt: (70.40816326530613, 145.7251530612245)
	    --Point printed
	  pt: (70.56262595663266, 146.63246651785715)
	    --Point printed
	  pt: (70.88520727040817, 147.47015625)
	    --Point printed
	  pt: (71.35743941326531, 148.21975446428573)
	    --Point printed
	  pt: (71.96085459183675, 148.86279336734694)
	    --Point printed
	  pt: (72.6769850127551, 149.38080516581633)
	    --Point printed
	  pt: (73.48736288265307, 149.75532206632653)
	    --Point printed
	  pt: (74.37352040816326, 149.9678762755102)
	    --Point printed
	  pt: (75.31698979591837, 150.0)
	    --Point printed
	  pt: (76.22430325255102, 149.84553730867347)
	    --Point printed
	  pt: (77.06199298469389, 149.52295599489796)
	    --Point printed
	  pt: (77.8115911989796, 149.05072385204082)
	    --Point printed
	  pt: (78.45463010204081, 148.4473086734694)
	    --Point printed
	  pt: (78.97264190051021, 147.73117825255102)
	    --Point printed
	  pt: (79.3471588010204, 146.92080038265306)
	    --Point printed
	  pt: (79.55971301020408, 146.03464285714287)
	    --Point printed
	  pt: (79.59183673469389, 145.40816326530611)
	    --Point printed
	  pt: (79.59183673469389, 140.81632653061223)
	    --Point printed
	  pt: (84.17357142857142, 140.8169387755102)
	    --Point printed
	  pt: (84.23479591836735, 140.81632653061223)
	    --Point printed
	  pt: (87.56188775510205, 140.81632653061223)
	    --Point printed
	  pt: (88.4692012117347, 140.6618638392857)
	    --Point printed
	  pt: (89.30689094387753, 140.3392825255102)
	    --Point printed
	  pt: (90.05648915816326, 139.86705038265305)
	    --Point printed
	  pt: (90.69952806122448, 139.26363520408162)
	    --Point printed
	  pt: (91.21753985969389, 138.54750478316328)
	    --Point printed
	  pt: (91.59205676020407, 137.7371269132653)
	    --Point printed
	  pt: (91.80461096938775, 136.8509693877551)
	    --Point printed
	  pt: (91.83673469387756, 135.9912244897959)
	    --Point printed
	  pt: (91.75222935267858, 135.31420838647958)
	    --Point printed
	  pt: (91.5731847895408, 134.6713919005102)
	    --Point printed
	  pt: (91.30695870535715, 134.07012914540817)
	    --Point printed
	  pt: (90.84139668367348, 133.33664540816326)
	    --Point printed
	  pt: (90.05876833545919, 132.5892044005102)
	    --Point printed
	  pt: (89.51739317602042, 132.22769770408163)
	    --Point printed
	  pt: (89.12540816326532, 132.03428571428572)
	    --Point printed
	  pt: (93.07591836734694, 82.65306122448979)
	    --Point printed
	  pt: (96.9033099489796, 82.65306122448979)
	    --Point printed
	  pt: (98.29754090601085, 82.53469004105548)
	    --Point printed
	  pt: (99.64927764269771, 82.2807861328125)
	    --Point printed
	  pt: (100.95154227120537, 81.89832738759566)
	    --Point printed
	  pt: (102.19735690369899, 81.3942916932398)
	    --Point printed
	  pt: (103.37974365234375, 80.77565693757973)
	    --Point printed
	  pt: (104.49172462930485, 80.04940100845025)
	    --Point printed
	  pt: (105.52632194674747, 79.22250179368622)
	    --Point printed
	  pt: (106.47655771683674, 78.30193718112244)
	    --Point printed
	  pt: (107.33545405173791, 77.29468505859374)
	    --Point printed
	  pt: (108.09603306361609, 76.20772331393493)
	    --Point printed
	  pt: (108.7513168646365, 75.04802983498087)
	    --Point printed
	  pt: (109.2943275669643, 73.82258250956633)
	    --Point printed
	  pt: (109.71808728276466, 72.53835922552615)
	    --Point printed
	  pt: (110.01561812420282, 71.20233787069516)
	    --Point printed
	  pt: (110.17994220344387, 69.82149633290815)
	    --Point printed
	  pt: (110.20408163265306, 68.44480867346938)
	    --Point printed
	  pt: (110.10554667570152, 67.17131522042409)
	    --Point printed
	  pt: (109.89370336415816, 65.93243692203444)
	    --Point printed
	  pt: (109.57383769132653, 64.73346111686863)
	    --Point printed
	  pt: (109.15123565051022, 63.579675143494896)
	    --Point printed
	  pt: (108.63118323501276, 62.476366340481505)
	    --Point printed
	  pt: (108.01896643813775, 61.42882204639669)
	    --Point printed
	  pt: (107.31987125318877, 60.44232959980866)
	    --Point printed
	  pt: (106.5391836734694, 59.52217633928572)
	    --Point printed
	  pt: (105.68218969228316, 58.67364960339604)
	    --Point printed
	  pt: (104.75417530293367, 57.90203673070789)
	    --Point printed
	  pt: (103.76042649872448, 57.212625059789545)
	    --Point printed
	  pt: (102.70622927295919, 56.61070192920917)
	    --Point printed
	  pt: (101.59686961894134, 56.10155467753508)
	    --Point printed
	  pt: (100.43763352997448, 55.69047064333546)
	    --Point printed
	  pt: (99.23380699936224, 55.38273716517857)
	    --Point printed
	  pt: (98.40704081632654, 55.24377551020409)
	    --Point printed
	  pt: (126.55469387755102, 9.183673469387742)
	    --Point printed
	  pt: (136.54147959183675, 9.183673469387742)
	    --Point printed
	  pt: (137.44879304846938, 9.029210778061213)
	    --Point printed
	  pt: (138.28648278061223, 8.706629464285726)
	    --Point printed
	  pt: (139.03608099489796, 8.23439732142856)
	    --Point printed
	  pt: (139.6791198979592, 7.630982142857135)
	    --Point printed
	  pt: (140.19713169642858, 6.91485172193876)
	    --Point printed
	  pt: (140.57164859693876, 6.1044738520407975)
	    --Point printed
	  pt: (140.78420280612244, 5.218316326530612)
	    --Point printed
	  pt: (140.81632653061226, 4.591836734693885)
	    --Point printed
	  pt: (140.81632653061226, 4.591836734693885)
	    --Point printed
	  pt: (66.13714285714286, 82.65306122448979)
	    --Point printed
	  pt: (83.86285714285714, 82.65306122448979)
	    --Point printed
	  pt: (79.94448979591837, 131.6326530612245)
	    --Point printed
	  pt: (70.05551020408163, 131.6326530612245)
	    --Point printed
	  pt: (66.13714285714286, 82.65306122448979)
	    --Point printed
	  pt: (66.13714285714286, 82.65306122448979)
	    --Point printed
	  pt: (53.57142857142857, 64.28571428571428)
	    --Point printed
	  pt: (96.74506377551019, 64.28571428571428)
	    --Point printed
	  pt: (97.65146006058673, 64.44044124681122)
	    --Point printed
	  pt: (98.48879225127551, 64.76347337372451)
	    --Point printed
	  pt: (99.23845264668367, 65.23620296556123)
	    --Point printed
	  pt: (99.88183354591837, 65.84002232142856)
	    --Point printed
	  pt: (100.40032724808673, 66.55632374043368)
	    --Point printed
	  pt: (100.77532605229592, 67.36649952168368)
	    --Point printed
	  pt: (100.98822225765306, 68.25194196428572)
	    --Point printed
	  pt: (101.0204081632653, 69.19404336734692)
	    --Point printed
	  pt: (100.86568120216837, 70.10043965242346)
	    --Point printed
	  pt: (100.54264907525508, 70.93777184311224)
	    --Point printed
	  pt: (100.06991948341836, 71.6874322385204)
	    --Point printed
	  pt: (99.46610012755103, 72.3308131377551)
	    --Point printed
	  pt: (98.74979870854591, 72.84930683992346)
	    --Point printed
	  pt: (97.93962292729591, 73.22430564413264)
	    --Point printed
	  pt: (97.05418048469387, 73.4372018494898)
	    --Point printed
	  pt: (96.42857142857143, 73.46938775510203)
	    --Point printed
	  pt: (53.254936224489796, 73.46938775510203)
	    --Point printed
	  pt: (52.34853993941326, 73.31466079400509)
	    --Point printed
	  pt: (51.51120774872449, 72.99162866709183)
	    --Point printed
	  pt: (50.76154735331633, 72.51889907525509)
	    --Point printed
	  pt: (50.11816645408164, 71.91507971938775)
	    --Point printed
	  pt: (49.59967275191327, 71.19877830038264)
	    --Point printed
	  pt: (49.22467394770409, 70.38860251913265)
	    --Point printed
	  pt: (49.011777742346936, 69.5031600765306)
	    --Point printed
	  pt: (48.9795918367347, 68.56105867346939)
	    --Point printed
	  pt: (49.13431879783164, 67.65466238839286)
	    --Point printed
	  pt: (49.45735092474491, 66.81733019770408)
	    --Point printed
	  pt: (49.93008051658165, 66.06766980229592)
	    --Point printed
	  pt: (50.53389987244899, 65.42428890306122)
	    --Point printed
	  pt: (51.25020129145408, 64.90579520089287)
	    --Point printed
	  pt: (52.06037707270409, 64.53079639668367)
	    --Point printed
	  pt: (52.945819515306134, 64.31790019132653)
	    --Point printed
	  pt: (53.57142857142857, 64.28571428571428)
	    --Point printed
	  pt: (53.57142857142857, 64.28571428571428)
	    --Point printed
	  pt: (92.76336734693878, 9.183673469387742)
	    --Point printed
	  pt: (90.41031887755102, 12.713380102040816)
	    --Point printed
	  pt: (89.32079679528061, 14.029894371811224)
	    --Point printed
	  pt: (88.09140066964287, 15.189659598214291)
	    --Point printed
	  pt: (86.73844945790819, 16.183940529336724)
	    --Point printed
	  pt: (85.27826211734694, 17.004001913265313)
	    --Point printed
	  pt: (83.72715760522959, 17.64110849808671)
	    --Point printed
	  pt: (82.10145487882656, 18.08652503188776)
	    --Point printed
	  pt: (80.41747289540818, 18.331516262755088)
	    --Point printed
	  pt: (79.26857142857143, 18.367346938775512)
	    --Point printed
	  pt: (70.15408163265307, 18.367346938775512)
	    --Point printed
	  pt: (68.45427814094388, 18.19110530931121)
	    --Point printed
	  pt: (66.80729512117347, 17.81152662627548)
	    --Point printed
	  pt: (65.22945870535715, 17.23734614158164)
	    --Point printed
	  pt: (63.737095025510214, 16.47729910714284)
	    --Point printed
	  pt: (62.346530213647966, 15.540120774872435)
	    --Point printed
	  pt: (61.07409040178572, 14.434546396683686)
	    --Point printed
	  pt: (59.93610172193878, 13.169311224489803)
	    --Point printed
	  pt: (59.26897959183675, 12.233265306122433)
	    --Point printed
	  pt: (57.236326530612246, 9.183673469387742)
	    --Point printed
	  pt: (92.76336734693878, 9.183673469387742)
	    --Point printed
	  pt: (92.76336734693878, 9.183673469387742)
	    --Point printed
	  pt: (115.79204081632653, 9.183673469387742)
	    --Point printed
	  pt: (87.73102040816327, 55.10204081632652)
	    --Point printed
	  pt: (62.26928571428572, 55.10204081632652)
	    --Point printed
	  pt: (34.20795918367347, 9.183673469387742)
	    --Point printed
	  pt: (46.19877551020408, 9.183673469387742)
	    --Point printed
	  pt: (52.161390306122456, 18.127653061224493)
	    --Point printed
	  pt: (53.97737683354592, 20.3218742028061)
	    --Point printed
	  pt: (56.026451690051026, 22.254838966836715)
	    --Point printed
	  pt: (58.28142617984694, 23.911989795918345)
	    --Point printed
	  pt: (60.715111607142845, 25.27876913265304)
	    --Point printed
	  pt: (63.30031927614795, 26.34061941964285)
	    --Point printed
	  pt: (66.00986049107142, 27.08298309948978)
	    --Point printed
	  pt: (68.81654655612245, 27.491302614795913)
	    --Point printed
	  pt: (70.73142857142858, 27.551020408163268)
	    --Point printed
	  pt: (80.23059948979594, 27.551020408163268)
	    --Point printed
	  pt: (83.06355229591837, 27.257283960459176)
	    --Point printed
	  pt: (85.80845663265306, 26.624650829081617)
	    --Point printed
	  pt: (88.43810586734693, 25.667678571428553)
	    --Point printed
	  pt: (90.92529336734692, 24.40092474489795)
	    --Point printed
	  pt: (93.2428125, 22.838946906887728)
	    --Point printed
	  pt: (95.36345663265307, 20.996302614795923)
	    --Point printed
	  pt: (97.26001913265307, 18.8875494260204)
	    --Point printed
	  pt: (98.37183673469389, 17.32744897959185)
	    --Point printed
	  pt: (103.80091836734695, 9.183673469387742)
	    --Point printed
	  pt: (115.79204081632653, 9.183673469387742)
	    --Point printed
	  pt: (115.79204081632653, 9.183673469387742)
	    --Point printed
	  pt: (35.242653061224495, 108.26380102040817)
	    --Point printed
	  pt: (35.99333227040817, 107.73138711734694)
	    --Point printed
	  pt: (36.81373086734694, 107.36707270408164)
	    --Point printed
	  pt: (37.677704081632655, 107.17088647959184)
	    --Point printed
	  pt: (38.559107142857144, 107.14285714285714)
	    --Point printed
	  pt: (39.43179528061224, 107.28299426020408)
	    --Point printed
	  pt: (40.2696237244898, 107.59126913265307)
	    --Point printed
	  pt: (41.04644770408163, 108.06765306122449)
	    --Point printed
	  pt: (41.73619897959183, 108.71207908163265)
	    --Point printed
	  pt: (42.268574617346935, 109.46280970982141)
	    --Point printed
	  pt: (42.63283163265306, 110.28320711096939)
	    --Point printed
	  pt: (42.82897002551021, 111.1471516262755)
	    --Point printed
	  pt: (42.85698979591837, 112.02852359693878)
	    --Point printed
	  pt: (42.71689094387755, 112.90120336415816)
	    --Point printed
	  pt: (42.40867346938774, 113.73907126913267)
	    --Point printed
	  pt: (41.93233737244898, 114.51600765306122)
	    --Point printed
	  pt: (41.51204081632653, 114.98173469387754)
	    --Point printed
	  pt: (35.16547193877551, 121.32830357142856)
	    --Point printed
	  pt: (34.414741310586734, 121.86058832908164)
	    --Point printed
	  pt: (33.59434390943878, 122.2247831632653)
	    --Point printed
	  pt: (32.730399394132654, 122.4208880739796)
	    --Point printed
	  pt: (31.849027423469387, 122.44890306122448)
	    --Point printed
	  pt: (30.976347656250002, 122.308828125)
	    --Point printed
	  pt: (30.138479751275508, 122.00066326530613)
	    --Point printed
	  pt: (29.361543367346936, 121.52440848214286)
	    --Point printed
	  pt: (28.67165816326531, 120.88006377551021)
	    --Point printed
	  pt: (28.139282525510204, 120.12933314732143)
	    --Point printed
	  pt: (27.775025510204085, 119.30893574617347)
	    --Point printed
	  pt: (27.578887117346934, 118.44499123086734)
	    --Point printed
	  pt: (27.550867346938777, 117.56361926020408)
	    --Point printed
	  pt: (27.69096619897959, 116.6909394929847)
	    --Point printed
	  pt: (27.99918367346939, 115.85307158801021)
	    --Point printed
	  pt: (28.475519770408166, 115.07613520408162)
	    --Point printed
	  pt: (28.895816326530614, 114.6104081632653)
	    --Point printed
	  pt: (35.018571428571434, 108.48795918367347)
	    --Point printed
	  pt: (35.018571428571434, 108.48795918367347)
	    --Point printed
	  pt: (145.40816326530611, 79.59183673469387)
	    --Point printed
	  pt: (138.9687244897959, 79.59183673469387)
	    --Point printed
	  pt: (138.06141103316327, 79.43737404336734)
	    --Point printed
	  pt: (137.22372130102042, 79.11479272959183)
	    --Point printed
	  pt: (136.47412308673472, 78.64256058673469)
	    --Point printed
	  pt: (135.83108418367348, 78.03914540816325)
	    --Point printed
	  pt: (135.31307238520407, 77.3230149872449)
	    --Point printed
	  pt: (134.9385554846939, 76.51263711734693)
	    --Point printed
	  pt: (134.7260012755102, 75.62647959183674)
	    --Point printed
	  pt: (134.69387755102042, 74.68301020408163)
	    --Point printed
	  pt: (134.84834024234695, 73.77569674744898)
	    --Point printed
	  pt: (135.17092155612244, 72.93800701530611)
	    --Point printed
	  pt: (135.6431536989796, 72.1884088010204)
	    --Point printed
	  pt: (136.24656887755103, 71.54536989795919)
	    --Point printed
	  pt: (136.9626992984694, 71.02735809948979)
	    --Point printed
	  pt: (137.77307716836737, 70.6528411989796)
	    --Point printed
	  pt: (138.65923469387755, 70.44028698979592)
	    --Point printed
	  pt: (139.28571428571428, 70.40816326530611)
	    --Point printed
	  pt: (145.7251530612245, 70.40816326530611)
	    --Point printed
	  pt: (146.63246651785715, 70.56262595663266)
	    --Point printed
	  pt: (147.47015625, 70.88520727040815)
	    --Point printed
	  pt: (148.2197544642857, 71.3574394132653)
	    --Point printed
	  pt: (148.86279336734694, 71.96085459183672)
	    --Point printed
	  pt: (149.38080516581635, 72.6769850127551)
	    --Point printed
	  pt: (149.75532206632653, 73.48736288265307)
	    --Point printed
	  pt: (149.9678762755102, 74.37352040816326)
	    --Point printed
	  pt: (150.0, 75.31698979591837)
	    --Point printed
	  pt: (149.84553730867347, 76.22430325255101)
	    --Point printed
	  pt: (149.52295599489798, 77.06199298469389)
	    --Point printed
	  pt: (149.05072385204082, 77.81159119897958)
	    --Point printed
	  pt: (148.4473086734694, 78.45463010204081)
	    --Point printed
	  pt: (147.73117825255102, 78.97264190051021)
	    --Point printed
	  pt: (146.92080038265306, 79.34715880102041)
	    --Point printed
	  pt: (146.03464285714287, 79.55971301020408)
	    --Point printed
	  pt: (145.40816326530611, 79.59183673469387)
	    --Point printed
	  pt: (145.40816326530611, 79.59183673469387)
	    --Point printed
	  pt: (4.630408163265306, 138.87604591836734)
	    --Point printed
	  pt: (5.381087372448981, 138.34363201530613)
	    --Point printed
	  pt: (6.201485969387756, 137.97931760204082)
	    --Point printed
	  pt: (7.06545918367347, 137.78313137755103)
	    --Point printed
	  pt: (7.946862244897959, 137.75510204081633)
	    --Point printed
	  pt: (8.81955038265306, 137.89523915816326)
	    --Point printed
	  pt: (9.657378826530612, 138.20351403061224)
	    --Point printed
	  pt: (10.434202806122446, 138.67989795918368)
	    --Point printed
	  pt: (11.123954081632654, 139.32432397959184)
	    --Point printed
	  pt: (11.656329719387754, 140.0750546077806)
	    --Point printed
	  pt: (12.020586734693879, 140.89545200892857)
	    --Point printed
	  pt: (12.216725127551019, 141.7593965242347)
	    --Point printed
	  pt: (12.244744897959183, 142.64076849489797)
	    --Point printed
	  pt: (12.104646045918367, 143.51344826211735)
	    --Point printed
	  pt: (11.79642857142857, 144.35131616709182)
	    --Point printed
	  pt: (11.320092474489796, 145.1282525510204)
	    --Point printed
	  pt: (10.899795918367348, 145.59397959183673)
	    --Point printed
	  pt: (9.145063775510204, 147.34871173469386)
	    --Point printed
	  pt: (8.39433314732143, 147.88099649234695)
	    --Point printed
	  pt: (7.573935746173469, 148.2451913265306)
	    --Point printed
	  pt: (6.709991230867348, 148.4412962372449)
	    --Point printed
	  pt: (5.828619260204083, 148.4693112244898)
	    --Point printed
	  pt: (4.955939492984696, 148.3292362882653)
	    --Point printed
	  pt: (4.118071588010205, 148.02107142857142)
	    --Point printed
	  pt: (3.3411352040816333, 147.54481664540816)
	    --Point printed
	  pt: (2.65125, 146.9004719387755)
	    --Point printed
	  pt: (2.1188743622448984, 146.14974131058673)
	    --Point printed
	  pt: (1.754617346938776, 145.32934390943876)
	    --Point printed
	  pt: (1.558478954081633, 144.46539939413265)
	    --Point printed
	  pt: (1.5304591836734698, 143.5840274234694)
	    --Point printed
	  pt: (1.6705580357142862, 142.71134765625)
	    --Point printed
	  pt: (1.9787755102040818, 141.8734797512755)
	    --Point printed
	  pt: (2.4551116071428574, 141.09654336734692)
	    --Point printed
	  pt: (2.8754081632653063, 140.6308163265306)
	    --Point printed
	  pt: (4.406326530612245, 139.10020408163265)
	    --Point printed
	  pt: (4.406326530612245, 139.10020408163265)
	    --Point printed
	  pt: (15.306122448979592, 75.31698979591837)
	    --Point printed
	  pt: (15.15165975765306, 76.22430325255101)
	    --Point printed
	  pt: (14.829078443877549, 77.06199298469389)
	    --Point printed
	  pt: (14.356846301020406, 77.81159119897958)
	    --Point printed
	  pt: (13.75343112244898, 78.45463010204081)
	    --Point printed
	  pt: (13.037300701530611, 78.97264190051021)
	    --Point printed
	  pt: (12.226922831632653, 79.34715880102041)
	    --Point printed
	  pt: (11.340765306122448, 79.55971301020408)
	    --Point printed
	  pt: (10.714285714285715, 79.59183673469387)
	    --Point printed
	  pt: (4.274846938775511, 79.59183673469387)
	    --Point printed
	  pt: (3.367533482142857, 79.43737404336734)
	    --Point printed
	  pt: (2.52984375, 79.11479272959183)
	    --Point printed
	  pt: (1.7802455357142857, 78.64256058673469)
	    --Point printed
	  pt: (1.1372066326530612, 78.03914540816325)
	    --Point printed
	  pt: (0.6191948341836735, 77.3230149872449)
	    --Point printed
	  pt: (0.24467793367346938, 76.51263711734693)
	    --Point printed
	  pt: (0.03212372448979592, 75.62647959183674)
	    --Point printed
	  pt: (0.0, 74.68301020408163)
	    --Point printed
	  pt: (0.15446269132653062, 73.77569674744898)
	    --Point printed
	  pt: (0.47704400510204087, 72.93800701530611)
	    --Point printed
	  pt: (0.9492761479591837, 72.1884088010204)
	    --Point printed
	  pt: (1.5526913265306121, 71.54536989795919)
	    --Point printed
	  pt: (2.2688217474489796, 71.02735809948979)
	    --Point printed
	  pt: (3.079199617346939, 70.6528411989796)
	    --Point printed
	  pt: (3.965357142857143, 70.44028698979592)
	    --Point printed
	  pt: (4.591836734693878, 70.40816326530611)
	    --Point printed
	  pt: (11.03127551020408, 70.40816326530611)
	    --Point printed
	  pt: (11.938588966836734, 70.56262595663266)
	    --Point printed
	  pt: (12.77627869897959, 70.88520727040815)
	    --Point printed
	  pt: (13.525876913265305, 71.3574394132653)
	    --Point printed
	  pt: (14.168915816326528, 71.96085459183672)
	    --Point printed
	  pt: (14.686927614795916, 72.6769850127551)
	    --Point printed
	  pt: (15.061444515306121, 73.48736288265307)
	    --Point printed
	  pt: (15.273998724489797, 74.37352040816326)
	    --Point printed
	  pt: (15.306122448979592, 75.0)
	    --Point printed
	  pt: (15.306122448979592, 75.0)
	    --Point printed
--Found Elem: <Element '{http://www.w3.org/2000/svg}g' at 0x000001D97BEB81D0>
  --No Name: g
--Found Elem: <Element '{http://www.w3.org/2000/svg}g' at 0x000001D97BEB8220>
  --No Name: g
--Found Elem: <Element '{http://www.w3.org/2000/svg}g' at 0x000001D97BEB8270>
  --No Name: g
--Found Elem: <Element '{http://www.w3.org/2000/svg}g' at 0x000001D97BEB82C0>
  --No Name: g
--Found Elem: <Element '{http://www.w3.org/2000/svg}g' at 0x000001D97BEB8310>
  --No Name: g
--Found Elem: <Element '{http://www.w3.org/2000/svg}g' at 0x000001D97BEB8360>
  --No Name: g
--Found Elem: <Element '{http://www.w3.org/2000/svg}g' at 0x000001D97BEB83B0>
  --No Name: g
--Found Elem: <Element '{http://www.w3.org/2000/svg}g' at 0x000001D97BEB8400>
  --No Name: g
--Found Elem: <Element '{http://www.w3.org/2000/svg}g' at 0x000001D97BEB8450>
  --No Name: g
--Found Elem: <Element '{http://www.w3.org/2000/svg}g' at 0x000001D97BEB84A0>
  --No Name: g
--Found Elem: <Element '{http://www.w3.org/2000/svg}g' at 0x000001D97BEB84F0>
  --No Name: g
--Found Elem: <Element '{http://www.w3.org/2000/svg}g' at 0x000001D97BEB8540>
  --No Name: g
--Found Elem: <Element '{http://www.w3.org/2000/svg}g' at 0x000001D97BEB8590>
  --No Name: g
--Found Elem: <Element '{http://www.w3.org/2000/svg}g' at 0x000001D97BEB85E0>
  --No Name: g
--Found Elem: <Element '{http://www.w3.org/2000/svg}g' at 0x000001D97BEB8630>
  --No Name: g
