Input File: ./imagens/heart2.svg
Output File: ./imagens/gcode_output/heart2.gcode
Log File: ./imagens/log/heart2.log

wdth: 471.701
hght: 471.701
scale: 0.31799805385191043
x%: 0.31799805385191043
y%: 0.31799805385191043
--Found Elem: <Element '{http://www.w3.org/2000/svg}svg' at 0x0000013F7EA68270>
  --No Name: svg
--Found Elem: <Element '{http://www.w3.org/2000/svg}g' at 0x0000013F7EA68310>
  --No Name: g
--Found Elem: <Element '{http://www.w3.org/2000/svg}path' at 0x0000013F7EA68360>
  --Name: path
	Class : <class 'svg2gcode_py.lib.shapes.path'>
	Object: <Element '{http://www.w3.org/2000/svg}path' at 0x0000013F7EA68360>
	Attrs : [('d', 'M433.601,67.001c-24.7-24.7-57.4-38.2-92.3-38.2s-67.7,13.6-92.4,38.3l-12.9,12.9l-13.1-13.1   c-24.7-24.7-57.6-38.4-92.5-38.4c-34.8,0-67.6,13.6-92.2,38.2c-24.7,24.7-38.3,57.5-38.2,92.4c0,34.9,13.7,67.6,38.4,92.3   l187.8,187.8c2.6,2.6,6.1,4,9.5,4c3.4,0,6.9-1.3,9.5-3.9l188.2-187.5c24.7-24.7,38.3-57.5,38.3-92.4   C471.801,124.501,458.301,91.701,433.601,67.001z M414.401,232.701l-178.7,178l-178.3-178.3c-19.6-19.6-30.4-45.6-30.4-73.3   s10.7-53.7,30.3-73.2c19.5-19.5,45.5-30.3,73.1-30.3c27.7,0,53.8,10.8,73.4,30.4l22.6,22.6c5.3,5.3,13.8,5.3,19.1,0l22.4-22.4   c19.6-19.6,45.7-30.4,73.3-30.4c27.6,0,53.6,10.8,73.2,30.3c19.6,19.6,30.3,45.6,30.3,73.3   C444.801,187.101,434.001,213.101,414.401,232.701z')]
	Transform: None
	d: M433.601,67.001c-24.7-24.7-57.4-38.2-92.3-38.2s-67.7,13.6-92.4,38.3l-12.9,12.9l-13.1-13.1   c-24.7-24.7-57.6-38.4-92.5-38.4c-34.8,0-67.6,13.6-92.2,38.2c-24.7,24.7-38.3,57.5-38.2,92.4c0,34.9,13.7,67.6,38.4,92.3   l187.8,187.8c2.6,2.6,6.1,4,9.5,4c3.4,0,6.9-1.3,9.5-3.9l188.2-187.5c24.7-24.7,38.3-57.5,38.3-92.4   C471.801,124.501,458.301,91.701,433.601,67.001z M414.401,232.701l-178.7,178l-178.3-178.3c-19.6-19.6-30.4-45.6-30.4-73.3   s10.7-53.7,30.3-73.2c19.5-19.5,45.5-30.3,73.1-30.3c27.7,0,53.8,10.8,73.4,30.4l22.6,22.6c5.3,5.3,13.8,5.3,19.1,0l22.4-22.4   c19.6-19.6,45.7-30.4,73.3-30.4c27.6,0,53.6,10.8,73.2,30.3c19.6,19.6,30.3,45.6,30.3,73.3   C444.801,187.101,434.001,213.101,414.401,232.701z
	m: None
	d is GOOD!
	Points: <generator object point_generator at 0x0000013F7EA35700>
	  pt: (137.8842741482422, 128.69381239386814)
	    --Point printed
	  pt: (137.39336465260834, 129.18472188950204)
	    --Point printed
	  pt: (135.87184955021823, 130.58753117540294)
	    --Point printed
	  pt: (134.29431213443473, 131.90543746528522)
	    --Point printed
	  pt: (132.66345414653563, 133.1373693789869)
	    --Point printed
	  pt: (130.98197732779875, 134.28225553634613)
	    --Point printed
	  pt: (129.25258341950197, 135.33902455720096)
	    --Point printed
	  pt: (127.47797416292312, 136.30660506138952)
	    --Point printed
	  pt: (125.66085129934007, 137.1839256687499)
	    --Point printed
	  pt: (123.8039165700306, 137.9699149991202)
	    --Point printed
	  pt: (121.90987171627259, 138.66350167233853)
	    --Point printed
	  pt: (119.98141847934392, 139.26361430824292)
	    --Point printed
	  pt: (118.02125860052239, 139.76918152667156)
	    --Point printed
	  pt: (116.03209382108584, 140.17913194746248)
	    --Point printed
	  pt: (114.01662588231213, 140.4923941904538)
	    --Point printed
	  pt: (111.97755652547906, 140.7078968754836)
	    --Point printed
	  pt: (109.91758749186455, 140.82456862239002)
	    --Point printed
	  pt: (107.8394205227464, 140.84133805101112)
	    --Point printed
	  pt: (105.77249528170388, 140.75725799917478)
	    --Point printed
	  pt: (103.72494804706795, 140.5733687925455)
	    --Point printed
	  pt: (101.69957372360884, 140.29083497477745)
	    --Point printed
	  pt: (99.69916721609664, 139.91082108952492)
	    --Point printed
	  pt: (97.72652342930162, 139.43449168044216)
	    --Point printed
	  pt: (95.78443726799391, 138.8630112911834)
	    --Point printed
	  pt: (93.87570363694374, 138.19754446540287)
	    --Point printed
	  pt: (92.00311744092124, 137.43925574675484)
	    --Point printed
	  pt: (90.16947358469663, 136.58930967889353)
	    --Point printed
	  pt: (88.37756697304012, 135.64887080547317)
	    --Point printed
	  pt: (86.63019251072184, 134.61910367014804)
	    --Point printed
	  pt: (84.93014510251197, 133.50117281657236)
	    --Point printed
	  pt: (83.28021965318072, 132.29624278840038)
	    --Point printed
	  pt: (81.68321106749826, 131.00547812928636)
	    --Point printed
	  pt: (80.14191425023479, 129.6300433828845)
	    --Point printed
	  pt: (79.15003360179435, 128.66201258848295)
	    --Point printed
	  pt: (75.04785870710471, 124.55983769379331)
	    --Point printed
	  pt: (70.39117470601079, 129.21652169488723)
	    --Point printed
	  pt: (68.86847953271776, 130.6205110516911)
	    --Point printed
	  pt: (67.28851986613343, 131.94083959237418)
	    --Point printed
	  pt: (65.6541837745203, 133.1762496097899)
	    --Point printed
	  pt: (63.96835932614093, 134.3254833967916)
	    --Point printed
	  pt: (62.23393458925781, 135.38728324623278)
	    --Point printed
	  pt: (60.45379763213349, 136.36039145096683)
	    --Point printed
	  pt: (58.63083652303048, 137.24355030384714)
	    --Point printed
	  pt: (56.7679393302113, 138.03550209772715)
	    --Point printed
	  pt: (54.86799412193847, 138.7349891254603)
	    --Point printed
	  pt: (52.93388896647451, 139.3407536799)
	    --Point printed
	  pt: (50.96851193208197, 139.85153805389962)
	    --Point printed
	  pt: (48.97475108702336, 140.26608454031262)
	    --Point printed
	  pt: (46.95549449956116, 140.5831354319924)
	    --Point printed
	  pt: (44.913630237957946, 140.8014330217924)
	    --Point printed
	  pt: (42.8520463704762, 140.91971960256603)
	    --Point printed
	  pt: (40.77561845321507, 140.9367374671667)
	    --Point printed
	  pt: (38.71406564023077, 140.8526729425791)
	    --Point printed
	  pt: (36.671269743704165, 140.6688613721934)
	    --Point printed
	  pt: (34.65011883189774, 140.38651388141005)
	    --Point printed
	  pt: (32.65350097307404, 140.00684159562942)
	    --Point printed
	  pt: (30.684304235495574, 139.53105564025196)
	    --Point printed
	  pt: (28.745416687424864, 138.9603671406781)
	    --Point printed
	  pt: (26.839726397124448, 138.29598722230818)
	    --Point printed
	  pt: (24.97012143285683, 137.5391270105427)
	    --Point printed
	  pt: (23.13948986288453, 136.690997630782)
	    --Point printed
	  pt: (21.35071975547009, 135.75281020842652)
	    --Point printed
	  pt: (19.606699178876024, 134.72577586887667)
	    --Point printed
	  pt: (17.910316201364846, 133.61110573753288)
	    --Point printed
	  pt: (16.26445889119908, 132.41001093979554)
	    --Point printed
	  pt: (14.672015316641257, 131.12370260106508)
	    --Point printed
	  pt: (13.135873545953894, 129.7533918467419)
	    --Point printed
	  pt: (11.656934159562937, 128.29830231438984)
	    --Point printed
	  pt: (10.253550365459258, 126.77619717654827)
	    --Point printed
	  pt: (8.934510586420204, 125.19744863536434)
	    --Point printed
	  pt: (7.701025947846192, 123.56485159560823)
	    --Point printed
	  pt: (6.554307575137632, 121.88120096205012)
	    --Point printed
	  pt: (5.49556659369494, 120.14929163946016)
	    --Point printed
	  pt: (4.526014128918524, 118.37191853260856)
	    --Point printed
	  pt: (3.6468613062087996, 116.55187654626553)
	    --Point printed
	  pt: (2.859319250966177, 114.6919605852012)
	    --Point printed
	  pt: (2.1645990885910713, 112.79496555418581)
	    --Point printed
	  pt: (1.5639119444838934, 110.86368635798948)
	    --Point printed
	  pt: (1.0584689440450559, 108.90091790138243)
	    --Point printed
	  pt: (0.6494812126749716, 106.90945508913484)
	    --Point printed
	  pt: (0.3381598757740533, 104.89209282601689)
	    --Point printed
	  pt: (0.12571605874271347, 102.85162601679876)
	    --Point printed
	  pt: (0.01336088698136437, 100.79084956625064)
	    --Point printed
	  pt: (0.00031799805384439075, 98.7125583791427)
	    --Point printed
	  pt: (0.08498808534166019, 96.64622317355168)
	    --Point printed
	  pt: (0.2700884173713781, 94.59988706431616)
	    --Point printed
	  pt: (0.554361286996416, 92.57625179271402)
	    --Point printed
	  pt: (0.9365489870701913, 90.5780191000231)
	    --Point printed
	  pt: (1.4153938104461221, 88.60789072752124)
	    --Point printed
	  pt: (1.989638049977626, 86.6685684164863)
	    --Point printed
	  pt: (2.6580239985181207, 84.76275390819607)
	    --Point printed
	  pt: (3.419293948921024, 82.89314894392845)
	    --Point printed
	  pt: (4.272190194039753, 81.06245526496127)
	    --Point printed
	  pt: (5.215455026727728, 79.27337461257237)
	    --Point printed
	  pt: (6.247830739838364, 77.52860872803959)
	    --Point printed
	  pt: (7.3680596262250795, 75.83085935264076)
	    --Point printed
	  pt: (8.574883978741292, 74.18282822765374)
	    --Point printed
	  pt: (9.86704609024042, 72.58721709435638)
	    --Point printed
	  pt: (11.24328825357588, 71.04672769402652)
	    --Point printed
	  pt: (12.211443265967205, 70.05497126357587)
	    --Point printed
	  pt: (72.13817651435973, 10.128238015183342)
	    --Point printed
	  pt: (72.83777223283393, 9.629378568203151)
	    --Point printed
	  pt: (73.60494253775167, 9.281568196802624)
	    --Point printed
	  pt: (74.40987511156432, 9.090769364491479)
	    --Point printed
	  pt: (75.22275763672326, 9.062944534779433)
	    --Point printed
	  pt: (76.03365267404564, 9.19213124415677)
	    --Point printed
	  pt: (76.81672288165596, 9.476342004786915)
	    --Point printed
	  pt: (77.54215594200564, 9.91557681666987)
	    --Point printed
	  pt: (77.97344080254229, 10.303136944801878)
	    --Point printed
	  pt: (138.3115840331057, 70.41868153766897)
	    --Point printed
	  pt: (139.7149833544581, 71.94078667551054)
	    --Point printed
	  pt: (141.03410076974077, 73.51953521669446)
	    --Point printed
	  pt: (142.26777173529948, 75.15213225645057)
	    --Point printed
	  pt: (143.41483170747995, 76.83578289000869)
	    --Point printed
	  pt: (144.47411614262796, 78.56769221259864)
	    --Point printed
	  pt: (145.44446049708927, 80.34506531945023)
	    --Point printed
	  pt: (146.3247002272096, 82.16510730579327)
	    --Point printed
	  pt: (147.11367078933478, 84.0250232668576)
	    --Point printed
	  pt: (147.81020763981047, 85.922018297873)
	    --Point printed
	  pt: (148.41314623498252, 87.85329749406932)
	    --Point printed
	  pt: (148.92132203119664, 89.81606595067637)
	    --Point printed
	  pt: (149.33357048479863, 91.80752876292397)
	    --Point printed
	  pt: (149.6487270521342, 93.82489102604191)
	    --Point printed
	  pt: (149.8656271895491, 95.86535783526003)
	    --Point printed
	  pt: (149.98310635338913, 97.92613428580816)
	    --Point printed
	  pt: (150.00198748783654, 100.0044254729161)
	    --POINT NOT PRINTED (150,150)
	  pt: (149.92385437226122, 102.07135071395862)
	    --Point printed
	  pt: (149.74584999289803, 104.11889794859454)
	    --Point printed
	  pt: (149.46909231165503, 106.14427227205368)
	    --Point printed
	  pt: (149.09469929044033, 108.14467877956587)
	    --Point printed
	  pt: (148.62378889116198, 110.11732256636088)
	    --Point printed
	  pt: (148.05747907572805, 112.05940872766858)
	    --Point printed
	  pt: (147.39688780604664, 113.96814235871877)
	    --Point printed
	  pt: (146.64313304402575, 115.84072855474125)
	    --Point printed
	  pt: (145.79733275157355, 117.67437241096584)
	    --Point printed
	  pt: (144.8606048905981, 119.46627902262239)
	    --Point printed
	  pt: (143.83406742300738, 121.21365348494068)
	    --Point printed
	  pt: (142.71883831070954, 122.91370089315053)
	    --Point printed
	  pt: (141.51603551561266, 124.56362634248178)
	    --Point printed
	  pt: (140.22677699962478, 126.16063492816423)
	    --Point printed
	  pt: (138.85218072465398, 127.70193174542771)
	    --Point printed
	  pt: (137.8842741482422, 128.69381239386814)
	    --Point printed
	  pt: (137.8842741482422, 128.69381239386814)
	    --Point printed
	  pt: (131.77871151428553, 76.00153487060659)
	    --Point printed
	  pt: (74.95245929094915, 19.39788128496653)
	    --Point printed
	  pt: (17.474311057216333, 76.87602951869934)
	    --Point printed
	  pt: (15.358133383223699, 79.3664759959169)
	    --Point printed
	  pt: (13.514241542841763, 82.02436832336586)
	    --Point printed
	  pt: (11.95008861545768, 84.8321917644864)
	    --Point printed
	  pt: (10.673127680458599, 87.7724315827187)
	    --Point printed
	  pt: (9.690811817231682, 90.82757304150297)
	    --Point printed
	  pt: (9.010594105164081, 93.9801014042794)
	    --Point printed
	  pt: (8.639927623642947, 97.21250193448816)
	    --Point printed
	  pt: (8.586265452055438, 100.50725989556943)
	    --Point printed
	  pt: (8.849856026381122, 103.76226809991923)
	    --Point printed
	  pt: (9.42349470321242, 106.94274551039749)
	    --Point printed
	  pt: (10.300473711100894, 110.03080473647502)
	    --Point printed
	  pt: (11.4740852785981, 113.00855838762268)
	    --Point printed
	  pt: (12.937621634255605, 115.85811907331129)
	    --Point printed
	  pt: (14.684375006624963, 118.56159940301166)
	    --Point printed
	  pt: (16.707637624257742, 121.10111198619465)
	    --Point printed
	  pt: (18.996726740032358, 123.45876943233108)
	    --Point printed
	  pt: (21.477484214046616, 125.56538232111019)
	    --Point printed
	  pt: (24.127675026128845, 127.40219373607434)
	    --Point printed
	  pt: (26.929039131780517, 128.96137794386698)
	    --Point printed
	  pt: (29.86331648650311, 130.23510921113163)
	    --Point printed
	  pt: (32.91224704579808, 131.21556180451176)
	    --Point printed
	  pt: (36.05757076516692, 131.89490999065086)
	    --Point printed
	  pt: (39.281027600111095, 132.26532803619241)
	    --Point printed
	  pt: (42.568332481805214, 132.31899020777993)
	    --Point printed
	  pt: (45.82570082796094, 132.05316370963808)
	    --Point printed
	  pt: (49.011022740040836, 131.47530162115407)
	    --Point printed
	  pt: (52.10603817354639, 130.59285702171502)
	    --Point printed
	  pt: (55.09248708397905, 129.4132829907081)
	    --Point printed
	  pt: (57.952109426840316, 127.94403260752044)
	    --Point printed
	  pt: (60.66664515763165, 126.19255895153921)
	    --Point printed
	  pt: (63.2178342318545, 124.16631510215157)
	    --Point printed
	  pt: (64.8083213730732, 122.65184937068184)
	    --Point printed
	  pt: (72.20575110080327, 115.25441964295179)
	    --Point printed
	  pt: (72.90932179495061, 114.75406958009417)
	    --Point printed
	  pt: (73.67649209986836, 114.41172480024423)
	    --Point printed
	  pt: (74.48341216151758, 114.22738530340195)
	    --Point printed
	  pt: (75.3062321258594, 114.20105108956733)
	    --Point printed
	  pt: (76.12110213885491, 114.33272215874038)
	    --Point printed
	  pt: (76.90417234646524, 114.62239851092112)
	    --Point printed
	  pt: (77.63159289465149, 115.0700801461095)
	    --Point printed
	  pt: (78.06884021869786, 115.46509335362867)
	    --Point printed
	  pt: (85.97109185691784, 123.36734499184865)
	    --Point printed
	  pt: (88.46365003996176, 125.48352266584129)
	    --Point printed
	  pt: (91.12514468911452, 127.32741450622322)
	    --Point printed
	  pt: (93.93694310590821, 128.89156743360732)
	    --Point printed
	  pt: (96.88041259187494, 130.1685283686064)
	    --Point printed
	  pt: (99.93692044854686, 131.1508442318333)
	    --Point printed
	  pt: (103.08783397745607, 131.8310619439009)
	    --Point printed
	  pt: (106.31452048013468, 132.20172842542203)
	    --Point printed
	  pt: (109.59834725811479, 132.25539059700955)
	    --Point printed
	  pt: (112.84391489524086, 131.9896883168575)
	    --Point printed
	  pt: (116.01793297025024, 131.41244731832242)
	    --Point printed
	  pt: (119.10251409261377, 130.5314933347608)
	    --Point printed
	  pt: (122.07977087180228, 129.35465209952915)
	    --Point printed
	  pt: (124.9318159172866, 127.889749345984)
	    --Point printed
	  pt: (127.64076183853756, 126.14461080748185)
	    --Point printed
	  pt: (130.188721245026, 124.12706221737923)
	    --Point printed
	  pt: (132.55780674622272, 121.84095433335948)
	    --Point printed
	  pt: (134.67174849639923, 119.35050785614192)
	    --Point printed
	  pt: (136.51141692512843, 116.69261552869295)
	    --Point printed
	  pt: (138.07010426096193, 113.88479208757244)
	    --Point printed
	  pt: (139.34110273245128, 110.94455226934011)
	    --Point printed
	  pt: (140.31770456814806, 107.88941081055584)
	    --Point printed
	  pt: (140.9932019966038, 104.73688244777944)
	    --Point printed
	  pt: (141.36088724637005, 101.50448191757066)
	    --Point printed
	  pt: (141.41802752167158, 98.20972395648937)
	    --Point printed
	  pt: (141.16176580874324, 94.95459153414981)
	    --Point printed
	  pt: (140.59098414567703, 91.77349303372262)
	    --Point printed
	  pt: (139.71350826582943, 88.68394319176767)
	    --Point printed
	  pt: (138.5371639025569, 85.70345674484471)
	    --Point printed
	  pt: (137.06977678921604, 82.8495484295136)
	    --Point printed
	  pt: (135.31917265916334, 80.13973298233415)
	    --Point printed
	  pt: (133.29317724575526, 77.59152513986615)
	    --Point printed
	  pt: (131.77871151428553, 76.00153487060659)
	    --Point printed
	  pt: (131.77871151428553, 76.00153487060659)
	    --Point printed
--Found Elem: <Element '{http://www.w3.org/2000/svg}g' at 0x0000013F7EA683B0>
  --No Name: g
--Found Elem: <Element '{http://www.w3.org/2000/svg}g' at 0x0000013F7EA68400>
  --No Name: g
--Found Elem: <Element '{http://www.w3.org/2000/svg}g' at 0x0000013F7EA68450>
  --No Name: g
--Found Elem: <Element '{http://www.w3.org/2000/svg}g' at 0x0000013F7EA684A0>
  --No Name: g
--Found Elem: <Element '{http://www.w3.org/2000/svg}g' at 0x0000013F7EA684F0>
  --No Name: g
--Found Elem: <Element '{http://www.w3.org/2000/svg}g' at 0x0000013F7EA68540>
  --No Name: g
--Found Elem: <Element '{http://www.w3.org/2000/svg}g' at 0x0000013F7EA68590>
  --No Name: g
--Found Elem: <Element '{http://www.w3.org/2000/svg}g' at 0x0000013F7EA685E0>
  --No Name: g
--Found Elem: <Element '{http://www.w3.org/2000/svg}g' at 0x0000013F7EA68630>
  --No Name: g
--Found Elem: <Element '{http://www.w3.org/2000/svg}g' at 0x0000013F7EA68680>
  --No Name: g
--Found Elem: <Element '{http://www.w3.org/2000/svg}g' at 0x0000013F7EA686D0>
  --No Name: g
--Found Elem: <Element '{http://www.w3.org/2000/svg}g' at 0x0000013F7EA68720>
  --No Name: g
--Found Elem: <Element '{http://www.w3.org/2000/svg}g' at 0x0000013F7EA68770>
  --No Name: g
--Found Elem: <Element '{http://www.w3.org/2000/svg}g' at 0x0000013F7EA687C0>
  --No Name: g
--Found Elem: <Element '{http://www.w3.org/2000/svg}g' at 0x0000013F7EA68810>
  --No Name: g
