Input File: ./imagens/heart.svg
Output File: ./imagens/gcode_output/heart.gcode
Log File: ./imagens/log/heart.log

wdth: 482
hght: 380
scale: 0.3112033195020747
x%: 0.3112033195020747
y%: 0.39473684210526316
--Found Elem: <Element '{http://www.w3.org/2000/svg}svg' at 0x000001E8D8188180>
  --No Name: svg
--Found Elem: <Element '{http://www.w3.org/2000/svg}path' at 0x000001E8D81881D0>
  --Name: path
	Class : <class 'svg2gcode_py.lib.shapes.path'>
	Object: <Element '{http://www.w3.org/2000/svg}path' at 0x000001E8D81881D0>
	Attrs : [('fill', '#000000'), ('opacity', '1.000000'), ('stroke', 'none'), ('d', ' M471.020996,381.000000   C314.017303,381.000000 157.518127,381.000000 1.014226,381.000000   C1.009484,254.340332 1.009484,127.680672 1.004741,1.015755   C161.658798,1.010503 322.317596,1.010503 482.988220,1.010503   C482.988220,127.658119 482.988220,254.316238 482.988220,381.000000   C479.175201,381.000000 475.350342,381.000000 471.020996,381.000000  z')]
	Transform: None
	d:  M471.020996,381.000000   C314.017303,381.000000 157.518127,381.000000 1.014226,381.000000   C1.009484,254.340332 1.009484,127.680672 1.004741,1.015755   C161.658798,1.010503 322.317596,1.010503 482.988220,1.010503   C482.988220,127.658119 482.988220,254.316238 482.988220,381.000000   C479.175201,381.000000 475.350342,381.000000 471.020996,381.000000  z
	m: None
	d is GOOD!
	Points: <generator object point_generator at 0x000001E8D8154A50>
	  pt: (146.58329751037346, 31.431535269709542)
	    --Point printed
	  pt: (97.72322707468881, 31.431535269709542)
	    --Point printed
	  pt: (0.3141547717842324, 70.84844439834025)
	    --Point printed
	  pt: (50.30875456431535, 149.68552811203318)
	    --Point printed
	  pt: (150.30753734439836, 110.27236960580913)
	    --POINT NOT PRINTED (150,150)
	  pt: (149.12091317427385, 31.431535269709542)
	    --Point printed
	  pt: (146.58329751037346, 31.431535269709542)
	    --Point printed
	  pt: (146.58329751037346, 31.431535269709542)
	    --Point printed
