Input File: ./imagens/heart4.svg
Output File: ./imagens/gcode_output/heart4.gcode
Log File: ./imagens/log/heart4.log

wdth: 490
hght: 490
scale: 0.30612244897959184
x%: 0.30612244897959184
y%: 0.30612244897959184
--Found Elem: <Element '{http://www.w3.org/2000/svg}svg' at 0x000001B27F238220>
  --No Name: svg
--Found Elem: <Element '{http://www.w3.org/2000/svg}path' at 0x000001B27F238270>
  --Name: path
	Class : <class 'svg2gcode_py.lib.shapes.path'>
	Object: <Element '{http://www.w3.org/2000/svg}path' at 0x000001B27F238270>
	Attrs : [('id', 'XMLID_25_'), ('d', 'M316.554,108.336c4.553,6.922,2.629,16.223-4.296,20.774c-3.44,2.261-6.677,4.928-9.621,7.929  c-2.938,2.995-6.825,4.497-10.715,4.497c-3.791,0-7.585-1.427-10.506-4.291c-5.917-5.801-6.009-15.298-0.207-21.212  c4.439-4.524,9.338-8.559,14.562-11.992C302.698,99.491,312.002,101.414,316.554,108.336z M447.022,285.869  c-1.506,1.536-148.839,151.704-148.839,151.704C283.994,452.035,265.106,460,245,460s-38.994-7.965-53.183-22.427L42.978,285.869  c-57.304-58.406-57.304-153.441,0-211.847C70.83,45.634,107.882,30,147.31,30c36.369,0,70.72,13.304,97.69,37.648  C271.971,43.304,306.32,30,342.689,30c39.428,0,76.481,15.634,104.332,44.021C504.326,132.428,504.326,227.463,447.022,285.869z   M425.596,95.028C403.434,72.44,373.991,60,342.69,60c-31.301,0-60.745,12.439-82.906,35.027c-1.122,1.144-2.129,2.533-3.538,3.777  c-7.536,6.654-16.372,6.32-22.491,0c-1.308-1.352-2.416-2.633-3.538-3.777C208.055,72.44,178.612,60,147.31,60  c-31.301,0-60.744,12.439-82.906,35.027c-45.94,46.824-45.94,123.012,0,169.836c1.367,1.393,148.839,151.704,148.839,151.704  C221.742,425.229,233.02,430,245,430c11.98,0,23.258-4.771,31.757-13.433l148.839-151.703l0,0  C471.535,218.04,471.535,141.852,425.596,95.028z M404.169,116.034c-8.975-9.148-19.475-16.045-31.208-20.499  c-7.746-2.939-16.413,0.953-19.355,8.698c-2.942,7.744,0.953,16.407,8.701,19.348c7.645,2.902,14.521,7.431,20.436,13.459  c23.211,23.658,23.211,62.153,0,85.811l-52.648,53.661c-5.803,5.915-5.711,15.412,0.206,21.212  c2.921,2.863,6.714,4.291,10.506,4.291c3.889,0,7.776-1.502,10.714-4.497l52.648-53.661  C438.744,208.616,438.744,151.275,404.169,116.034z')]
	Transform: None
	d: M316.554,108.336c4.553,6.922,2.629,16.223-4.296,20.774c-3.44,2.261-6.677,4.928-9.621,7.929  c-2.938,2.995-6.825,4.497-10.715,4.497c-3.791,0-7.585-1.427-10.506-4.291c-5.917-5.801-6.009-15.298-0.207-21.212  c4.439-4.524,9.338-8.559,14.562-11.992C302.698,99.491,312.002,101.414,316.554,108.336z M447.022,285.869  c-1.506,1.536-148.839,151.704-148.839,151.704C283.994,452.035,265.106,460,245,460s-38.994-7.965-53.183-22.427L42.978,285.869  c-57.304-58.406-57.304-153.441,0-211.847C70.83,45.634,107.882,30,147.31,30c36.369,0,70.72,13.304,97.69,37.648  C271.971,43.304,306.32,30,342.689,30c39.428,0,76.481,15.634,104.332,44.021C504.326,132.428,504.326,227.463,447.022,285.869z   M425.596,95.028C403.434,72.44,373.991,60,342.69,60c-31.301,0-60.745,12.439-82.906,35.027c-1.122,1.144-2.129,2.533-3.538,3.777  c-7.536,6.654-16.372,6.32-22.491,0c-1.308-1.352-2.416-2.633-3.538-3.777C208.055,72.44,178.612,60,147.31,60  c-31.301,0-60.744,12.439-82.906,35.027c-45.94,46.824-45.94,123.012,0,169.836c1.367,1.393,148.839,151.704,148.839,151.704  C221.742,425.229,233.02,430,245,430c11.98,0,23.258-4.771,31.757-13.433l148.839-151.703l0,0  C471.535,218.04,471.535,141.852,425.596,95.028z M404.169,116.034c-8.975-9.148-19.475-16.045-31.208-20.499  c-7.746-2.939-16.413,0.953-19.355,8.698c-2.942,7.744,0.953,16.407,8.701,19.348c7.645,2.902,14.521,7.431,20.436,13.459  c23.211,23.658,23.211,62.153,0,85.811l-52.648,53.661c-5.803,5.915-5.711,15.412,0.206,21.212  c2.921,2.863,6.714,4.291,10.506,4.291c3.889,0,7.776-1.502,10.714-4.497l52.648-53.661  C438.744,208.616,438.744,151.275,404.169,116.034z
	m: None
	d is GOOD!
	Points: <generator object point_generator at 0x000001B27F205700>
	  pt: (96.9042857142857, 116.83591836734695)
	    --Point printed
	  pt: (97.07850765306121, 116.57104591836736)
	    --Point printed
	  pt: (97.44803571428571, 115.72805763711735)
	    --Point printed
	  pt: (97.63874043367348, 114.85089365433674)
	    --Point printed
	  pt: (97.65591677295919, 113.96512834821428)
	    --Point printed
	  pt: (97.50485969387755, 113.09633609693878)
	    --Point printed
	  pt: (97.19086415816328, 112.27009127869897)
	    --Point printed
	  pt: (96.71922512755103, 111.51196827168367)
	    --Point printed
	  pt: (96.0952375637755, 110.84754145408164)
	    --Point printed
	  pt: (95.0626530612245, 110.13045918367347)
	    --Point printed
	  pt: (93.5676275510204, 108.94239795918367)
	    --Point printed
	  pt: (92.41913265306124, 107.82007653061224)
	    --Point printed
	  pt: (91.66285714285715, 107.27536033163264)
	    --Point printed
	  pt: (90.83383928571428, 106.9023788265306)
	    --Point printed
	  pt: (89.95922831632653, 106.70139030612245)
	    --Point printed
	  pt: (89.07375000000002, 106.67265306122448)
	    --Point printed
	  pt: (88.21146045918368, 106.80926020408164)
	    --Point printed
	  pt: (87.38234693877553, 107.11006377551021)
	    --Point printed
	  pt: (86.61154974489797, 107.57535076530611)
	    --Point printed
	  pt: (85.92133928571431, 108.20820153061224)
	    --Point printed
	  pt: (85.38148397640308, 108.95382134885203)
	    --Point printed
	  pt: (85.00913026147963, 109.7706959502551)
	    --Point printed
	  pt: (84.80452566964289, 110.6327128507653)
	    --Point printed
	  pt: (84.76791772959187, 111.51375956632653)
	    --Point printed
	  pt: (84.89955397002555, 112.38772361288264)
	    --Point printed
	  pt: (85.19968191964287, 113.22849250637755)
	    --Point printed
	  pt: (85.66854910714287, 114.00995376275509)
	    --Point printed
	  pt: (86.76382653061228, 115.17214285714286)
	    --Point printed
	  pt: (88.96783163265309, 117.05372448979591)
	    --Point printed
	  pt: (90.80720663265308, 118.32482142857143)
	    --Point printed
	  pt: (91.65072106186226, 118.6940983737245)
	    --Point printed
	  pt: (92.52835379464285, 118.88465720663265)
	    --Point printed
	  pt: (93.41453045280615, 118.90178571428572)
	    --Point printed
	  pt: (94.28367665816327, 118.75077168367346)
	    --Point printed
	  pt: (95.11021803252552, 118.43690290178571)
	    --Point printed
	  pt: (95.86858019770409, 117.96546715561225)
	    --Point printed
	  pt: (96.5331887755102, 117.34175223214285)
	    --Point printed
	  pt: (96.9042857142857, 116.83591836734695)
	    --Point printed
	  pt: (96.9042857142857, 116.83591836734695)
	    --Point printed
	  pt: (136.38244897959186, 62.018877551020395)
	    --Point printed
	  pt: (90.73756377551021, 15.495688775510189)
	    --Point printed
	  pt: (89.00050661670919, 13.992646683673456)
	    --Point printed
	  pt: (87.14524314413266, 12.683083545918379)
	    --Point printed
	  pt: (85.18426100127552, 11.572265625)
	    --Point printed
	  pt: (83.13004783163267, 10.665459183673477)
	    --Point printed
	  pt: (80.99509127869898, 9.96793048469388)
	    --Point printed
	  pt: (78.79187898596939, 9.48494579081634)
	    --Point printed
	  pt: (76.53289859693878, 9.221771364795927)
	    --Point printed
	  pt: (74.23063775510204, 9.183673469387742)
	    --Point printed
	  pt: (71.95584303252551, 9.372407525510198)
	    --Point printed
	  pt: (69.73265385841836, 9.782707270408167)
	    --Point printed
	  pt: (67.5735578762755, 10.409306441326521)
	    --Point printed
	  pt: (65.49104272959183, 11.246938775510216)
	    --Point printed
	  pt: (63.49759606186224, 12.290338010204067)
	    --Point printed
	  pt: (61.60570551658163, 13.53423788265306)
	    --Point printed
	  pt: (59.827858737244895, 14.973372130102035)
	    --Point printed
	  pt: (58.71948979591837, 16.04908163265307)
	    --Point printed
	  pt: (12.608341836734695, 63.04781249999998)
	    --Point printed
	  pt: (11.049430006377552, 64.77738710987325)
	    --Point printed
	  pt: (9.59330357142857, 66.56718757473692)
	    --Point printed
	  pt: (8.239962531887755, 68.4131075862962)
	    --Point printed
	  pt: (6.989406887755102, 70.31104083625635)
	    --Point printed
	  pt: (5.841636639030613, 72.25688101632254)
	    --Point printed
	  pt: (4.796651785714285, 74.24652181819992)
	    --Point printed
	  pt: (3.854452327806122, 76.27585693359373)
	    --Point printed
	  pt: (3.015038265306122, 78.34078005420916)
	    --Point printed
	  pt: (2.2784095982142856, 80.43718487175143)
	    --Point printed
	  pt: (1.6445663265306123, 82.56096507792569)
	    --Point printed
	  pt: (1.113508450255102, 84.70801436443716)
	    --Point printed
	  pt: (0.6852359693877551, 86.87422642299106)
	    --Point printed
	  pt: (0.35974888392857146, 89.05549494529255)
	    --Point printed
	  pt: (0.13704719387755102, 91.24771362304688)
	    --Point printed
	  pt: (0.017130899234693877, 93.44677614795917)
	    --Point printed
	  pt: (0.0, 95.64857621173468)
	    --Point printed
	  pt: (0.08565449617346939, 97.84900750607858)
	    --Point printed
	  pt: (0.27409438775510203, 100.0439637226961)
	    --Point printed
	  pt: (0.565319674744898, 102.22933855329241)
	    --Point printed
	  pt: (0.959330357142857, 104.40102568957269)
	    --Point printed
	  pt: (1.4561264349489798, 106.55491882324218)
	    --Point printed
	  pt: (2.0557079081632654, 108.68691164600605)
	    --Point printed
	  pt: (2.758074776785714, 110.7928978495695)
	    --Point printed
	  pt: (3.5632270408163262, 112.86877112563775)
	    --Point printed
	  pt: (4.471164700255102, 114.91042516591597)
	    --Point printed
	  pt: (5.481887755102041, 116.91375366210937)
	    --Point printed
	  pt: (6.595396205357143, 118.87465030592315)
	    --Point printed
	  pt: (7.811690051020408, 120.78900878906249)
	    --Point printed
	  pt: (9.130769292091836, 122.65272280323262)
	    --Point printed
	  pt: (10.552633928571428, 124.4616860401387)
	    --Point printed
	  pt: (12.077283960459186, 126.21179219148596)
	    --Point printed
	  pt: (13.689413265306122, 127.88334183673469)
	    --Point printed
	  pt: (15.342047592474492, 129.4360690369898)
	    --Point printed
	  pt: (17.056609534438774, 130.8955676020408)
	    --Point printed
	  pt: (18.830039062500003, 132.2605460778061)
	    --Point printed
	  pt: (20.659276147959186, 133.5297130102041)
	    --Point printed
	  pt: (22.54126076211735, 134.70177694515306)
	    --Point printed
	  pt: (24.47293287627551, 135.77544642857143)
	    --Point printed
	  pt: (26.451232461734694, 136.74943000637754)
	    --Point printed
	  pt: (28.473099489795917, 137.6224362244898)
	    --Point printed
	  pt: (30.535473931760205, 138.39317362882653)
	    --Point printed
	  pt: (32.63529575892857, 139.0603507653061)
	    --Point printed
	  pt: (34.76950494260204, 139.62267617984693)
	    --Point printed
	  pt: (36.935041454081635, 140.07885841836733)
	    --Point printed
	  pt: (39.128845264668364, 140.42760602678572)
	    --Point printed
	  pt: (41.34785634566327, 140.66762755102042)
	    --Point printed
	  pt: (43.58901466836735, 140.7976315369898)
	    --Point printed
	  pt: (45.79073341836735, 140.81632653061223)
	    --Point printed
	  pt: (47.86537263831315, 140.73712093431124)
	    --Point printed
	  pt: (49.92232670998088, 140.56381616709183)
	    --Point printed
	  pt: (51.95919074856506, 140.29742745535714)
	    --Point printed
	  pt: (53.973559869260214, 139.9389700255102)
	    --Point printed
	  pt: (55.96302918726086, 139.4894591039541)
	    --Point printed
	  pt: (57.92519381776148, 138.94990991709184)
	    --Point printed
	  pt: (59.85764887595664, 138.32133769132653)
	    --Point printed
	  pt: (61.757989477040816, 137.60475765306123)
	    --Point printed
	  pt: (63.62381073620855, 136.80118502869897)
	    --Point printed
	  pt: (65.45270776865434, 135.91163504464285)
	    --Point printed
	  pt: (67.24227568957271, 134.93712292729592)
	    --Point printed
	  pt: (68.99010961415817, 133.87866390306124)
	    --Point printed
	  pt: (70.69380465760523, 132.73727319834182)
	    --Point printed
	  pt: (72.35095593510842, 131.51396603954083)
	    --Point printed
	  pt: (73.95915856186224, 130.20975765306122)
	    --Point printed
	  pt: (75.51602678571429, 129.75719387755103)
	    --Point printed
	  pt: (77.10741898517219, 131.08814373405613)
	    --Point printed
	  pt: (78.7485429288903, 132.33853077168368)
	    --Point printed
	  pt: (80.4369959741709, 133.5073397640306)
	    --Point printed
	  pt: (82.17037547831632, 134.59355548469387)
	    --Point printed
	  pt: (83.94627879862882, 135.5961627072704)
	    --Point printed
	  pt: (85.7623032924107, 136.51414620535715)
	    --Point printed
	  pt: (87.61604631696427, 137.34649075255103)
	    --Point printed
	  pt: (89.50510522959183, 138.09218112244898)
	    --Point printed
	  pt: (91.42707738759566, 138.75020208864797)
	    --Point printed
	  pt: (93.37956014827807, 139.3195384247449)
	    --Point printed
	  pt: (95.36015086894133, 139.79917490433672)
	    --Point printed
	  pt: (97.36644690688777, 140.1880963010204)
	    --Point printed
	  pt: (99.39604561941964, 140.48528738839286)
	    --Point printed
	  pt: (101.4465443638393, 140.68973294005102)
	    --Point printed
	  pt: (103.51554049744898, 140.80041772959183)
	    --Point printed
	  pt: (105.65915816326533, 140.81632653061223)
	    --Point printed
	  pt: (107.90702442402744, 140.72328219666772)
	    --Point printed
	  pt: (110.13376883370537, 140.51979043765945)
	    --Point printed
	  pt: (112.33633001833547, 140.20714315609055)
	    --Point printed
	  pt: (114.51164660395409, 139.78663225446428)
	    --Point printed
	  pt: (116.65665721659758, 139.2595496352838)
	    --Point printed
	  pt: (118.76830048230228, 138.6271872010523)
	    --Point printed
	  pt: (120.84351502710457, 137.89083685427295)
	    --Point printed
	  pt: (122.87923947704083, 137.051790497449)
	    --Point printed
	  pt: (124.87241245814731, 136.11134003308354)
	    --Point printed
	  pt: (126.81997259646046, 135.07077736367984)
	    --Point printed
	  pt: (128.71885851801656, 133.93139439174107)
	    --Point printed
	  pt: (130.56600884885208, 132.69448301977042)
	    --Point printed
	  pt: (132.3583622150032, 131.36133515027103)
	    --Point printed
	  pt: (134.0928572425064, 129.93324268574617)
	    --Point printed
	  pt: (135.76643255739796, 128.411497528699)
	    --Point printed
	  pt: (137.39136160714284, 126.78176977040816)
	    --Point printed
	  pt: (138.9503006604253, 125.05216793760962)
	    --Point printed
	  pt: (140.4064525993503, 123.26234196876993)
	    --Point printed
	  pt: (141.7598174799705, 121.41639811613122)
	    --Point printed
	  pt: (143.01039535833868, 119.51844263193559)
	    --Point printed
	  pt: (144.15818629050742, 117.57258176842515)
	    --Point printed
	  pt: (145.2031903325295, 115.582921777842)
	    --Point printed
	  pt: (146.1454075404576, 113.55356891242826)
	    --Point printed
	  pt: (146.98483797034442, 111.48862942442602)
	    --Point printed
	  pt: (147.72148167824258, 109.39220956607741)
	    --Point printed
	  pt: (148.35533872020488, 107.26841558962451)
	    --Point printed
	  pt: (148.88640915228396, 105.12135374730948)
	    --Point printed
	  pt: (149.31469303053254, 102.95513029137436)
	    --Point printed
	  pt: (149.6401904110033, 100.7738514740613)
	    --Point printed
	  pt: (149.86290134974888, 98.58162354761241)
	    --Point printed
	  pt: (149.98282590282204, 96.38255276426978)
	    --Point printed
	  pt: (149.99996412627553, 94.18074537627552)
	    --Point printed
	  pt: (149.91431607616192, 91.98030763587172)
	    --Point printed
	  pt: (149.72588180853396, 89.78534579530054)
	    --Point printed
	  pt: (149.43466137944438, 87.59996610680406)
	    --Point printed
	  pt: (149.04065484494578, 85.42827482262436)
	    --Point printed
	  pt: (148.54386226109094, 83.27437819500359)
	    --Point printed
	  pt: (147.94428368393255, 81.14238247618384)
	    --Point printed
	  pt: (147.24191916952327, 79.03639391840721)
	    --Point printed
	  pt: (146.43676877391582, 76.96051877391581)
	    --Point printed
	  pt: (145.52883255316286, 74.91886329495176)
	    --Point printed
	  pt: (144.51811056331712, 72.91553373375717)
	    --Point printed
	  pt: (143.40460286043125, 70.95463634257415)
	    --Point printed
	  pt: (142.188309500558, 69.04027737364474)
	    --Point printed
	  pt: (140.86923053975005, 67.17656307921115)
	    --Point printed
	  pt: (139.44736603406008, 65.36759971151544)
	    --Point printed
	  pt: (137.9227160395408, 63.617493522799734)
	    --Point printed
	  pt: (136.8434693877551, 62.489081632653054)
	    --Point printed
	  pt: (136.8434693877551, 62.489081632653054)
	    --Point printed
	  pt: (129.43645408163266, 121.77413265306123)
	    --Point printed
	  pt: (126.72470065369899, 124.1217044005102)
	    --Point printed
	  pt: (123.8299290497449, 126.16707589285714)
	    --Point printed
	  pt: (120.77159359056122, 127.90202487244898)
	    --Point printed
	  pt: (117.56914859693876, 129.31832908163264)
	    --Point printed
	  pt: (114.24204838966837, 130.4077662627551)
	    --Point printed
	  pt: (110.80974728954081, 131.16211415816326)
	    --Point printed
	  pt: (107.29169961734695, 131.57315051020407)
	    --Point printed
	  pt: (103.70735969387755, 131.6326530612245)
	    --Point printed
	  pt: (100.16503268494897, 131.33790258290816)
	    --Point printed
	  pt: (96.701953125, 130.69711894132652)
	    --Point printed
	  pt: (93.33758609693876, 129.71851721938776)
	    --Point printed
	  pt: (90.09139668367347, 128.4103125)
	    --Point printed
	  pt: (86.98284996811226, 126.78071986607142)
	    --Point printed
	  pt: (84.03141103316327, 124.8379544005102)
	    --Point printed
	  pt: (81.25654496173469, 122.59023118622449)
	    --Point printed
	  pt: (79.18224489795918, 120.55989795918367)
	    --Point printed
	  pt: (78.1542857142857, 119.49926020408164)
	    --Point printed
	  pt: (77.26289660395408, 118.90133370535715)
	    --Point printed
	  pt: (76.3534127869898, 118.49916294642857)
	    --Point printed
	  pt: (75.4402447385204, 118.28915338010205)
	    --Point printed
	  pt: (74.53780293367346, 118.26771045918366)
	    --Point printed
	  pt: (73.66049784757652, 118.43123963647959)
	    --Point printed
	  pt: (72.82273995535714, 118.77614636479592)
	    --Point printed
	  pt: (72.03893973214285, 119.29883609693877)
	    --Point printed
	  pt: (71.15724489795919, 120.16775510204081)
	    --Point printed
	  pt: (69.62655612244897, 121.77440051020409)
	    --Point printed
	  pt: (66.91480149872449, 124.1218801817602)
	    --Point printed
	  pt: (64.02002391581634, 126.16718351403061)
	    --Point printed
	  pt: (60.96167410714287, 127.90208466198979)
	    --Point printed
	  pt: (57.75920280612246, 129.31835778061225)
	    --Point printed
	  pt: (54.43206074617347, 130.40777702487244)
	    --Point printed
	  pt: (50.99969866071429, 131.1621165497449)
	    --Point printed
	  pt: (47.481567283163265, 131.57315051020407)
	    --Point printed
	  pt: (43.8971556122449, 131.6326530612245)
	    --Point printed
	  pt: (40.354848931760216, 131.33790258290816)
	    --Point printed
	  pt: (36.8918040497449, 130.69711894132652)
	    --Point printed
	  pt: (33.52747528698979, 129.71851721938776)
	    --Point printed
	  pt: (30.281316964285715, 128.4103125)
	    --Point printed
	  pt: (27.17278340242347, 126.78071986607142)
	    --Point printed
	  pt: (24.221328922193877, 124.8379544005102)
	    --Point printed
	  pt: (21.446407844387757, 122.59023118622449)
	    --Point printed
	  pt: (19.276033163265303, 120.46216836734693)
	    --Point printed
	  pt: (18.02627032844388, 119.07557313257334)
	    --Point printed
	  pt: (16.85890943877551, 117.64069724569515)
	    --Point printed
	  pt: (15.773950494260204, 116.16083256935588)
	    --Point printed
	  pt: (14.441785714285714, 114.12988919005102)
	    --Point printed
	  pt: (12.738812181122446, 110.95070232780611)
	    --Point printed
	  pt: (11.365446428571431, 107.64861926020409)
	    --Point printed
	  pt: (10.321688456632655, 104.24997488839286)
	    --Point printed
	  pt: (9.607538265306122, 100.7811041135204)
	    --Point printed
	  pt: (9.222995854591836, 97.26834183673469)
	    --Point printed
	  pt: (9.168061224489795, 93.73802295918367)
	    --Point printed
	  pt: (9.442734375, 90.2164823820153)
	    --Point printed
	  pt: (10.04701530612245, 86.73005500637754)
	    --Point printed
	  pt: (10.980904017857146, 83.30507573341836)
	    --Point printed
	  pt: (12.24440051020408, 79.96787946428573)
	    --Point printed
	  pt: (13.837504783163265, 76.74480110012756)
	    --Point printed
	  pt: (15.43060905612245, 74.1715573182398)
	    --Point printed
	  pt: (16.488100685586737, 72.6774279037787)
	    --Point printed
	  pt: (17.627994260204083, 71.22718999123087)
	    --Point printed
	  pt: (18.85028977997449, 69.82413544323978)
	    --Point printed
	  pt: (20.133979591836734, 68.49306122448981)
	    --Point printed
	  pt: (65.60368622448979, 22.148035714285697)
	    --Point printed
	  pt: (66.6433151307398, 21.24778220663265)
	    --Point printed
	  pt: (67.75276387117347, 20.463405612244884)
	    --Point printed
	  pt: (68.92458147321429, 19.798062818877526)
	    --Point printed
	  pt: (70.15131696428571, 19.254910714285728)
	    --Point printed
	  pt: (71.42551937181122, 18.837106186224503)
	    --Point printed
	  pt: (72.73973772321429, 18.547806122448975)
	    --Point printed
	  pt: (74.08652104591837, 18.390167410714298)
	    --Point printed
	  pt: (75.45841836734694, 18.367346938775512)
	    --Point printed
	  pt: (76.81440090880103, 18.48039700255103)
	    --Point printed
	  pt: (78.1403021364796, 18.726160714285697)
	    --Point printed
	  pt: (79.42867107780614, 19.101481186224476)
	    --Point printed
	  pt: (80.6720567602041, 19.60320153061224)
	    --Point printed
	  pt: (81.86300821109695, 20.228164859693862)
	    --Point printed
	  pt: (82.99407445790818, 20.97321428571425)
	    --Point printed
	  pt: (84.05780452806121, 21.83519292091836)
	    --Point printed
	  pt: (84.7215306122449, 22.47948979591837)
	    --Point printed
	  pt: (130.28448979591838, 68.91918367346938)
	    --Point printed
	  pt: (130.72395727040816, 69.36711734693877)
	    --Point printed
	  pt: (131.97369290098854, 70.75371258171236)
	    --Point printed
	  pt: (133.14102838010206, 72.18858846859057)
	    --Point printed
	  pt: (134.22596370774875, 73.66845314492984)
	    --Point printed
	  pt: (135.55809948979595, 75.69939652423469)
	    --Point printed
	  pt: (137.26103595344387, 78.87858338647959)
	    --Point printed
	  pt: (138.6343718112245, 82.18066645408162)
	    --Point printed
	  pt: (139.67810706313776, 85.57931082589286)
	    --Point printed
	  pt: (140.39224170918368, 89.0481816007653)
	    --Point printed
	  pt: (140.77677574936226, 92.56094387755101)
	    --Point printed
	  pt: (140.83170918367347, 96.09126275510204)
	    --Point printed
	  pt: (140.55704201211736, 99.6128033322704)
	    --Point printed
	  pt: (139.95277423469386, 103.09923070790816)
	    --Point printed
	  pt: (139.01890585140308, 106.52420998086734)
	    --Point printed
	  pt: (137.7554368622449, 109.86140625)
	    --Point printed
	  pt: (136.1623672672194, 113.08448461415816)
	    --Point printed
	  pt: (134.5692976721939, 115.65772839604591)
	    --Point printed
	  pt: (133.51182906170283, 117.15185781050701)
	    --Point printed
	  pt: (132.3719602997449, 118.60209572305484)
	    --Point printed
	  pt: (131.14969138632017, 120.00515027104592)
	    --Point printed
	  pt: (130.28448979591838, 120.90979591836734)
	    --Point printed
	  pt: (130.28448979591838, 120.90979591836734)
	    --Point printed
	  pt: (123.0383418367347, 115.17948979591836)
	    --Point printed
	  pt: (120.83466198979592, 117.06262117346938)
	    --Point printed
	  pt: (118.46709183673468, 118.68)
	    --Point printed
	  pt: (115.94401147959184, 120.02611607142856)
	    --Point printed
	  pt: (113.87533163265306, 120.86705357142857)
	    --Point printed
	  pt: (112.97204320790817, 121.04463089923469)
	    --Point printed
	  pt: (112.07411192602042, 121.04040975765307)
	    --Point printed
	  pt: (111.20537946428571, 120.86507334183673)
	    --Point printed
	  pt: (110.38968749999998, 120.52930484693877)
	    --Point printed
	  pt: (109.65087771045918, 120.04378746811224)
	    --Point printed
	  pt: (109.01279177295918, 119.41920440051021)
	    --Point printed
	  pt: (108.49927136479592, 118.66623883928571)
	    --Point printed
	  pt: (108.13415816326531, 117.79561224489795)
	    --Point printed
	  pt: (107.95637276785713, 116.89259526466836)
	    --Point printed
	  pt: (107.96052933673468, 115.99496890943877)
	    --Point printed
	  pt: (108.1359231505102, 115.12655691964287)
	    --Point printed
	  pt: (108.47184948979591, 114.3111830357143)
	    --Point printed
	  pt: (108.95760363520408, 113.57267099808674)
	    --Point printed
	  pt: (109.58248086734694, 112.93484454719388)
	    --Point printed
	  pt: (110.33577646683675, 112.42152742346939)
	    --Point printed
	  pt: (111.49538265306123, 111.94698979591837)
	    --Point printed
	  pt: (113.17521045918367, 111.12629464285715)
	    --Point printed
	  pt: (114.75941326530614, 110.12372448979592)
	    --Point printed
	  pt: (116.24248086734694, 108.94295280612245)
	    --Point printed
	  pt: (117.6103125, 107.5963392857143)
	    --Point printed
	  pt: (118.80379902742347, 106.15414411272322)
	    --Point printed
	  pt: (119.83075255102042, 104.62323919802296)
	    --Point printed
	  pt: (120.69117307079082, 103.0169310028699)
	    --Point printed
	  pt: (121.3850605867347, 101.34852598852041)
	    --Point printed
	  pt: (121.91241509885204, 99.63133061623088)
	    --Point printed
	  pt: (122.27323660714286, 97.87865134725766)
	    --Point printed
	  pt: (122.46752511160715, 96.10379464285715)
	    --Point printed
	  pt: (122.4952806122449, 94.32006696428572)
	    --Point printed
	  pt: (122.35650310905613, 92.54077477279975)
	    --Point printed
	  pt: (122.05119260204081, 90.77922452965561)
	    --Point printed
	  pt: (121.57934909119898, 89.0487226961097)
	    --Point printed
	  pt: (120.94097257653063, 87.36257573341837)
	    --Point printed
	  pt: (120.13606305803572, 85.73409010283801)
	    --Point printed
	  pt: (119.16462053571428, 84.176572265625)
	    --Point printed
	  pt: (118.02664500956632, 82.7033286830357)
	    --Point printed
	  pt: (117.16622448979592, 81.78030612244898)
	    --Point printed
	  pt: (100.82743622448977, 65.1271301020408)
	    --Point printed
	  pt: (100.30217554209183, 64.37114995216835)
	    --Point printed
	  pt: (99.94576052295918, 63.547186702806115)
	    --Point printed
	  pt: (99.7579400510204, 62.6813528380102)
	    --Point printed
	  pt: (99.73846301020407, 61.79976084183676)
	    --Point printed
	  pt: (99.88707828443877, 60.92852319834185)
	    --Point printed
	  pt: (100.20353475765305, 60.093752391581646)
	    --Point printed
	  pt: (100.6875813137755, 59.321560905612245)
	    --Point printed
	  pt: (101.33609693877551, 58.64089285714286)
	    --Point printed
	  pt: (102.08180165816324, 58.12078125000001)
	    --Point printed
	  pt: (102.89420280612245, 57.765133928571416)
	    --Point printed
	  pt: (103.7482461734694, 57.573750000000004)
	    --Point printed
	  pt: (104.62630102040818, 57.54642857142858)
	    --Point printed
	  pt: (105.5099330357143, 57.690028698979575)
	    --Point printed
	  pt: (106.35709821428573, 58.005707908163245)
	    --Point printed
	  pt: (107.140618622449, 58.49320790816326)
	    --Point printed
	  pt: (107.60846938775511, 58.9230612244898)
	    --Point printed
	  pt: (124.3867155612245, 76.0241517857143)
	    --Point printed
	  pt: (126.16452766262756, 78.17244140625)
	    --Point printed
	  pt: (127.69427295918368, 80.4528659119898)
	    --Point printed
	  pt: (128.97595145089286, 82.84560507015307)
	    --Point printed
	  pt: (130.00956313775512, 85.33083864795918)
	    --Point printed
	  pt: (130.79510801977042, 87.88874641262754)
	    --Point printed
	  pt: (131.3325860969388, 90.49950813137755)
	    --Point printed
	  pt: (131.6219973692602, 93.14330357142856)
	    --Point printed
	  pt: (131.6633418367347, 95.80031249999999)
	    --Point printed
	  pt: (131.45661949936223, 98.45071468431122)
	    --Point printed
	  pt: (131.00183035714286, 101.07468989158164)
	    --Point printed
	  pt: (130.29897441007654, 103.6524178890306)
	    --Point printed
	  pt: (129.34805165816329, 106.16407844387754)
	    --Point printed
	  pt: (128.14906210140308, 108.58985132334183)
	    --Point printed
	  pt: (126.70200573979591, 110.90991629464285)
	    --Point printed
	  pt: (125.00688257334183, 113.10445312499999)
	    --Point printed
	  pt: (123.72520408163265, 114.47938775510204)
	    --Point printed
	  pt: (123.72520408163265, 114.47938775510204)
	    --Point printed
--Found Elem: <Element '{http://www.w3.org/2000/svg}g' at 0x000001B27F238310>
  --No Name: g
--Found Elem: <Element '{http://www.w3.org/2000/svg}g' at 0x000001B27F238360>
  --No Name: g
--Found Elem: <Element '{http://www.w3.org/2000/svg}g' at 0x000001B27F2383B0>
  --No Name: g
--Found Elem: <Element '{http://www.w3.org/2000/svg}g' at 0x000001B27F238400>
  --No Name: g
--Found Elem: <Element '{http://www.w3.org/2000/svg}g' at 0x000001B27F238450>
  --No Name: g
--Found Elem: <Element '{http://www.w3.org/2000/svg}g' at 0x000001B27F2384A0>
  --No Name: g
--Found Elem: <Element '{http://www.w3.org/2000/svg}g' at 0x000001B27F2384F0>
  --No Name: g
--Found Elem: <Element '{http://www.w3.org/2000/svg}g' at 0x000001B27F238540>
  --No Name: g
--Found Elem: <Element '{http://www.w3.org/2000/svg}g' at 0x000001B27F238590>
  --No Name: g
--Found Elem: <Element '{http://www.w3.org/2000/svg}g' at 0x000001B27F2385E0>
  --No Name: g
--Found Elem: <Element '{http://www.w3.org/2000/svg}g' at 0x000001B27F238630>
  --No Name: g
--Found Elem: <Element '{http://www.w3.org/2000/svg}g' at 0x000001B27F238680>
  --No Name: g
--Found Elem: <Element '{http://www.w3.org/2000/svg}g' at 0x000001B27F2386D0>
  --No Name: g
--Found Elem: <Element '{http://www.w3.org/2000/svg}g' at 0x000001B27F238720>
  --No Name: g
--Found Elem: <Element '{http://www.w3.org/2000/svg}g' at 0x000001B27F238770>
  --No Name: g
