Input File: ./imagens/ily.svg
Output File: ./imagens/gcode_output/ily.gcode
Log File: ./imagens/log/ily.log

wdth: 490
hght: 490
scale: 0.30612244897959184
x%: 0.30612244897959184
y%: 0.30612244897959184
--Found Elem: <Element '{http://www.w3.org/2000/svg}svg' at 0x000001847C1782C0>
  --No Name: svg
--Found Elem: <Element '{http://www.w3.org/2000/svg}path' at 0x000001847C178310>
  --Name: path
	Class : <class 'svg2gcode_py.lib.shapes.path'>
	Object: <Element '{http://www.w3.org/2000/svg}path' at 0x000001847C178310>
	Attrs : [('id', 'XMLID_1742_'), ('d', 'M245,150c41.355,0,75-33.645,75-75S286.355,0,245,0s-75,33.645-75,75S203.645,150,245,150z M245,30  c24.813,0,45,20.187,45,45s-20.187,45-45,45s-45-20.187-45-45S220.187,30,245,30z M271.536,270c-9.518,0-18.625,2.643-26.536,7.594  c-7.908-4.95-17.019-7.594-26.537-7.594c-13.702,0-26.559,5.48-36.202,15.43c-19.601,20.226-19.601,53.135-0.005,73.354  c0.371,0.383,40.436,41.724,40.436,41.724C228.624,406.629,236.546,410,245,410s16.376-3.371,22.308-9.492  c0,0,39.777-41.044,40.43-41.719c19.601-20.225,19.601-53.134,0-73.359C298.095,275.48,285.238,270,271.536,270z M286.195,337.912  c-0.002,0.002-0.004,0.004-0.005,0.005c-0.377,0.39-40.425,41.713-40.425,41.713c-0.488,0.505-1.04,0.505-1.529,0  c0,0-40.047-41.323-40.43-41.719c-8.444-8.713-8.444-22.89,0-31.604c3.942-4.068,9.148-6.308,14.659-6.308  c5.511,0,10.717,2.24,14.654,6.303c0.224,0.231,0.439,0.467,0.651,0.705c1.997,2.244,5.106,4.93,11.622,5.024  c4.154,0.06,8.079-1.92,10.84-5.024c0.212-0.238,0.428-0.474,0.646-0.7c3.942-4.068,9.148-6.308,14.659-6.308  c5.51,0,10.716,2.24,14.659,6.308C294.639,315.021,294.639,329.199,286.195,337.912z M475,180h-45v-15c0-13.785-11.215-25-25-25h-50  c-13.785,0-25,11.215-25,25v15H160v-15c0-13.785-11.215-25-25-25H85c-13.785,0-25,11.215-25,25v15H15c-8.284,0-15,6.716-15,15v280  c0,8.284,6.716,15,15,15h460c8.284,0,15-6.716,15-15V195C490,186.716,483.284,180,475,180z M360,170h40v10c0,11.028-8.972,20-20,20  s-20-8.972-20-20V170z M90,170h40v10c0,11.028-8.972,20-20,20s-20-8.972-20-20V170z M460,460H30V210h40.023  c9.131,12.138,23.652,20,39.977,20s30.845-7.862,39.977-20h190.047c9.131,12.138,23.652,20,39.977,20s30.845-7.862,39.977-20H460  V460z M115,300v80h10c8.284,0,15,6.716,15,15s-6.716,15-15,15H75c-8.284,0-15-6.716-15-15s6.716-15,15-15h10v-80H75  c-8.284,0-15-6.716-15-15s6.716-15,15-15h50c8.284,0,15,6.716,15,15s-6.716,15-15,15H115z M415,270c8.284,0,15,6.716,15,15v85  c0,22.056-17.944,40-40,40s-40-17.944-40-40v-85c0-8.284,6.716-15,15-15s15,6.716,15,15v85c0,5.514,4.486,10,10,10s10-4.486,10-10  v-85C400,276.716,406.716,270,415,270z')]
	Transform: None
	d: M245,150c41.355,0,75-33.645,75-75S286.355,0,245,0s-75,33.645-75,75S203.645,150,245,150z M245,30  c24.813,0,45,20.187,45,45s-20.187,45-45,45s-45-20.187-45-45S220.187,30,245,30z M271.536,270c-9.518,0-18.625,2.643-26.536,7.594  c-7.908-4.95-17.019-7.594-26.537-7.594c-13.702,0-26.559,5.48-36.202,15.43c-19.601,20.226-19.601,53.135-0.005,73.354  c0.371,0.383,40.436,41.724,40.436,41.724C228.624,406.629,236.546,410,245,410s16.376-3.371,22.308-9.492  c0,0,39.777-41.044,40.43-41.719c19.601-20.225,19.601-53.134,0-73.359C298.095,275.48,285.238,270,271.536,270z M286.195,337.912  c-0.002,0.002-0.004,0.004-0.005,0.005c-0.377,0.39-40.425,41.713-40.425,41.713c-0.488,0.505-1.04,0.505-1.529,0  c0,0-40.047-41.323-40.43-41.719c-8.444-8.713-8.444-22.89,0-31.604c3.942-4.068,9.148-6.308,14.659-6.308  c5.511,0,10.717,2.24,14.654,6.303c0.224,0.231,0.439,0.467,0.651,0.705c1.997,2.244,5.106,4.93,11.622,5.024  c4.154,0.06,8.079-1.92,10.84-5.024c0.212-0.238,0.428-0.474,0.646-0.7c3.942-4.068,9.148-6.308,14.659-6.308  c5.51,0,10.716,2.24,14.659,6.308C294.639,315.021,294.639,329.199,286.195,337.912z M475,180h-45v-15c0-13.785-11.215-25-25-25h-50  c-13.785,0-25,11.215-25,25v15H160v-15c0-13.785-11.215-25-25-25H85c-13.785,0-25,11.215-25,25v15H15c-8.284,0-15,6.716-15,15v280  c0,8.284,6.716,15,15,15h460c8.284,0,15-6.716,15-15V195C490,186.716,483.284,180,475,180z M360,170h40v10c0,11.028-8.972,20-20,20  s-20-8.972-20-20V170z M90,170h40v10c0,11.028-8.972,20-20,20s-20-8.972-20-20V170z M460,460H30V210h40.023  c9.131,12.138,23.652,20,39.977,20s30.845-7.862,39.977-20h190.047c9.131,12.138,23.652,20,39.977,20s30.845-7.862,39.977-20H460  V460z M115,300v80h10c8.284,0,15,6.716,15,15s-6.716,15-15,15H75c-8.284,0-15-6.716-15-15s6.716-15,15-15h10v-80H75  c-8.284,0-15-6.716-15-15s6.716-15,15-15h50c8.284,0,15,6.716,15,15s-6.716,15-15,15H115z M415,270c8.284,0,15,6.716,15,15v85  c0,22.056-17.944,40-40,40s-40-17.944-40-40v-85c0-8.284,6.716-15,15-15s15,6.716,15,15v85c0,5.514,4.486,10,10,10s10-4.486,10-10  v-85C400,276.716,406.716,270,415,270z
	m: None
	d is GOOD!
	Points: <generator object point_generator at 0x000001847C144A50>
	  pt: (75.0, 104.08163265306122)
	    --Point printed
	  pt: (75.79123086734694, 104.08163265306122)
	    --Point printed
	  pt: (78.11494912906569, 104.27891795878507)
	    --Point printed
	  pt: (80.36784369021045, 104.70209113919006)
	    --Point printed
	  pt: (82.5382847377232, 105.33952238121813)
	    --Point printed
	  pt: (84.61464245854592, 106.17958187181122)
	    --Point printed
	  pt: (86.58528703962054, 107.21063979791134)
	    --Point printed
	  pt: (88.43858866788906, 108.42106634646046)
	    --Point printed
	  pt: (90.16291753029338, 109.79923170440051)
	    --Point printed
	  pt: (91.74664381377552, 111.33350605867346)
	    --Point printed
	  pt: (93.17813770527744, 113.0122595962213)
	    --Point printed
	  pt: (94.44576939174108, 114.82386250398596)
	    --Point printed
	  pt: (95.53790906010842, 116.75668496890944)
	    --Point printed
	  pt: (96.44292689732144, 118.79909717793367)
	    --Point printed
	  pt: (97.14919309032207, 120.93946931800063)
	    --Point printed
	  pt: (97.64507782605232, 123.16617157605229)
	    --Point printed
	  pt: (97.91895129145408, 125.4675741390306)
	    --Point printed
	  pt: (97.9591836734694, 127.83204719387754)
	    --Point printed
	  pt: (97.76189836774554, 130.1557654555963)
	    --Point printed
	  pt: (97.33872518734057, 132.40866001674107)
	    --Point printed
	  pt: (96.70129394531251, 134.57910106425382)
	    --Point printed
	  pt: (95.86123445471938, 136.65545878507652)
	    --Point printed
	  pt: (94.83017652861926, 138.62610336615114)
	    --Point printed
	  pt: (93.61974998007015, 140.47940499441964)
	    --Point printed
	  pt: (92.2415846221301, 142.203733856824)
	    --Point printed
	  pt: (90.70731026785714, 143.7874601403061)
	    --Point printed
	  pt: (89.02855673030933, 145.21895403180804)
	    --Point printed
	  pt: (87.21695382254465, 146.48658571827167)
	    --Point printed
	  pt: (85.28413135762116, 147.57872538663904)
	    --Point printed
	  pt: (83.24171914859693, 148.48374322385203)
	    --Point printed
	  pt: (81.10134700852997, 149.1900094168527)
	    --Point printed
	  pt: (78.87464475047832, 149.6858941525829)
	    --Point printed
	  pt: (76.5732421875, 149.95976761798468)
	    --Point printed
	  pt: (74.20876913265306, 150.0)
	    --Point printed
	  pt: (71.88505087093431, 149.80271469427615)
	    --Point printed
	  pt: (69.63215630978954, 149.37954151387117)
	    --Point printed
	  pt: (67.46171526227678, 148.7421102718431)
	    --Point printed
	  pt: (65.38535754145408, 147.90205078125)
	    --Point printed
	  pt: (63.41471296037946, 146.87099285514986)
	    --Point printed
	  pt: (61.56141133211097, 145.66056630660077)
	    --Point printed
	  pt: (59.83708246970664, 144.28240094866072)
	    --Point printed
	  pt: (58.25335618622449, 142.74812659438774)
	    --Point printed
	  pt: (56.82186229472257, 141.06937305683994)
	    --Point printed
	  pt: (55.554230608258926, 139.25777014907524)
	    --Point printed
	  pt: (54.46209093989159, 137.3249476841518)
	    --Point printed
	  pt: (53.55707310267857, 135.28253547512756)
	    --Point printed
	  pt: (52.85080690967794, 133.1421633350606)
	    --Point printed
	  pt: (52.35492217394771, 130.91546107700893)
	    --Point printed
	  pt: (52.08104870854592, 128.6140585140306)
	    --Point printed
	  pt: (52.04081632653061, 126.24958545918368)
	    --Point printed
	  pt: (52.23810163225446, 123.92586719746492)
	    --Point printed
	  pt: (52.66127481265945, 121.67297263632015)
	    --Point printed
	  pt: (53.298706054687514, 119.5025315888074)
	    --Point printed
	  pt: (54.13876554528061, 117.42617386798469)
	    --Point printed
	  pt: (55.16982347138074, 115.45552928691008)
	    --Point printed
	  pt: (56.38025001992985, 113.60222765864158)
	    --Point printed
	  pt: (57.7584153778699, 111.87789879623725)
	    --Point printed
	  pt: (59.29268973214286, 110.2941725127551)
	    --Point printed
	  pt: (60.97144326969068, 108.86267862125318)
	    --Point printed
	  pt: (62.783046177455354, 107.59504693478954)
	    --Point printed
	  pt: (64.71586864237882, 106.5029072664222)
	    --Point printed
	  pt: (66.75828085140306, 105.59788942920918)
	    --Point printed
	  pt: (68.89865299147002, 104.89162323620855)
	    --Point printed
	  pt: (71.12535524952169, 104.39573850047833)
	    --Point printed
	  pt: (73.4267578125, 104.12186503507652)
	    --Point printed
	  pt: (75.0, 104.08163265306122)
	    --Point printed
	  pt: (75.0, 104.08163265306122)
	    --Point printed
	  pt: (75.47473852040817, 140.81632653061223)
	    --Point printed
	  pt: (76.8689694774394, 140.69795534717792)
	    --Point printed
	  pt: (78.22070621412628, 140.44405143893493)
	    --Point printed
	  pt: (79.52297084263394, 140.06159269371813)
	    --Point printed
	  pt: (80.76878547512756, 139.55755699936225)
	    --Point printed
	  pt: (81.95117222377232, 138.93892224370217)
	    --Point printed
	  pt: (83.06315320073342, 138.21266631457272)
	    --Point printed
	  pt: (84.09775051817604, 137.38576709980867)
	    --Point printed
	  pt: (85.0479862882653, 136.4652024872449)
	    --Point printed
	  pt: (85.90688262316648, 135.4579503647162)
	    --Point printed
	  pt: (86.66746163504466, 134.3709886200574)
	    --Point printed
	  pt: (87.32274543606506, 133.2112951411033)
	    --Point printed
	  pt: (87.86575613839287, 131.98584781568877)
	    --Point printed
	  pt: (88.28951585419323, 130.7016245316486)
	    --Point printed
	  pt: (88.5870466956314, 129.36560317681761)
	    --Point printed
	  pt: (88.75137077487244, 127.98476163903061)
	    --Point printed
	  pt: (88.77551020408164, 126.56607780612245)
	    --Point printed
	  pt: (88.65713902064732, 125.1718468490912)
	    --Point printed
	  pt: (88.40323511240433, 123.82011011240434)
	    --Point printed
	  pt: (88.0207763671875, 122.51784548389668)
	    --Point printed
	  pt: (87.51674067283165, 121.27203085140306)
	    --Point printed
	  pt: (86.89810591717156, 120.0896441027583)
	    --Point printed
	  pt: (86.17184998804213, 118.97766312579719)
	    --Point printed
	  pt: (85.34495077327807, 117.94306580835459)
	    --Point printed
	  pt: (84.4243861607143, 116.99283003826531)
	    --Point printed
	  pt: (83.4171340381856, 116.13393370336416)
	    --Point printed
	  pt: (82.33017229352679, 115.37335469148596)
	    --Point printed
	  pt: (81.1704788145727, 114.71807089046555)
	    --Point printed
	  pt: (79.94503148915817, 114.17506018813776)
	    --Point printed
	  pt: (78.66080820511799, 113.75130047233736)
	    --Point printed
	  pt: (77.32478685028698, 113.45376963089923)
	    --Point printed
	  pt: (75.9439453125, 113.28944555165816)
	    --Point printed
	  pt: (74.52526147959183, 113.26530612244898)
	    --Point printed
	  pt: (73.1310305225606, 113.38367730588328)
	    --Point printed
	  pt: (71.77929378587373, 113.63758121412627)
	    --Point printed
	  pt: (70.47702915736609, 114.02003995934311)
	    --Point printed
	  pt: (69.23121452487244, 114.52407565369899)
	    --Point printed
	  pt: (68.04882777622768, 115.14271040935905)
	    --Point printed
	  pt: (66.93684679926659, 115.86896633848852)
	    --Point printed
	  pt: (65.90224948182399, 116.69586555325256)
	    --Point printed
	  pt: (64.95201371173471, 117.61643016581633)
	    --Point printed
	  pt: (64.09311737683356, 118.62368228834504)
	    --Point printed
	  pt: (63.332538364955354, 119.71064403300383)
	    --Point printed
	  pt: (62.67725456393495, 120.87033751195791)
	    --Point printed
	  pt: (62.13424386160715, 122.09578483737245)
	    --Point printed
	  pt: (61.71048414580676, 123.38000812141263)
	    --Point printed
	  pt: (61.41295330436863, 124.71602947624362)
	    --Point printed
	  pt: (61.24862922512755, 126.09687101403061)
	    --Point printed
	  pt: (61.224489795918366, 127.51555484693878)
	    --Point printed
	  pt: (61.34286097935268, 128.90978580397)
	    --Point printed
	  pt: (61.59676488759567, 130.2615225406569)
	    --Point printed
	  pt: (61.979223632812506, 131.56378716916453)
	    --Point printed
	  pt: (62.48325932716837, 132.80960180165818)
	    --Point printed
	  pt: (63.10189408282844, 133.99198855030295)
	    --Point printed
	  pt: (63.828150011957916, 135.10396952726404)
	    --Point printed
	  pt: (64.65504922672194, 136.13856684470665)
	    --Point printed
	  pt: (65.57561383928572, 137.08880261479592)
	    --Point printed
	  pt: (66.58286596181442, 137.94769894969707)
	    --Point printed
	  pt: (67.66982770647323, 138.70827796157525)
	    --Point printed
	  pt: (68.8295211854273, 139.36356176259565)
	    --Point printed
	  pt: (70.05496851084185, 139.90657246492347)
	    --Point printed
	  pt: (71.33919179488203, 140.33033218072384)
	    --Point printed
	  pt: (72.67521314971302, 140.627863022162)
	    --Point printed
	  pt: (74.05605468750001, 140.79218710140307)
	    --Point printed
	  pt: (75.0, 140.81632653061223)
	    --Point printed
	  pt: (75.0, 140.81632653061223)
	    --Point printed
	  pt: (82.39484693877553, 67.3469387755102)
	    --Point printed
	  pt: (80.25641900510206, 67.09730548469386)
	    --Point printed
	  pt: (78.19521045918368, 66.55708545918367)
	    --Point printed
	  pt: (76.23375000000001, 65.73589285714286)
	    --Point printed
	  pt: (74.39479591836735, 65.40107142857143)
	    --Point printed
	  pt: (72.47171556122449, 66.31371811224489)
	    --Point printed
	  pt: (70.44099489795917, 66.94871173469387)
	    --Point printed
	  pt: (68.32547831632652, 67.29635204081632)
	    --Point printed
	  pt: (66.35211734693877, 67.3469387755102)
	    --Point printed
	  pt: (64.80222536670918, 67.21708785076531)
	    --Point printed
	  pt: (63.287915338010194, 66.9347975127551)
	    --Point printed
	  pt: (61.81768574617346, 66.50369100765307)
	    --Point printed
	  pt: (60.40003507653061, 65.92739158163266)
	    --Point printed
	  pt: (59.04346181441326, 65.20952248086735)
	    --Point printed
	  pt: (57.75646444515306, 64.35370695153061)
	    --Point printed
	  pt: (56.547541454081625, 63.36356823979591)
	    --Point printed
	  pt: (55.419164540816325, 62.236492346938775)
	    --Point printed
	  pt: (54.411299874441966, 61.00352274992028)
	    --Point printed
	  pt: (53.54406439333546, 59.69472626355231)
	    --Point printed
	  pt: (52.81745585538903, 58.32148068797831)
	    --Point printed
	  pt: (52.2314720184949, 56.895163823341846)
	    --Point printed
	  pt: (51.78611064054528, 55.42715346978635)
	    --Point printed
	  pt: (51.4813694794324, 53.928827427455346)
	    --Point printed
	  pt: (51.31724629304847, 52.41156349649235)
	    --Point printed
	  pt: (51.29373883928571, 50.886739477040805)
	    --Point printed
	  pt: (51.41084487603634, 49.365733169244265)
	    --Point printed
	  pt: (51.6685621611926, 47.85992237324619)
	    --Point printed
	  pt: (52.06688845264668, 46.38068488919005)
	    --Point printed
	  pt: (52.60582150829081, 44.9393985172194)
	    --Point printed
	  pt: (53.28535908601722, 43.547441057477684)
	    --Point printed
	  pt: (54.10549894371811, 42.216190310108416)
	    --Point printed
	  pt: (55.06623883928571, 40.957024075255106)
	    --Point printed
	  pt: (55.906224489795925, 40.05091836734694)
	    --Point printed
	  pt: (68.39801020408164, 27.16128826530614)
	    --Point printed
	  pt: (69.12482860331633, 26.525133529974497)
	    --Point printed
	  pt: (69.90178411989795, 25.970871332908146)
	    --Point printed
	  pt: (70.72364636479591, 25.50072943239796)
	    --Point printed
	  pt: (71.58518494897957, 25.116935586734698)
	    --Point printed
	  pt: (72.48116948341837, 24.821717554209172)
	    --Point printed
	  pt: (73.40636957908164, 24.61730309311224)
	    --Point printed
	  pt: (74.35555484693877, 24.50591996173469)
	    --Point printed
	  pt: (75.32349489795918, 24.48979591836735)
	    --Point printed
	  pt: (76.27951291454082, 24.569673549107137)
	    --Point printed
	  pt: (77.21328922193878, 24.743325095663252)
	    --Point printed
	  pt: (78.11959343112245, 25.008522799744895)
	    --Point printed
	  pt: (78.99319515306121, 25.36303890306121)
	    --Point printed
	  pt: (79.82886399872449, 25.804645647321422)
	    --Point printed
	  pt: (80.62136957908163, 26.33111527423469)
	    --Point printed
	  pt: (81.36548150510205, 26.940220025510214)
	    --Point printed
	  pt: (81.82897959183673, 27.39551020408163)
	    --Point printed
	  pt: (94.58052933673468, 40.553590561224496)
	    --Point printed
	  pt: (95.58839325573979, 41.786509486607144)
	    --Point printed
	  pt: (96.455625, 43.09526546556121)
	    --Point printed
	  pt: (97.1822245695153, 44.46848294005103)
	    --Point printed
	  pt: (97.76819196428572, 45.89478635204081)
	    --Point printed
	  pt: (98.21352718431122, 47.362800143494894)
	    --Point printed
	  pt: (98.51823022959182, 48.861148756377546)
	    --Point printed
	  pt: (98.68230110012757, 50.378456632653055)
	    --Point printed
	  pt: (98.70573979591838, 51.9033482142857)
	    --Point printed
	  pt: (98.5885463169643, 53.424447943239784)
	    --Point printed
	  pt: (98.33072066326531, 54.930380261479584)
	    --Point printed
	  pt: (97.93226283482143, 56.40976961096936)
	    --Point printed
	  pt: (97.39317283163264, 57.85124043367345)
	    --Point printed
	  pt: (96.71345065369897, 59.2434171715561)
	    --Point printed
	  pt: (95.8930963010204, 60.57492426658165)
	    --Point printed
	  pt: (94.93210977359693, 61.83438616071429)
	    --Point printed
	  pt: (93.83651785714288, 63.00420918367348)
	    --Point printed
	  pt: (92.65550821109696, 64.03831712372448)
	    --Point printed
	  pt: (91.39359135841838, 64.93930963010204)
	    --Point printed
	  pt: (90.05926578443878, 65.70356345663266)
	    --Point printed
	  pt: (88.6610299744898, 66.32745535714285)
	    --Point printed
	  pt: (87.20738241390306, 66.80736208545918)
	    --Point printed
	  pt: (85.70682158801021, 67.13966039540817)
	    --Point printed
	  pt: (84.16784598214285, 67.32072704081632)
	    --Point printed
	  pt: (83.12326530612245, 67.3469387755102)
	    --Point printed
	  pt: (83.12326530612245, 67.3469387755102)
	    --Point printed
	  pt: (87.61010204081633, 46.556938775510204)
	    --Point printed
	  pt: (87.49377551020407, 46.43663265306124)
	    --Point printed
	  pt: (75.15948979591836, 33.70943877551021)
	    --Point printed
	  pt: (74.92063775510204, 33.670790816326544)
	    --Point printed
	  pt: (74.76612244897959, 33.78673469387755)
	    --Point printed
	  pt: (62.06647959183673, 46.89126275510205)
	    --Point printed
	  pt: (61.29908801020408, 48.00908920599491)
	    --Point printed
	  pt: (60.7740306122449, 49.23146125637756)
	    --Point printed
	  pt: (60.49130739795919, 50.519179687500014)
	    --Point printed
	  pt: (60.450918367346944, 51.83304528061224)
	    --Point printed
	  pt: (60.65286352040817, 53.13385881696428)
	    --Point printed
	  pt: (61.097142857142856, 54.38242107780613)
	    --Point printed
	  pt: (61.783756377551015, 55.53953284438775)
	    --Point printed
	  pt: (62.69127551020408, 56.5438775510204)
	    --Point printed
	  pt: (63.70807079081633, 57.29904336734694)
	    --Point printed
	  pt: (64.83327168367346, 57.828596938775505)
	    --Point printed
	  pt: (66.03935586734694, 58.120714285714286)
	    --Point printed
	  pt: (67.29880102040815, 58.163571428571416)
	    --Point printed
	  pt: (68.52568239795917, 57.95327487244897)
	    --Point printed
	  pt: (69.68066326530612, 57.50179209183672)
	    --Point printed
	  pt: (70.73607780612244, 56.821090561224494)
	    --Point printed
	  pt: (71.43153061224488, 56.16336734693877)
	    --Point printed
	  pt: (71.71507653061225, 55.846530612244905)
	    --Point printed
	  pt: (72.30190369897959, 55.3180676020408)
	    --Point printed
	  pt: (73.10420280612244, 54.85496173469386)
	    --Point printed
	  pt: (74.18783801020408, 54.54428571428569)
	    --Point printed
	  pt: (75.4379081632653, 54.475714285714275)
	    --Point printed
	  pt: (76.36078125, 54.64832908163265)
	    --Point printed
	  pt: (77.22158801020407, 55.02007653061224)
	    --Point printed
	  pt: (77.99349489795918, 55.56466836734694)
	    --Point printed
	  pt: (78.50326530612244, 56.09112244897959)
	    --Point printed
	  pt: (78.93780612244898, 56.5438775510204)
	    --Point printed
	  pt: (79.95460140306122, 57.29904336734694)
	    --Point printed
	  pt: (81.07980229591838, 57.828596938775505)
	    --Point printed
	  pt: (82.28588647959182, 58.120714285714286)
	    --Point printed
	  pt: (83.54525510204081, 58.163571428571416)
	    --Point printed
	  pt: (84.77205038265305, 57.95322704081633)
	    --Point printed
	  pt: (85.9272512755102, 57.501505102040795)
	    --Point printed
	  pt: (86.98333545918366, 56.820229591836735)
	    --Point printed
	  pt: (87.93409438775508, 55.89910714285713)
	    --Point printed
	  pt: (88.7013938934949, 54.781168287627565)
	    --Point printed
	  pt: (89.22638313137757, 53.5586933992347)
	    --Point printed
	  pt: (89.50905851403063, 52.27088887117347)
	    --Point printed
	  pt: (89.54941645408165, 50.956961096938784)
	    --Point printed
	  pt: (89.34745336415818, 49.65611647002551)
	    --Point printed
	  pt: (88.90316565688778, 48.40756138392858)
	    --Point printed
	  pt: (88.21654974489796, 47.250502232142864)
	    --Point printed
	  pt: (87.61071428571428, 46.55755102040817)
	    --Point printed
	  pt: (87.61071428571428, 46.55755102040817)
	    --Point printed
	  pt: (145.40816326530611, 94.89795918367346)
	    --Point printed
	  pt: (131.6326530612245, 94.89795918367346)
	    --Point printed
	  pt: (131.6326530612245, 100.01728316326529)
	    --Point printed
	  pt: (131.3747747927296, 101.52794363839286)
	    --Point printed
	  pt: (130.83638791454084, 102.92349728954082)
	    --Point printed
	  pt: (130.04850526147962, 104.17293128188774)
	    --Point printed
	  pt: (129.04213966836735, 105.24523278061224)
	    --Point printed
	  pt: (127.84830397002554, 106.10938895089285)
	    --Point printed
	  pt: (126.49801100127551, 106.73438695790816)
	    --Point printed
	  pt: (125.02227359693879, 107.08921396683672)
	    --Point printed
	  pt: (123.9795918367347, 107.14285714285714)
	    --Point printed
	  pt: (108.14598214285715, 107.14285714285714)
	    --Point printed
	  pt: (106.63532166772958, 106.88497887436225)
	    --Point printed
	  pt: (105.2397680165816, 106.34659199617346)
	    --Point printed
	  pt: (103.99033402423468, 105.55870934311224)
	    --Point printed
	  pt: (102.91803252551018, 104.55234375)
	    --Point printed
	  pt: (102.05387635522958, 103.35850805165816)
	    --Point printed
	  pt: (101.42887834821428, 102.00821508290815)
	    --Point printed
	  pt: (101.07405133928572, 100.53247767857142)
	    --Point printed
	  pt: (101.0204081632653, 99.48979591836735)
	    --Point printed
	  pt: (101.0204081632653, 94.89795918367346)
	    --Point printed
	  pt: (48.9795918367347, 94.89795918367346)
	    --Point printed
	  pt: (48.9795918367347, 100.01728316326529)
	    --Point printed
	  pt: (48.7217135682398, 101.52794363839286)
	    --Point printed
	  pt: (48.183326690051025, 102.92349728954082)
	    --Point printed
	  pt: (47.3954440369898, 104.17293128188774)
	    --Point printed
	  pt: (46.38907844387755, 105.24523278061224)
	    --Point printed
	  pt: (45.19524274553571, 106.10938895089285)
	    --Point printed
	  pt: (43.84494977678572, 106.73438695790816)
	    --Point printed
	  pt: (42.36921237244898, 107.08921396683672)
	    --Point printed
	  pt: (41.3265306122449, 107.14285714285714)
	    --Point printed
	  pt: (25.49292091836735, 107.14285714285714)
	    --Point printed
	  pt: (23.9822604432398, 106.88497887436225)
	    --Point printed
	  pt: (22.58670679209184, 106.34659199617346)
	    --Point printed
	  pt: (21.337272799744902, 105.55870934311224)
	    --Point printed
	  pt: (20.264971301020406, 104.55234375)
	    --Point printed
	  pt: (19.400815130739797, 103.35850805165816)
	    --Point printed
	  pt: (18.77581712372449, 102.00821508290815)
	    --Point printed
	  pt: (18.42099011479592, 100.53247767857142)
	    --Point printed
	  pt: (18.367346938775512, 99.48979591836735)
	    --Point printed
	  pt: (18.367346938775512, 94.89795918367346)
	    --Point printed
	  pt: (4.274846938775511, 94.89795918367346)
	    --Point printed
	  pt: (3.367533482142857, 94.74349649234694)
	    --Point printed
	  pt: (2.52984375, 94.42091517857142)
	    --Point printed
	  pt: (1.7802455357142857, 93.94868303571428)
	    --Point printed
	  pt: (1.1372066326530612, 93.34526785714286)
	    --Point printed
	  pt: (0.6191948341836735, 92.62913743622448)
	    --Point printed
	  pt: (0.24467793367346938, 91.81875956632652)
	    --Point printed
	  pt: (0.03212372448979592, 90.93260204081633)
	    --Point printed
	  pt: (0.0, 90.3061224489796)
	    --Point printed
	  pt: (0.0, 4.274846938775511)
	    --Point printed
	  pt: (0.15446269132653062, 3.3675334821428464)
	    --Point printed
	  pt: (0.47704400510204087, 2.5298437499999977)
	    --Point printed
	  pt: (0.9492761479591837, 1.7802455357143003)
	    --Point printed
	  pt: (1.5526913265306121, 1.1372066326530614)
	    --Point printed
	  pt: (2.2688217474489796, 0.6191948341836451)
	    --Point printed
	  pt: (3.079199617346939, 0.24467793367347213)
	    --Point printed
	  pt: (3.965357142857143, 0.03212372448979295)
	    --Point printed
	  pt: (4.591836734693878, 0.0)
	    --Point printed
	  pt: (145.7251530612245, 0.0)
	    --Point printed
	  pt: (146.63246651785715, 0.154462691326529)
	    --Point printed
	  pt: (147.47015625, 0.47704400510201594)
	    --Point printed
	  pt: (148.2197544642857, 0.949276147959182)
	    --Point printed
	  pt: (148.86279336734694, 1.5526913265306064)
	    --Point printed
	  pt: (149.38080516581635, 2.268821747448982)
	    --Point printed
	  pt: (149.75532206632653, 3.0791996173469443)
	    --Point printed
	  pt: (149.9678762755102, 3.9653571428571297)
	    --Point printed
	  pt: (150.0, 4.591836734693885)
	    --Point printed
	  pt: (150.0, 90.62311224489795)
	    --Point printed
	  pt: (149.84553730867347, 91.53042570153062)
	    --Point printed
	  pt: (149.52295599489798, 92.36811543367347)
	    --Point printed
	  pt: (149.05072385204082, 93.11771364795918)
	    --Point printed
	  pt: (148.4473086734694, 93.7607525510204)
	    --Point printed
	  pt: (147.73117825255102, 94.27876434948979)
	    --Point printed
	  pt: (146.92080038265306, 94.65328125)
	    --Point printed
	  pt: (146.03464285714287, 94.86583545918367)
	    --Point printed
	  pt: (145.40816326530611, 94.89795918367346)
	    --Point printed
	  pt: (145.40816326530611, 94.89795918367346)
	    --Point printed
	  pt: (110.20408163265306, 97.9591836734694)
	    --Point printed
	  pt: (122.44897959183673, 97.9591836734694)
	    --Point printed
	  pt: (122.44897959183673, 94.4759693877551)
	    --Point printed
	  pt: (122.24267697704082, 93.26744100765305)
	    --Point printed
	  pt: (121.8119674744898, 92.15099808673469)
	    --Point printed
	  pt: (121.1816613520408, 91.15145089285714)
	    --Point printed
	  pt: (120.37656887755102, 90.29360969387754)
	    --Point printed
	  pt: (119.42150031887755, 89.60228475765305)
	    --Point printed
	  pt: (118.34126594387756, 89.1022863520408)
	    --Point printed
	  pt: (117.16067602040816, 88.81842474489795)
	    --Point printed
	  pt: (115.90454081632653, 88.77551020408163)
	    --Point printed
	  pt: (114.69601243622449, 88.98181281887756)
	    --Point printed
	  pt: (113.57956951530612, 89.41252232142857)
	    --Point printed
	  pt: (112.58002232142859, 90.04282844387754)
	    --Point printed
	  pt: (111.72218112244899, 90.84792091836735)
	    --Point printed
	  pt: (111.0308561862245, 91.80298947704081)
	    --Point printed
	  pt: (110.53085778061224, 92.88322385204081)
	    --Point printed
	  pt: (110.2469961734694, 94.0638137755102)
	    --Point printed
	  pt: (110.20408163265306, 94.89795918367346)
	    --Point printed
	  pt: (110.20408163265306, 97.9591836734694)
	    --Point printed
	  pt: (110.20408163265306, 97.9591836734694)
	    --Point printed
	  pt: (27.551020408163264, 97.9591836734694)
	    --Point printed
	  pt: (39.79591836734694, 97.9591836734694)
	    --Point printed
	  pt: (39.79591836734694, 94.4759693877551)
	    --Point printed
	  pt: (39.589615752551026, 93.26744100765305)
	    --Point printed
	  pt: (39.15890625, 92.15099808673469)
	    --Point printed
	  pt: (38.52860012755102, 91.15145089285714)
	    --Point printed
	  pt: (37.72350765306123, 90.29360969387754)
	    --Point printed
	  pt: (36.76843909438776, 89.60228475765305)
	    --Point printed
	  pt: (35.688204719387755, 89.1022863520408)
	    --Point printed
	  pt: (34.507614795918364, 88.81842474489795)
	    --Point printed
	  pt: (33.251479591836734, 88.77551020408163)
	    --Point printed
	  pt: (32.04295121173469, 88.98181281887756)
	    --Point printed
	  pt: (30.926508290816322, 89.41252232142857)
	    --Point printed
	  pt: (29.926961096938776, 90.04282844387754)
	    --Point printed
	  pt: (29.069119897959183, 90.84792091836735)
	    --Point printed
	  pt: (28.377794961734693, 91.80298947704081)
	    --Point printed
	  pt: (27.877796556122448, 92.88322385204081)
	    --Point printed
	  pt: (27.59393494897959, 94.0638137755102)
	    --Point printed
	  pt: (27.551020408163264, 94.89795918367346)
	    --Point printed
	  pt: (27.551020408163264, 97.9591836734694)
	    --Point printed
	  pt: (27.551020408163264, 97.9591836734694)
	    --Point printed
	  pt: (140.81632653061226, 9.183673469387742)
	    --Point printed
	  pt: (9.183673469387756, 9.183673469387742)
	    --Point printed
	  pt: (9.183673469387756, 85.71428571428571)
	    --Point printed
	  pt: (21.785012755102038, 85.24982142857144)
	    --Point printed
	  pt: (22.957832429846935, 83.96298070790816)
	    --Point printed
	  pt: (24.26818718112245, 82.81600924744897)
	    --Point printed
	  pt: (25.703212691326527, 81.82177136479591)
	    --Point printed
	  pt: (27.250044642857144, 80.99313137755101)
	    --Point printed
	  pt: (28.895818718112245, 80.34295360331632)
	    --Point printed
	  pt: (30.627670599489797, 79.88410235969387)
	    --Point printed
	  pt: (32.43273596938776, 79.62944196428572)
	    --Point printed
	  pt: (34.29815051020408, 79.59183673469387)
	    --Point printed
	  pt: (36.124741310586735, 79.7755747767857)
	    --Point printed
	  pt: (37.88239237882653, 80.16779177295919)
	    --Point printed
	  pt: (39.55825015943878, 80.75562340561223)
	    --Point printed
	  pt: (41.139461096938774, 81.52620535714284)
	    --Point printed
	  pt: (42.613171635841844, 82.46667330994897)
	    --Point printed
	  pt: (43.966528220663264, 83.56416294642857)
	    --Point printed
	  pt: (45.18667729591838, 84.80580994897959)
	    --Point printed
	  pt: (45.91132653061225, 85.71428571428571)
	    --Point printed
	  pt: (104.43838010204081, 85.24982142857144)
	    --Point printed
	  pt: (105.61119977678571, 83.96298070790816)
	    --Point printed
	  pt: (106.92155452806121, 82.81600924744897)
	    --Point printed
	  pt: (108.35658003826529, 81.82177136479591)
	    --Point printed
	  pt: (109.90341198979591, 80.99313137755101)
	    --Point printed
	  pt: (111.549186065051, 80.34295360331632)
	    --Point printed
	  pt: (113.28103794642855, 79.88410235969387)
	    --Point printed
	  pt: (115.08610331632653, 79.62944196428572)
	    --Point printed
	  pt: (116.95151785714285, 79.59183673469387)
	    --Point printed
	  pt: (118.77810865752552, 79.7755747767857)
	    --Point printed
	  pt: (120.5357597257653, 80.16779177295919)
	    --Point printed
	  pt: (122.21161750637756, 80.75562340561223)
	    --Point printed
	  pt: (123.79282844387754, 81.52620535714284)
	    --Point printed
	  pt: (125.26653898278063, 82.46667330994897)
	    --Point printed
	  pt: (126.61989556760203, 83.56416294642857)
	    --Point printed
	  pt: (127.84004464285714, 84.80580994897959)
	    --Point printed
	  pt: (128.564693877551, 85.71428571428571)
	    --Point printed
	  pt: (140.81632653061226, 85.71428571428571)
	    --Point printed
	  pt: (140.81632653061226, 9.183673469387742)
	    --Point printed
	  pt: (140.81632653061226, 9.183673469387742)
	    --Point printed
	  pt: (35.204081632653065, 58.16326530612244)
	    --Point printed
	  pt: (35.204081632653065, 33.673469387755105)
	    --Point printed
	  pt: (38.58229591836735, 33.673469387755105)
	    --Point printed
	  pt: (39.489609375, 33.51900669642856)
	    --Point printed
	  pt: (40.32729910714286, 33.196425382653075)
	    --Point printed
	  pt: (41.07689732142857, 32.72419323979592)
	    --Point printed
	  pt: (41.71993622448979, 32.120778061224485)
	    --Point printed
	  pt: (42.23794802295919, 31.40464764030611)
	    --Point printed
	  pt: (42.612464923469396, 30.594269770408147)
	    --Point printed
	  pt: (42.82501913265306, 29.70811224489796)
	    --Point printed
	  pt: (42.85714285714286, 28.764642857142846)
	    --Point printed
	  pt: (42.70268016581633, 27.85732940051021)
	    --Point printed
	  pt: (42.38009885204082, 27.01963966836736)
	    --Point printed
	  pt: (41.90786670918368, 26.270041454081635)
	    --Point printed
	  pt: (41.30445153061224, 25.62700255102041)
	    --Point printed
	  pt: (40.58832110969388, 25.10899075255101)
	    --Point printed
	  pt: (39.77794323979591, 24.73447385204082)
	    --Point printed
	  pt: (38.89178571428572, 24.521919642857142)
	    --Point printed
	  pt: (38.26530612244898, 24.48979591836735)
	    --Point printed
	  pt: (22.642193877551023, 24.48979591836735)
	    --Point printed
	  pt: (21.734880420918365, 24.64425860969388)
	    --Point printed
	  pt: (20.897190688775513, 24.966839923469365)
	    --Point printed
	  pt: (20.147592474489798, 25.43907206632653)
	    --Point printed
	  pt: (19.504553571428573, 26.04248724489797)
	    --Point printed
	  pt: (18.986541772959185, 26.75861766581633)
	    --Point printed
	  pt: (18.61202487244898, 27.568995535714294)
	    --Point printed
	  pt: (18.399470663265305, 28.45515306122448)
	    --Point printed
	  pt: (18.367346938775512, 29.398622448979594)
	    --Point printed
	  pt: (18.52180963010204, 30.305935905612245)
	    --Point printed
	  pt: (18.844390943877553, 31.143625637755093)
	    --Point printed
	  pt: (19.316623086734698, 31.893223852040805)
	    --Point printed
	  pt: (19.920038265306122, 32.53626275510203)
	    --Point printed
	  pt: (20.636168686224494, 33.05427455357143)
	    --Point printed
	  pt: (21.44654655612245, 33.42879145408162)
	    --Point printed
	  pt: (22.332704081632652, 33.6413456632653)
	    --Point printed
	  pt: (22.95918367346939, 33.673469387755105)
	    --Point printed
	  pt: (26.020408163265305, 33.673469387755105)
	    --Point printed
	  pt: (26.020408163265305, 58.16326530612244)
	    --Point printed
	  pt: (22.642193877551023, 58.16326530612244)
	    --Point printed
	  pt: (21.734880420918365, 58.31772799744898)
	    --Point printed
	  pt: (20.897190688775513, 58.64030931122447)
	    --Point printed
	  pt: (20.147592474489798, 59.11254145408162)
	    --Point printed
	  pt: (19.504553571428573, 59.71595663265306)
	    --Point printed
	  pt: (18.986541772959185, 60.432087053571436)
	    --Point printed
	  pt: (18.61202487244898, 61.2424649234694)
	    --Point printed
	  pt: (18.399470663265305, 62.128622448979584)
	    --Point printed
	  pt: (18.367346938775512, 63.0720918367347)
	    --Point printed
	  pt: (18.52180963010204, 63.979405293367336)
	    --Point printed
	  pt: (18.844390943877553, 64.81709502551018)
	    --Point printed
	  pt: (19.316623086734698, 65.56669323979591)
	    --Point printed
	  pt: (19.920038265306122, 66.20973214285713)
	    --Point printed
	  pt: (20.636168686224494, 66.72774394132654)
	    --Point printed
	  pt: (21.44654655612245, 67.10226084183672)
	    --Point printed
	  pt: (22.332704081632652, 67.3148150510204)
	    --Point printed
	  pt: (22.95918367346939, 67.3469387755102)
	    --Point printed
	  pt: (38.58229591836735, 67.3469387755102)
	    --Point printed
	  pt: (39.489609375, 67.19247608418367)
	    --Point printed
	  pt: (40.32729910714286, 66.86989477040818)
	    --Point printed
	  pt: (41.07689732142857, 66.39766262755101)
	    --Point printed
	  pt: (41.71993622448979, 65.79424744897958)
	    --Point printed
	  pt: (42.23794802295919, 65.07811702806121)
	    --Point printed
	  pt: (42.612464923469396, 64.26773915816325)
	    --Point printed
	  pt: (42.82501913265306, 63.38158163265307)
	    --Point printed
	  pt: (42.85714285714286, 62.43811224489795)
	    --Point printed
	  pt: (42.70268016581633, 61.5307987882653)
	    --Point printed
	  pt: (42.38009885204082, 60.693109056122466)
	    --Point printed
	  pt: (41.90786670918368, 59.94351084183674)
	    --Point printed
	  pt: (41.30445153061224, 59.300471938775516)
	    --Point printed
	  pt: (40.58832110969388, 58.782460140306114)
	    --Point printed
	  pt: (39.77794323979591, 58.40794323979593)
	    --Point printed
	  pt: (38.89178571428572, 58.19538903061225)
	    --Point printed
	  pt: (38.26530612244898, 58.16326530612244)
	    --Point printed
	  pt: (35.204081632653065, 58.16326530612244)
	    --Point printed
	  pt: (35.204081632653065, 58.16326530612244)
	    --Point printed
	  pt: (127.35780612244899, 67.3469387755102)
	    --Point printed
	  pt: (128.26511957908164, 67.19247608418367)
	    --Point printed
	  pt: (129.1028093112245, 66.86989477040818)
	    --Point printed
	  pt: (129.8524075255102, 66.39766262755101)
	    --Point printed
	  pt: (130.49544642857143, 65.79424744897958)
	    --Point printed
	  pt: (131.01345822704084, 65.07811702806121)
	    --Point printed
	  pt: (131.38797512755102, 64.26773915816325)
	    --Point printed
	  pt: (131.6005293367347, 63.38158163265307)
	    --Point printed
	  pt: (131.6326530612245, 62.755102040816325)
	    --Point printed
	  pt: (131.6326530612245, 36.312704081632646)
	    --Point printed
	  pt: (131.52743423150508, 35.073387675382634)
	    --Point printed
	  pt: (131.30174186862246, 33.871843909438766)
	    --Point printed
	  pt: (130.96177853954083, 32.71427535076529)
	    --Point printed
	  pt: (130.5137468112245, 31.606884566326514)
	    --Point printed
	  pt: (129.96384925063776, 30.555874123086724)
	    --Point printed
	  pt: (129.31828842474494, 29.567446588010185)
	    --Point printed
	  pt: (128.5832669005102, 28.647804528061215)
	    --Point printed
	  pt: (127.76498724489797, 27.803150510204077)
	    --Point printed
	  pt: (126.86965202487245, 27.039687101403032)
	    --Point printed
	  pt: (125.90346380739796, 26.363616868622444)
	    --Point printed
	  pt: (124.8726251594388, 25.78114237882653)
	    --Point printed
	  pt: (123.7833386479592, 25.298466198979582)
	    --Point printed
	  pt: (122.64180683992348, 24.92179089604592)
	    --Point printed
	  pt: (121.45423230229592, 24.65731903698979)
	    --Point printed
	  pt: (120.22681760204082, 24.511253188775513)
	    --Point printed
	  pt: (118.96576530612244, 24.48979591836735)
	    --Point printed
	  pt: (117.72644889987244, 24.59501474808674)
	    --Point printed
	  pt: (116.52490513392857, 24.82070711096938)
	    --Point printed
	  pt: (115.3673365752551, 25.16067044005102)
	    --Point printed
	  pt: (114.25994579081632, 25.608702168367344)
	    --Point printed
	  pt: (113.20893534757653, 26.158599728954087)
	    --Point printed
	  pt: (112.22050781249999, 26.804160554846916)
	    --Point printed
	  pt: (111.30086575255102, 27.539182079081613)
	    --Point printed
	  pt: (110.45621173469388, 28.35746173469387)
	    --Point printed
	  pt: (109.69274832589284, 29.252796954719386)
	    --Point printed
	  pt: (109.01667809311225, 30.218985172193882)
	    --Point printed
	  pt: (108.43420360331633, 31.24982382015304)
	    --Point printed
	  pt: (107.95152742346939, 32.33911033163264)
	    --Point printed
	  pt: (107.57485212053572, 33.48064213966836)
	    --Point printed
	  pt: (107.3103802614796, 34.668216677295916)
	    --Point printed
	  pt: (107.16431441326532, 35.89563137755101)
	    --Point printed
	  pt: (107.14285714285714, 36.734693877551024)
	    --Point printed
	  pt: (107.14285714285714, 63.0720918367347)
	    --Point printed
	  pt: (107.29731983418368, 63.979405293367336)
	    --Point printed
	  pt: (107.61990114795917, 64.81709502551018)
	    --Point printed
	  pt: (108.09213329081632, 65.56669323979591)
	    --Point printed
	  pt: (108.69554846938776, 66.20973214285713)
	    --Point printed
	  pt: (109.41167889030613, 66.72774394132654)
	    --Point printed
	  pt: (110.2220567602041, 67.10226084183672)
	    --Point printed
	  pt: (111.10821428571428, 67.3148150510204)
	    --Point printed
	  pt: (112.0516836734694, 67.3469387755102)
	    --Point printed
	  pt: (112.95899713010203, 67.19247608418367)
	    --Point printed
	  pt: (113.79668686224488, 66.86989477040818)
	    --Point printed
	  pt: (114.54628507653061, 66.39766262755101)
	    --Point printed
	  pt: (115.18932397959183, 65.79424744897958)
	    --Point printed
	  pt: (115.70733577806124, 65.07811702806121)
	    --Point printed
	  pt: (116.08185267857142, 64.26773915816325)
	    --Point printed
	  pt: (116.2944068877551, 63.38158163265307)
	    --Point printed
	  pt: (116.3265306122449, 62.755102040816325)
	    --Point printed
	  pt: (116.3265306122449, 36.52369897959183)
	    --Point printed
	  pt: (116.42968191964286, 35.9194347895408)
	    --Point printed
	  pt: (116.64503667091836, 35.361213329081636)
	    --Point printed
	  pt: (116.96018973214284, 34.86143973214284)
	    --Point printed
	  pt: (117.36273596938776, 34.43251913265304)
	    --Point printed
	  pt: (117.84027024872451, 34.086856664540804)
	    --Point printed
	  pt: (118.38038743622448, 33.836857461734695)
	    --Point printed
	  pt: (118.97068239795917, 33.69492665816327)
	    --Point printed
	  pt: (119.59875000000001, 33.673469387755105)
	    --Point printed
	  pt: (120.20301419005104, 33.776620695153056)
	    --Point printed
	  pt: (120.7612356505102, 33.991975446428555)
	    --Point printed
	  pt: (121.261009247449, 34.30712850765303)
	    --Point printed
	  pt: (121.6899298469388, 34.70967474489795)
	    --Point printed
	  pt: (122.03559231505103, 35.187209024234704)
	    --Point printed
	  pt: (122.28559151785714, 35.72732621173468)
	    --Point printed
	  pt: (122.42752232142857, 36.31762117346936)
	    --Point printed
	  pt: (122.44897959183673, 36.734693877551024)
	    --Point printed
	  pt: (122.44897959183673, 63.0720918367347)
	    --Point printed
	  pt: (122.60344228316328, 63.979405293367336)
	    --Point printed
	  pt: (122.92602359693876, 64.81709502551018)
	    --Point printed
	  pt: (123.39825573979591, 65.56669323979591)
	    --Point printed
	  pt: (124.00167091836735, 66.20973214285713)
	    --Point printed
	  pt: (124.71780133928573, 66.72774394132654)
	    --Point printed
	  pt: (125.52817920918369, 67.10226084183672)
	    --Point printed
	  pt: (126.41433673469388, 67.3148150510204)
	    --Point printed
	  pt: (127.04081632653062, 67.3469387755102)
	    --Point printed
	  pt: (127.04081632653062, 67.3469387755102)
	    --Point printed
--Found Elem: <Element '{http://www.w3.org/2000/svg}g' at 0x000001847C1783B0>
  --No Name: g
--Found Elem: <Element '{http://www.w3.org/2000/svg}g' at 0x000001847C178400>
  --No Name: g
--Found Elem: <Element '{http://www.w3.org/2000/svg}g' at 0x000001847C178450>
  --No Name: g
--Found Elem: <Element '{http://www.w3.org/2000/svg}g' at 0x000001847C1784A0>
  --No Name: g
--Found Elem: <Element '{http://www.w3.org/2000/svg}g' at 0x000001847C1784F0>
  --No Name: g
--Found Elem: <Element '{http://www.w3.org/2000/svg}g' at 0x000001847C178540>
  --No Name: g
--Found Elem: <Element '{http://www.w3.org/2000/svg}g' at 0x000001847C178590>
  --No Name: g
--Found Elem: <Element '{http://www.w3.org/2000/svg}g' at 0x000001847C1785E0>
  --No Name: g
--Found Elem: <Element '{http://www.w3.org/2000/svg}g' at 0x000001847C178630>
  --No Name: g
--Found Elem: <Element '{http://www.w3.org/2000/svg}g' at 0x000001847C178680>
  --No Name: g
--Found Elem: <Element '{http://www.w3.org/2000/svg}g' at 0x000001847C1786D0>
  --No Name: g
--Found Elem: <Element '{http://www.w3.org/2000/svg}g' at 0x000001847C178720>
  --No Name: g
--Found Elem: <Element '{http://www.w3.org/2000/svg}g' at 0x000001847C178770>
  --No Name: g
--Found Elem: <Element '{http://www.w3.org/2000/svg}g' at 0x000001847C1787C0>
  --No Name: g
--Found Elem: <Element '{http://www.w3.org/2000/svg}g' at 0x000001847C178810>
  --No Name: g
