Input File: ./imagens/tongue.svg
Output File: ./imagens/gcode_output/tongue.gcode
Log File: ./imagens/log/tongue.log

wdth: 511.999
hght: 511.999
scale: 0.2929693222057074
x%: 0.2929693222057074
y%: 0.2929693222057074
--Found Elem: <Element '{http://www.w3.org/2000/svg}svg' at 0x000001FCF26282C0>
  --No Name: svg
--Found Elem: <Element '{http://www.w3.org/2000/svg}g' at 0x000001FCF2628360>
  --No Name: g
--Found Elem: <Element '{http://www.w3.org/2000/svg}g' at 0x000001FCF26283B0>
  --No Name: g
--Found Elem: <Element '{http://www.w3.org/2000/svg}path' at 0x000001FCF2628400>
  --Name: path
	Class : <class 'svg2gcode_py.lib.shapes.path'>
	Object: <Element '{http://www.w3.org/2000/svg}path' at 0x000001FCF2628400>
	Attrs : [('d', 'M255.999,0C125.421,0,19.188,106.232,19.188,236.811c0,130.578,106.232,236.81,236.811,236.81    c0.512,0,1.026-0.01,1.538-0.014c8.986,22.469,30.962,38.392,56.6,38.392c33.606,0,60.946-27.34,60.946-60.945v-62.996    c0-5.025-0.781-9.868-2.223-14.423c18.079-18.807,28.339-44.072,28.339-70.285c0-5.114-4.143-9.257-9.257-9.257H207.723    c-5.112,0-9.257,4.143-9.257,9.257c0,34.181,17.057,65.839,45.628,84.679c0.207,0.137,0.427,0.24,0.641,0.358    c5.306,3.795,8.457,9.958,8.457,16.646v46.021c0,1.352,0.06,2.688,0.147,4.019c-119.147-1.432-215.638-98.782-215.638-218.262    C37.702,116.442,135.63,18.514,255.999,18.514s218.297,97.928,218.297,218.297c0,54.313-20.073,106.366-56.521,146.569    c-3.434,3.787-3.147,9.642,0.642,13.076c3.786,3.434,9.642,3.146,13.076-0.642c39.542-43.616,61.319-100.085,61.319-159.003    C492.81,106.232,386.578,0,255.999,0z M217.495,312.608h164.668v0.001c-1.832,16.187-8.43,31.531-18.886,44.008    c-8.789-10.079-21.71-16.468-36.103-16.468h-64.724c-0.651,0-1.285,0.069-1.897,0.199c-10.535,0.674-20.983,3.203-30.704,7.344    C223.181,337.177,218.901,325.218,217.495,312.608z M242.191,362.74c6.671-2.287,13.675-3.641,20.702-3.979    c0.325-0.016,0.643-0.048,0.957-0.096h63.323c16.209,0,29.395,13.187,29.395,29.395v62.996h0.002    c0,23.396-19.035,42.43-42.431,42.43c-19.292,0-35.608-12.948-40.742-30.606c-0.1-0.691-0.281-1.352-0.525-1.982    c-0.754-3.161-1.165-6.453-1.165-9.841v-46.021c0-13.175-6.492-25.33-17.367-32.519    C249.977,369.633,245.916,366.363,242.191,362.74z')]
	Transform: None
	d: M255.999,0C125.421,0,19.188,106.232,19.188,236.811c0,130.578,106.232,236.81,236.811,236.81    c0.512,0,1.026-0.01,1.538-0.014c8.986,22.469,30.962,38.392,56.6,38.392c33.606,0,60.946-27.34,60.946-60.945v-62.996    c0-5.025-0.781-9.868-2.223-14.423c18.079-18.807,28.339-44.072,28.339-70.285c0-5.114-4.143-9.257-9.257-9.257H207.723    c-5.112,0-9.257,4.143-9.257,9.257c0,34.181,17.057,65.839,45.628,84.679c0.207,0.137,0.427,0.24,0.641,0.358    c5.306,3.795,8.457,9.958,8.457,16.646v46.021c0,1.352,0.06,2.688,0.147,4.019c-119.147-1.432-215.638-98.782-215.638-218.262    C37.702,116.442,135.63,18.514,255.999,18.514s218.297,97.928,218.297,218.297c0,54.313-20.073,106.366-56.521,146.569    c-3.434,3.787-3.147,9.642,0.642,13.076c3.786,3.434,9.642,3.146,13.076-0.642c39.542-43.616,61.319-100.085,61.319-159.003    C492.81,106.232,386.578,0,255.999,0z M217.495,312.608h164.668v0.001c-1.832,16.187-8.43,31.531-18.886,44.008    c-8.789-10.079-21.71-16.468-36.103-16.468h-64.724c-0.651,0-1.285,0.069-1.897,0.199c-10.535,0.674-20.983,3.203-30.704,7.344    C223.181,337.177,218.901,325.218,217.495,312.608z M242.191,362.74c6.671-2.287,13.675-3.641,20.702-3.979    c0.325-0.016,0.643-0.048,0.957-0.096h63.323c16.209,0,29.395,13.187,29.395,29.395v62.996h0.002    c0,23.396-19.035,42.43-42.431,42.43c-19.292,0-35.608-12.948-40.742-30.606c-0.1-0.691-0.281-1.352-0.525-1.982    c-0.754-3.161-1.165-6.453-1.165-9.841v-46.021c0-13.175-6.492-25.33-17.367-32.519    C249.977,369.633,245.916,366.363,242.191,362.74z
	m: None
	d is GOOD!
	Points: <generator object point_generator at 0x000001FCF25F5700>
	  pt: (74.9998535153389, 150.0)
	    --Point printed
	  pt: (73.80437388549586, 150.0)
	    --Point printed
	  pt: (70.25422514024076, 149.849497828981)
	    --Point printed
	  pt: (66.75172453644929, 149.52249287087002)
	    --Point printed
	  pt: (63.30126489733744, 149.02337778795024)
	    --Point printed
	  pt: (59.907239046121184, 148.35654524250475)
	    --Point printed
	  pt: (56.574039806016465, 147.52638789681666)
	    --Point printed
	  pt: (53.306060000239256, 146.53729841316905)
	    --Point printed
	  pt: (50.10769245200553, 145.39366945384506)
	    --Point printed
	  pt: (46.983329984531224, 144.09989368112778)
	    --Point printed
	  pt: (43.93736542103232, 142.66036375730036)
	    --Point printed
	  pt: (40.97419158472478, 141.07947234464584)
	    --Point printed
	  pt: (38.09820129882457, 139.36161210544736)
	    --Point printed
	  pt: (35.31378738654764, 137.51117570198807)
	    --Point printed
	  pt: (32.625342671109955, 135.532555796551)
	    --Point printed
	  pt: (30.037259975727498, 133.43014505141932)
	    --Point printed
	  pt: (27.55393212361621, 131.2083361288761)
	    --Point printed
	  pt: (25.179751937992066, 128.87152169120446)
	    --Point printed
	  pt: (22.919112242071026, 126.42409440068754)
	    --Point printed
	  pt: (20.77640585906906, 123.8704469196084)
	    --Point printed
	  pt: (18.75602561220212, 121.21497191025017)
	    --Point printed
	  pt: (16.86236432468618, 118.46206203489595)
	    --Point printed
	  pt: (15.099814819737194, 115.61610995582885)
	    --Point printed
	  pt: (13.472769920571134, 112.68150833533198)
	    --Point printed
	  pt: (11.985622450403957, 109.66264983568846)
	    --Point printed
	  pt: (10.642765232451627, 106.56392711918139)
	    --Point printed
	  pt: (9.448591089930106, 103.38973284809387)
	    --Point printed
	  pt: (8.407492846055362, 100.144459684709)
	    --Point printed
	  pt: (7.523863324043357, 96.83250029130994)
	    --Point printed
	  pt: (6.802095347110053, 93.45824733017972)
	    --Point printed
	  pt: (6.246581738471411, 90.02609346360151)
	    --Point printed
	  pt: (5.8617153213434, 86.5404313538584)
	    --Point printed
	  pt: (5.651888918941979, 83.00565366323347)
	    --Point printed
	  pt: (5.621495354483113, 79.42616220930118)
	    --Point printed
	  pt: (5.77199752550214, 75.87601485879749)
	    --Point printed
	  pt: (6.099002483613096, 72.37351722332312)
	    --Point printed
	  pt: (6.598117566532876, 68.9230620188055)
	    --Point printed
	  pt: (7.264950111978368, 65.52904196117203)
	    --Point printed
	  pt: (8.095107457666467, 62.19584976635009)
	    --Point printed
	  pt: (9.084196941314064, 58.92787815026708)
	    --Point printed
	  pt: (10.227825900638049, 55.72951982885037)
	    --Point printed
	  pt: (11.521601673355315, 52.605167518027386)
	    --Point printed
	  pt: (12.96113159718276, 49.5592139337255)
	    --Point printed
	  pt: (14.542023009837267, 46.596051791872085)
	    --Point printed
	  pt: (16.25988324903573, 43.720073808394574)
	    --Point printed
	  pt: (18.110319652495047, 40.93567269922035)
	    --Point printed
	  pt: (20.088939557932104, 38.2472411802768)
	    --Point printed
	  pt: (22.191350303063793, 35.659171967491304)
	    --Point printed
	  pt: (24.413159225607007, 33.175857776791304)
	    --Point printed
	  pt: (26.749973663278638, 30.80169132410417)
	    --Point printed
	  pt: (29.197400953795576, 28.541065325357238)
	    --Point printed
	  pt: (31.75104843487472, 26.398372496477975)
	    --Point printed
	  pt: (34.40652344423296, 24.378005553393734)
	    --Point printed
	  pt: (37.15943331958717, 22.48435721203191)
	    --Point printed
	  pt: (40.00538539865426, 20.721820188319924)
	    --Point printed
	  pt: (42.93998701915112, 19.094787198185145)
	    --Point printed
	  pt: (45.95884551879465, 17.607650957554966)
	    --Point printed
	  pt: (49.05756823530173, 16.264804182356812)
	    --Point printed
	  pt: (52.231762506389245, 15.07063958851802)
	    --Point printed
	  pt: (55.477035669774104, 14.02954989196607)
	    --Point printed
	  pt: (58.788995063173175, 13.145927808628244)
	    --Point printed
	  pt: (62.16324802430339, 12.424166054431993)
	    --Point printed
	  pt: (65.5954018908816, 11.86865734530474)
	    --Point printed
	  pt: (69.08106400062472, 11.483794397173824)
	    --Point printed
	  pt: (72.61584169124964, 11.273969925966668)
	    --Point printed
	  pt: (75.14985380830821, 11.243576647610638)
	    --Point printed
	  pt: (75.61497922847505, 10.836257736831527)
	    --Point printed
	  pt: (76.18159105291221, 9.640794271799734)
	    --Point printed
	  pt: (76.83206076818509, 8.495644282416833)
	    --Point printed
	  pt: (77.56238522316448, 7.404831948371736)
	    --Point printed
	  pt: (78.36856126672123, 6.3723814493534405)
	    --Point printed
	  pt: (79.24658574772606, 5.402316965050858)
	    --Point printed
	  pt: (80.1924555150498, 4.498662675152929)
	    --Point printed
	  pt: (81.2021674175633, 3.6654427593486503)
	    --Point printed
	  pt: (82.27171830413731, 2.906681397326963)
	    --Point printed
	  pt: (83.39710502364262, 2.2264027687767793)
	    --Point printed
	  pt: (84.57432442495003, 1.6286310533870676)
	    --Point printed
	  pt: (85.79937335693037, 1.1173904308467968)
	    --Point printed
	  pt: (87.06824866845442, 0.6967050808449073)
	    --Point printed
	  pt: (88.37694720839299, 0.37059918307031126)
	    --Point printed
	  pt: (89.72146582561685, 0.1430969172120058)
	    --Point printed
	  pt: (91.09780136899681, 0.018222462958931374)
	    --Point printed
	  pt: (92.64784940986213, 0.0)
	    --Point printed
	  pt: (94.4550166548482, 0.15342623159116897)
	    --Point printed
	  pt: (96.20709994520253, 0.48252247639277357)
	    --Point printed
	  pt: (97.89505528361629, 0.9782443079417646)
	    --Point printed
	  pt: (99.50983867278063, 1.6315472997750078)
	    --Point printed
	  pt: (101.04240611538671, 2.4333870254293686)
	    --Point printed
	  pt: (102.48371361412573, 3.374719058441741)
	    --Point printed
	  pt: (103.82471717168882, 4.446498972349048)
	    --Point printed
	  pt: (105.05637279076718, 5.639682340688154)
	    --Point printed
	  pt: (106.16963647405196, 6.945224736995954)
	    --Point printed
	  pt: (107.15546422423432, 8.354081734809284)
	    --Point printed
	  pt: (108.00481204400546, 9.857208907665125)
	    --Point printed
	  pt: (108.70863593605651, 11.445561829100257)
	    --Point printed
	  pt: (109.25789190307867, 13.110096072651658)
	    --Point printed
	  pt: (109.64353594776307, 14.841767211856137)
	    --Point printed
	  pt: (109.85652407280092, 16.631530820250646)
	    --Point printed
	  pt: (109.88781228088335, 17.855015341826856)
	    --Point printed
	  pt: (109.88781228088335, 37.04699618553943)
	    --Point printed
	  pt: (109.61059005974622, 39.180838243824695)
	    --Point printed
	  pt: (109.8986155246397, 41.22514155301084)
	    --Point printed
	  pt: (111.70308110037811, 43.43285079048006)
	    --Point printed
	  pt: (113.28161697459369, 45.79271181437855)
	    --Point printed
	  pt: (114.62584262249536, 48.285807504018564)
	    --Point printed
	  pt: (115.72737751929203, 50.8932207387124)
	    --Point printed
	  pt: (116.57784114019265, 53.59603439777227)
	    --Point printed
	  pt: (117.16885296040617, 56.37533136051047)
	    --Point printed
	  pt: (117.49203245514148, 59.21219450623927)
	    --Point printed
	  pt: (117.53899909960761, 61.315036748118644)
	    --Point printed
	  pt: (117.44780324277976, 61.85102412309398)
	    --Point printed
	  pt: (117.25733656218078, 62.345821842425465)
	    --Point printed
	  pt: (116.97848927683451, 62.78853968708923)
	    --Point printed
	  pt: (116.62215160576484, 63.168287438061384)
	    --Point printed
	  pt: (116.19921376799563, 63.474174876318116)
	    --Point printed
	  pt: (115.72056598255072, 63.6953117828355)
	    --Point printed
	  pt: (115.19709846845402, 63.820807938589724)
	    --Point printed
	  pt: (114.82698208394936, 63.839773124556885)
	    --Point printed
	  pt: (60.66925911964672, 63.839773124556885)
	    --Point printed
	  pt: (60.133406785218334, 63.74857726772906)
	    --Point printed
	  pt: (59.63866170881194, 63.558110587130074)
	    --Point printed
	  pt: (59.19593470885686, 63.2792633017838)
	    --Point printed
	  pt: (58.81613660378243, 62.92292563071413)
	    --Point printed
	  pt: (58.510178212018, 62.49998779294491)
	    --Point printed
	  pt: (58.28897035199287, 62.021340007500015)
	    --Point printed
	  pt: (58.16342384213641, 61.49787249340332)
	    --Point printed
	  pt: (58.14444950087793, 60.501882083754055)
	    --Point printed
	  pt: (58.24125769433571, 58.64016947275837)
	    --Point printed
	  pt: (58.452015504577396, 56.801671819518916)
	    --Point printed
	  pt: (58.774344129425785, 54.990807267354285)
	    --Point printed
	  pt: (59.20586476670365, 53.21199395958293)
	    --Point printed
	  pt: (59.74419861423374, 51.4696500395234)
	    --Point printed
	  pt: (60.386966869838865, 49.7681936504942)
	    --Point printed
	  pt: (61.131790731341766, 48.11204293581386)
	    --Point printed
	  pt: (61.97629139656522, 46.50561603880084)
	    --Point printed
	  pt: (62.91809006333203, 44.953331102773745)
	    --Point printed
	  pt: (63.954807929464955, 43.45960627105106)
	    --Point printed
	  pt: (65.08406619278675, 42.02885968695128)
	    --Point printed
	  pt: (66.30348605112022, 40.66550949379297)
	    --Point printed
	  pt: (67.61068870228812, 39.373973834894585)
	    --Point printed
	  pt: (69.00329534411323, 38.15867085357466)
	    --Point printed
	  pt: (70.4789271744183, 37.024018693151746)
	    --Point printed
	  pt: (71.57269838417653, 36.279270076699376)
	    --Point printed
	  pt: (72.08847087591967, 35.93656921204925)
	    --Point printed
	  pt: (73.04792709556072, 34.90278118218981)
	    --Point printed
	  pt: (73.73415280107969, 33.67632920181484)
	    --Point printed
	  pt: (74.11979198201557, 32.30783287662672)
	    --Point printed
	  pt: (74.17748862790747, 31.337756519055702)
	    --Point printed
	  pt: (74.17748862790747, 17.458920818204717)
	    --Point printed
	  pt: (73.12972962349535, 16.690682013050775)
	    --Point printed
	  pt: (69.89098314569803, 16.8659057773352)
	    --Point printed
	  pt: (66.69640944647458, 17.200506283413745)
	    --Point printed
	  pt: (63.54996935161326, 17.690525226779613)
	    --Point printed
	  pt: (60.455623686902335, 18.332004302925867)
	    --Point printed
	  pt: (57.4173332781301, 19.120985207345683)
	    --Point printed
	  pt: (54.439058951084824, 20.053509635532095)
	    --Point printed
	  pt: (51.5247615315548, 21.125619282978334)
	    --Point printed
	  pt: (48.6784018453283, 22.333355845177408)
	    --Point printed
	  pt: (45.90394071819361, 23.672761017622506)
	    --Point printed
	  pt: (43.20533897593901, 25.139876495806718)
	    --Point printed
	  pt: (40.586557444352756, 26.730743975223177)
	    --Point printed
	  pt: (38.051556949223155, 28.441405151365004)
	    --Point printed
	  pt: (35.604298316338486, 30.26790171972533)
	    --Point printed
	  pt: (33.24874237148701, 32.20627537579722)
	    --Point printed
	  pt: (30.988849940457026, 34.25256781507383)
	    --Point printed
	  pt: (28.828581849036805, 36.4028207330483)
	    --Point printed
	  pt: (26.77189892301462, 38.65307582521372)
	    --Point printed
	  pt: (24.82276198817877, 40.99937478706319)
	    --Point printed
	  pt: (22.985131870317517, 43.43775931408983)
	    --Point printed
	  pt: (21.26296939521914, 45.96427110178681)
	    --Point printed
	  pt: (19.660235388671936, 48.57495184564719)
	    --Point printed
	  pt: (18.18089067646417, 51.26584324116415)
	    --Point printed
	  pt: (16.828896084384127, 54.03298698383075)
	    --Point printed
	  pt: (15.608212438220082, 56.87242476914017)
	    --Point printed
	  pt: (14.522800563760322, 59.78019829258544)
	    --Point printed
	  pt: (13.57662128679312, 62.75234924965977)
	    --Point printed
	  pt: (12.773635433106762, 65.78491933585622)
	    --Point printed
	  pt: (12.117803828489523, 68.87395024666793)
	    --Point printed
	  pt: (11.613087298729685, 72.01548367758802)
	    --Point printed
	  pt: (11.263446669615526, 75.20556132410962)
	    --Point printed
	  pt: (11.072842766935326, 78.44022488172584)
	    --Point printed
	  pt: (11.045245571768683, 81.7236550999123)
	    --Point printed
	  pt: (11.184009210921149, 84.9962428961329)
	    --Point printed
	  pt: (11.485476825005081, 88.22490882598235)
	    --Point printed
	  pt: (11.94559902151755, 91.40560344331345)
	    --Point printed
	  pt: (12.560326407955623, 94.53427730197897)
	    --Point printed
	  pt: (13.325609591816367, 97.60688095583171)
	    --Point printed
	  pt: (14.237399180596842, 100.61936495872445)
	    --Point printed
	  pt: (15.291645781794122, 103.56767986450993)
	    --Point printed
	  pt: (16.48430000290527, 106.44777622704096)
	    --Point printed
	  pt: (17.811312451427362, 109.25560460017034)
	    --Point printed
	  pt: (19.26863373485745, 111.98711553775084)
	    --Point printed
	  pt: (20.852214460692608, 114.63825959363521)
	    --Point printed
	  pt: (22.558005236429903, 117.20498732167628)
	    --Point printed
	  pt: (24.3819566695664, 119.68324927572681)
	    --Point printed
	  pt: (26.320019367599162, 122.06899600963958)
	    --Point printed
	  pt: (28.368143938025266, 124.35817807726735)
	    --Point printed
	  pt: (30.522280988341773, 126.54674603246295)
	    --Point printed
	  pt: (32.77838112604575, 128.63065042907914)
	    --Point printed
	  pt: (35.13239495863426, 130.60584182096866)
	    --Point printed
	  pt: (37.580273093604376, 132.46827076198437)
	    --Point printed
	  pt: (40.11796613845316, 134.213887805979)
	    --Point printed
	  pt: (42.74142470067767, 135.83864350680534)
	    --Point printed
	  pt: (45.446599387774995, 137.33848841831616)
	    --Point printed
	  pt: (48.22944080724218, 138.70937309436425)
	    --Point printed
	  pt: (51.0858995665763, 139.9472480888024)
	    --Point printed
	  pt: (54.011926273274426, 141.04806395548343)
	    --Point printed
	  pt: (57.00347153483362, 142.00777124826004)
	    --Point printed
	  pt: (60.056485958750955, 142.82232052098504)
	    --Point printed
	  pt: (63.16692015252349, 143.48766232751126)
	    --Point printed
	  pt: (66.33072472364829, 143.99974722169142)
	    --Point printed
	  pt: (69.54385027962243, 144.35452575737833)
	    --Point printed
	  pt: (72.80224742794297, 144.5479484884248)
	    --Point printed
	  pt: (76.10186677610697, 144.57596596868353)
	    --Point printed
	  pt: (79.3744545723276, 144.4372283827722)
	    --Point printed
	  pt: (82.60312050217703, 144.13578517683797)
	    --Point printed
	  pt: (85.78381511950813, 143.67568579702808)
	    --Point printed
	  pt: (88.91248897817366, 143.06097968948976)
	    --Point printed
	  pt: (91.98509263202641, 142.2957163003702)
	    --Point printed
	  pt: (94.9975766349191, 141.38394507581665)
	    --Point printed
	  pt: (97.9458915407046, 140.3297154619763)
	    --Point printed
	  pt: (100.82598790323564, 139.1370769049964)
	    --Point printed
	  pt: (103.63381627636502, 137.81007885102414)
	    --Point printed
	  pt: (106.36532721394552, 136.35277074620674)
	    --Point printed
	  pt: (109.0164712698299, 134.76920203669144)
	    --Point printed
	  pt: (111.58319899787095, 133.06342216862544)
	    --Point printed
	  pt: (114.06146095192148, 131.23948058815597)
	    --Point printed
	  pt: (116.44720768583424, 129.30142674143025)
	    --Point printed
	  pt: (118.73638975346203, 127.25331007459549)
	    --Point printed
	  pt: (120.92495770865762, 125.09918003379889)
	    --Point printed
	  pt: (123.00886210527382, 122.8430860651877)
	    --Point printed
	  pt: (124.98405349716333, 120.48907761490914)
	    --Point printed
	  pt: (126.84648243817902, 118.0412041291104)
	    --Point printed
	  pt: (128.59209948217364, 115.50351505393871)
	    --Point printed
	  pt: (130.21685518299998, 112.88005983554129)
	    --Point printed
	  pt: (131.71670009451083, 110.17488792006537)
	    --Point printed
	  pt: (133.08758477055892, 107.39204875365816)
	    --Point printed
	  pt: (134.3254597649971, 104.53559178246687)
	    --Point printed
	  pt: (135.4262756316781, 101.60956645263872)
	    --Point printed
	  pt: (136.3859829244547, 98.61802221032093)
	    --Point printed
	  pt: (137.2005321971797, 95.56500850166074)
	    --Point printed
	  pt: (137.8658740037059, 92.45457477280533)
	    --Point printed
	  pt: (138.3779588978861, 89.29077046990196)
	    --Point printed
	  pt: (138.732737433573, 86.07764503909783)
	    --Point printed
	  pt: (138.92616016461946, 82.81924792654013)
	    --Point printed
	  pt: (138.9541776448782, 79.62713916433431)
	    --Point printed
	  pt: (138.83984779740172, 76.65793485207614)
	    --Point printed
	  pt: (138.58980334464766, 73.70973621133781)
	    --Point printed
	  pt: (138.2056312991456, 70.7866588316701)
	    --Point printed
	  pt: (137.68891867342512, 67.89281830262364)
	    --Point printed
	  pt: (137.04125248001583, 65.0323302137492)
	    --Point printed
	  pt: (136.2642197314472, 62.209310154597446)
	    --Point printed
	  pt: (135.3594074402489, 59.427873714719155)
	    --Point printed
	  pt: (134.32840261895043, 56.69213648366501)
	    --Point printed
	  pt: (133.17279228008135, 54.00621405098569)
	    --Point printed
	  pt: (131.89416343617128, 51.374222006231946)
	    --Point printed
	  pt: (130.49410309974974, 48.80027593895447)
	    --Point printed
	  pt: (128.97419828334625, 46.288491438703986)
	    --Point printed
	  pt: (127.33603599949048, 43.842984095031184)
	    --Point printed
	  pt: (125.58120326071193, 41.4678694974868)
	    --Point printed
	  pt: (123.7112870795402, 39.16726323562155)
	    --Point printed
	  pt: (122.26950150293261, 37.54273689987676)
	    --Point printed
	  pt: (121.9771467296567, 37.084488247901874)
	    --Point printed
	  pt: (121.78598996897455, 36.58998921994964)
	    --Point printed
	  pt: (121.6952793425866, 36.07465160454416)
	    --Point printed
	  pt: (121.7042629721933, 35.55388719020938)
	    --Point printed
	  pt: (121.81218897949506, 35.04310776546927)
	    --Point printed
	  pt: (122.01830548619235, 34.5577251188479)
	    --Point printed
	  pt: (122.32186061398556, 34.11315103886922)
	    --Point printed
	  pt: (122.72199262107931, 33.72479731405724)
	    --Point printed
	  pt: (123.18017375278075, 33.43246199577537)
	    --Point printed
	  pt: (123.6746464592704, 33.24133842302426)
	    --Point printed
	  pt: (124.18998865232157, 33.15066441780159)
	    --Point printed
	  pt: (124.71077824370751, 33.15967780210508)
	    --Point printed
	  pt: (125.22159314520145, 33.267616397932414)
	    --Point printed
	  pt: (125.70701126857668, 33.47371802728128)
	    --Point printed
	  pt: (126.1516105256065, 33.77722051214943)
	    --Point printed
	  pt: (127.13824880517345, 34.83727507280287)
	    --Point printed
	  pt: (129.20813371492181, 37.30523548233246)
	    --Point printed
	  pt: (131.15374012266136, 39.8554973831736)
	    --Point printed
	  pt: (132.97334626141847, 42.48359585419112)
	    --Point printed
	  pt: (134.66523036421944, 45.18506597424994)
	    --Point printed
	  pt: (136.22767066409065, 47.95544282221496)
	    --Point printed
	  pt: (137.65894539405838, 50.7902614769511)
	    --Point printed
	  pt: (138.957332787149, 53.68505701732326)
	    --Point printed
	  pt: (140.12111107638881, 56.63536452219631)
	    --Point printed
	  pt: (141.1485584948042, 59.63671907043519)
	    --Point printed
	  pt: (142.03795327542144, 62.68465574090477)
	    --Point printed
	  pt: (142.7875736512669, 65.77470961246993)
	    --Point printed
	  pt: (143.3956978553669, 68.90241576399562)
	    --Point printed
	  pt: (143.8606041207478, 72.06330927434674)
	    --Point printed
	  pt: (144.1805706804359, 75.25292522238811)
	    --Point printed
	  pt: (144.35387576745757, 78.46679868698473)
	    --Point printed
	  pt: (144.37877930425645, 81.81713062427855)
	    --Point printed
	  pt: (144.22822502675518, 85.36730402802338)
	    --Point printed
	  pt: (143.90117125234482, 88.86982607164745)
	    --Point printed
	  pt: (143.40201053601987, 92.32030409286764)
	    --Point printed
	  pt: (142.73513543277488, 95.71434542940086)
	    --Point printed
	  pt: (141.90493849760443, 99.047557418964)
	    --Point printed
	  pt: (140.91581228550297, 102.31554739927395)
	    --Point printed
	  pt: (139.77214935146512, 105.51392270804757)
	    --Point printed
	  pt: (138.47834225048535, 108.63829068300183)
	    --Point printed
	  pt: (137.03878353755826, 111.68425866185355)
	    --Point printed
	  pt: (135.45786576767836, 114.64743398231964)
	    --Point printed
	  pt: (133.7399814958402, 117.52342398211701)
	    --Point printed
	  pt: (131.88952327703828, 120.30783599896253)
	    --Point printed
	  pt: (129.91088366626715, 122.9962773705731)
	    --Point printed
	  pt: (127.8084552185214, 125.58435543466561)
	    --Point printed
	  pt: (125.5866304887955, 128.06767752895698)
	    --Point printed
	  pt: (123.24980203208403, 130.44185099116405)
	    --Point printed
	  pt: (120.80236240338152, 132.70248315900375)
	    --Point printed
	  pt: (118.24870415768252, 134.84518137019296)
	    --Point printed
	  pt: (115.59321984998157, 136.86555296244856)
	    --Point printed
	  pt: (112.84030203527315, 138.75920527348748)
	    --Point printed
	  pt: (109.99434326855186, 140.52174564102657)
	    --Point printed
	  pt: (107.0597361048122, 142.14878140278273)
	    --Point printed
	  pt: (104.04087309904871, 143.63591989647287)
	    --Point printed
	  pt: (100.94214680625596, 144.9787684598139)
	    --Point printed
	  pt: (97.7679497814285, 146.17293443052264)
	    --Point printed
	  pt: (94.52267457956079, 147.21402514631606)
	    --Point printed
	  pt: (91.21071375564743, 148.097647944911)
	    --Point printed
	  pt: (87.83645986468296, 148.81941016402436)
	    --Point printed
	  pt: (84.40430546166188, 149.37491914137306)
	    --Point printed
	  pt: (80.9186431015788, 149.75978221467398)
	    --Point printed
	  pt: (77.38386533942817, 149.969606721644)
	    --Point printed
	  pt: (74.9998535153389, 150.0)
	    --Point printed
	  pt: (74.9998535153389, 150.0)
	    --Point printed
	  pt: (63.71936273313034, 58.415446123918215)
	    --Point printed
	  pt: (111.96203508209977, 58.415446123918215)
	    --Point printed
	  pt: (111.89494510731467, 57.822366352278024)
	    --Point printed
	  pt: (111.58562901245901, 56.065617010482455)
	    --Point printed
	  pt: (111.1495670645841, 54.34128655524718)
	    --Point printed
	  pt: (110.58987664038406, 52.656323852683315)
	    --Point printed
	  pt: (109.90967511655298, 51.01767776890192)
	    --Point printed
	  pt: (109.1120798697849, 49.432297170013996)
	    --Point printed
	  pt: (108.20020827677398, 47.90713092213072)
	    --Point printed
	  pt: (107.17717771421427, 46.44912789136308)
	    --Point printed
	  pt: (106.10715304131452, 45.891263947781155)
	    --Point printed
	  pt: (105.05003275152882, 46.91103179339706)
	    --Point printed
	  pt: (103.89160000800784, 47.817095498477556)
	    --Point printed
	  pt: (102.64098721384222, 48.60018876379645)
	    --Point printed
	  pt: (101.30732677212261, 49.25104529012755)
	    --Point printed
	  pt: (99.89975108593961, 49.760398778244706)
	    --Point printed
	  pt: (98.4273925583839, 50.11898292892175)
	    --Point printed
	  pt: (96.89938359254607, 50.317531442932534)
	    --Point printed
	  pt: (95.85194502333012, 50.34677802105084)
	    --Point printed
	  pt: (76.69907558413199, 50.34677802105084)
	    --Point printed
	  pt: (75.56242785630441, 50.239111795140246)
	    --Point printed
	  pt: (73.26142848911813, 49.92340988458963)
	    --Point printed
	  pt: (70.99342479184529, 49.41281013244168)
	    --Point printed
	  pt: (68.7759949238182, 48.713986746067874)
	    --Point printed
	  pt: (66.85032587954272, 48.90705352940145)
	    --Point printed
	  pt: (65.608264127469, 51.342425107275616)
	    --Point printed
	  pt: (64.64635428975447, 53.90739898906054)
	    --Point printed
	  pt: (63.97794478114215, 56.580194736708464)
	    --Point printed
	  pt: (63.71936273313034, 58.415446123918215)
	    --Point printed
	  pt: (63.71936273313034, 58.415446123918215)
	    --Point printed
	  pt: (71.44313270143105, 43.895813273072804)
	    --Point printed
	  pt: (72.93658044253992, 44.31215014580107)
	    --Point printed
	  pt: (74.45526016652377, 44.62294482020474)
	    --Point printed
	  pt: (75.99065745245596, 44.82591762874536)
	    --Point printed
	  pt: (77.11479905234191, 44.89872050531349)
	    --Point printed
	  pt: (77.29995566397591, 44.92215805108994)
	    --Point printed
	  pt: (96.14844828798493, 44.92215805108994)
	    --Point printed
	  pt: (97.02008537972914, 44.84815554525619)
	    --Point printed
	  pt: (98.145200158472, 44.63196507097669)
	    --Point printed
	  pt: (99.71560384517353, 44.02611595676942)
	    --Point printed
	  pt: (101.12156362243871, 43.13951296779875)
	    --Point printed
	  pt: (102.32818753063972, 42.00705836339523)
	    --Point printed
	  pt: (103.30058361014868, 40.66365440288946)
	    --Point printed
	  pt: (104.0038599013377, 39.144203345612)
	    --Point printed
	  pt: (104.34567127221561, 37.76364778513971)
	    --Point printed
	  pt: (104.44839507132825, 36.90042340475762)
	    --Point printed
	  pt: (104.46348528024468, 36.31032482485317)
	    --Point printed
	  pt: (104.46348528024468, 17.854429403182422)
	    --Point printed
	  pt: (104.46407121888909, 17.42603501178715)
	    --Point printed
	  pt: (104.35725099911696, 16.167910301094338)
	    --Point printed
	  pt: (104.12812409820378, 14.948132528090895)
	    --Point printed
	  pt: (103.78298792606282, 13.77299824438137)
	    --Point printed
	  pt: (103.3281398926072, 12.64880400157034)
	    --Point printed
	  pt: (102.76987740775004, 11.581846351262413)
	    --Point printed
	  pt: (102.11449788140453, 10.578421845062195)
	    --Point printed
	  pt: (101.36829872348382, 9.644827034574291)
	    --Point printed
	  pt: (100.53757734390108, 8.78735847140328)
	    --Point printed
	  pt: (99.62863115256938, 8.01231270715374)
	    --Point printed
	  pt: (98.64775755940198, 7.325986293430276)
	    --Point printed
	  pt: (97.60125397431197, 6.734675781837467)
	    --Point printed
	  pt: (96.4954178072125, 6.244677723979947)
	    --Point printed
	  pt: (95.33654646801679, 5.862288671462267)
	    --Point printed
	  pt: (94.13093736663791, 5.593805175889003)
	    --Point printed
	  pt: (92.88488791298907, 5.4455237888648185)
	    --Point printed
	  pt: (91.67984214812921, 5.423741061994264)
	    --Point printed
	  pt: (90.63830158924262, 5.496651799338252)
	    --Point printed
	  pt: (89.2846142338657, 5.710670180752317)
	    --Point printed
	  pt: (87.36193668102868, 6.315516790560139)
	    --Point printed
	  pt: (85.5867348495798, 7.2099979077107434)
	    --Point printed
	  pt: (83.98718185973019, 8.365830548497172)
	    --Point printed
	  pt: (82.59145083169108, 9.75473172921238)
	    --Point printed
	  pt: (81.4277148856736, 11.348418466149354)
	    --Point printed
	  pt: (80.52414714188893, 13.118607775601134)
	    --Point printed
	  pt: (80.06763685085322, 14.592801939066277)
	    --Point printed
	  pt: (79.83267545444424, 15.434063347779983)
	    --Point printed
	  pt: (79.63191822640279, 16.86858763396023)
	    --Point printed
	  pt: (79.60181562854615, 17.854136433860248)
	    --Point printed
	  pt: (79.60181562854615, 31.819361463596636)
	    --Point printed
	  pt: (79.4556388141139, 33.23895118081286)
	    --Point printed
	  pt: (79.14080780065, 34.612462316820924)
	    --Point printed
	  pt: (78.66456327917633, 35.92634732929167)
	    --Point printed
	  pt: (78.03414594071472, 37.167058675895845)
	    --Point printed
	  pt: (77.25679647628705, 38.32104881430432)
	    --Point printed
	  pt: (76.33975557691518, 39.374770202187904)
	    --Point printed
	  pt: (75.29026393362096, 40.31467529721739)
	    --Point printed
	  pt: (73.87470483340788, 41.28640876251714)
	    --Point printed
	  pt: (72.07045326260403, 42.692734751435054)
	    --Point printed
	  pt: (70.95453311432249, 43.72830806310168)
	    --Point printed
	  pt: (70.95453311432249, 43.72830806310168)
	    --Point printed
--Found Elem: <Element '{http://www.w3.org/2000/svg}g' at 0x000001FCF2628450>
  --No Name: g
--Found Elem: <Element '{http://www.w3.org/2000/svg}g' at 0x000001FCF26284A0>
  --No Name: g
--Found Elem: <Element '{http://www.w3.org/2000/svg}path' at 0x000001FCF26284F0>
  --Name: path
	Class : <class 'svg2gcode_py.lib.shapes.path'>
	Object: <Element '{http://www.w3.org/2000/svg}path' at 0x000001FCF26284F0>
	Attrs : [('d', 'M221.656,129.73c-20.418,0-37.029,16.611-37.029,37.029c0,20.418,16.611,37.029,37.029,37.029    s37.029-16.611,37.029-37.029S242.073,129.73,221.656,129.73z M221.656,185.273c-10.209,0-18.514-8.306-18.514-18.514    s8.306-18.514,18.514-18.514s18.514,8.306,18.514,18.514S231.865,185.273,221.656,185.273z')]
	Transform: None
	d: M221.656,129.73c-20.418,0-37.029,16.611-37.029,37.029c0,20.418,16.611,37.029,37.029,37.029    s37.029-16.611,37.029-37.029S242.073,129.73,221.656,129.73z M221.656,185.273c-10.209,0-18.514-8.306-18.514-18.514    s8.306-18.514,18.514-18.514s18.514,8.306,18.514,18.514S231.865,185.273,221.656,185.273z
	m: None
	d is GOOD!
	Points: <generator object point_generator at 0x000001FCF25F4A50>
	  pt: (64.93840808282829, 111.99308983025358)
	    --Point printed
	  pt: (64.56454260652853, 111.99308983025358)
	    --Point printed
	  pt: (63.46656167938072, 111.89987237066137)
	    --Point printed
	  pt: (62.40204791964925, 111.6999225248731)
	    --Point printed
	  pt: (61.37649621874261, 111.39873518429724)
	    --Point printed
	  pt: (60.39540146806927, 111.00180524034226)
	    --Point printed
	  pt: (59.46425855903771, 110.51462758441667)
	    --Point printed
	  pt: (58.588562383056406, 109.94269710792892)
	    --Point printed
	  pt: (57.77380783153385, 109.2915087022875)
	    --Point printed
	  pt: (57.025489795878514, 108.5665572589009)
	    --Point printed
	  pt: (56.34910316749886, 107.77333766917758)
	    --Point printed
	  pt: (55.75014283780339, 106.91734482452603)
	    --Point printed
	  pt: (55.23410369820058, 106.00407361635472)
	    --Point printed
	  pt: (54.8064806400989, 105.03901893607214)
	    --Point printed
	  pt: (54.47276855490684, 104.02767567508677)
	    --Point printed
	  pt: (54.23846233403289, 102.97553872480708)
	    --Point printed
	  pt: (54.109056868885496, 101.88810297664156)
	    --Point printed
	  pt: (54.090047050873146, 100.77086332199868)
	    --Point printed
	  pt: (54.183264510465364, 99.67288239485089)
	    --Point printed
	  pt: (54.383214356253625, 98.6083686351194)
	    --Point printed
	  pt: (54.684401696829475, 97.58281693421277)
	    --Point printed
	  pt: (55.081331640784455, 96.60172218353944)
	    --Point printed
	  pt: (55.56850929671005, 95.67057927450787)
	    --Point printed
	  pt: (56.14043977319779, 94.79488309852655)
	    --Point printed
	  pt: (56.79162817883922, 93.980128547004)
	    --Point printed
	  pt: (57.51657962222583, 93.23181051134866)
	    --Point printed
	  pt: (58.30979921194914, 92.55542388296902)
	    --Point printed
	  pt: (59.165792056600694, 91.95646355327355)
	    --Point printed
	  pt: (60.079063264772, 91.44042441367074)
	    --Point printed
	  pt: (61.04411794505457, 91.01280135556905)
	    --Point printed
	  pt: (62.05546120603995, 90.679089270377)
	    --Point printed
	  pt: (63.10759815631964, 90.44478304950303)
	    --Point printed
	  pt: (64.19503390448516, 90.31537758435564)
	    --Point printed
	  pt: (65.31227355912804, 90.29636776634331)
	    --Point printed
	  pt: (66.41025448627586, 90.3895852259355)
	    --Point printed
	  pt: (67.47476824600733, 90.58953507172379)
	    --Point printed
	  pt: (68.50031994691396, 90.89072241229964)
	    --Point printed
	  pt: (69.48141469758731, 91.28765235625461)
	    --Point printed
	  pt: (70.41255760661886, 91.7748300121802)
	    --Point printed
	  pt: (71.28825378260017, 92.34676048866795)
	    --Point printed
	  pt: (72.10300833412272, 92.99794889430937)
	    --Point printed
	  pt: (72.85132636977806, 93.72290033769596)
	    --Point printed
	  pt: (73.52771299815771, 94.5161199274193)
	    --Point printed
	  pt: (74.1266733278532, 95.37211277207086)
	    --Point printed
	  pt: (74.642712467456, 96.28538398024216)
	    --Point printed
	  pt: (75.07033552555767, 97.25043866052474)
	    --Point printed
	  pt: (75.40404761074973, 98.2617819215101)
	    --Point printed
	  pt: (75.63835383162369, 99.3139188717898)
	    --Point printed
	  pt: (75.7677592967711, 100.40135461995533)
	    --Point printed
	  pt: (75.78676911478343, 101.5185942745982)
	    --Point printed
	  pt: (75.69354636228843, 102.616575201746)
	    --Point printed
	  pt: (75.49358607374599, 103.68108896147747)
	    --Point printed
	  pt: (75.19238442802744, 104.7066406623841)
	    --Point printed
	  pt: (74.7954376040041, 105.68773541305745)
	    --Point printed
	  pt: (74.3082417805473, 106.61887832208902)
	    --Point printed
	  pt: (73.73629313652835, 107.4945744980703)
	    --Point printed
	  pt: (73.08508785081855, 108.30932904959289)
	    --Point printed
	  pt: (72.36012210228927, 109.05764708524822)
	    --Point printed
	  pt: (71.56689206981179, 109.73403371362787)
	    --Point printed
	  pt: (70.71089393225745, 110.33299404332334)
	    --Point printed
	  pt: (69.79762386849755, 110.84903318292615)
	    --Point printed
	  pt: (68.83257805740344, 111.27665624102782)
	    --Point printed
	  pt: (67.82125267784642, 111.61036832621988)
	    --Point printed
	  pt: (66.76914390869783, 111.84467454709385)
	    --Point printed
	  pt: (65.68174792882897, 111.97408001224125)
	    --Point printed
	  pt: (64.93840808282829, 111.99308983025358)
	    --Point printed
	  pt: (64.93840808282829, 111.99308983025358)
	    --Point printed
	  pt: (64.56454260652853, 95.72069476698198)
	    --Point printed
	  pt: (63.49385074177391, 95.90347558051872)
	    --Point printed
	  pt: (62.50475541089924, 96.28507270033731)
	    --Point printed
	  pt: (61.61923274630419, 96.84349969433535)
	    --Point printed
	  pt: (60.859258880388445, 97.55677013041041)
	    --Point printed
	  pt: (60.24680994555165, 98.4028975764601)
	    --Point printed
	  pt: (59.80386207419351, 99.35989560038203)
	    --Point printed
	  pt: (59.55239139871367, 100.40577777007377)
	    --Point printed
	  pt: (59.514374051511815, 101.51855765343291)
	    --Point printed
	  pt: (59.69715486504856, 102.58918199791407)
	    --Point printed
	  pt: (60.07875198486716, 103.5782510073262)
	    --Point printed
	  pt: (60.6371789788652, 104.4637782495669)
	    --Point printed
	  pt: (61.350449414940265, 105.22377729253378)
	    --Point printed
	  pt: (62.196576860989964, 105.83626170412444)
	    --Point printed
	  pt: (63.15357488491189, 106.27924505223643)
	    --Point printed
	  pt: (64.19945705460363, 106.53074090476741)
	    --Point printed
	  pt: (65.31223693796278, 106.56876282961491)
	    --Point printed
	  pt: (66.3828612824439, 106.38598201607817)
	    --Point printed
	  pt: (67.37193029185605, 106.00438489625958)
	    --Point printed
	  pt: (68.25745753409674, 105.44595790226154)
	    --Point printed
	  pt: (69.01745657706361, 104.73268746618646)
	    --Point printed
	  pt: (69.62994098865427, 103.88656002013677)
	    --Point printed
	  pt: (70.07292433676629, 102.92956199621484)
	    --Point printed
	  pt: (70.32442018929724, 101.88367982652309)
	    --Point printed
	  pt: (70.36244211414476, 100.77089994316395)
	    --Point printed
	  pt: (70.17968075560205, 99.70027559868282)
	    --Point printed
	  pt: (69.7981168237145, 98.71120658927067)
	    --Point printed
	  pt: (69.23972645088175, 97.82567934702996)
	    --Point printed
	  pt: (68.52648576950347, 97.06568030406311)
	    --Point printed
	  pt: (67.68037091197932, 96.45319589247245)
	    --Point printed
	  pt: (66.723358010709, 96.01021254436044)
	    --Point printed
	  pt: (65.67742319809219, 95.75871669182948)
	    --Point printed
	  pt: (64.93840808282829, 95.72069476698198)
	    --Point printed
	  pt: (64.93840808282829, 95.72069476698198)
	    --Point printed
--Found Elem: <Element '{http://www.w3.org/2000/svg}g' at 0x000001FCF2628540>
  --No Name: g
--Found Elem: <Element '{http://www.w3.org/2000/svg}g' at 0x000001FCF2628590>
  --No Name: g
--Found Elem: <Element '{http://www.w3.org/2000/svg}path' at 0x000001FCF26285E0>
  --Name: path
	Class : <class 'svg2gcode_py.lib.shapes.path'>
	Object: <Element '{http://www.w3.org/2000/svg}path' at 0x000001FCF26285E0>
	Attrs : [('d', 'M378.01,129.73c-20.418,0-37.029,16.611-37.029,37.029c0,20.418,16.611,37.029,37.029,37.029    c20.418,0,37.029-16.611,37.029-37.029S398.428,129.73,378.01,129.73z M378.01,185.273c-10.209,0-18.514-8.306-18.514-18.514    s8.306-18.514,18.514-18.514s18.514,8.306,18.514,18.514S388.219,185.273,378.01,185.273z')]
	Transform: None
	d: M378.01,129.73c-20.418,0-37.029,16.611-37.029,37.029c0,20.418,16.611,37.029,37.029,37.029    c20.418,0,37.029-16.611,37.029-37.029S398.428,129.73,378.01,129.73z M378.01,185.273c-10.209,0-18.514-8.306-18.514-18.514    s8.306-18.514,18.514-18.514s18.514,8.306,18.514,18.514S388.219,185.273,378.01,185.273z
	m: None
	d is GOOD!
	Points: <generator object point_generator at 0x000001FCF25F5700>
	  pt: (110.74533348697946, 111.99308983025358)
	    --Point printed
	  pt: (110.3714680106797, 111.99308983025358)
	    --Point printed
	  pt: (109.27348708353189, 111.89987237066137)
	    --Point printed
	  pt: (108.20897332380042, 111.6999225248731)
	    --Point printed
	  pt: (107.18342162289379, 111.39873518429724)
	    --Point printed
	  pt: (106.20232687222044, 111.00180524034226)
	    --Point printed
	  pt: (105.27118396318889, 110.51462758441667)
	    --Point printed
	  pt: (104.3954877872076, 109.94269710792892)
	    --Point printed
	  pt: (103.58073323568503, 109.2915087022875)
	    --Point printed
	  pt: (102.83241520002969, 108.5665572589009)
	    --Point printed
	  pt: (102.15602857165005, 107.77333766917758)
	    --Point printed
	  pt: (101.55706824195458, 106.91734482452603)
	    --Point printed
	  pt: (101.04102910235176, 106.00407361635472)
	    --Point printed
	  pt: (100.61340604425007, 105.03901893607214)
	    --Point printed
	  pt: (100.27969395905802, 104.02767567508677)
	    --Point printed
	  pt: (100.04538773818406, 102.97553872480708)
	    --Point printed
	  pt: (99.91598227303666, 101.88810297664156)
	    --Point printed
	  pt: (99.89697245502433, 100.77086332199868)
	    --Point printed
	  pt: (99.99018991461654, 99.67288239485089)
	    --Point printed
	  pt: (100.19013976040479, 98.6083686351194)
	    --Point printed
	  pt: (100.49132710098066, 97.58281693421277)
	    --Point printed
	  pt: (100.88825704493563, 96.60172218353944)
	    --Point printed
	  pt: (101.37543470086123, 95.67057927450787)
	    --Point printed
	  pt: (101.94736517734898, 94.79488309852655)
	    --Point printed
	  pt: (102.5985535829904, 93.980128547004)
	    --Point printed
	  pt: (103.323505026377, 93.23181051134866)
	    --Point printed
	  pt: (104.11672461610033, 92.55542388296902)
	    --Point printed
	  pt: (104.97271746075187, 91.95646355327355)
	    --Point printed
	  pt: (105.88598866892318, 91.44042441367074)
	    --Point printed
	  pt: (106.85104334920575, 91.01280135556905)
	    --Point printed
	  pt: (107.86238661019114, 90.679089270377)
	    --Point printed
	  pt: (108.91452356047083, 90.44478304950303)
	    --Point printed
	  pt: (110.00195930863633, 90.31537758435564)
	    --Point printed
	  pt: (111.11919896327922, 90.29636776634331)
	    --Point printed
	  pt: (112.21717989042703, 90.3895852259355)
	    --Point printed
	  pt: (113.2816936501585, 90.58953507172379)
	    --Point printed
	  pt: (114.30724535106513, 90.89072241229964)
	    --Point printed
	  pt: (115.28834010173848, 91.28765235625461)
	    --Point printed
	  pt: (116.21948301077003, 91.7748300121802)
	    --Point printed
	  pt: (117.09517918675132, 92.34676048866795)
	    --Point printed
	  pt: (117.90993373827389, 92.99794889430937)
	    --Point printed
	  pt: (118.65825177392924, 93.72290033769596)
	    --Point printed
	  pt: (119.33463840230887, 94.5161199274193)
	    --Point printed
	  pt: (119.93359873200434, 95.37211277207086)
	    --Point printed
	  pt: (120.44963787160717, 96.28538398024216)
	    --Point printed
	  pt: (120.87726092970885, 97.25043866052474)
	    --Point printed
	  pt: (121.2109730149009, 98.2617819215101)
	    --Point printed
	  pt: (121.44527923577486, 99.3139188717898)
	    --Point printed
	  pt: (121.57468470092226, 100.40135461995533)
	    --Point printed
	  pt: (121.5936945189346, 101.5185942745982)
	    --Point printed
	  pt: (121.50047705934239, 102.616575201746)
	    --Point printed
	  pt: (121.30052721355413, 103.68108896147747)
	    --Point printed
	  pt: (120.99933987297827, 104.7066406623841)
	    --Point printed
	  pt: (120.6024099290233, 105.68773541305745)
	    --Point printed
	  pt: (120.11523227309769, 106.61887832208902)
	    --Point printed
	  pt: (119.54330179660994, 107.4945744980703)
	    --Point printed
	  pt: (118.89211339096852, 108.30932904959289)
	    --Point printed
	  pt: (118.16716194758192, 109.05764708524822)
	    --Point printed
	  pt: (117.3739423578586, 109.73403371362787)
	    --Point printed
	  pt: (116.51794951320706, 110.33299404332334)
	    --Point printed
	  pt: (115.60467830503575, 110.84903318292615)
	    --Point printed
	  pt: (114.63962362475317, 111.27665624102782)
	    --Point printed
	  pt: (113.62828036376779, 111.61036832621988)
	    --Point printed
	  pt: (112.5761434134881, 111.84467454709385)
	    --Point printed
	  pt: (111.4887076653226, 111.97408001224125)
	    --Point printed
	  pt: (110.74533348697946, 111.99308983025358)
	    --Point printed
	  pt: (110.74533348697946, 111.99308983025358)
	    --Point printed
	  pt: (110.3714680106797, 95.72069476698198)
	    --Point printed
	  pt: (109.30077614592507, 95.90347558051872)
	    --Point printed
	  pt: (108.31168081505041, 96.28507270033731)
	    --Point printed
	  pt: (107.42615815045536, 96.84349969433535)
	    --Point printed
	  pt: (106.66618428453963, 97.55677013041041)
	    --Point printed
	  pt: (106.05373534970282, 98.4028975764601)
	    --Point printed
	  pt: (105.61078747834469, 99.35989560038203)
	    --Point printed
	  pt: (105.35931680286484, 100.40577777007377)
	    --Point printed
	  pt: (105.321299455663, 101.51855765343291)
	    --Point printed
	  pt: (105.50408026919973, 102.58918199791407)
	    --Point printed
	  pt: (105.88567738901834, 103.5782510073262)
	    --Point printed
	  pt: (106.44410438301637, 104.4637782495669)
	    --Point printed
	  pt: (107.15737481909143, 105.22377729253378)
	    --Point printed
	  pt: (108.00350226514112, 105.83626170412444)
	    --Point printed
	  pt: (108.96050028906305, 106.27924505223643)
	    --Point printed
	  pt: (110.0063824587548, 106.53074090476741)
	    --Point printed
	  pt: (111.11916234211395, 106.56876282961491)
	    --Point printed
	  pt: (112.1897866865951, 106.38598201607817)
	    --Point printed
	  pt: (113.17885569600722, 106.00438489625958)
	    --Point printed
	  pt: (114.06438293824795, 105.44595790226154)
	    --Point printed
	  pt: (114.82438198121481, 104.73268746618646)
	    --Point printed
	  pt: (115.43686639280546, 103.88656002013677)
	    --Point printed
	  pt: (115.87984974091746, 102.92956199621484)
	    --Point printed
	  pt: (116.13134559344842, 101.88367982652309)
	    --Point printed
	  pt: (116.16936751829593, 100.77089994316395)
	    --Point printed
	  pt: (115.98660615975324, 99.70027559868282)
	    --Point printed
	  pt: (115.60504222786568, 98.71120658927067)
	    --Point printed
	  pt: (115.0466518550329, 97.82567934702996)
	    --Point printed
	  pt: (114.33341117365464, 97.06568030406311)
	    --Point printed
	  pt: (113.4872963161305, 96.45319589247245)
	    --Point printed
	  pt: (112.5302834148602, 96.01021254436044)
	    --Point printed
	  pt: (111.48434860224336, 95.75871669182948)
	    --Point printed
	  pt: (110.74533348697946, 95.72069476698198)
	    --Point printed
	  pt: (110.74533348697946, 95.72069476698198)
	    --Point printed
--Found Elem: <Element '{http://www.w3.org/2000/svg}g' at 0x000001FCF2628630>
  --No Name: g
--Found Elem: <Element '{http://www.w3.org/2000/svg}g' at 0x000001FCF2628680>
  --No Name: g
--Found Elem: <Element '{http://www.w3.org/2000/svg}circle' at 0x000001FCF2628720>
  --Name: circle
	Class : <class 'svg2gcode_py.lib.shapes.circle'>
	Object: <Element '{http://www.w3.org/2000/svg}circle' at 0x000001FCF2628720>
	Attrs : [('cx', '402.899'), ('cy', '410.219'), ('r', '9.257')]
	Transform: None
	d: M 393.642000,410.219000 A 9.257000,9.257000 0 1 0 412.156000,410.219000 A 9.257000,9.257000 0 1 0 393.642000,410.219000
	m: None
	d is GOOD!
	Points: <generator object point_generator at 0x000001FCF25F4A50>
	  pt: (115.32502993169908, 29.8184176140969)
	    --Point printed
	  pt: (115.32502993169906, 29.576190024361892)
	    --Point printed
	  pt: (115.48047871822433, 28.88304654608889)
	    --Point printed
	  pt: (115.80542856822824, 28.259659998536478)
	    --Point printed
	  pt: (116.28162503847685, 27.737648004849717)
	    --Point printed
	  pt: (116.8908136857362, 27.34862818817372)
	    --Point printed
	  pt: (117.56881793965076, 27.136679047155553)
	    --Point printed
	  pt: (118.27116145121059, 27.10640059843867)
	    --Point printed
	  pt: (118.96133533394779, 27.25779284202308)
	    --Point printed
	  pt: (119.60283070139442, 27.59085577790873)
	    --Point printed
	  pt: (120.12538616878372, 28.07205011516359)
	    --Point printed
	  pt: (120.50277983033962, 28.66515821399912)
	    --Point printed
	  pt: (120.71675724282822, 29.338562451270292)
	    --Point printed
	  pt: (120.74906396301553, 30.060645203831953)
	    --Point printed
	  pt: (120.59361517649027, 30.753788682104954)
	    --Point printed
	  pt: (120.26866532648637, 31.377175229657368)
	    --Point printed
	  pt: (119.79246885623775, 31.89918722334413)
	    --Point printed
	  pt: (119.18328020897843, 32.288207040020126)
	    --Point printed
	  pt: (118.50527595506387, 32.50015618103829)
	    --Point printed
	  pt: (117.80293244350403, 32.53043462975518)
	    --Point printed
	  pt: (117.11275856076685, 32.37904238617077)
	    --Point printed
	  pt: (116.47126319332017, 32.04597945028512)
	    --Point printed
	  pt: (115.94870772593087, 31.564785113030254)
	    --Point printed
	  pt: (115.57131406437497, 30.971677014194725)
	    --Point printed
	  pt: (115.35733665188637, 30.298272776923554)
	    --Point printed
	  pt: (115.32502993169906, 29.81841761409693)
	    --Point printed
--Found Elem: <Element '{http://www.w3.org/2000/svg}g' at 0x000001FCF2628770>
  --No Name: g
--Found Elem: <Element '{http://www.w3.org/2000/svg}g' at 0x000001FCF26287C0>
  --No Name: g
--Found Elem: <Element '{http://www.w3.org/2000/svg}g' at 0x000001FCF2628810>
  --No Name: g
--Found Elem: <Element '{http://www.w3.org/2000/svg}g' at 0x000001FCF2628860>
  --No Name: g
--Found Elem: <Element '{http://www.w3.org/2000/svg}g' at 0x000001FCF26288B0>
  --No Name: g
--Found Elem: <Element '{http://www.w3.org/2000/svg}g' at 0x000001FCF2628900>
  --No Name: g
--Found Elem: <Element '{http://www.w3.org/2000/svg}g' at 0x000001FCF2628950>
  --No Name: g
--Found Elem: <Element '{http://www.w3.org/2000/svg}g' at 0x000001FCF26289A0>
  --No Name: g
--Found Elem: <Element '{http://www.w3.org/2000/svg}g' at 0x000001FCF26289F0>
  --No Name: g
--Found Elem: <Element '{http://www.w3.org/2000/svg}g' at 0x000001FCF2628A40>
  --No Name: g
--Found Elem: <Element '{http://www.w3.org/2000/svg}g' at 0x000001FCF2628A90>
  --No Name: g
--Found Elem: <Element '{http://www.w3.org/2000/svg}g' at 0x000001FCF2628AE0>
  --No Name: g
--Found Elem: <Element '{http://www.w3.org/2000/svg}g' at 0x000001FCF2628B30>
  --No Name: g
--Found Elem: <Element '{http://www.w3.org/2000/svg}g' at 0x000001FCF2628B80>
  --No Name: g
--Found Elem: <Element '{http://www.w3.org/2000/svg}g' at 0x000001FCF2628BD0>
  --No Name: g
