Input File: ./imagens/ufmgx.svg
Output File: ./imagens/gcode_output/ufmgx.gcode
Log File: ./imagens/log/ufmgx.log

wdth: 256
hght: 93.983
scale: 0.5859375
x%: 0.5859375
y%: 1.5960333251758296
--Found Elem: <Element '{http://www.w3.org/2000/svg}svg' at 0x0000027D606B4F40>
  --No Name: svg
--Found Elem: <Element '{http://www.w3.org/2000/svg}g' at 0x0000027D606B4FE0>
  --No Name: g
--Found Elem: <Element '{http://www.w3.org/2000/svg}path' at 0x0000027D606B5030>
  --Name: path
	Class : <class 'svg2gcode_py.lib.shapes.path'>
	Object: <Element '{http://www.w3.org/2000/svg}path' at 0x0000027D606B5030>
	Attrs : [('fill-rule', 'evenodd'), ('clip-rule', 'evenodd'), ('fill', '#1A171B'), ('d', 'M20.189,40.443V19.017c0-1.983-1.623-2.568-3.329-2.744v-1.877   h13.052v1.872c-1.639,0.16-3.028,0.696-3.028,2.586v21.191c0,7.179,4.447,10.057,10.452,10.057c10.9,0,10.9-8.493,10.9-16.287   v-9.192c0-6.636-0.56-8.081-3.955-8.36v-1.868H55.26v1.856c-2.006,0.199-3.43,1.165-3.43,5.406v15.819   c0,8.966-4.29,15.819-15.662,15.819C26.189,53.297,20.189,49.481,20.189,40.443z')]
	Transform: None
	d: M20.189,40.443V19.017c0-1.983-1.623-2.568-3.329-2.744v-1.877   h13.052v1.872c-1.639,0.16-3.028,0.696-3.028,2.586v21.191c0,7.179,4.447,10.057,10.452,10.057c10.9,0,10.9-8.493,10.9-16.287   v-9.192c0-6.636-0.56-8.081-3.955-8.36v-1.868H55.26v1.856c-2.006,0.199-3.43,1.165-3.43,5.406v15.819   c0,8.966-4.29,15.819-15.662,15.819C26.189,53.297,20.189,49.481,20.189,40.443z
	m: None
	d is GOOD!
	Points: <generator object point_generator at 0x0000027D606BC2E0>
	  pt: (11.8294921875, 126.3029296875)
	    --Point printed
	  pt: (11.8294921875, 126.3029296875)
	    --Point printed
	  pt: (11.8294921875, 139.147705078125)
	    --Point printed
	  pt: (11.56051025390625, 139.78126831054686)
	    --Point printed
	  pt: (11.047705078125, 140.18009033203126)
	    --Point printed
	  pt: (10.375671386718752, 140.39849853515625)
	    --Point printed
	  pt: (9.87890625, 140.4650390625)
	    --Point printed
	  pt: (9.87890625, 141.56484375)
	    --Point printed
	  pt: (17.5265625, 141.56484375)
	    --Point printed
	  pt: (17.286474609375, 140.44453125)
	    --Point printed
	  pt: (16.632843017578125, 140.28746337890624)
	    --Point printed
	  pt: (16.117565917968747, 139.9761474609375)
	    --Point printed
	  pt: (15.803210449218751, 139.4568603515625)
	    --Point printed
	  pt: (15.75234375, 138.952734375)
	    --Point printed
	  pt: (15.75234375, 126.0103271484375)
	    --Point printed
	  pt: (15.949298858642576, 124.62653732299805)
	    --Point printed
	  pt: (16.364085388183593, 123.46598052978516)
	    --Point printed
	  pt: (16.976866149902346, 122.51888580322266)
	    --Point printed
	  pt: (17.767803955078126, 121.77548217773438)
	    --Point printed
	  pt: (18.717061614990236, 121.22599868774414)
	    --Point printed
	  pt: (19.80480194091797, 120.86066436767578)
	    --Point printed
	  pt: (21.011187744140624, 120.66970825195312)
	    --Point printed
	  pt: (22.67490234375, 120.643359375)
	    --Point printed
	  pt: (24.595907592773436, 121.01109924316407)
	    --Point printed
	  pt: (26.01795043945312, 121.76121826171874)
	    --Point printed
	  pt: (27.01587524414062, 122.83059997558593)
	    --Point printed
	  pt: (27.6645263671875, 124.1561279296875)
	    --Point printed
	  pt: (28.03874816894531, 125.6746856689453)
	    --Point printed
	  pt: (28.26328125, 127.87752685546874)
	    --Point printed
	  pt: (28.26328125, 130.1865234375)
	    --Point printed
	  pt: (28.26328125, 136.54453125)
	    --Point printed
	  pt: (28.119085693359374, 138.5839416503906)
	    --Point printed
	  pt: (27.767889404296874, 139.59801635742187)
	    --Point printed
	  pt: (27.43696060180664, 140.000333404541)
	    --Point printed
	  pt: (26.83670654296875, 140.3464599609375)
	    --Point printed
	  pt: (25.9458984375, 140.4708984375)
	    --Point printed
	  pt: (25.9458984375, 141.5654296875)
	    --Point printed
	  pt: (32.37890625, 141.5654296875)
	    --Point printed
	  pt: (32.08505859375, 140.448779296875)
	    --Point printed
	  pt: (31.32550048828125, 140.17496337890626)
	    --Point printed
	  pt: (30.755493164062496, 139.54892578125)
	    --Point printed
	  pt: (30.421289062499998, 138.43289794921876)
	    --Point printed
	  pt: (30.369140625, 137.3103515625)
	    --Point printed
	  pt: (30.369140625, 127.384716796875)
	    --Point printed
	  pt: (30.16636962890625, 125.52222290039063)
	    --Point printed
	  pt: (29.70238037109375, 123.81919555664062)
	    --Point printed
	  pt: (28.958001708984373, 122.30818176269531)
	    --Point printed
	  pt: (27.9140625, 121.021728515625)
	    --Point printed
	  pt: (26.5513916015625, 119.9923828125)
	    --Point printed
	  pt: (24.850817871093753, 119.25269165039062)
	    --Point printed
	  pt: (22.793170166015624, 118.83520202636717)
	    --Point printed
	  pt: (20.4613037109375, 118.77231445312499)
	    --Point printed
	  pt: (18.45542221069336, 118.94986267089843)
	    --Point printed
	  pt: (16.686616516113283, 119.34999389648438)
	    --Point printed
	  pt: (15.168763732910156, 119.9823486328125)
	    --Point printed
	  pt: (13.915740966796873, 120.8565673828125)
	    --Point printed
	  pt: (12.941425323486328, 121.98229064941407)
	    --Point printed
	  pt: (12.259693908691407, 123.36915893554688)
	    --Point printed
	  pt: (11.884423828125, 125.02681274414061)
	    --Point printed
	  pt: (11.8294921875, 126.3029296875)
	    --Point printed
	  pt: (11.8294921875, 126.3029296875)
	    --Point printed
--Found Elem: <Element '{http://www.w3.org/2000/svg}path' at 0x0000027D606B5080>
  --Name: path
	Class : <class 'svg2gcode_py.lib.shapes.path'>
	Object: <Element '{http://www.w3.org/2000/svg}path' at 0x0000027D606B5080>
	Attrs : [('fill-rule', 'evenodd'), ('clip-rule', 'evenodd'), ('fill', '#1A171B'), ('d', 'M76.989,47.89V19.634c0-2.357-1.343-3.136-3.733-3.36v-2.06   c4.364,0.063,8.695,0.123,13.078,0.123c7.336,0,11.931-0.083,16.452-0.169l0.222,6.171h-2.081   c-1.111-3.189-3.173-3.668-8.898-3.668H83.69v14.732h7.325c3.169,0,4.897-0.055,5.425-2.621h1.574v7.51h-1.639   c-0.518-2.112-1.965-2.39-5.36-2.39H83.69v12.433c0,3.888,1.519,4.879,4.761,4.974l0.028,1.833H73.256v-1.896   C75.646,51.025,76.989,50.25,76.989,47.89z')]
	Transform: None
	d: M76.989,47.89V19.634c0-2.357-1.343-3.136-3.733-3.36v-2.06   c4.364,0.063,8.695,0.123,13.078,0.123c7.336,0,11.931-0.083,16.452-0.169l0.222,6.171h-2.081   c-1.111-3.189-3.173-3.668-8.898-3.668H83.69v14.732h7.325c3.169,0,4.897-0.055,5.425-2.621h1.574v7.51h-1.639   c-0.518-2.112-1.965-2.39-5.36-2.39H83.69v12.433c0,3.888,1.519,4.879,4.761,4.974l0.028,1.833H73.256v-1.896   C75.646,51.025,76.989,50.25,76.989,47.89z
	m: None
	d is GOOD!
	Points: <generator object point_generator at 0x0000027D606BC200>
	  pt: (45.1107421875, 121.939453125)
	    --Point printed
	  pt: (45.1107421875, 121.939453125)
	    --Point printed
	  pt: (45.1107421875, 138.840966796875)
	    --Point printed
	  pt: (44.870251464843754, 139.60654907226564)
	    --Point printed
	  pt: (44.356347656249994, 140.10032958984374)
	    --Point printed
	  pt: (43.585290527343744, 140.37850341796874)
	    --Point printed
	  pt: (42.9234375, 140.464453125)
	    --Point printed
	  pt: (45.48046875, 141.6345703125)
	    --Point printed
	  pt: (54.884765625, 141.5994140625)
	    --Point printed
	  pt: (60.226171875, 141.6984375)
	    --Point printed
	  pt: (60.356249999999996, 138.0826171875)
	    --Point printed
	  pt: (58.974169921874996, 138.549755859375)
	    --Point printed
	  pt: (58.26214599609375, 139.4958068847656)
	    --Point printed
	  pt: (57.142529296875, 140.00980224609376)
	    --Point printed
	  pt: (55.46634521484375, 140.21429443359375)
	    --Point printed
	  pt: (53.923242187499994, 140.2318359375)
	    --Point printed
	  pt: (49.037109375, 140.2318359375)
	    --Point printed
	  pt: (49.037109375, 131.5998046875)
	    --Point printed
	  pt: (53.793310546875006, 131.5998046875)
	    --Point printed
	  pt: (54.92649536132813, 131.65484619140625)
	    --Point printed
	  pt: (55.760705566406244, 131.90185546875)
	    --Point printed
	  pt: (56.3091796875, 132.47574462890626)
	    --Point printed
	  pt: (56.5078125, 133.135546875)
	    --Point printed
	  pt: (57.430078124999994, 133.135546875)
	    --Point printed
	  pt: (57.430078124999994, 128.73515625)
	    --Point printed
	  pt: (56.393847656249996, 129.04453125)
	    --Point printed
	  pt: (55.97744750976562, 129.66533203125)
	    --Point printed
	  pt: (55.28228759765625, 129.997119140625)
	    --Point printed
	  pt: (54.25239257812501, 130.1253662109375)
	    --Point printed
	  pt: (53.3291015625, 130.135546875)
	    --Point printed
	  pt: (49.037109375, 130.135546875)
	    --Point printed
	  pt: (49.037109375, 122.2810546875)
	    --Point printed
	  pt: (49.318981933593754, 121.06627807617187)
	    --Point printed
	  pt: (49.949560546875, 120.34149169921875)
	    --Point printed
	  pt: (50.940051269531246, 119.99677734375)
	    --Point printed
	  pt: (51.8267578125, 119.9361328125)
	    --Point printed
	  pt: (51.8431640625, 118.862109375)
	    --Point printed
	  pt: (42.9234375, 118.862109375)
	    --Point printed
	  pt: (43.27353515625, 120.005419921875)
	    --Point printed
	  pt: (44.126696777343746, 120.22285766601563)
	    --Point printed
	  pt: (44.728125, 120.63753662109374)
	    --Point printed
	  pt: (45.06156005859375, 121.30609130859375)
	    --Point printed
	  pt: (45.1107421875, 121.939453125)
	    --Point printed
	  pt: (45.1107421875, 121.939453125)
	    --Point printed
--Found Elem: <Element '{http://www.w3.org/2000/svg}path' at 0x0000027D606B50D0>
  --Name: path
	Class : <class 'svg2gcode_py.lib.shapes.path'>
	Object: <Element '{http://www.w3.org/2000/svg}path' at 0x0000027D606B50D0>
	Attrs : [('fill-rule', 'evenodd'), ('clip-rule', 'evenodd'), ('fill', '#1A171B'), ('d', 'M236.402,41.696v2.508l-0.027,7.387   c-3.869,1.037-9.031,2.258-14.625,2.258c-12.543,0-21.354-8.809-21.354-19.713c0-12.472,9.67-20.34,21.893-20.34   c2.043,0,3.67,0.231,7.338,0.696c1.006,0.162,6.078,1.093,7.162,1.329l0.494,7.177h-2.559c-1.777-3.543-4.234-6.71-11.023-6.71   c-8.494,0-15.67,5.143-15.67,17.608c0,7.253,4.053,17.463,16.447,17.463c1.947,0,3.746-0.467,5.531-1.248   c0-0.693,0.156-4.986,0.156-6c0-3.446-0.389-4.898-3.199-5.355v-1.935h12.172v1.813C236.969,38.83,236.402,39.546,236.402,41.696z')]
	Transform: None
	d: M236.402,41.696v2.508l-0.027,7.387   c-3.869,1.037-9.031,2.258-14.625,2.258c-12.543,0-21.354-8.809-21.354-19.713c0-12.472,9.67-20.34,21.893-20.34   c2.043,0,3.67,0.231,7.338,0.696c1.006,0.162,6.078,1.093,7.162,1.329l0.494,7.177h-2.559c-1.777-3.543-4.234-6.71-11.023-6.71   c-8.494,0-15.67,5.143-15.67,17.608c0,7.253,4.053,17.463,16.447,17.463c1.947,0,3.746-0.467,5.531-1.248   c0-0.693,0.156-4.986,0.156-6c0-3.446-0.389-4.898-3.199-5.355v-1.935h12.172v1.813C236.969,38.83,236.402,39.546,236.402,41.696z
	m: None
	d is GOOD!
	Points: <generator object point_generator at 0x0000027D606BC2E0>
	  pt: (138.51679687499998, 125.56875)
	    --Point printed
	  pt: (138.51679687499998, 125.56875)
	    --Point printed
	  pt: (138.51679687499998, 124.09921875)
	    --Point printed
	  pt: (137.36748046875, 119.46708984375)
	    --Point printed
	  pt: (133.87071533203127, 118.75411376953124)
	    --Point printed
	  pt: (131.5546875, 118.49256591796875)
	    --Point printed
	  pt: (129.0129638671875, 118.4478515625)
	    --Point printed
	  pt: (126.439395904541, 118.83572845458984)
	    --Point printed
	  pt: (124.11733245849608, 119.64602966308593)
	    --Point printed
	  pt: (122.08164825439451, 120.83265380859375)
	    --Point printed
	  pt: (120.36721801757812, 122.34949951171875)
	    --Point printed
	  pt: (119.00891647338867, 124.15046539306641)
	    --Point printed
	  pt: (118.04161834716797, 126.18945007324218)
	    --Point printed
	  pt: (117.50019836425781, 128.42035217285155)
	    --Point printed
	  pt: (117.41953125, 130.9119140625)
	    --Point printed
	  pt: (117.84589920043945, 133.43411865234376)
	    --Point printed
	  pt: (118.73829803466798, 135.67353515625)
	    --Point printed
	  pt: (120.04785919189453, 137.60775146484374)
	    --Point printed
	  pt: (121.72571411132812, 139.21435546875)
	    --Point printed
	  pt: (123.72299423217773, 140.47093505859374)
	    --Point printed
	  pt: (125.99083099365234, 141.355078125)
	    --Point printed
	  pt: (128.48035583496093, 141.84437255859376)
	    --Point printed
	  pt: (131.44453125, 141.91640625)
	    --Point printed
	  pt: (135.13652343750002, 141.413671875)
	    --Point printed
	  pt: (138.74355468750002, 140.7298828125)
	    --Point printed
	  pt: (139.03300781250002, 136.524609375)
	    --Point printed
	  pt: (137.27329101562503, 137.043603515625)
	    --Point printed
	  pt: (136.3010009765625, 138.4806335449219)
	    --Point printed
	  pt: (135.158642578125, 139.44977416992188)
	    --Point printed
	  pt: (134.2950897216797, 139.90485305786132)
	    --Point printed
	  pt: (133.26044311523438, 140.23706817626953)
	    --Point printed
	  pt: (132.02962646484377, 140.42725524902343)
	    --Point printed
	  pt: (130.452685546875, 140.45625)
	    --Point printed
	  pt: (128.66006927490236, 140.2158348083496)
	    --Point printed
	  pt: (126.99348449707031, 139.67295684814454)
	    --Point printed
	  pt: (125.49315490722657, 138.81265411376953)
	    --Point printed
	  pt: (124.19930419921879, 137.61996459960938)
	    --Point printed
	  pt: (123.15215606689456, 136.0799263000488)
	    --Point printed
	  pt: (122.39193420410159, 134.17757720947264)
	    --Point printed
	  pt: (121.95886230468753, 131.89795532226563)
	    --Point printed
	  pt: (121.89316406250002, 129.6078369140625)
	    --Point printed
	  pt: (122.08851013183597, 127.90893630981445)
	    --Point printed
	  pt: (122.54575195312502, 126.16815032958984)
	    --Point printed
	  pt: (123.29433288574221, 124.47588958740235)
	    --Point printed
	  pt: (124.36369628906252, 122.92256469726563)
	    --Point printed
	  pt: (125.78328552246096, 121.59858627319336)
	    --Point printed
	  pt: (127.58254394531251, 120.59436492919922)
	    --Point printed
	  pt: (129.79091491699222, 120.00031127929687)
	    --Point printed
	  pt: (132.10048828125002, 119.9068359375)
	    --Point printed
	  pt: (133.72294921875002, 120.22646484375)
	    --Point printed
	  pt: (134.77089843750002, 121.044140625)
	    --Point printed
	  pt: (134.86230468750003, 124.65849609374999)
	    --Point printed
	  pt: (134.75386962890627, 125.82603149414062)
	    --Point printed
	  pt: (134.41113281250003, 126.62860107421875)
	    --Point printed
	  pt: (133.72247314453128, 127.12108154296874)
	    --Point printed
	  pt: (132.98789062500003, 127.29140625)
	    --Point printed
	  pt: (132.98789062500003, 128.4251953125)
	    --Point printed
	  pt: (140.11992187500002, 128.4251953125)
	    --Point printed
	  pt: (139.802197265625, 127.3341796875)
	    --Point printed
	  pt: (139.12340698242187, 127.13609619140625)
	    --Point printed
	  pt: (138.72081298828124, 126.7568115234375)
	    --Point printed
	  pt: (138.53756103515624, 126.1461181640625)
	    --Point printed
	  pt: (138.51679687499998, 125.56875)
	    --Point printed
	  pt: (138.51679687499998, 125.56875)
	    --Point printed
--Found Elem: <Element '{http://www.w3.org/2000/svg}path' at 0x0000027D606B5120>
  --Name: path
	Class : <class 'svg2gcode_py.lib.shapes.path'>
	Object: <Element '{http://www.w3.org/2000/svg}path' at 0x0000027D606B5120>
	Attrs : [('fill-rule', 'evenodd'), ('clip-rule', 'evenodd'), ('fill', '#C80019'), ('d', 'M183.598,41.687c-1.268,1.354-5.83,5.318-7.346,5.318   c-0.598,0-1.365-0.337-1.365-1.015c0-0.927,0.768-2.621,1.191-3.962l6.752-19.755c0.42-1.188,0.85-2.788,0.85-4.133   c0-1.865-0.762-3.458-3.381-3.458c-8.02,0-20.684,14.173-25.24,19.915h-0.17l4.053-12.581c0.516-1.514,0.926-3.206,0.926-4.549   c0-1.611-1.186-2.785-3.795-2.785c-7.506,0-20.004,13.921-24.047,19.749h-0.168l4.379-12.75c0.338-1.015,0.934-2.612,0.934-4.052   c0-1.597-0.842-2.947-2.871-2.947c-5.577,0-11.482,6.749-14.684,10.708c0,0-0.827,1.005-0.168,1.563   c0.744,0.638,1.44-0.037,1.44-0.037l2.274-2.531c1.519-1.521,3.127-2.954,4.893-2.954c1.018,0,1.35,0.753,1.35,1.688   c0,0.753-0.25,1.597-0.332,2.105l-8.789,26.549c-0.192,0.957,1.599,1.481,2.45,1.481c2.138,0,3.121-0.636,3.37-1.32l1.528-4.426   c2.279-6.417,5.906-12.236,10.556-17.222c2.699-2.949,7.762-8.855,12.32-8.855c1.178,0,1.6,0.934,1.6,2.106   c0,2.196-1.176,5.399-1.439,6.248l-7.377,22.021c-0.162,0.691,0.582,1.657,2.873,1.662c2.113,0.009,2.699-0.737,2.949-1.503   l1.395-3.453c2.352-6.072,4.725-10.457,8.688-15.345c2.705-3.3,10.387-11.815,14.777-11.815c0.914,0,1.936,0.666,1.936,2.015   c0,0.839-0.512,2.274-0.92,3.465l-6.832,19.584c-0.605,1.685-1.025,3.03-1.025,3.968c0,2.187,1.525,2.861,3.125,2.861   c4.631,0,8.607-3.8,11.908-7.421l2.611-2.877c0,0,0.73-0.758,0.004-1.362C184.16,41.072,183.598,41.687,183.598,41.687z')]
	Transform: None
	d: M183.598,41.687c-1.268,1.354-5.83,5.318-7.346,5.318   c-0.598,0-1.365-0.337-1.365-1.015c0-0.927,0.768-2.621,1.191-3.962l6.752-19.755c0.42-1.188,0.85-2.788,0.85-4.133   c0-1.865-0.762-3.458-3.381-3.458c-8.02,0-20.684,14.173-25.24,19.915h-0.17l4.053-12.581c0.516-1.514,0.926-3.206,0.926-4.549   c0-1.611-1.186-2.785-3.795-2.785c-7.506,0-20.004,13.921-24.047,19.749h-0.168l4.379-12.75c0.338-1.015,0.934-2.612,0.934-4.052   c0-1.597-0.842-2.947-2.871-2.947c-5.577,0-11.482,6.749-14.684,10.708c0,0-0.827,1.005-0.168,1.563   c0.744,0.638,1.44-0.037,1.44-0.037l2.274-2.531c1.519-1.521,3.127-2.954,4.893-2.954c1.018,0,1.35,0.753,1.35,1.688   c0,0.753-0.25,1.597-0.332,2.105l-8.789,26.549c-0.192,0.957,1.599,1.481,2.45,1.481c2.138,0,3.121-0.636,3.37-1.32l1.528-4.426   c2.279-6.417,5.906-12.236,10.556-17.222c2.699-2.949,7.762-8.855,12.32-8.855c1.178,0,1.6,0.934,1.6,2.106   c0,2.196-1.176,5.399-1.439,6.248l-7.377,22.021c-0.162,0.691,0.582,1.657,2.873,1.662c2.113,0.009,2.699-0.737,2.949-1.503   l1.395-3.453c2.352-6.072,4.725-10.457,8.688-15.345c2.705-3.3,10.387-11.815,14.777-11.815c0.914,0,1.936,0.666,1.936,2.015   c0,0.839-0.512,2.274-0.92,3.465l-6.832,19.584c-0.605,1.685-1.025,3.03-1.025,3.968c0,2.187,1.525,2.861,3.125,2.861   c4.631,0,8.607-3.8,11.908-7.421l2.611-2.877c0,0,0.73-0.758,0.004-1.362C184.16,41.072,183.598,41.687,183.598,41.687z
	m: None
	d is GOOD!
	Points: <generator object point_generator at 0x0000027D606BC200>
	  pt: (107.576953125, 125.5740234375)
	    --Point printed
	  pt: (107.20546875, 125.17734375)
	    --Point printed
	  pt: (105.043212890625, 123.3785888671875)
	    --Point printed
	  pt: (103.8283447265625, 122.603173828125)
	    --Point printed
	  pt: (103.0974609375, 122.4580078125)
	    --Point printed
	  pt: (102.58520507812501, 122.705419921875)
	    --Point printed
	  pt: (102.4728515625, 123.32431640625)
	    --Point printed
	  pt: (102.87231445312501, 124.536767578125)
	    --Point printed
	  pt: (103.170703125, 125.37421875000001)
	    --Point printed
	  pt: (107.25000000000001, 137.2974609375)
	    --Point printed
	  pt: (107.56201171875, 138.545654296875)
	    --Point printed
	  pt: (107.625, 139.644287109375)
	    --Point printed
	  pt: (107.46542358398438, 140.38987426757814)
	    --Point printed
	  pt: (107.05821533203125, 140.97894287109375)
	    --Point printed
	  pt: (106.34322509765624, 141.33892822265625)
	    --Point printed
	  pt: (105.05654296875, 141.39726562500002)
	    --Point printed
	  pt: (103.11093749999998, 140.8002136230469)
	    --Point printed
	  pt: (101.0269775390625, 139.63156127929688)
	    --Point printed
	  pt: (98.89222412109375, 138.04651794433593)
	    --Point printed
	  pt: (96.10019531249999, 135.576123046875)
	    --Point printed
	  pt: (92.486572265625, 131.71929931640625)
	    --Point printed
	  pt: (90.8548828125, 129.7283203125)
	    --Point printed
	  pt: (90.75527343750001, 129.7283203125)
	    --Point printed
	  pt: (93.28125, 137.5435546875)
	    --Point printed
	  pt: (93.61259765625, 138.927392578125)
	    --Point printed
	  pt: (93.67265625, 140.001416015625)
	    --Point printed
	  pt: (93.45115356445311, 140.61586303710936)
	    --Point printed
	  pt: (92.95169677734376, 141.08031005859374)
	    --Point printed
	  pt: (92.16126708984376, 141.3542724609375)
	    --Point printed
	  pt: (90.89926757812499, 141.397265625)
	    --Point printed
	  pt: (89.05226211547853, 140.8103988647461)
	    --Point printed
	  pt: (87.0541488647461, 139.66037292480468)
	    --Point printed
	  pt: (84.99726104736328, 138.0983459472656)
	    --Point printed
	  pt: (82.30477294921876, 135.6589599609375)
	    --Point printed
	  pt: (78.85308837890625, 131.82938232421876)
	    --Point printed
	  pt: (77.358984375, 129.8255859375)
	    --Point printed
	  pt: (77.260546875, 129.8255859375)
	    --Point printed
	  pt: (79.925390625, 137.59365234375)
	    --Point printed
	  pt: (80.286328125, 138.803759765625)
	    --Point printed
	  pt: (80.37363281249999, 139.904443359375)
	    --Point printed
	  pt: (80.21314086914062, 140.54082641601562)
	    --Point printed
	  pt: (79.84237060546874, 141.04215087890626)
	    --Point printed
	  pt: (79.24237060546872, 141.3478271484375)
	    --Point printed
	  pt: (78.28293457031249, 141.397265625)
	    --Point printed
	  pt: (77.04944229125975, 141.11015396118165)
	    --Point printed
	  pt: (75.82568206787109, 140.53964080810547)
	    --Point printed
	  pt: (74.63246612548828, 139.75122528076173)
	    --Point printed
	  pt: (73.11361083984373, 138.49075927734376)
	    --Point printed
	  pt: (71.12457275390624, 136.3850830078125)
	    --Point printed
	  pt: (70.08749999999999, 135.123046875)
	    --Point printed
	  pt: (69.85704345703124, 134.693701171875)
	    --Point printed
	  pt: (69.85041503906248, 134.38707275390624)
	    --Point printed
	  pt: (70.098046875, 134.11376953125)
	    --Point printed
	  pt: (70.40434570312499, 134.03741455078125)
	    --Point printed
	  pt: (70.73085937499998, 134.130029296875)
	    --Point printed
	  pt: (70.83281249999999, 134.22890625)
	    --Point printed
	  pt: (72.61025390625, 136.15751953125)
	    --Point printed
	  pt: (73.78253173828124, 137.07220458984375)
	    --Point printed
	  pt: (74.52062988281247, 137.39029541015626)
	    --Point printed
	  pt: (75.18134765624997, 137.4427734375)
	    --Point printed
	  pt: (75.50958251953124, 137.3153503417969)
	    --Point printed
	  pt: (75.77460937499998, 136.97490234375)
	    --Point printed
	  pt: (75.82324218749999, 136.0125)
	    --Point printed
	  pt: (75.62871093749999, 135.2203125)
	    --Point printed
	  pt: (70.45078124999999, 119.524072265625)
	    --Point printed
	  pt: (70.67598266601561, 119.18446655273438)
	    --Point printed
	  pt: (71.27812499999999, 118.8732421875)
	    --Point printed
	  pt: (72.54082031249999, 118.796484375)
	    --Point printed
	  pt: (73.63564453125, 119.176171875)
	    --Point printed
	  pt: (73.8890625, 119.569921875)
	    --Point printed
	  pt: (75.118212890625, 123.103271484375)
	    --Point printed
	  pt: (76.36060180664062, 125.80944213867187)
	    --Point printed
	  pt: (77.87537841796875, 128.36700439453125)
	    --Point printed
	  pt: (79.64468994140626, 130.76304931640624)
	    --Point printed
	  pt: (81.36489257812501, 132.686279296875)
	    --Point printed
	  pt: (82.93130493164062, 134.36138305664062)
	    --Point printed
	  pt: (84.80701904296873, 136.03707275390624)
	    --Point printed
	  pt: (86.49523773193357, 137.05077667236327)
	    --Point printed
	  pt: (87.51598205566404, 137.38870239257812)
	    --Point printed
	  pt: (88.36083984374999, 137.4427734375)
	    --Point printed
	  pt: (88.74620361328124, 137.2844970703125)
	    --Point printed
	  pt: (89.06396484375, 136.86064453125)
	    --Point printed
	  pt: (89.12578124999999, 135.5654296875)
	    --Point printed
	  pt: (88.570458984375, 133.39013671875)
	    --Point printed
	  pt: (88.2826171875, 132.5478515625)
	    --Point printed
	  pt: (83.93642578124998, 119.543701171875)
	    --Point printed
	  pt: (84.04286499023434, 119.21231689453126)
	    --Point printed
	  pt: (84.39532470703122, 118.91103515625)
	    --Point printed
	  pt: (85.02901611328123, 118.70775146484375)
	    --Point printed
	  pt: (85.95307617187498, 118.669775390625)
	    --Point printed
	  pt: (86.62384643554684, 118.79060668945313)
	    --Point printed
	  pt: (87.17578124999999, 119.105859375)
	    --Point printed
	  pt: (87.37148437499998, 119.5517578125)
	    --Point printed
	  pt: (88.53339843749998, 122.464453125)
	    --Point printed
	  pt: (89.59956665039061, 124.864013671875)
	    --Point printed
	  pt: (90.78526611328124, 127.05329589843751)
	    --Point printed
	  pt: (92.17668457031249, 129.15260009765626)
	    --Point printed
	  pt: (93.675732421875, 131.049609375)
	    --Point printed
	  pt: (95.62435913085938, 133.2032958984375)
	    --Point printed
	  pt: (98.06092529296873, 135.4972412109375)
	    --Point printed
	  pt: (100.12696380615232, 136.92825622558593)
	    --Point printed
	  pt: (101.26468505859371, 137.41110534667968)
	    --Point printed
	  pt: (102.20566406249998, 137.4890625)
	    --Point printed
	  pt: (102.81423339843747, 137.09696044921876)
	    --Point printed
	  pt: (103.03483886718749, 136.67860107421876)
	    --Point printed
	  pt: (103.07226562499999, 136.06259765625)
	    --Point printed
	  pt: (102.7875, 135.01171875)
	    --Point printed
	  pt: (102.53320312499999, 134.278125)
	    --Point printed
	  pt: (98.35283203125, 122.30947265625)
	    --Point printed
	  pt: (97.991015625, 121.087353515625)
	    --Point printed
	  pt: (97.92949218749999, 120.157763671875)
	    --Point printed
	  pt: (98.18217773437499, 119.45835571289062)
	    --Point printed
	  pt: (98.66374511718747, 119.02994384765626)
	    --Point printed
	  pt: (99.29454345703122, 118.82644042968751)
	    --Point printed
	  pt: (100.09973144531247, 118.8017578125)
	    --Point printed
	  pt: (101.08725585937499, 118.96660079956055)
	    --Point printed
	  pt: (102.35372314453123, 119.42470092773438)
	    --Point printed
	  pt: (104.12314453124998, 120.59117431640625)
	    --Point printed
	  pt: (105.74608154296872, 122.08260498046874)
	    --Point printed
	  pt: (106.73789062499998, 123.15)
	    --Point printed
	  pt: (108.26777343749997, 124.8357421875)
	    --Point printed
	  pt: (108.45534667968747, 125.1796875)
	    --Point printed
	  pt: (108.42949218749996, 125.45119628906251)
	    --Point printed
	  pt: (108.17915039062497, 125.708935546875)
	    --Point printed
	  pt: (107.92626342773437, 125.75974731445312)
	    --Point printed
	  pt: (107.65927734375, 125.664111328125)
	    --Point printed
	  pt: (107.576953125, 125.5740234375)
	    --Point printed
	  pt: (107.576953125, 125.5740234375)
	    --Point printed
--Found Elem: <Element '{http://www.w3.org/2000/svg}rect' at 0x0000027D606B5170>
  --Name: rect
	Class : <class 'svg2gcode_py.lib.shapes.rect'>
	Object: <Element '{http://www.w3.org/2000/svg}rect' at 0x0000027D606B5170>
	Attrs : [('x', '120.796'), ('y', '64.269'), ('fill', '#C80019'), ('width', '58.366'), ('height', '14.069')]
	Transform: None
	d: M 120.796 64.269 l 58.366 0 l 0 14.069 l -58.366 0 Z
	m: None
	d is GOOD!
	Points: <generator object point_generator at 0x0000027D606BC430>
	  pt: (70.77890625, 112.3423828125)
	    --Point printed
	  pt: (70.77890625, 112.3423828125)
	    --Point printed
	  pt: (104.977734375, 112.3423828125)
	    --Point printed
	  pt: (104.977734375, 104.098828125)
	    --Point printed
	  pt: (70.77890625, 104.098828125)
	    --Point printed
	  pt: (70.77890625, 112.3423828125)
	    --Point printed
