Input File: ./imagens/UFMGmirror.svg
Output File: ./imagens/gcode_output/UFMGmirror.gcode
Log File: ./imagens/log/UFMGmirror.log

wdth: 256
hght: 94
scale: 0.5859375
x%: 0.5859375
y%: 1.5957446808510638
--Found Elem: <Element '{http://www.w3.org/2000/svg}svg' at 0x0000018DE9C0EA20>
  --No Name: svg
--Found Elem: <Element '{http://www.w3.org/2000/svg}g' at 0x0000018DE9C0EAC0>
  --No Name: g
--Found Elem: <Element '{http://www.w3.org/2000/svg}path' at 0x0000018DE9C0EB10>
  --Name: path
	Class : <class 'svg2gcode_py.lib.shapes.path'>
	Object: <Element '{http://www.w3.org/2000/svg}path' at 0x0000018DE9C0EB10>
	Attrs : [('style', 'opacity:1'), ('fill', '#fefdfd'), ('d', 'M -0.5,-0.5 C 84.8333,-0.5 170.167,-0.5 255.5,-0.5C 255.5,30.8333 255.5,62.1667 255.5,93.5C 170.167,93.5 84.8333,93.5 -0.5,93.5C -0.5,62.1667 -0.5,30.8333 -0.5,-0.5 Z')]
	Transform: None
	d: M -0.5,-0.5 C 84.8333,-0.5 170.167,-0.5 255.5,-0.5C 255.5,30.8333 255.5,62.1667 255.5,93.5C 170.167,93.5 84.8333,93.5 -0.5,93.5C -0.5,62.1667 -0.5,30.8333 -0.5,-0.5 Z
	m: None
	d is GOOD!
	Points: <generator object point_generator at 0x0000018DE9BE2F10>
	  pt: (-0.29296875, 150.29296875)
	    --POINT NOT PRINTED (150,150)
	  pt: (49.707011718749996, 150.29296875)
	    --POINT NOT PRINTED (150,150)
	  pt: (149.70703125, 131.93361328125)
	    --Point printed
	  pt: (99.7072265625, 95.21484375)
	    --Point printed
	  pt: (-0.29296875, 113.57419921875001)
	    --POINT NOT PRINTED (150,150)
	  pt: (-0.29296875, 150.29296875)
	    --POINT NOT PRINTED (150,150)
	  pt: (-0.29296875, 150.29296875)
	    --POINT NOT PRINTED (150,150)
--Found Elem: <Element '{http://www.w3.org/2000/svg}g' at 0x0000018DE9C0EB60>
  --No Name: g
--Found Elem: <Element '{http://www.w3.org/2000/svg}path' at 0x0000018DE9C0EBB0>
  --Name: path
	Class : <class 'svg2gcode_py.lib.shapes.path'>
	Object: <Element '{http://www.w3.org/2000/svg}path' at 0x0000018DE9C0EBB0>
	Attrs : [('style', 'opacity:1'), ('fill', '#222023'), ('d', 'M 24.5,13.5 C 37.6201,10.804 47.4534,15.1373 54,26.5C 56.6567,43.3418 49.49,52.3418 32.5,53.5C 28.0874,53.2487 23.7541,52.582 19.5,51.5C 19.6655,47.4862 19.4988,43.4862 19,39.5C 18.0754,38.9535 17.2421,38.2868 16.5,37.5C 20.5,36.1667 24.5,36.1667 28.5,37.5C 27.7579,38.2868 26.9246,38.9535 26,39.5C 22.8333,49.6667 26.3333,53.1667 36.5,50C 44.2875,46.8531 47.9542,41.0198 47.5,32.5C 46.4046,20.2374 39.7379,14.7374 27.5,16C 24.566,18.4607 21.566,20.6274 18.5,22.5C 18.3367,20.1432 18.5034,17.8098 19,15.5C 20.9483,14.8906 22.7816,14.224 24.5,13.5 Z')]
	Transform: None
	d: M 24.5,13.5 C 37.6201,10.804 47.4534,15.1373 54,26.5C 56.6567,43.3418 49.49,52.3418 32.5,53.5C 28.0874,53.2487 23.7541,52.582 19.5,51.5C 19.6655,47.4862 19.4988,43.4862 19,39.5C 18.0754,38.9535 17.2421,38.2868 16.5,37.5C 20.5,36.1667 24.5,36.1667 28.5,37.5C 27.7579,38.2868 26.9246,38.9535 26,39.5C 22.8333,49.6667 26.3333,53.1667 36.5,50C 44.2875,46.8531 47.9542,41.0198 47.5,32.5C 46.4046,20.2374 39.7379,14.7374 27.5,16C 24.566,18.4607 21.566,20.6274 18.5,22.5C 18.3367,20.1432 18.5034,17.8098 19,15.5C 20.9483,14.8906 22.7816,14.224 24.5,13.5 Z
	m: None
	d is GOOD!
	Points: <generator object point_generator at 0x0000018DE9BE2FF0>
	  pt: (14.35546875, 142.08984375)
	    --Point printed
	  pt: (15.31641357421875, 142.2873046875)
	    --Point printed
	  pt: (18.048790512084963, 142.55791145324707)
	    --Point printed
	  pt: (20.600619049072264, 142.4423863220215)
	    --Point printed
	  pt: (22.97189987182617, 141.94072860717773)
	    --Point printed
	  pt: (25.16263366699219, 141.05293762207032)
	    --Point printed
	  pt: (27.172821121215822, 139.7790126800537)
	    --Point printed
	  pt: (29.002462921142577, 138.11895309448244)
	    --Point printed
	  pt: (30.65155975341797, 136.07275817871093)
	    --Point printed
	  pt: (31.83520751953125, 133.2391259765625)
	    --Point printed
	  pt: (31.96927574157715, 129.89750427246094)
	    --Point printed
	  pt: (31.563729400634767, 126.9866455078125)
	    --Point printed
	  pt: (30.618569183349614, 124.50654968261719)
	    --Point printed
	  pt: (29.13379577636719, 122.457216796875)
	    --Point printed
	  pt: (27.10940986633301, 120.83864685058595)
	    --Point printed
	  pt: (24.54541213989258, 119.65083984374999)
	    --Point printed
	  pt: (21.441803283691407, 118.89379577636718)
	    --Point printed
	  pt: (17.75021484375, 118.725966796875)
	    --Point printed
	  pt: (13.930019531249998, 119.2510693359375)
	    --Point printed
	  pt: (11.474267578125, 121.00013671875)
	    --Point printed
	  pt: (11.3764306640625, 124.517783203125)
	    --Point printed
	  pt: (10.5910546875, 127.17568359375)
	    --Point printed
	  pt: (10.25390625, 128.2226513671875)
	    --Point printed
	  pt: (12.01171875, 128.56443969726564)
	    --Point printed
	  pt: (13.76953125, 128.61326660156251)
	    --Point printed
	  pt: (15.52734375, 128.36913208007812)
	    --Point printed
	  pt: (16.264394531249998, 127.566328125)
	    --Point printed
	  pt: (15.002438964843751, 126.11083740234375)
	    --Point printed
	  pt: (14.611808166503906, 124.1821206665039)
	    --Point printed
	  pt: (14.58739013671875, 122.61961669921875)
	    --Point printed
	  pt: (14.92918487548828, 121.42332550048829)
	    --Point printed
	  pt: (15.637192382812499, 120.5932470703125)
	    --Point printed
	  pt: (16.711412658691405, 120.12938140869142)
	    --Point printed
	  pt: (18.151845703124998, 120.031728515625)
	    --Point printed
	  pt: (19.95849151611328, 120.30028839111328)
	    --Point printed
	  pt: (21.95709228515625, 120.93361083984375)
	    --Point printed
	  pt: (23.479577407836917, 121.74804222106934)
	    --Point printed
	  pt: (24.775699310302734, 122.71004287719727)
	    --Point printed
	  pt: (25.8454573059082, 123.81961349487305)
	    --Point printed
	  pt: (26.688850708007813, 125.07675476074219)
	    --Point printed
	  pt: (27.305878829956054, 126.4814673614502)
	    --Point printed
	  pt: (27.696540985107422, 128.0337519836426)
	    --Point printed
	  pt: (27.86083648681641, 129.73360931396485)
	    --Point printed
	  pt: (27.7518017578125, 131.8551708984375)
	    --Point printed
	  pt: (27.256079635620118, 134.2400225830078)
	    --Point printed
	  pt: (26.454317779541018, 136.2533935546875)
	    --Point printed
	  pt: (25.346516876220704, 137.89528381347657)
	    --Point printed
	  pt: (23.932677612304687, 139.165693359375)
	    --Point printed
	  pt: (22.212800674438476, 140.0646221923828)
	    --Point printed
	  pt: (20.18688674926758, 140.5920703125)
	    --Point printed
	  pt: (17.8549365234375, 140.74803771972657)
	    --Point printed
	  pt: (15.253710937500001, 139.904091796875)
	    --Point printed
	  pt: (12.62666015625, 137.9567138671875)
	    --Point printed
	  pt: (10.792001953125, 137.506875)
	    --Point printed
	  pt: (10.890161132812501, 139.56111328125)
	    --Point printed
	  pt: (12.27439453125, 141.2750390625)
	    --Point printed
	  pt: (14.35546875, 142.08984375)
	    --Point printed
	  pt: (14.35546875, 142.08984375)
	    --Point printed
--Found Elem: <Element '{http://www.w3.org/2000/svg}g' at 0x0000018DE9C0EC00>
  --No Name: g
--Found Elem: <Element '{http://www.w3.org/2000/svg}path' at 0x0000018DE9C0EC50>
  --Name: path
	Class : <class 'svg2gcode_py.lib.shapes.path'>
	Object: <Element '{http://www.w3.org/2000/svg}path' at 0x0000018DE9C0EC50>
	Attrs : [('style', 'opacity:1'), ('fill', '#5d5b5e'), ('d', 'M 152.5,14.5 C 162.341,13.1771 172.341,13.1771 182.5,14.5C 182.376,15.1067 182.043,15.44 181.5,15.5C 172.014,14.5062 162.348,14.1729 152.5,14.5 Z')]
	Transform: None
	d: M 152.5,14.5 C 162.341,13.1771 172.341,13.1771 182.5,14.5C 182.376,15.1067 182.043,15.44 181.5,15.5C 172.014,14.5062 162.348,14.1729 152.5,14.5 Z
	m: None
	d is GOOD!
	Points: <generator object point_generator at 0x0000018DE9BE2F10>
	  pt: (89.35546875, 141.50390625)
	    --Point printed
	  pt: (90.797021484375, 141.6976904296875)
	    --Point printed
	  pt: (95.15079345703126, 142.03681274414063)
	    --Point printed
	  pt: (99.539501953125, 142.0852587890625)
	    --Point printed
	  pt: (103.96314697265623, 141.84302856445314)
	    --Point printed
	  pt: (106.89726562499999, 141.326162109375)
	    --Point printed
	  pt: (106.63505859375, 140.9931591796875)
	    --Point printed
	  pt: (103.5685546875, 141.20912109375)
	    --Point printed
	  pt: (95.09912109375, 141.598828125)
	    --Point printed
	  pt: (89.35546875, 141.50390625)
	    --Point printed
	  pt: (89.35546875, 141.50390625)
	    --Point printed
--Found Elem: <Element '{http://www.w3.org/2000/svg}g' at 0x0000018DE9C0ECA0>
  --No Name: g
--Found Elem: <Element '{http://www.w3.org/2000/svg}path' at 0x0000018DE9C0ECF0>
  --Name: path
	Class : <class 'svg2gcode_py.lib.shapes.path'>
	Object: <Element '{http://www.w3.org/2000/svg}path' at 0x0000018DE9C0ECF0>
	Attrs : [('style', 'opacity:1'), ('fill', '#7e7c7e'), ('d', 'M 200.5,14.5 C 203.962,13.5184 207.629,13.185 211.5,13.5C 211.715,15.1788 211.048,16.1788 209.5,16.5C 209.611,15.8826 209.944,15.3826 210.5,15C 207.183,14.5017 203.85,14.335 200.5,14.5 Z')]
	Transform: None
	d: M 200.5,14.5 C 203.962,13.5184 207.629,13.185 211.5,13.5C 211.715,15.1788 211.048,16.1788 209.5,16.5C 209.611,15.8826 209.944,15.3826 210.5,15C 207.183,14.5017 203.85,14.335 200.5,14.5 Z
	m: None
	d is GOOD!
	Points: <generator object point_generator at 0x0000018DE9BE2FF0>
	  pt: (117.48046875, 141.50390625)
	    --Point printed
	  pt: (118.49472656249999, 141.791484375)
	    --Point printed
	  pt: (121.6875, 142.17943359375)
	    --Point printed
	  pt: (123.957275390625, 141.84392578125)
	    --Point printed
	  pt: (123.89027709960939, 141.2304638671875)
	    --Point printed
	  pt: (123.62955322265626, 140.76615234375)
	    --Point printed
	  pt: (123.17515869140625, 140.4509912109375)
	    --Point printed
	  pt: (122.78642578125, 140.51291015625)
	    --Point printed
	  pt: (123.04672851562499, 140.969560546875)
	    --Point printed
	  pt: (122.36806640625, 141.356923828125)
	    --Point printed
	  pt: (119.44086914062501, 141.5519970703125)
	    --Point printed
	  pt: (117.48046875, 141.50390625)
	    --Point printed
	  pt: (117.48046875, 141.50390625)
	    --Point printed
--Found Elem: <Element '{http://www.w3.org/2000/svg}g' at 0x0000018DE9C0ED40>
  --No Name: g
--Found Elem: <Element '{http://www.w3.org/2000/svg}path' at 0x0000018DE9C0ED90>
  --Name: path
	Class : <class 'svg2gcode_py.lib.shapes.path'>
	Object: <Element '{http://www.w3.org/2000/svg}path' at 0x0000018DE9C0ED90>
	Attrs : [('style', 'opacity:1'), ('fill', '#cb1924'), ('d', 'M 72.5,14.5 C 76.9112,14.2028 80.9112,15.3694 84.5,18C 90.3333,22.5 95.5,27.6667 100,33.5C 98.8422,28.1777 97.3422,22.8444 95.5,17.5C 95.6082,16.5581 95.9415,15.7247 96.5,15C 100.909,14.1954 104.909,15.1954 108.5,18C 113,22.5 117.5,27 122,31.5C 121.188,26.8335 120.021,22.1668 118.5,17.5C 118.608,16.5581 118.941,15.7247 119.5,15C 122.783,14.2571 125.783,14.9238 128.5,17C 131.35,19.6824 134.016,22.5157 136.5,25.5C 136.167,25.8333 135.833,26.1667 135.5,26.5C 133.684,25.1851 132.017,23.6851 130.5,22C 129.207,21.51 127.873,21.3433 126.5,21.5C 129.167,31.8333 131.833,42.1667 134.5,52.5C 132.712,52.7852 131.045,52.4519 129.5,51.5C 126.044,40.0889 119.71,30.5889 110.5,23C 108.323,21.7978 105.989,21.2978 103.5,21.5C 105.684,31.7201 108.684,41.7201 112.5,51.5C 110.5,52.8333 108.5,52.8333 106.5,51.5C 102.649,39.945 95.9827,30.445 86.5,23C 84.3225,21.7978 81.9892,21.2978 79.5,21.5C 82.032,30.2388 84.8653,38.9055 88,47.5C 89.2399,50.9065 88.0732,52.5731 84.5,52.5C 78.5987,50.709 73.932,47.209 70.5,42C 73.9,43.2026 77.2333,44.7026 80.5,46.5C 78.1788,37.7025 75.3455,29.0358 72,20.5C 71.3224,18.4024 71.4891,16.4024 72.5,14.5 Z')]
	Transform: None
	d: M 72.5,14.5 C 76.9112,14.2028 80.9112,15.3694 84.5,18C 90.3333,22.5 95.5,27.6667 100,33.5C 98.8422,28.1777 97.3422,22.8444 95.5,17.5C 95.6082,16.5581 95.9415,15.7247 96.5,15C 100.909,14.1954 104.909,15.1954 108.5,18C 113,22.5 117.5,27 122,31.5C 121.188,26.8335 120.021,22.1668 118.5,17.5C 118.608,16.5581 118.941,15.7247 119.5,15C 122.783,14.2571 125.783,14.9238 128.5,17C 131.35,19.6824 134.016,22.5157 136.5,25.5C 136.167,25.8333 135.833,26.1667 135.5,26.5C 133.684,25.1851 132.017,23.6851 130.5,22C 129.207,21.51 127.873,21.3433 126.5,21.5C 129.167,31.8333 131.833,42.1667 134.5,52.5C 132.712,52.7852 131.045,52.4519 129.5,51.5C 126.044,40.0889 119.71,30.5889 110.5,23C 108.323,21.7978 105.989,21.2978 103.5,21.5C 105.684,31.7201 108.684,41.7201 112.5,51.5C 110.5,52.8333 108.5,52.8333 106.5,51.5C 102.649,39.945 95.9827,30.445 86.5,23C 84.3225,21.7978 81.9892,21.2978 79.5,21.5C 82.032,30.2388 84.8653,38.9055 88,47.5C 89.2399,50.9065 88.0732,52.5731 84.5,52.5C 78.5987,50.709 73.932,47.209 70.5,42C 73.9,43.2026 77.2333,44.7026 80.5,46.5C 78.1788,37.7025 75.3455,29.0358 72,20.5C 71.3224,18.4024 71.4891,16.4024 72.5,14.5 Z
	m: None
	d is GOOD!
	Points: <generator object point_generator at 0x0000018DE9BE2F10>
	  pt: (42.48046875, 141.50390625)
	    --Point printed
	  pt: (43.126640625, 141.54744140625)
	    --Point printed
	  pt: (44.98986328125, 141.41001342773438)
	    --Point printed
	  pt: (46.762734375, 140.95093505859376)
	    --Point printed
	  pt: (48.44525390625, 140.1701953125)
	    --Point printed
	  pt: (50.3662060546875, 138.7939453125)
	    --Point printed
	  pt: (52.80760803222656, 136.69433166503907)
	    --Point printed
	  pt: (55.102532958984376, 134.44823364257812)
	    --Point printed
	  pt: (57.250975341796874, 132.05565673828124)
	    --Point printed
	  pt: (58.254550781249996, 131.930361328125)
	    --Point printed
	  pt: (56.986318359375005, 136.6162353515625)
	    --Point printed
	  pt: (55.988730468750006, 140.022041015625)
	    --Point printed
	  pt: (56.24871093750001, 140.7703857421875)
	    --Point printed
	  pt: (57.188818359375, 141.328798828125)
	    --Point printed
	  pt: (59.051477050781244, 141.35195068359374)
	    --Point printed
	  pt: (60.824267578124996, 140.978583984375)
	    --Point printed
	  pt: (62.507189941406246, 140.20869873046874)
	    --Point printed
	  pt: (66.2109375, 136.81640625)
	    --Point printed
	  pt: (71.246484375, 132.910107421875)
	    --Point printed
	  pt: (70.27294921875, 137.0116552734375)
	    --Point printed
	  pt: (69.465234375, 140.022041015625)
	    --Point printed
	  pt: (69.72509765625, 140.7703857421875)
	    --Point printed
	  pt: (70.500439453125, 141.3197607421875)
	    --Point printed
	  pt: (71.89134521484377, 141.38812683105468)
	    --Point printed
	  pt: (73.220068359375, 141.14677368164064)
	    --Point printed
	  pt: (74.48660888671876, 140.59570678710938)
	    --Point printed
	  pt: (76.1279296875, 139.253203125)
	    --Point printed
	  pt: (78.49833984374999, 136.785087890625)
	    --Point printed
	  pt: (79.7853515625, 134.86330078125)
	    --Point printed
	  pt: (78.8625, 134.857880859375)
	    --Point printed
	  pt: (77.37568359375001, 136.14912597656252)
	    --Point printed
	  pt: (76.08603515624999, 137.2529296875)
	    --Point printed
	  pt: (74.919873046875, 137.446787109375)
	    --Point printed
	  pt: (75.6837890625, 131.34767578125)
	    --Point printed
	  pt: (78.28476562499999, 119.1547265625)
	    --Point printed
	  pt: (76.80205078124999, 119.357080078125)
	    --Point printed
	  pt: (75.62578124999999, 120.65999267578125)
	    --Point printed
	  pt: (74.73466644287109, 123.07983123779297)
	    --Point printed
	  pt: (73.68547668457032, 125.39468994140624)
	    --Point printed
	  pt: (72.47822570800781, 127.60456878662109)
	    --Point printed
	  pt: (71.11292724609375, 129.7094677734375)
	    --Point printed
	  pt: (69.58959503173827, 131.70938690185545)
	    --Point printed
	  pt: (67.90824279785156, 133.604326171875)
	    --Point printed
	  pt: (66.06888427734376, 135.3942855834961)
	    --Point printed
	  pt: (64.10830078125, 136.87564453125)
	    --Point printed
	  pt: (62.08022460937501, 137.417958984375)
	    --Point printed
	  pt: (60.964453125, 135.9052587890625)
	    --Point printed
	  pt: (62.0736328125, 131.45430541992187)
	    --Point printed
	  pt: (63.362109375, 127.0517138671875)
	    --Point printed
	  pt: (64.8298828125, 122.69748413085938)
	    --Point printed
	  pt: (65.625, 119.6289111328125)
	    --Point printed
	  pt: (64.74609375, 119.28712280273437)
	    --Point printed
	  pt: (63.8671875, 119.2382958984375)
	    --Point printed
	  pt: (62.98828125, 119.48243041992187)
	    --Point printed
	  pt: (62.1202880859375, 120.6705322265625)
	    --Point printed
	  pt: (61.14524436950684, 123.11540222167969)
	    --Point printed
	  pt: (60.01554153442383, 125.4473876953125)
	    --Point printed
	  pt: (58.73117202758789, 127.66648864746094)
	    --Point printed
	  pt: (57.292128295898436, 129.772705078125)
	    --Point printed
	  pt: (55.69840278625489, 131.7660369873047)
	    --Point printed
	  pt: (53.94998794555664, 133.646484375)
	    --Point printed
	  pt: (52.04687622070313, 135.41404724121094)
	    --Point printed
	  pt: (50.045654296875, 136.87564453125)
	    --Point printed
	  pt: (48.017709960937495, 137.417958984375)
	    --Point printed
	  pt: (47.32382812499999, 134.8421484375)
	    --Point printed
	  pt: (49.769912109375, 127.214384765625)
	    --Point printed
	  pt: (51.74412597656251, 121.6689697265625)
	    --Point printed
	  pt: (51.84834411621093, 120.49055419921875)
	    --Point printed
	  pt: (51.423775634765626, 119.69442626953125)
	    --Point printed
	  pt: (50.470426025390616, 119.28057495117187)
	    --Point printed
	  pt: (48.6472705078125, 119.500634765625)
	    --Point printed
	  pt: (46.279989624023436, 120.60062255859376)
	    --Point printed
	  pt: (44.18399047851563, 122.076123046875)
	    --Point printed
	  pt: (42.35927856445313, 123.92713623046875)
	    --Point printed
	  pt: (42.3046875, 125.03830078125)
	    --Point printed
	  pt: (45.244130859375, 123.763505859375)
	    --Point printed
	  pt: (46.4879296875, 125.331298828125)
	    --Point printed
	  pt: (44.072724609375, 132.9676611328125)
	    --Point printed
	  pt: (42.0882421875, 138.295546875)
	    --Point printed
	  pt: (41.94506286621095, 139.19947265625)
	    --Point printed
	  pt: (41.98739135742188, 140.081953125)
	    --Point printed
	  pt: (42.215222167968754, 140.94298828125)
	    --Point printed
	  pt: (42.48046875, 141.50390625)
	    --Point printed
	  pt: (42.48046875, 141.50390625)
	    --Point printed
--Found Elem: <Element '{http://www.w3.org/2000/svg}g' at 0x0000018DE9C0EDE0>
  --No Name: g
--Found Elem: <Element '{http://www.w3.org/2000/svg}path' at 0x0000018DE9C0EE30>
  --Name: path
	Class : <class 'svg2gcode_py.lib.shapes.path'>
	Object: <Element '{http://www.w3.org/2000/svg}path' at 0x0000018DE9C0EE30>
	Attrs : [('style', 'opacity:1'), ('fill', '#242125'), ('d', 'M 152.5,14.5 C 162.348,14.1729 172.014,14.5062 181.5,15.5C 180.542,15.9528 179.708,16.6195 179,17.5C 178.333,28.1667 178.333,38.8333 179,49.5C 180.205,50.0712 181.372,50.7379 182.5,51.5C 177.5,52.8333 172.5,52.8333 167.5,51.5C 168.628,50.7379 169.795,50.0712 171,49.5C 171.499,44.1771 171.666,38.8437 171.5,33.5C 166.891,32.974 162.557,33.6407 158.5,35.5C 157.167,33.1667 157.167,30.8333 158.5,28.5C 162.582,30.3462 166.915,31.0128 171.5,30.5C 171.5,25.8333 171.5,21.1667 171.5,16.5C 166.489,16.3341 161.489,16.5007 156.5,17C 153.403,20.3298 152.07,19.4964 152.5,14.5 Z')]
	Transform: None
	d: M 152.5,14.5 C 162.348,14.1729 172.014,14.5062 181.5,15.5C 180.542,15.9528 179.708,16.6195 179,17.5C 178.333,28.1667 178.333,38.8333 179,49.5C 180.205,50.0712 181.372,50.7379 182.5,51.5C 177.5,52.8333 172.5,52.8333 167.5,51.5C 168.628,50.7379 169.795,50.0712 171,49.5C 171.499,44.1771 171.666,38.8437 171.5,33.5C 166.891,32.974 162.557,33.6407 158.5,35.5C 157.167,33.1667 157.167,30.8333 158.5,28.5C 162.582,30.3462 166.915,31.0128 171.5,30.5C 171.5,25.8333 171.5,21.1667 171.5,16.5C 166.489,16.3341 161.489,16.5007 156.5,17C 153.403,20.3298 152.07,19.4964 152.5,14.5 Z
	m: None
	d is GOOD!
	Points: <generator object point_generator at 0x0000018DE9BE2FF0>
	  pt: (89.35546875, 141.50390625)
	    --Point printed
	  pt: (92.24062500000001, 141.599736328125)
	    --Point printed
	  pt: (100.7630859375, 141.4035205078125)
	    --Point printed
	  pt: (106.0669921875, 140.7853125)
	    --Point printed
	  pt: (105.31611328125, 140.230693359375)
	    --Point printed
	  pt: (104.68740234375, 136.621083984375)
	    --Point printed
	  pt: (104.589697265625, 127.2460986328125)
	    --Point printed
	  pt: (105.58886718750001, 120.66140625)
	    --Point printed
	  pt: (106.201171875, 119.6289111328125)
	    --Point printed
	  pt: (104.00390625, 119.28712280273437)
	    --Point printed
	  pt: (101.806640625, 119.2382958984375)
	    --Point printed
	  pt: (99.609375, 119.48243041992187)
	    --Point printed
	  pt: (98.80546874999999, 120.27076171875)
	    --Point printed
	  pt: (100.34150390625001, 122.555537109375)
	    --Point printed
	  pt: (100.53676757812498, 127.2415283203125)
	    --Point printed
	  pt: (99.813134765625, 130.44814453125)
	    --Point printed
	  pt: (97.83808593749998, 130.46090881347655)
	    --Point printed
	  pt: (95.92360839843751, 130.21161254882813)
	    --Point printed
	  pt: (94.06981201171875, 129.70026123046875)
	    --Point printed
	  pt: (92.675830078125, 129.5410107421875)
	    --Point printed
	  pt: (92.33411865234375, 130.5664013671875)
	    --Point printed
	  pt: (92.285302734375, 131.59179931640625)
	    --Point printed
	  pt: (92.52938232421874, 132.61719360351563)
	    --Point printed
	  pt: (93.46904296875, 133.030341796875)
	    --Point printed
	  pt: (95.30886840820312, 132.4350109863281)
	    --Point printed
	  pt: (97.20391845703124, 132.09885498046876)
	    --Point printed
	  pt: (99.15424804687498, 132.02186279296876)
	    --Point printed
	  pt: (100.48828125, 134.86330078125)
	    --Point printed
	  pt: (99.02021484375001, 140.380634765625)
	    --Point printed
	  pt: (94.62407226562502, 140.2828857421875)
	    --Point printed
	  pt: (91.245556640625, 139.551298828125)
	    --Point printed
	  pt: (90.36978607177734, 138.94173065185547)
	    --Point printed
	  pt: (89.96381378173828, 138.8580386352539)
	    --Point printed
	  pt: (89.6547180175781, 139.00303344726564)
	    --Point printed
	  pt: (89.44249191284179, 139.37671371459962)
	    --Point printed
	  pt: (89.29405517578124, 140.19257080078125)
	    --Point printed
	  pt: (89.35546875, 141.50390625)
	    --Point printed
	  pt: (89.35546875, 141.50390625)
	    --Point printed
--Found Elem: <Element '{http://www.w3.org/2000/svg}g' at 0x0000018DE9C0EE80>
  --No Name: g
--Found Elem: <Element '{http://www.w3.org/2000/svg}path' at 0x0000018DE9C0EED0>
  --Name: path
	Class : <class 'svg2gcode_py.lib.shapes.path'>
	Object: <Element '{http://www.w3.org/2000/svg}path' at 0x0000018DE9C0EED0>
	Attrs : [('style', 'opacity:1'), ('fill', '#262327'), ('d', 'M 200.5,14.5 C 203.85,14.335 207.183,14.5017 210.5,15C 209.944,15.3826 209.611,15.8826 209.5,16.5C 208.883,16.6107 208.383,16.944 208,17.5C 207.333,25.8333 207.333,34.1667 208,42.5C 209.312,47.3083 212.479,49.6416 217.5,49.5C 222.969,49.9721 226.469,47.6388 228,42.5C 228.667,33.8333 228.667,25.1667 228,16.5C 227.075,15.9535 226.242,15.2868 225.5,14.5C 229.833,13.1667 234.167,13.1667 238.5,14.5C 237.758,15.2868 236.925,15.9535 236,16.5C 235.924,26.5732 235.258,36.5732 234,46.5C 232.062,49.1059 229.562,50.9392 226.5,52C 221.833,52.6667 217.167,52.6667 212.5,52C 209.333,50.1667 206.833,47.6667 205,44.5C 203.785,35.5601 203.118,26.5601 203,17.5C 201.583,16.9221 200.75,15.9221 200.5,14.5 Z')]
	Transform: None
	d: M 200.5,14.5 C 203.85,14.335 207.183,14.5017 210.5,15C 209.944,15.3826 209.611,15.8826 209.5,16.5C 208.883,16.6107 208.383,16.944 208,17.5C 207.333,25.8333 207.333,34.1667 208,42.5C 209.312,47.3083 212.479,49.6416 217.5,49.5C 222.969,49.9721 226.469,47.6388 228,42.5C 228.667,33.8333 228.667,25.1667 228,16.5C 227.075,15.9535 226.242,15.2868 225.5,14.5C 229.833,13.1667 234.167,13.1667 238.5,14.5C 237.758,15.2868 236.925,15.9535 236,16.5C 235.924,26.5732 235.258,36.5732 234,46.5C 232.062,49.1059 229.562,50.9392 226.5,52C 221.833,52.6667 217.167,52.6667 212.5,52C 209.333,50.1667 206.833,47.6667 205,44.5C 203.785,35.5601 203.118,26.5601 203,17.5C 201.583,16.9221 200.75,15.9221 200.5,14.5 Z
	m: None
	d is GOOD!
	Points: <generator object point_generator at 0x0000018DE9BE2F10>
	  pt: (117.48046875, 141.50390625)
	    --Point printed
	  pt: (118.4619140625, 141.55224609375)
	    --Point printed
	  pt: (121.3939453125, 141.4543359375)
	    --Point printed
	  pt: (123.17695312499998, 141.09884765625)
	    --Point printed
	  pt: (122.85146484375, 140.676591796875)
	    --Point printed
	  pt: (122.57314453125001, 140.299599609375)
	    --Point printed
	  pt: (122.11655273437502, 140.0392529296875)
	    --Point printed
	  pt: (121.67958984375, 137.304697265625)
	    --Point printed
	  pt: (121.581884765625, 129.9804638671875)
	    --Point printed
	  pt: (122.0671875, 124.3933154296875)
	    --Point printed
	  pt: (122.98339233398438, 122.73347717285156)
	    --Point printed
	  pt: (124.30711669921877, 121.61745483398437)
	    --Point printed
	  pt: (126.0383056640625, 121.04524291992188)
	    --Point printed
	  pt: (128.242529296875, 120.9269384765625)
	    --Point printed
	  pt: (129.95690917968747, 121.16499893188477)
	    --Point printed
	  pt: (130.85213928222655, 121.4979002380371)
	    --Point printed
	  pt: (131.639208984375, 121.98490905761719)
	    --Point printed
	  pt: (132.3181182861328, 122.62602607727051)
	    --Point printed
	  pt: (133.07310791015624, 123.69488891601563)
	    --Point printed
	  pt: (133.78916015625, 127.636728515625)
	    --Point printed
	  pt: (133.886865234375, 135.2539013671875)
	    --Point printed
	  pt: (133.0517578125, 140.65224609375)
	    --Point printed
	  pt: (132.76362304687498, 141.6992138671875)
	    --Point printed
	  pt: (134.66791992187498, 142.0410021972656)
	    --Point printed
	  pt: (136.5722900390625, 142.0898291015625)
	    --Point printed
	  pt: (138.47662353515625, 141.84569458007812)
	    --Point printed
	  pt: (139.31132812500002, 141.042890625)
	    --Point printed
	  pt: (138.25898437499998, 137.3808984375)
	    --Point printed
	  pt: (137.759765625, 128.58111328125)
	    --Point printed
	  pt: (136.82548828125, 122.3721826171875)
	    --Point printed
	  pt: (135.87092285156248, 121.36847717285157)
	    --Point printed
	  pt: (134.79287109375, 120.53452514648438)
	    --Point printed
	  pt: (133.5913330078125, 119.87032104492188)
	    --Point printed
	  pt: (131.34755859375, 119.335927734375)
	    --Point printed
	  pt: (127.246142578125, 119.2382666015625)
	    --Point printed
	  pt: (124.047802734375, 119.7997998046875)
	    --Point printed
	  pt: (122.77818603515625, 120.72752563476563)
	    --Point printed
	  pt: (121.655126953125, 121.8017431640625)
	    --Point printed
	  pt: (120.67862548828126, 123.02245239257813)
	    --Point printed
	  pt: (119.76123046874999, 126.544892578125)
	    --Point printed
	  pt: (119.094873046875, 134.44624511718752)
	    --Point printed
	  pt: (118.53017578125, 139.915400390625)
	    --Point printed
	  pt: (117.712353515625, 140.7324755859375)
	    --Point printed
	  pt: (117.48046875, 141.50390625)
	    --Point printed
	  pt: (117.48046875, 141.50390625)
	    --Point printed
--Found Elem: <Element '{http://www.w3.org/2000/svg}g' at 0x0000018DE9C0EF20>
  --No Name: g
--Found Elem: <Element '{http://www.w3.org/2000/svg}path' at 0x0000018DE9C0EF70>
  --Name: path
	Class : <class 'svg2gcode_py.lib.shapes.path'>
	Object: <Element '{http://www.w3.org/2000/svg}path' at 0x0000018DE9C0EF70>
	Attrs : [('style', 'opacity:1'), ('fill', '#c90a1d'), ('d', 'M 76.5,63.5 C 95.8333,63.5 115.167,63.5 134.5,63.5C 134.5,68.1667 134.5,72.8333 134.5,77.5C 115.167,77.5 95.8333,77.5 76.5,77.5C 76.5,72.8333 76.5,68.1667 76.5,63.5 Z')]
	Transform: None
	d: M 76.5,63.5 C 95.8333,63.5 115.167,63.5 134.5,63.5C 134.5,68.1667 134.5,72.8333 134.5,77.5C 115.167,77.5 95.8333,77.5 76.5,77.5C 76.5,72.8333 76.5,68.1667 76.5,63.5 Z
	m: None
	d is GOOD!
	Points: <generator object point_generator at 0x0000018DE9BE2FF0>
	  pt: (44.82421875, 112.79296875)
	    --Point printed
	  pt: (56.152324218749996, 112.79296875)
	    --Point printed
	  pt: (78.80859375, 110.05857421875)
	    --Point printed
	  pt: (67.4806640625, 104.58984375)
	    --Point printed
	  pt: (44.82421875, 107.32423828125)
	    --Point printed
	  pt: (44.82421875, 112.79296875)
	    --Point printed
	  pt: (44.82421875, 112.79296875)
	    --Point printed
